2023-04-21 14:43:25.865 INFO  [acme.Launcher@main] Starting Launcher using Java 1.8.0_241 on DESKTOP-IS808ND with PID 2400 (C:\Users\sergi\Desktop\SERGIO\UNIVERSIDAD\CURSOS\3Tercer Curso\2do CUATRIMESTRE\DP2\Workspace-23\Frameworks\Acme-Framework-23.3.1\target\classes started by sergi in C:\Users\sergi\Desktop\SERGIO\UNIVERSIDAD\CURSOS\3Tercer Curso\2do CUATRIMESTRE\DP2\Workspace-23\Projects\dp2-acme-l3\Acme-L3-D03) 
2023-04-21 14:43:25.869 DEBUG [acme.Launcher@main] Running with Spring Boot v2.4.2, Spring v5.3.3 
2023-04-21 14:43:25.872 INFO  [acme.Launcher@main] The following profiles are active: development,populator 
2023-04-21 14:43:30.959 DEBUG [org.apache.jasper.servlet.JasperInitializer@main] Initializing Jasper for context [application] 
2023-04-21 14:43:45.323 DEBUG [org.apache.jasper.servlet.JspServlet@main] Scratch dir for the JSP engine is: [C:\Users\sergi\AppData\Local\Temp\tomcat.8083.3458328493837665176\work\Tomcat\localhost\acme-l3-d03] 
2023-04-21 14:43:45.324 DEBUG [org.apache.jasper.servlet.JspServlet@main] IMPORTANT: Do not modify the generated servlets 
2023-04-21 14:43:45.351 INFO  [acme.Launcher@main] Started Launcher in 20.881 seconds (JVM running for 22.017) 
2023-04-21 14:43:45.365 DEBUG [acme.Launcher@main] Found classpath entry '/C:/Users/sergi/Desktop/SERGIO/UNIVERSIDAD/CURSOS/3Tercer%20Curso/2do%20CUATRIMESTRE/DP2/Workspace-23/Projects/dp2-acme-l3/Acme-L3-D03/target/test-classes/' 
2023-04-21 14:43:45.366 DEBUG [acme.Launcher@main] Found classpath entry '/C:/Users/sergi/Desktop/SERGIO/UNIVERSIDAD/CURSOS/3Tercer%20Curso/2do%20CUATRIMESTRE/DP2/Workspace-23/Projects/dp2-acme-l3/Acme-L3-D03/target/classes/' 
2023-04-21 14:43:45.366 DEBUG [acme.Launcher@main] Found classpath entry '/C:/Users/sergi/Desktop/SERGIO/UNIVERSIDAD/CURSOS/3Tercer%20Curso/2do%20CUATRIMESTRE/DP2/Workspace-23/Frameworks/Acme-Framework-23.3.1/target/classes/' 
2023-04-21 14:43:45.367 DEBUG [acme.Launcher@main] Found classpath entry '/C:/Users/sergi/Desktop/SERGIO/UNIVERSIDAD/CURSOS/3Tercer%20Curso/2do%20CUATRIMESTRE/DP2/Workspace-23/Frameworks/Acme-Framework-23.3.1/target/test-classes/' 
2023-04-21 14:43:45.367 DEBUG [acme.Launcher@main] Found classpath entry '/C:/Users/sergi/.m2/repository/org/springframework/boot/spring-boot-starter-tomcat/2.4.2/spring-boot-starter-tomcat-2.4.2.jar' 
2023-04-21 14:43:45.368 DEBUG [acme.Launcher@main] Found classpath entry '/C:/Users/sergi/.m2/repository/jakarta/annotation/jakarta.annotation-api/1.3.5/jakarta.annotation-api-1.3.5.jar' 
2023-04-21 14:43:45.368 DEBUG [acme.Launcher@main] Found classpath entry '/C:/Users/sergi/.m2/repository/org/apache/tomcat/embed/tomcat-embed-core/9.0.41/tomcat-embed-core-9.0.41.jar' 
2023-04-21 14:43:45.369 DEBUG [acme.Launcher@main] Found classpath entry '/C:/Users/sergi/.m2/repository/org/glassfish/jakarta.el/3.0.3/jakarta.el-3.0.3.jar' 
2023-04-21 14:43:45.369 DEBUG [acme.Launcher@main] Found classpath entry '/C:/Users/sergi/.m2/repository/org/apache/tomcat/embed/tomcat-embed-websocket/9.0.41/tomcat-embed-websocket-9.0.41.jar' 
2023-04-21 14:43:45.370 DEBUG [acme.Launcher@main] Found classpath entry '/C:/Users/sergi/.m2/repository/org/apache/tomcat/embed/tomcat-embed-jasper/9.0.41/tomcat-embed-jasper-9.0.41.jar' 
2023-04-21 14:43:45.370 DEBUG [acme.Launcher@main] Found classpath entry '/C:/Users/sergi/.m2/repository/org/apache/tomcat/embed/tomcat-embed-el/9.0.41/tomcat-embed-el-9.0.41.jar' 
2023-04-21 14:43:45.371 DEBUG [acme.Launcher@main] Found classpath entry '/C:/Users/sergi/.m2/repository/org/eclipse/jdt/ecj/3.18.0/ecj-3.18.0.jar' 
2023-04-21 14:43:45.371 DEBUG [acme.Launcher@main] Found classpath entry '/C:/Users/sergi/.m2/repository/javax/servlet/jstl/1.2/jstl-1.2.jar' 
2023-04-21 14:43:45.371 DEBUG [acme.Launcher@main] Found classpath entry '/C:/Users/sergi/.m2/repository/org/springframework/boot/spring-boot-starter-security/2.4.2/spring-boot-starter-security-2.4.2.jar' 
2023-04-21 14:43:45.372 DEBUG [acme.Launcher@main] Found classpath entry '/C:/Users/sergi/.m2/repository/org/springframework/boot/spring-boot-starter/2.4.2/spring-boot-starter-2.4.2.jar' 
2023-04-21 14:43:45.372 DEBUG [acme.Launcher@main] Found classpath entry '/C:/Users/sergi/.m2/repository/org/springframework/boot/spring-boot/2.4.2/spring-boot-2.4.2.jar' 
2023-04-21 14:43:45.373 DEBUG [acme.Launcher@main] Found classpath entry '/C:/Users/sergi/.m2/repository/org/springframework/boot/spring-boot-autoconfigure/2.4.2/spring-boot-autoconfigure-2.4.2.jar' 
2023-04-21 14:43:45.373 DEBUG [acme.Launcher@main] Found classpath entry '/C:/Users/sergi/.m2/repository/org/springframework/boot/spring-boot-starter-logging/2.4.2/spring-boot-starter-logging-2.4.2.jar' 
2023-04-21 14:43:45.373 DEBUG [acme.Launcher@main] Found classpath entry '/C:/Users/sergi/.m2/repository/ch/qos/logback/logback-classic/1.2.3/logback-classic-1.2.3.jar' 
2023-04-21 14:43:45.374 DEBUG [acme.Launcher@main] Found classpath entry '/C:/Users/sergi/.m2/repository/ch/qos/logback/logback-core/1.2.3/logback-core-1.2.3.jar' 
2023-04-21 14:43:45.374 DEBUG [acme.Launcher@main] Found classpath entry '/C:/Users/sergi/.m2/repository/org/apache/logging/log4j/log4j-to-slf4j/2.13.3/log4j-to-slf4j-2.13.3.jar' 
2023-04-21 14:43:45.374 DEBUG [acme.Launcher@main] Found classpath entry '/C:/Users/sergi/.m2/repository/org/apache/logging/log4j/log4j-api/2.13.3/log4j-api-2.13.3.jar' 
2023-04-21 14:43:45.375 DEBUG [acme.Launcher@main] Found classpath entry '/C:/Users/sergi/.m2/repository/org/slf4j/jul-to-slf4j/1.7.30/jul-to-slf4j-1.7.30.jar' 
2023-04-21 14:43:45.375 DEBUG [acme.Launcher@main] Found classpath entry '/C:/Users/sergi/.m2/repository/org/yaml/snakeyaml/1.27/snakeyaml-1.27.jar' 
2023-04-21 14:43:45.376 DEBUG [acme.Launcher@main] Found classpath entry '/C:/Users/sergi/.m2/repository/org/springframework/spring-aop/5.3.3/spring-aop-5.3.3.jar' 
2023-04-21 14:43:45.376 DEBUG [acme.Launcher@main] Found classpath entry '/C:/Users/sergi/.m2/repository/org/springframework/security/spring-security-web/5.4.2/spring-security-web-5.4.2.jar' 
2023-04-21 14:43:45.376 DEBUG [acme.Launcher@main] Found classpath entry '/C:/Users/sergi/.m2/repository/org/springframework/security/spring-security-core/5.4.2/spring-security-core-5.4.2.jar' 
2023-04-21 14:43:45.377 DEBUG [acme.Launcher@main] Found classpath entry '/C:/Users/sergi/.m2/repository/org/springframework/spring-beans/5.3.3/spring-beans-5.3.3.jar' 
2023-04-21 14:43:45.377 DEBUG [acme.Launcher@main] Found classpath entry '/C:/Users/sergi/.m2/repository/org/springframework/spring-context/5.3.3/spring-context-5.3.3.jar' 
2023-04-21 14:43:45.378 DEBUG [acme.Launcher@main] Found classpath entry '/C:/Users/sergi/.m2/repository/org/springframework/spring-core/5.3.3/spring-core-5.3.3.jar' 
2023-04-21 14:43:45.378 DEBUG [acme.Launcher@main] Found classpath entry '/C:/Users/sergi/.m2/repository/org/springframework/spring-jcl/5.3.3/spring-jcl-5.3.3.jar' 
2023-04-21 14:43:45.378 DEBUG [acme.Launcher@main] Found classpath entry '/C:/Users/sergi/.m2/repository/org/springframework/spring-expression/5.3.3/spring-expression-5.3.3.jar' 
2023-04-21 14:43:45.379 DEBUG [acme.Launcher@main] Found classpath entry '/C:/Users/sergi/.m2/repository/org/springframework/spring-web/5.3.3/spring-web-5.3.3.jar' 
2023-04-21 14:43:45.379 DEBUG [acme.Launcher@main] Found classpath entry '/C:/Users/sergi/.m2/repository/org/springframework/security/spring-security-config/5.4.2/spring-security-config-5.4.2.jar' 
2023-04-21 14:43:45.379 DEBUG [acme.Launcher@main] Found classpath entry '/C:/Users/sergi/.m2/repository/org/springframework/security/spring-security-taglibs/5.4.2/spring-security-taglibs-5.4.2.jar' 
2023-04-21 14:43:45.380 DEBUG [acme.Launcher@main] Found classpath entry '/C:/Users/sergi/.m2/repository/org/springframework/security/spring-security-acl/5.4.2/spring-security-acl-5.4.2.jar' 
2023-04-21 14:43:45.380 DEBUG [acme.Launcher@main] Found classpath entry '/C:/Users/sergi/.m2/repository/org/springframework/spring-jdbc/5.3.3/spring-jdbc-5.3.3.jar' 
2023-04-21 14:43:45.380 DEBUG [acme.Launcher@main] Found classpath entry '/C:/Users/sergi/.m2/repository/org/springframework/spring-tx/5.3.3/spring-tx-5.3.3.jar' 
2023-04-21 14:43:45.381 DEBUG [acme.Launcher@main] Found classpath entry '/C:/Users/sergi/.m2/repository/org/springframework/boot/spring-boot-starter-web/2.4.2/spring-boot-starter-web-2.4.2.jar' 
2023-04-21 14:43:45.381 DEBUG [acme.Launcher@main] Found classpath entry '/C:/Users/sergi/.m2/repository/org/springframework/boot/spring-boot-starter-json/2.4.2/spring-boot-starter-json-2.4.2.jar' 
2023-04-21 14:43:45.382 DEBUG [acme.Launcher@main] Found classpath entry '/C:/Users/sergi/.m2/repository/com/fasterxml/jackson/core/jackson-databind/2.11.4/jackson-databind-2.11.4.jar' 
2023-04-21 14:43:45.382 DEBUG [acme.Launcher@main] Found classpath entry '/C:/Users/sergi/.m2/repository/com/fasterxml/jackson/core/jackson-annotations/2.11.4/jackson-annotations-2.11.4.jar' 
2023-04-21 14:43:45.382 DEBUG [acme.Launcher@main] Found classpath entry '/C:/Users/sergi/.m2/repository/com/fasterxml/jackson/core/jackson-core/2.11.4/jackson-core-2.11.4.jar' 
2023-04-21 14:43:45.383 DEBUG [acme.Launcher@main] Found classpath entry '/C:/Users/sergi/.m2/repository/com/fasterxml/jackson/datatype/jackson-datatype-jdk8/2.11.4/jackson-datatype-jdk8-2.11.4.jar' 
2023-04-21 14:43:45.383 DEBUG [acme.Launcher@main] Found classpath entry '/C:/Users/sergi/.m2/repository/com/fasterxml/jackson/datatype/jackson-datatype-jsr310/2.11.4/jackson-datatype-jsr310-2.11.4.jar' 
2023-04-21 14:43:45.383 DEBUG [acme.Launcher@main] Found classpath entry '/C:/Users/sergi/.m2/repository/com/fasterxml/jackson/module/jackson-module-parameter-names/2.11.4/jackson-module-parameter-names-2.11.4.jar' 
2023-04-21 14:43:45.384 DEBUG [acme.Launcher@main] Found classpath entry '/C:/Users/sergi/.m2/repository/org/springframework/spring-webmvc/5.3.3/spring-webmvc-5.3.3.jar' 
2023-04-21 14:43:45.384 DEBUG [acme.Launcher@main] Found classpath entry '/C:/Users/sergi/.m2/repository/org/apache/tiles/tiles-jsp/3.0.8/tiles-jsp-3.0.8.jar' 
2023-04-21 14:43:45.384 DEBUG [acme.Launcher@main] Found classpath entry '/C:/Users/sergi/.m2/repository/org/apache/tiles/tiles-servlet/3.0.8/tiles-servlet-3.0.8.jar' 
2023-04-21 14:43:45.385 DEBUG [acme.Launcher@main] Found classpath entry '/C:/Users/sergi/.m2/repository/org/apache/tiles/tiles-core/3.0.8/tiles-core-3.0.8.jar' 
2023-04-21 14:43:45.385 DEBUG [acme.Launcher@main] Found classpath entry '/C:/Users/sergi/.m2/repository/commons-digester/commons-digester/2.0/commons-digester-2.0.jar' 
2023-04-21 14:43:45.385 DEBUG [acme.Launcher@main] Found classpath entry '/C:/Users/sergi/.m2/repository/org/slf4j/jcl-over-slf4j/1.7.30/jcl-over-slf4j-1.7.30.jar' 
2023-04-21 14:43:45.386 DEBUG [acme.Launcher@main] Found classpath entry '/C:/Users/sergi/.m2/repository/org/apache/tiles/tiles-request-servlet/1.0.7/tiles-request-servlet-1.0.7.jar' 
2023-04-21 14:43:45.386 DEBUG [acme.Launcher@main] Found classpath entry '/C:/Users/sergi/.m2/repository/org/apache/tiles/tiles-template/3.0.8/tiles-template-3.0.8.jar' 
2023-04-21 14:43:45.387 DEBUG [acme.Launcher@main] Found classpath entry '/C:/Users/sergi/.m2/repository/org/apache/tiles/tiles-api/3.0.8/tiles-api-3.0.8.jar' 
2023-04-21 14:43:45.387 DEBUG [acme.Launcher@main] Found classpath entry '/C:/Users/sergi/.m2/repository/org/apache/tiles/tiles-autotag-core-runtime/1.2/tiles-autotag-core-runtime-1.2.jar' 
2023-04-21 14:43:45.387 DEBUG [acme.Launcher@main] Found classpath entry '/C:/Users/sergi/.m2/repository/org/slf4j/slf4j-api/1.7.30/slf4j-api-1.7.30.jar' 
2023-04-21 14:43:45.388 DEBUG [acme.Launcher@main] Found classpath entry '/C:/Users/sergi/.m2/repository/org/apache/tiles/tiles-request-jsp/1.0.7/tiles-request-jsp-1.0.7.jar' 
2023-04-21 14:43:45.388 DEBUG [acme.Launcher@main] Found classpath entry '/C:/Users/sergi/.m2/repository/org/apache/tiles/tiles-request-api/1.0.7/tiles-request-api-1.0.7.jar' 
2023-04-21 14:43:45.388 DEBUG [acme.Launcher@main] Found classpath entry '/C:/Users/sergi/.m2/repository/org/springframework/boot/spring-boot-starter-data-jpa/2.4.2/spring-boot-starter-data-jpa-2.4.2.jar' 
2023-04-21 14:43:45.389 DEBUG [acme.Launcher@main] Found classpath entry '/C:/Users/sergi/.m2/repository/org/springframework/boot/spring-boot-starter-aop/2.4.2/spring-boot-starter-aop-2.4.2.jar' 
2023-04-21 14:43:45.389 DEBUG [acme.Launcher@main] Found classpath entry '/C:/Users/sergi/.m2/repository/org/aspectj/aspectjweaver/1.9.6/aspectjweaver-1.9.6.jar' 
2023-04-21 14:43:45.389 DEBUG [acme.Launcher@main] Found classpath entry '/C:/Users/sergi/.m2/repository/org/springframework/boot/spring-boot-starter-jdbc/2.4.2/spring-boot-starter-jdbc-2.4.2.jar' 
2023-04-21 14:43:45.390 DEBUG [acme.Launcher@main] Found classpath entry '/C:/Users/sergi/.m2/repository/jakarta/transaction/jakarta.transaction-api/1.3.3/jakarta.transaction-api-1.3.3.jar' 
2023-04-21 14:43:45.390 DEBUG [acme.Launcher@main] Found classpath entry '/C:/Users/sergi/.m2/repository/jakarta/persistence/jakarta.persistence-api/2.2.3/jakarta.persistence-api-2.2.3.jar' 
2023-04-21 14:43:45.390 DEBUG [acme.Launcher@main] Found classpath entry '/C:/Users/sergi/.m2/repository/org/hibernate/hibernate-core/5.4.27.Final/hibernate-core-5.4.27.Final.jar' 
2023-04-21 14:43:45.391 DEBUG [acme.Launcher@main] Found classpath entry '/C:/Users/sergi/.m2/repository/org/jboss/logging/jboss-logging/3.4.1.Final/jboss-logging-3.4.1.Final.jar' 
2023-04-21 14:43:45.391 DEBUG [acme.Launcher@main] Found classpath entry '/C:/Users/sergi/.m2/repository/org/javassist/javassist/3.27.0-GA/javassist-3.27.0-GA.jar' 
2023-04-21 14:43:45.392 DEBUG [acme.Launcher@main] Found classpath entry '/C:/Users/sergi/.m2/repository/antlr/antlr/2.7.7/antlr-2.7.7.jar' 
2023-04-21 14:43:45.392 DEBUG [acme.Launcher@main] Found classpath entry '/C:/Users/sergi/.m2/repository/org/jboss/jandex/2.1.3.Final/jandex-2.1.3.Final.jar' 
2023-04-21 14:43:45.392 DEBUG [acme.Launcher@main] Found classpath entry '/C:/Users/sergi/.m2/repository/com/fasterxml/classmate/1.5.1/classmate-1.5.1.jar' 
2023-04-21 14:43:45.392 DEBUG [acme.Launcher@main] Found classpath entry '/C:/Users/sergi/.m2/repository/org/dom4j/dom4j/2.1.3/dom4j-2.1.3.jar' 
2023-04-21 14:43:45.393 DEBUG [acme.Launcher@main] Found classpath entry '/C:/Users/sergi/.m2/repository/org/hibernate/common/hibernate-commons-annotations/5.1.2.Final/hibernate-commons-annotations-5.1.2.Final.jar' 
2023-04-21 14:43:45.393 DEBUG [acme.Launcher@main] Found classpath entry '/C:/Users/sergi/.m2/repository/org/glassfish/jaxb/jaxb-runtime/2.3.3/jaxb-runtime-2.3.3.jar' 
2023-04-21 14:43:45.393 DEBUG [acme.Launcher@main] Found classpath entry '/C:/Users/sergi/.m2/repository/org/glassfish/jaxb/txw2/2.3.3/txw2-2.3.3.jar' 
2023-04-21 14:43:45.394 DEBUG [acme.Launcher@main] Found classpath entry '/C:/Users/sergi/.m2/repository/com/sun/istack/istack-commons-runtime/3.0.11/istack-commons-runtime-3.0.11.jar' 
2023-04-21 14:43:45.394 DEBUG [acme.Launcher@main] Found classpath entry '/C:/Users/sergi/.m2/repository/com/sun/activation/jakarta.activation/1.2.2/jakarta.activation-1.2.2.jar' 
2023-04-21 14:43:45.394 DEBUG [acme.Launcher@main] Found classpath entry '/C:/Users/sergi/.m2/repository/org/springframework/data/spring-data-jpa/2.4.3/spring-data-jpa-2.4.3.jar' 
2023-04-21 14:43:45.395 DEBUG [acme.Launcher@main] Found classpath entry '/C:/Users/sergi/.m2/repository/org/springframework/data/spring-data-commons/2.4.3/spring-data-commons-2.4.3.jar' 
2023-04-21 14:43:45.395 DEBUG [acme.Launcher@main] Found classpath entry '/C:/Users/sergi/.m2/repository/org/springframework/spring-orm/5.3.3/spring-orm-5.3.3.jar' 
2023-04-21 14:43:45.395 DEBUG [acme.Launcher@main] Found classpath entry '/C:/Users/sergi/.m2/repository/org/springframework/spring-aspects/5.3.3/spring-aspects-5.3.3.jar' 
2023-04-21 14:43:45.395 DEBUG [acme.Launcher@main] Found classpath entry '/C:/Users/sergi/.m2/repository/org/springframework/boot/spring-boot-starter-validation/2.4.2/spring-boot-starter-validation-2.4.2.jar' 
2023-04-21 14:43:45.396 DEBUG [acme.Launcher@main] Found classpath entry '/C:/Users/sergi/.m2/repository/org/hibernate/validator/hibernate-validator/6.1.7.Final/hibernate-validator-6.1.7.Final.jar' 
2023-04-21 14:43:45.396 DEBUG [acme.Launcher@main] Found classpath entry '/C:/Users/sergi/.m2/repository/jakarta/validation/jakarta.validation-api/2.0.2/jakarta.validation-api-2.0.2.jar' 
2023-04-21 14:43:45.396 DEBUG [acme.Launcher@main] Found classpath entry '/C:/Users/sergi/.m2/repository/mysql/mysql-connector-java/8.0.22/mysql-connector-java-8.0.22.jar' 
2023-04-21 14:43:45.397 DEBUG [acme.Launcher@main] Found classpath entry '/C:/Users/sergi/.m2/repository/com/zaxxer/HikariCP/3.4.5/HikariCP-3.4.5.jar' 
2023-04-21 14:43:45.397 DEBUG [acme.Launcher@main] Found classpath entry '/C:/Users/sergi/.m2/repository/org/springframework/boot/spring-boot-starter-test/2.4.2/spring-boot-starter-test-2.4.2.jar' 
2023-04-21 14:43:45.397 DEBUG [acme.Launcher@main] Found classpath entry '/C:/Users/sergi/.m2/repository/org/springframework/boot/spring-boot-test/2.4.2/spring-boot-test-2.4.2.jar' 
2023-04-21 14:43:45.398 DEBUG [acme.Launcher@main] Found classpath entry '/C:/Users/sergi/.m2/repository/org/springframework/boot/spring-boot-test-autoconfigure/2.4.2/spring-boot-test-autoconfigure-2.4.2.jar' 
2023-04-21 14:43:45.398 DEBUG [acme.Launcher@main] Found classpath entry '/C:/Users/sergi/.m2/repository/com/jayway/jsonpath/json-path/2.4.0/json-path-2.4.0.jar' 
2023-04-21 14:43:45.398 DEBUG [acme.Launcher@main] Found classpath entry '/C:/Users/sergi/.m2/repository/net/minidev/json-smart/2.3/json-smart-2.3.jar' 
2023-04-21 14:43:45.398 DEBUG [acme.Launcher@main] Found classpath entry '/C:/Users/sergi/.m2/repository/net/minidev/accessors-smart/1.2/accessors-smart-1.2.jar' 
2023-04-21 14:43:45.399 DEBUG [acme.Launcher@main] Found classpath entry '/C:/Users/sergi/.m2/repository/org/ow2/asm/asm/5.0.4/asm-5.0.4.jar' 
2023-04-21 14:43:45.399 DEBUG [acme.Launcher@main] Found classpath entry '/C:/Users/sergi/.m2/repository/jakarta/xml/bind/jakarta.xml.bind-api/2.3.3/jakarta.xml.bind-api-2.3.3.jar' 
2023-04-21 14:43:45.399 DEBUG [acme.Launcher@main] Found classpath entry '/C:/Users/sergi/.m2/repository/jakarta/activation/jakarta.activation-api/1.2.2/jakarta.activation-api-1.2.2.jar' 
2023-04-21 14:43:45.400 DEBUG [acme.Launcher@main] Found classpath entry '/C:/Users/sergi/.m2/repository/org/assertj/assertj-core/3.18.1/assertj-core-3.18.1.jar' 
2023-04-21 14:43:45.400 DEBUG [acme.Launcher@main] Found classpath entry '/C:/Users/sergi/.m2/repository/org/hamcrest/hamcrest/2.2/hamcrest-2.2.jar' 
2023-04-21 14:43:45.400 DEBUG [acme.Launcher@main] Found classpath entry '/C:/Users/sergi/.m2/repository/org/junit/jupiter/junit-jupiter/5.7.0/junit-jupiter-5.7.0.jar' 
2023-04-21 14:43:45.400 DEBUG [acme.Launcher@main] Found classpath entry '/C:/Users/sergi/.m2/repository/org/mockito/mockito-core/3.6.28/mockito-core-3.6.28.jar' 
2023-04-21 14:43:45.401 DEBUG [acme.Launcher@main] Found classpath entry '/C:/Users/sergi/.m2/repository/net/bytebuddy/byte-buddy-agent/1.10.19/byte-buddy-agent-1.10.19.jar' 
2023-04-21 14:43:45.401 DEBUG [acme.Launcher@main] Found classpath entry '/C:/Users/sergi/.m2/repository/org/objenesis/objenesis/3.1/objenesis-3.1.jar' 
2023-04-21 14:43:45.401 DEBUG [acme.Launcher@main] Found classpath entry '/C:/Users/sergi/.m2/repository/org/mockito/mockito-junit-jupiter/3.6.28/mockito-junit-jupiter-3.6.28.jar' 
2023-04-21 14:43:45.401 DEBUG [acme.Launcher@main] Found classpath entry '/C:/Users/sergi/.m2/repository/org/skyscreamer/jsonassert/1.5.0/jsonassert-1.5.0.jar' 
2023-04-21 14:43:45.402 DEBUG [acme.Launcher@main] Found classpath entry '/C:/Users/sergi/.m2/repository/com/vaadin/external/google/android-json/0.0.20131108.vaadin1/android-json-0.0.20131108.vaadin1.jar' 
2023-04-21 14:43:45.402 DEBUG [acme.Launcher@main] Found classpath entry '/C:/Users/sergi/.m2/repository/org/springframework/spring-test/5.3.3/spring-test-5.3.3.jar' 
2023-04-21 14:43:45.402 DEBUG [acme.Launcher@main] Found classpath entry '/C:/Users/sergi/.m2/repository/org/xmlunit/xmlunit-core/2.7.0/xmlunit-core-2.7.0.jar' 
2023-04-21 14:43:45.402 DEBUG [acme.Launcher@main] Found classpath entry '/C:/Users/sergi/.m2/repository/org/junit/jupiter/junit-jupiter-engine/5.7.0/junit-jupiter-engine-5.7.0.jar' 
2023-04-21 14:43:45.403 DEBUG [acme.Launcher@main] Found classpath entry '/C:/Users/sergi/.m2/repository/org/apiguardian/apiguardian-api/1.1.0/apiguardian-api-1.1.0.jar' 
2023-04-21 14:43:45.403 DEBUG [acme.Launcher@main] Found classpath entry '/C:/Users/sergi/.m2/repository/org/junit/platform/junit-platform-engine/1.7.0/junit-platform-engine-1.7.0.jar' 
2023-04-21 14:43:45.403 DEBUG [acme.Launcher@main] Found classpath entry '/C:/Users/sergi/.m2/repository/org/junit/jupiter/junit-jupiter-api/5.7.0/junit-jupiter-api-5.7.0.jar' 
2023-04-21 14:43:45.404 DEBUG [acme.Launcher@main] Found classpath entry '/C:/Users/sergi/.m2/repository/org/opentest4j/opentest4j/1.2.0/opentest4j-1.2.0.jar' 
2023-04-21 14:43:45.404 DEBUG [acme.Launcher@main] Found classpath entry '/C:/Users/sergi/.m2/repository/org/junit/platform/junit-platform-commons/1.7.0/junit-platform-commons-1.7.0.jar' 
2023-04-21 14:43:45.404 DEBUG [acme.Launcher@main] Found classpath entry '/C:/Users/sergi/.m2/repository/org/junit/jupiter/junit-jupiter-params/5.7.0/junit-jupiter-params-5.7.0.jar' 
2023-04-21 14:43:45.404 DEBUG [acme.Launcher@main] Found classpath entry '/C:/Users/sergi/.m2/repository/org/junit/platform/junit-platform-launcher/1.7.0/junit-platform-launcher-1.7.0.jar' 
2023-04-21 14:43:45.405 DEBUG [acme.Launcher@main] Found classpath entry '/C:/Users/sergi/.m2/repository/org/seleniumhq/selenium/selenium-java/3.141.59/selenium-java-3.141.59.jar' 
2023-04-21 14:43:45.405 DEBUG [acme.Launcher@main] Found classpath entry '/C:/Users/sergi/.m2/repository/org/seleniumhq/selenium/selenium-api/3.141.59/selenium-api-3.141.59.jar' 
2023-04-21 14:43:45.405 DEBUG [acme.Launcher@main] Found classpath entry '/C:/Users/sergi/.m2/repository/org/seleniumhq/selenium/selenium-chrome-driver/3.141.59/selenium-chrome-driver-3.141.59.jar' 
2023-04-21 14:43:45.405 DEBUG [acme.Launcher@main] Found classpath entry '/C:/Users/sergi/.m2/repository/org/seleniumhq/selenium/selenium-edge-driver/3.141.59/selenium-edge-driver-3.141.59.jar' 
2023-04-21 14:43:45.406 DEBUG [acme.Launcher@main] Found classpath entry '/C:/Users/sergi/.m2/repository/org/seleniumhq/selenium/selenium-firefox-driver/3.141.59/selenium-firefox-driver-3.141.59.jar' 
2023-04-21 14:43:45.406 DEBUG [acme.Launcher@main] Found classpath entry '/C:/Users/sergi/.m2/repository/org/seleniumhq/selenium/selenium-ie-driver/3.141.59/selenium-ie-driver-3.141.59.jar' 
2023-04-21 14:43:45.406 DEBUG [acme.Launcher@main] Found classpath entry '/C:/Users/sergi/.m2/repository/org/seleniumhq/selenium/selenium-opera-driver/3.141.59/selenium-opera-driver-3.141.59.jar' 
2023-04-21 14:43:45.407 DEBUG [acme.Launcher@main] Found classpath entry '/C:/Users/sergi/.m2/repository/org/seleniumhq/selenium/selenium-remote-driver/3.141.59/selenium-remote-driver-3.141.59.jar' 
2023-04-21 14:43:45.407 DEBUG [acme.Launcher@main] Found classpath entry '/C:/Users/sergi/.m2/repository/org/seleniumhq/selenium/selenium-safari-driver/3.141.59/selenium-safari-driver-3.141.59.jar' 
2023-04-21 14:43:45.408 DEBUG [acme.Launcher@main] Found classpath entry '/C:/Users/sergi/.m2/repository/org/seleniumhq/selenium/selenium-support/3.141.59/selenium-support-3.141.59.jar' 
2023-04-21 14:43:45.408 DEBUG [acme.Launcher@main] Found classpath entry '/C:/Users/sergi/.m2/repository/net/bytebuddy/byte-buddy/1.10.19/byte-buddy-1.10.19.jar' 
2023-04-21 14:43:45.408 DEBUG [acme.Launcher@main] Found classpath entry '/C:/Users/sergi/.m2/repository/org/apache/commons/commons-exec/1.3/commons-exec-1.3.jar' 
2023-04-21 14:43:45.408 DEBUG [acme.Launcher@main] Found classpath entry '/C:/Users/sergi/.m2/repository/com/google/guava/guava/25.0-jre/guava-25.0-jre.jar' 
2023-04-21 14:43:45.409 DEBUG [acme.Launcher@main] Found classpath entry '/C:/Users/sergi/.m2/repository/com/google/code/findbugs/jsr305/1.3.9/jsr305-1.3.9.jar' 
2023-04-21 14:43:45.409 DEBUG [acme.Launcher@main] Found classpath entry '/C:/Users/sergi/.m2/repository/org/checkerframework/checker-compat-qual/2.0.0/checker-compat-qual-2.0.0.jar' 
2023-04-21 14:43:45.409 DEBUG [acme.Launcher@main] Found classpath entry '/C:/Users/sergi/.m2/repository/com/google/errorprone/error_prone_annotations/2.1.3/error_prone_annotations-2.1.3.jar' 
2023-04-21 14:43:45.410 DEBUG [acme.Launcher@main] Found classpath entry '/C:/Users/sergi/.m2/repository/com/google/j2objc/j2objc-annotations/1.1/j2objc-annotations-1.1.jar' 
2023-04-21 14:43:45.410 DEBUG [acme.Launcher@main] Found classpath entry '/C:/Users/sergi/.m2/repository/org/codehaus/mojo/animal-sniffer-annotations/1.14/animal-sniffer-annotations-1.14.jar' 
2023-04-21 14:43:45.410 DEBUG [acme.Launcher@main] Found classpath entry '/C:/Users/sergi/.m2/repository/com/squareup/okhttp3/okhttp/3.14.9/okhttp-3.14.9.jar' 
2023-04-21 14:43:45.411 DEBUG [acme.Launcher@main] Found classpath entry '/C:/Users/sergi/.m2/repository/com/squareup/okio/okio/1.14.0/okio-1.14.0.jar' 
2023-04-21 14:43:45.411 DEBUG [acme.Launcher@main] Found classpath entry '/C:/Users/sergi/.m2/repository/org/apache/commons/commons-lang3/3.11/commons-lang3-3.11.jar' 
2023-04-21 14:43:45.411 DEBUG [acme.Launcher@main] Found classpath entry '/C:/Users/sergi/.m2/repository/org/apache/commons/commons-text/1.8/commons-text-1.8.jar' 
2023-04-21 14:43:45.411 DEBUG [acme.Launcher@main] Found classpath entry '/C:/Users/sergi/.m2/repository/commons-io/commons-io/2.6/commons-io-2.6.jar' 
2023-04-21 14:43:45.412 DEBUG [acme.Launcher@main] Found classpath entry '/C:/Users/sergi/.m2/repository/commons-cli/commons-cli/1.4/commons-cli-1.4.jar' 
2023-04-21 14:43:45.412 DEBUG [acme.Launcher@main] Found classpath entry '/C:/Users/sergi/.m2/repository/org/projectlombok/lombok/1.18.16/lombok-1.18.16.jar' 
2023-04-21 14:43:45.412 DEBUG [acme.Launcher@main] Found classpath entry '/C:/Users/sergi/.m2/repository/com/opencsv/opencsv/5.4/opencsv-5.4.jar' 
2023-04-21 14:43:45.413 DEBUG [acme.Launcher@main] Found classpath entry '/C:/Users/sergi/.m2/repository/commons-beanutils/commons-beanutils/1.9.4/commons-beanutils-1.9.4.jar' 
2023-04-21 14:43:45.413 DEBUG [acme.Launcher@main] Found classpath entry '/C:/Users/sergi/.m2/repository/commons-logging/commons-logging/1.2/commons-logging-1.2.jar' 
2023-04-21 14:43:45.413 DEBUG [acme.Launcher@main] Found classpath entry '/C:/Users/sergi/.m2/repository/commons-collections/commons-collections/3.2.2/commons-collections-3.2.2.jar' 
2023-04-21 14:43:45.413 DEBUG [acme.Launcher@main] Found classpath entry '/C:/Users/sergi/.m2/repository/org/apache/commons/commons-collections4/4.4/commons-collections4-4.4.jar' 
2023-04-21 14:43:45.739 DEBUG [acme.Launcher@main] Found entity class 'acme.entities.audits.Audit 
2023-04-21 14:43:45.739 DEBUG [acme.Launcher@main] Found entity class 'acme.entities.audits.AuditingRecord 
2023-04-21 14:43:45.739 DEBUG [acme.Launcher@main] Found entity class 'acme.entities.banners.Banner 
2023-04-21 14:43:45.740 DEBUG [acme.Launcher@main] Found entity class 'acme.entities.bulletins.Bulletin 
2023-04-21 14:43:45.740 DEBUG [acme.Launcher@main] Found entity class 'acme.entities.courses.Course 
2023-04-21 14:43:45.740 DEBUG [acme.Launcher@main] Found entity class 'acme.entities.courses.Lecture 
2023-04-21 14:43:45.741 DEBUG [acme.Launcher@main] Found entity class 'acme.entities.courses.LectureRegistration 
2023-04-21 14:43:45.741 DEBUG [acme.Launcher@main] Found entity class 'acme.entities.enrolments.Activity 
2023-04-21 14:43:45.741 DEBUG [acme.Launcher@main] Found entity class 'acme.entities.enrolments.Enrolment 
2023-04-21 14:43:45.741 DEBUG [acme.Launcher@main] Found entity class 'acme.entities.notes.Note 
2023-04-21 14:43:45.742 DEBUG [acme.Launcher@main] Found entity class 'acme.entities.offers.Offer 
2023-04-21 14:43:45.742 DEBUG [acme.Launcher@main] Found entity class 'acme.entities.peeps.Peep 
2023-04-21 14:43:45.742 DEBUG [acme.Launcher@main] Found entity class 'acme.entities.practicums.Practicum 
2023-04-21 14:43:45.742 DEBUG [acme.Launcher@main] Found entity class 'acme.entities.practicums.PracticumSession 
2023-04-21 14:43:45.743 DEBUG [acme.Launcher@main] Found entity class 'acme.entities.tutorial.Tutorial 
2023-04-21 14:43:45.743 DEBUG [acme.Launcher@main] Found entity class 'acme.entities.tutorial.TutorialSession 
2023-04-21 14:43:45.743 DEBUG [acme.Launcher@main] Found entity class 'acme.roles.Assistant 
2023-04-21 14:43:45.743 DEBUG [acme.Launcher@main] Found entity class 'acme.roles.Auditor 
2023-04-21 14:43:45.744 DEBUG [acme.Launcher@main] Found entity class 'acme.roles.Company 
2023-04-21 14:43:45.744 DEBUG [acme.Launcher@main] Found entity class 'acme.roles.Lecturer 
2023-04-21 14:43:45.744 DEBUG [acme.Launcher@main] Found entity class 'acme.roles.Student 
2023-04-21 14:43:45.745 DEBUG [acme.Launcher@main] Found entity class 'acme.system.configuration.SystemConfiguration 
2023-04-21 14:43:45.745 DEBUG [acme.Launcher@main] Found entity class 'acme.framework.components.accounts.Administrator 
2023-04-21 14:43:45.745 DEBUG [acme.Launcher@main] Found entity class 'acme.framework.components.accounts.Anonymous 
2023-04-21 14:43:45.745 DEBUG [acme.Launcher@main] Found entity class 'acme.framework.components.accounts.Any 
2023-04-21 14:43:45.745 DEBUG [acme.Launcher@main] Found entity class 'acme.framework.components.accounts.Authenticated 
2023-04-21 14:43:45.746 DEBUG [acme.Launcher@main] Found entity class 'acme.framework.components.accounts.UserAccount 
2023-04-21 14:43:45.756 DEBUG [acme.framework.components.clocks.AbstractClock@main] Changing base moment to 'Fri Apr 21 14:43:45 CEST 2023'. 
2023-04-21 14:43:45.758 DEBUG [acme.framework.components.clocks.AbstractClock@main] Changing base moment to 'Sat Jul 30 00:00:00 CEST 2022'. 
2023-04-21 14:43:45.758 DEBUG [acme.framework.components.clocks.SimulatedClock@main] Changing current moment to 'Sat Jul 30 00:00:00 CEST 2022'. 
2023-04-21 14:43:45.759 INFO  [acme.Launcher@main] Populating with initial data 
2023-04-21 14:43:45.762 INFO  [acme.framework.components.database.DatabasePopulator@main] Reading entities from 'classpath:/WEB-INF/resources/initial-data'. 
2023-04-21 14:43:45.773 DEBUG [acme.framework.components.database.EntityTable@main] Reading entities from 'C:\Users\sergi\Desktop\SERGIO\UNIVERSIDAD\CURSOS\3Tercer Curso\2do CUATRIMESTRE\DP2\Workspace-23\Projects\dp2-acme-l3\Acme-L3-D03\target\classes\WEB-INF\resources\initial-data\administrator.csv'. 
2023-04-21 14:43:46.197 DEBUG [acme.framework.components.database.EntityTable@main] Reading mapping '{key=administrator-01, key:userAccount=user-account-administrator-01}' from 'C:\Users\sergi\Desktop\SERGIO\UNIVERSIDAD\CURSOS\3Tercer Curso\2do CUATRIMESTRE\DP2\Workspace-23\Projects\dp2-acme-l3\Acme-L3-D03\target\classes\WEB-INF\resources\initial-data\administrator.csv'. 
2023-04-21 14:43:46.200 DEBUG [acme.framework.components.database.EntityTable@main] Reading mapping '{key=administrator-02, key:userAccount=user-account-administrator-02}' from 'C:\Users\sergi\Desktop\SERGIO\UNIVERSIDAD\CURSOS\3Tercer Curso\2do CUATRIMESTRE\DP2\Workspace-23\Projects\dp2-acme-l3\Acme-L3-D03\target\classes\WEB-INF\resources\initial-data\administrator.csv'. 
2023-04-21 14:43:46.200 DEBUG [acme.framework.components.database.EntityTable@main] Reading mapping '{key=administrator-03, key:userAccount=user-account-administrator-03}' from 'C:\Users\sergi\Desktop\SERGIO\UNIVERSIDAD\CURSOS\3Tercer Curso\2do CUATRIMESTRE\DP2\Workspace-23\Projects\dp2-acme-l3\Acme-L3-D03\target\classes\WEB-INF\resources\initial-data\administrator.csv'. 
2023-04-21 14:43:46.201 DEBUG [acme.framework.components.database.EntityTable@main] Reading entities from 'C:\Users\sergi\Desktop\SERGIO\UNIVERSIDAD\CURSOS\3Tercer Curso\2do CUATRIMESTRE\DP2\Workspace-23\Projects\dp2-acme-l3\Acme-L3-D03\target\classes\WEB-INF\resources\initial-data\anonymous.csv'. 
2023-04-21 14:43:46.203 DEBUG [acme.framework.components.database.EntityTable@main] Reading mapping '{key=anonymous-01, key:userAccount=user-account-anonymous-01}' from 'C:\Users\sergi\Desktop\SERGIO\UNIVERSIDAD\CURSOS\3Tercer Curso\2do CUATRIMESTRE\DP2\Workspace-23\Projects\dp2-acme-l3\Acme-L3-D03\target\classes\WEB-INF\resources\initial-data\anonymous.csv'. 
2023-04-21 14:43:46.204 DEBUG [acme.framework.components.database.EntityTable@main] Reading entities from 'C:\Users\sergi\Desktop\SERGIO\UNIVERSIDAD\CURSOS\3Tercer Curso\2do CUATRIMESTRE\DP2\Workspace-23\Projects\dp2-acme-l3\Acme-L3-D03\target\classes\WEB-INF\resources\initial-data\system-configuration.csv'. 
2023-04-21 14:43:46.205 DEBUG [acme.framework.components.database.EntityTable@main] Reading mapping '{default-system-currency=EUR, accepted-currencies=EUR,USD,GBP, key=system-configuration-01}' from 'C:\Users\sergi\Desktop\SERGIO\UNIVERSIDAD\CURSOS\3Tercer Curso\2do CUATRIMESTRE\DP2\Workspace-23\Projects\dp2-acme-l3\Acme-L3-D03\target\classes\WEB-INF\resources\initial-data\system-configuration.csv'. 
2023-04-21 14:43:46.206 DEBUG [acme.framework.components.database.EntityTable@main] Reading entities from 'C:\Users\sergi\Desktop\SERGIO\UNIVERSIDAD\CURSOS\3Tercer Curso\2do CUATRIMESTRE\DP2\Workspace-23\Projects\dp2-acme-l3\Acme-L3-D03\target\classes\WEB-INF\resources\initial-data\user-account.csv'. 
2023-04-21 14:43:46.208 DEBUG [acme.framework.components.database.EntityTable@main] Reading mapping '{password=HIDDEN-PASSWORD, identity=UserIdentity{name: 'John', surname: 'Doe', email: 'john.doe@acme.com'}, key=user-account-anonymous-01, enabled=false, username=anonymous}' from 'C:\Users\sergi\Desktop\SERGIO\UNIVERSIDAD\CURSOS\3Tercer Curso\2do CUATRIMESTRE\DP2\Workspace-23\Projects\dp2-acme-l3\Acme-L3-D03\target\classes\WEB-INF\resources\initial-data\user-account.csv'. 
2023-04-21 14:43:46.208 DEBUG [acme.framework.components.database.EntityTable@main] Reading mapping '{password=administrator, identity=UserIdentity{name: 'Administrator', surname: 'Acme', email: 'administrator@acme.com'}, key=user-account-administrator-01, enabled=true, username=administrator}' from 'C:\Users\sergi\Desktop\SERGIO\UNIVERSIDAD\CURSOS\3Tercer Curso\2do CUATRIMESTRE\DP2\Workspace-23\Projects\dp2-acme-l3\Acme-L3-D03\target\classes\WEB-INF\resources\initial-data\user-account.csv'. 
2023-04-21 14:43:46.209 DEBUG [acme.framework.components.database.EntityTable@main] Reading mapping '{password=administrator1, identity=UserIdentity{name: 'Administrator', surname: '1', email: 'administrator@acme.com'}, key=user-account-administrator-02, enabled=true, username=administrator1}' from 'C:\Users\sergi\Desktop\SERGIO\UNIVERSIDAD\CURSOS\3Tercer Curso\2do CUATRIMESTRE\DP2\Workspace-23\Projects\dp2-acme-l3\Acme-L3-D03\target\classes\WEB-INF\resources\initial-data\user-account.csv'. 
2023-04-21 14:43:46.209 DEBUG [acme.framework.components.database.EntityTable@main] Reading mapping '{password=administrator2, identity=UserIdentity{name: 'Administrator', surname: '2', email: 'administrator@acme.com'}, key=user-account-administrator-03, enabled=true, username=administrator2}' from 'C:\Users\sergi\Desktop\SERGIO\UNIVERSIDAD\CURSOS\3Tercer Curso\2do CUATRIMESTRE\DP2\Workspace-23\Projects\dp2-acme-l3\Acme-L3-D03\target\classes\WEB-INF\resources\initial-data\user-account.csv'. 
2023-04-21 14:43:46.210 DEBUG [acme.framework.components.database.EntityWeb@main] Setting attributes of entities of class acme.framework.components.accounts.Administrator. 
2023-04-21 14:43:46.210 DEBUG [acme.framework.components.database.EntityWeb@main] Setting attributes of entities of class acme.framework.components.accounts.UserAccount. 
2023-04-21 14:43:46.794 DEBUG [acme.framework.components.database.EntityWeb@main] Setting attributes of entities of class acme.framework.components.accounts.Anonymous. 
2023-04-21 14:43:46.794 DEBUG [acme.framework.components.database.EntityWeb@main] Setting attributes of entities of class acme.system.configuration.SystemConfiguration. 
2023-04-21 14:43:46.830 DEBUG [acme.framework.components.database.EntityWeb@main] Linking entities of class acme.framework.components.accounts.Administrator. 
2023-04-21 14:43:46.841 DEBUG [acme.framework.components.database.EntityWeb@main] Linking entities of class acme.framework.components.accounts.UserAccount. 
2023-04-21 14:43:46.842 DEBUG [acme.framework.components.database.EntityWeb@main] Linking entities of class acme.framework.components.accounts.Anonymous. 
2023-04-21 14:43:46.852 DEBUG [acme.framework.components.database.EntityWeb@main] Linking entities of class acme.system.configuration.SystemConfiguration. 
2023-04-21 14:43:46.853 INFO  [acme.framework.components.database.DatabasePopulator@main] Validating your entities. 
2023-04-21 14:43:46.982 DEBUG [acme.framework.components.database.DatabasePopulator@main] Validating 'user-account-anonymous-01' ... PASS. 
2023-04-21 14:43:46.987 DEBUG [acme.framework.components.database.DatabasePopulator@main] Validating 'system-configuration-01' ... PASS. 
2023-04-21 14:43:46.991 DEBUG [acme.framework.components.database.DatabasePopulator@main] Validating 'user-account-administrator-01' ... PASS. 
2023-04-21 14:43:47.002 DEBUG [acme.framework.components.database.DatabasePopulator@main] Validating 'anonymous-01' ... PASS. 
2023-04-21 14:43:47.010 DEBUG [acme.framework.components.database.DatabasePopulator@main] Validating 'administrator-02' ... PASS. 
2023-04-21 14:43:47.013 DEBUG [acme.framework.components.database.DatabasePopulator@main] Validating 'administrator-03' ... PASS. 
2023-04-21 14:43:47.015 DEBUG [acme.framework.components.database.DatabasePopulator@main] Validating 'user-account-administrator-03' ... PASS. 
2023-04-21 14:43:47.017 DEBUG [acme.framework.components.database.DatabasePopulator@main] Validating 'administrator-01' ... PASS. 
2023-04-21 14:43:47.020 DEBUG [acme.framework.components.database.DatabasePopulator@main] Validating 'user-account-administrator-02' ... PASS. 
2023-04-21 14:43:47.020 INFO  [acme.framework.components.database.DatabasePopulator@main] Sorting your entity classes topologically. 
2023-04-21 14:43:47.021 DEBUG [acme.framework.components.database.DatabasePopulator@main] Best topological order for your entity clazzes: 
2023-04-21 14:43:47.021 DEBUG [acme.framework.components.database.DatabasePopulator@main] - acme.framework.components.accounts.UserAccount 
2023-04-21 14:43:47.021 DEBUG [acme.framework.components.database.DatabasePopulator@main] - acme.framework.components.accounts.Administrator 
2023-04-21 14:43:47.022 DEBUG [acme.framework.components.database.DatabasePopulator@main] - acme.framework.components.accounts.Anonymous 
2023-04-21 14:43:47.022 DEBUG [acme.framework.components.database.DatabasePopulator@main] - acme.system.configuration.SystemConfiguration 
2023-04-21 14:43:47.127 INFO  [acme.framework.components.database.DatabaseManager@main] Dropping database schema (if exists). 
2023-04-21 14:43:47.127 DEBUG [acme.framework.components.database.DatabaseManager@main] Starting transaction f1740f01-bbb6-4f06-b78e-584e16fc9761. 
2023-04-21 14:43:47.168 DEBUG [acme.framework.components.database.DatabaseManager@main] Creating batch for transaction f1740f01-bbb6-4f06-b78e-584e16fc9761. 
2023-04-21 14:43:47.168 DEBUG [acme.framework.components.database.DatabaseManager@main] Adding 'set foreign_key_checks=0; ' to batch in transaction f1740f01-bbb6-4f06-b78e-584e16fc9761. 
2023-04-21 14:43:47.169 DEBUG [acme.framework.components.database.DatabaseManager@main] Adding 'drop table if exists activity' to batch in transaction f1740f01-bbb6-4f06-b78e-584e16fc9761. 
2023-04-21 14:43:47.169 DEBUG [acme.framework.components.database.DatabaseManager@main] Adding 'drop table if exists administrator' to batch in transaction f1740f01-bbb6-4f06-b78e-584e16fc9761. 
2023-04-21 14:43:47.169 DEBUG [acme.framework.components.database.DatabaseManager@main] Adding 'drop table if exists anonymous' to batch in transaction f1740f01-bbb6-4f06-b78e-584e16fc9761. 
2023-04-21 14:43:47.169 DEBUG [acme.framework.components.database.DatabaseManager@main] Adding 'drop table if exists any' to batch in transaction f1740f01-bbb6-4f06-b78e-584e16fc9761. 
2023-04-21 14:43:47.170 DEBUG [acme.framework.components.database.DatabaseManager@main] Adding 'drop table if exists assistant' to batch in transaction f1740f01-bbb6-4f06-b78e-584e16fc9761. 
2023-04-21 14:43:47.170 DEBUG [acme.framework.components.database.DatabaseManager@main] Adding 'drop table if exists audit' to batch in transaction f1740f01-bbb6-4f06-b78e-584e16fc9761. 
2023-04-21 14:43:47.170 DEBUG [acme.framework.components.database.DatabaseManager@main] Adding 'drop table if exists auditing_record' to batch in transaction f1740f01-bbb6-4f06-b78e-584e16fc9761. 
2023-04-21 14:43:47.170 DEBUG [acme.framework.components.database.DatabaseManager@main] Adding 'drop table if exists auditor' to batch in transaction f1740f01-bbb6-4f06-b78e-584e16fc9761. 
2023-04-21 14:43:47.171 DEBUG [acme.framework.components.database.DatabaseManager@main] Adding 'drop table if exists authenticated' to batch in transaction f1740f01-bbb6-4f06-b78e-584e16fc9761. 
2023-04-21 14:43:47.171 DEBUG [acme.framework.components.database.DatabaseManager@main] Adding 'drop table if exists banner' to batch in transaction f1740f01-bbb6-4f06-b78e-584e16fc9761. 
2023-04-21 14:43:47.171 DEBUG [acme.framework.components.database.DatabaseManager@main] Adding 'drop table if exists bulletin' to batch in transaction f1740f01-bbb6-4f06-b78e-584e16fc9761. 
2023-04-21 14:43:47.171 DEBUG [acme.framework.components.database.DatabaseManager@main] Adding 'drop table if exists company' to batch in transaction f1740f01-bbb6-4f06-b78e-584e16fc9761. 
2023-04-21 14:43:47.171 DEBUG [acme.framework.components.database.DatabaseManager@main] Adding 'drop table if exists course' to batch in transaction f1740f01-bbb6-4f06-b78e-584e16fc9761. 
2023-04-21 14:43:47.172 DEBUG [acme.framework.components.database.DatabaseManager@main] Adding 'drop table if exists enrolment' to batch in transaction f1740f01-bbb6-4f06-b78e-584e16fc9761. 
2023-04-21 14:43:47.172 DEBUG [acme.framework.components.database.DatabaseManager@main] Adding 'drop table if exists hibernate_sequence' to batch in transaction f1740f01-bbb6-4f06-b78e-584e16fc9761. 
2023-04-21 14:43:47.172 DEBUG [acme.framework.components.database.DatabaseManager@main] Adding 'drop table if exists lecture' to batch in transaction f1740f01-bbb6-4f06-b78e-584e16fc9761. 
2023-04-21 14:43:47.172 DEBUG [acme.framework.components.database.DatabaseManager@main] Adding 'drop table if exists lecturer' to batch in transaction f1740f01-bbb6-4f06-b78e-584e16fc9761. 
2023-04-21 14:43:47.173 DEBUG [acme.framework.components.database.DatabaseManager@main] Adding 'drop table if exists lecture_registration' to batch in transaction f1740f01-bbb6-4f06-b78e-584e16fc9761. 
2023-04-21 14:43:47.173 DEBUG [acme.framework.components.database.DatabaseManager@main] Adding 'drop table if exists note' to batch in transaction f1740f01-bbb6-4f06-b78e-584e16fc9761. 
2023-04-21 14:43:47.173 DEBUG [acme.framework.components.database.DatabaseManager@main] Adding 'drop table if exists offer' to batch in transaction f1740f01-bbb6-4f06-b78e-584e16fc9761. 
2023-04-21 14:43:47.173 DEBUG [acme.framework.components.database.DatabaseManager@main] Adding 'drop table if exists peep' to batch in transaction f1740f01-bbb6-4f06-b78e-584e16fc9761. 
2023-04-21 14:43:47.174 DEBUG [acme.framework.components.database.DatabaseManager@main] Adding 'drop table if exists practicum' to batch in transaction f1740f01-bbb6-4f06-b78e-584e16fc9761. 
2023-04-21 14:43:47.174 DEBUG [acme.framework.components.database.DatabaseManager@main] Adding 'drop table if exists practicum_session' to batch in transaction f1740f01-bbb6-4f06-b78e-584e16fc9761. 
2023-04-21 14:43:47.174 DEBUG [acme.framework.components.database.DatabaseManager@main] Adding 'drop table if exists student' to batch in transaction f1740f01-bbb6-4f06-b78e-584e16fc9761. 
2023-04-21 14:43:47.174 DEBUG [acme.framework.components.database.DatabaseManager@main] Adding 'drop table if exists system_configuration' to batch in transaction f1740f01-bbb6-4f06-b78e-584e16fc9761. 
2023-04-21 14:43:47.175 DEBUG [acme.framework.components.database.DatabaseManager@main] Adding 'drop table if exists tutorial' to batch in transaction f1740f01-bbb6-4f06-b78e-584e16fc9761. 
2023-04-21 14:43:47.175 DEBUG [acme.framework.components.database.DatabaseManager@main] Adding 'drop table if exists tutorial_session' to batch in transaction f1740f01-bbb6-4f06-b78e-584e16fc9761. 
2023-04-21 14:43:47.175 DEBUG [acme.framework.components.database.DatabaseManager@main] Adding 'drop table if exists user_account' to batch in transaction f1740f01-bbb6-4f06-b78e-584e16fc9761. 
2023-04-21 14:43:47.175 DEBUG [acme.framework.components.database.DatabaseManager@main] Adding 'set foreign_key_checks=1; ' to batch in transaction f1740f01-bbb6-4f06-b78e-584e16fc9761. 
2023-04-21 14:43:47.175 DEBUG [acme.framework.components.database.DatabaseManager@main] Submitting batch in transaction f1740f01-bbb6-4f06-b78e-584e16fc9761. 
2023-04-21 14:43:47.525 DEBUG [acme.framework.components.database.DatabaseManager@main] Committing transaction f1740f01-bbb6-4f06-b78e-584e16fc9761. 
2023-04-21 14:43:47.531 INFO  [acme.framework.components.database.DatabaseManager@main] Creating database and schema. 
2023-04-21 14:43:47.556 DEBUG [acme.framework.components.database.DatabaseManager@main] Starting transaction 08c3cdd0-a4c5-47d2-bf6b-c6af45392180. 
2023-04-21 14:43:47.558 DEBUG [acme.framework.components.database.DatabaseManager@main] Creating batch for transaction 08c3cdd0-a4c5-47d2-bf6b-c6af45392180. 
2023-04-21 14:43:47.558 DEBUG [acme.framework.components.database.DatabaseManager@main] Adding 'set foreign_key_checks=0; ' to batch in transaction 08c3cdd0-a4c5-47d2-bf6b-c6af45392180. 
2023-04-21 14:43:47.559 DEBUG [acme.framework.components.database.DatabaseManager@main] Adding 'create table activity (id integer not null, version integer not null, end_date datetime, more_info varchar(255), start_date datetime, summary varchar(255), title varchar(255), type integer, enrolment_id integer not null, primary key (id)) engine=InnoDB' to batch in transaction 08c3cdd0-a4c5-47d2-bf6b-c6af45392180. 
2023-04-21 14:43:47.559 DEBUG [acme.framework.components.database.DatabaseManager@main] Adding 'create table administrator (id integer not null, version integer not null, user_account_id integer, primary key (id)) engine=InnoDB' to batch in transaction 08c3cdd0-a4c5-47d2-bf6b-c6af45392180. 
2023-04-21 14:43:47.559 DEBUG [acme.framework.components.database.DatabaseManager@main] Adding 'create table anonymous (id integer not null, version integer not null, user_account_id integer, primary key (id)) engine=InnoDB' to batch in transaction 08c3cdd0-a4c5-47d2-bf6b-c6af45392180. 
2023-04-21 14:43:47.560 DEBUG [acme.framework.components.database.DatabaseManager@main] Adding 'create table any (id integer not null, version integer not null, user_account_id integer, primary key (id)) engine=InnoDB' to batch in transaction 08c3cdd0-a4c5-47d2-bf6b-c6af45392180. 
2023-04-21 14:43:47.560 DEBUG [acme.framework.components.database.DatabaseManager@main] Adding 'create table assistant (id integer not null, version integer not null, user_account_id integer, expertise_fields varchar(255), more_info varchar(255), resume varchar(255), supervisor varchar(255), primary key (id)) engine=InnoDB' to batch in transaction 08c3cdd0-a4c5-47d2-bf6b-c6af45392180. 
2023-04-21 14:43:47.560 DEBUG [acme.framework.components.database.DatabaseManager@main] Adding 'create table audit (id integer not null, version integer not null, code varchar(255), conclusion varchar(255), draft_mode bit not null, strong_points varchar(255), weak_points varchar(255), auditor_id integer not null, course_id integer not null, primary key (id)) engine=InnoDB' to batch in transaction 08c3cdd0-a4c5-47d2-bf6b-c6af45392180. 
2023-04-21 14:43:47.561 DEBUG [acme.framework.components.database.DatabaseManager@main] Adding 'create table auditing_record (id integer not null, version integer not null, assessment varchar(255), end_date datetime, is_correction bit not null, mark integer, more_info varchar(255), start_date datetime, subject varchar(255), audit_id integer not null, primary key (id)) engine=InnoDB' to batch in transaction 08c3cdd0-a4c5-47d2-bf6b-c6af45392180. 
2023-04-21 14:43:47.561 DEBUG [acme.framework.components.database.DatabaseManager@main] Adding 'create table auditor (id integer not null, version integer not null, user_account_id integer, certifications varchar(255), firm varchar(255), more_info varchar(255), professional_id varchar(255), primary key (id)) engine=InnoDB' to batch in transaction 08c3cdd0-a4c5-47d2-bf6b-c6af45392180. 
2023-04-21 14:43:47.561 DEBUG [acme.framework.components.database.DatabaseManager@main] Adding 'create table authenticated (id integer not null, version integer not null, user_account_id integer, primary key (id)) engine=InnoDB' to batch in transaction 08c3cdd0-a4c5-47d2-bf6b-c6af45392180. 
2023-04-21 14:43:47.562 DEBUG [acme.framework.components.database.DatabaseManager@main] Adding 'create table banner (id integer not null, version integer not null, display_end datetime, display_start datetime, moment datetime, picture varchar(255), slogan varchar(255), target varchar(255), primary key (id)) engine=InnoDB' to batch in transaction 08c3cdd0-a4c5-47d2-bf6b-c6af45392180. 
2023-04-21 14:43:47.562 DEBUG [acme.framework.components.database.DatabaseManager@main] Adding 'create table bulletin (id integer not null, version integer not null, critical bit not null, message varchar(255), moment datetime, more_info varchar(255), title varchar(255), primary key (id)) engine=InnoDB' to batch in transaction 08c3cdd0-a4c5-47d2-bf6b-c6af45392180. 
2023-04-21 14:43:47.562 DEBUG [acme.framework.components.database.DatabaseManager@main] Adding 'create table company (id integer not null, version integer not null, user_account_id integer, vat varchar(255), link varchar(255), name varchar(255), summary varchar(255), primary key (id)) engine=InnoDB' to batch in transaction 08c3cdd0-a4c5-47d2-bf6b-c6af45392180. 
2023-04-21 14:43:47.563 DEBUG [acme.framework.components.database.DatabaseManager@main] Adding 'create table course (id integer not null, version integer not null, code varchar(255), draft_mode bit not null, more_info varchar(255), retail_price_amount double precision, retail_price_currency varchar(255), summary varchar(255), title varchar(255), lecturer_id integer not null, primary key (id)) engine=InnoDB' to batch in transaction 08c3cdd0-a4c5-47d2-bf6b-c6af45392180. 
2023-04-21 14:43:47.563 DEBUG [acme.framework.components.database.DatabaseManager@main] Adding 'create table enrolment (id integer not null, version integer not null, code varchar(255), credit_card_holder varchar(255), credit_card_lower_nibble varchar(255), draft_mode bit not null, goals varchar(255), motivation varchar(255), course_id integer not null, student_id integer not null, primary key (id)) engine=InnoDB' to batch in transaction 08c3cdd0-a4c5-47d2-bf6b-c6af45392180. 
2023-04-21 14:43:47.563 DEBUG [acme.framework.components.database.DatabaseManager@main] Adding 'create table hibernate_sequence (next_val bigint) engine=InnoDB' to batch in transaction 08c3cdd0-a4c5-47d2-bf6b-c6af45392180. 
2023-04-21 14:43:47.563 DEBUG [acme.framework.components.database.DatabaseManager@main] Adding 'insert into hibernate_sequence values ( 1 )' to batch in transaction 08c3cdd0-a4c5-47d2-bf6b-c6af45392180. 
2023-04-21 14:43:47.564 DEBUG [acme.framework.components.database.DatabaseManager@main] Adding 'create table lecture (id integer not null, version integer not null, body varchar(255), learning_time integer not null, lecture_type integer, more_info varchar(255), summary varchar(255), title varchar(255), primary key (id)) engine=InnoDB' to batch in transaction 08c3cdd0-a4c5-47d2-bf6b-c6af45392180. 
2023-04-21 14:43:47.564 DEBUG [acme.framework.components.database.DatabaseManager@main] Adding 'create table lecturer (id integer not null, version integer not null, user_account_id integer, alma_mater varchar(255), more_info varchar(255), qualifications varchar(255), resume varchar(255), primary key (id)) engine=InnoDB' to batch in transaction 08c3cdd0-a4c5-47d2-bf6b-c6af45392180. 
2023-04-21 14:43:47.564 DEBUG [acme.framework.components.database.DatabaseManager@main] Adding 'create table lecture_registration (id integer not null, version integer not null, course_id integer not null, lecture_id integer not null, primary key (id)) engine=InnoDB' to batch in transaction 08c3cdd0-a4c5-47d2-bf6b-c6af45392180. 
2023-04-21 14:43:47.565 DEBUG [acme.framework.components.database.DatabaseManager@main] Adding 'create table note (id integer not null, version integer not null, author varchar(255), email varchar(255), message varchar(255), moment datetime, more_info varchar(255), title varchar(255), primary key (id)) engine=InnoDB' to batch in transaction 08c3cdd0-a4c5-47d2-bf6b-c6af45392180. 
2023-04-21 14:43:47.565 DEBUG [acme.framework.components.database.DatabaseManager@main] Adding 'create table offer (id integer not null, version integer not null, end_available datetime, heading varchar(255), moment datetime, more_info varchar(255), price_amount double precision, price_currency varchar(255), start_available datetime, summary varchar(255), primary key (id)) engine=InnoDB' to batch in transaction 08c3cdd0-a4c5-47d2-bf6b-c6af45392180. 
2023-04-21 14:43:47.565 DEBUG [acme.framework.components.database.DatabaseManager@main] Adding 'create table peep (id integer not null, version integer not null, email varchar(255), message varchar(255), moment datetime, more_info varchar(255), nick varchar(255), title varchar(255), primary key (id)) engine=InnoDB' to batch in transaction 08c3cdd0-a4c5-47d2-bf6b-c6af45392180. 
2023-04-21 14:43:47.565 DEBUG [acme.framework.components.database.DatabaseManager@main] Adding 'create table practicum (id integer not null, version integer not null, code varchar(255), draft_mode bit not null, goals varchar(255), summary varchar(255), title varchar(255), company_id integer not null, course_id integer not null, primary key (id)) engine=InnoDB' to batch in transaction 08c3cdd0-a4c5-47d2-bf6b-c6af45392180. 
2023-04-21 14:43:47.566 DEBUG [acme.framework.components.database.DatabaseManager@main] Adding 'create table practicum_session (id integer not null, version integer not null, addendum bit not null, draft_mode bit not null, end_date datetime, link varchar(255), start_date datetime, summary varchar(255), title varchar(255), practicum_id integer not null, primary key (id)) engine=InnoDB' to batch in transaction 08c3cdd0-a4c5-47d2-bf6b-c6af45392180. 
2023-04-21 14:43:47.566 DEBUG [acme.framework.components.database.DatabaseManager@main] Adding 'create table student (id integer not null, version integer not null, user_account_id integer, more_info varchar(255), statement varchar(255), strong_features varchar(255), weak_features varchar(255), primary key (id)) engine=InnoDB' to batch in transaction 08c3cdd0-a4c5-47d2-bf6b-c6af45392180. 
2023-04-21 14:43:47.566 DEBUG [acme.framework.components.database.DatabaseManager@main] Adding 'create table system_configuration (id integer not null, version integer not null, accepted_currencies varchar(255), default_system_currency varchar(255), primary key (id)) engine=InnoDB' to batch in transaction 08c3cdd0-a4c5-47d2-bf6b-c6af45392180. 
2023-04-21 14:43:47.567 DEBUG [acme.framework.components.database.DatabaseManager@main] Adding 'create table tutorial (id integer not null, version integer not null, code varchar(255), goals varchar(255), summary varchar(255), title varchar(255), assistant_id integer not null, course_id integer not null, primary key (id)) engine=InnoDB' to batch in transaction 08c3cdd0-a4c5-47d2-bf6b-c6af45392180. 
2023-04-21 14:43:47.567 DEBUG [acme.framework.components.database.DatabaseManager@main] Adding 'create table tutorial_session (id integer not null, version integer not null, end_date datetime, more_info varchar(255), session_type integer, start_date datetime, summary varchar(255), title varchar(255), tutorial_id integer not null, primary key (id)) engine=InnoDB' to batch in transaction 08c3cdd0-a4c5-47d2-bf6b-c6af45392180. 
2023-04-21 14:43:47.567 DEBUG [acme.framework.components.database.DatabaseManager@main] Adding 'create table user_account (id integer not null, version integer not null, enabled bit not null, identity blob, password varchar(255), username varchar(255), primary key (id)) engine=InnoDB' to batch in transaction 08c3cdd0-a4c5-47d2-bf6b-c6af45392180. 
2023-04-21 14:43:47.567 DEBUG [acme.framework.components.database.DatabaseManager@main] Adding 'alter table audit add constraint UK_8bplrvygbtrvptssdw58efkiu unique (code)' to batch in transaction 08c3cdd0-a4c5-47d2-bf6b-c6af45392180. 
2023-04-21 14:43:47.567 DEBUG [acme.framework.components.database.DatabaseManager@main] Adding 'alter table course add constraint UK_i60mruj0y7a7vs99dqpiye7en unique (code)' to batch in transaction 08c3cdd0-a4c5-47d2-bf6b-c6af45392180. 
2023-04-21 14:43:47.569 DEBUG [acme.framework.components.database.DatabaseManager@main] Adding 'alter table enrolment add constraint UK_gb8cefpkysvid77eelwfupfcj unique (code)' to batch in transaction 08c3cdd0-a4c5-47d2-bf6b-c6af45392180. 
2023-04-21 14:43:47.569 DEBUG [acme.framework.components.database.DatabaseManager@main] Adding 'alter table practicum add constraint UK_jtt3r89sf73gtka417k8yu93e unique (code)' to batch in transaction 08c3cdd0-a4c5-47d2-bf6b-c6af45392180. 
2023-04-21 14:43:47.569 DEBUG [acme.framework.components.database.DatabaseManager@main] Adding 'alter table tutorial add constraint UK_5ug3h7igtr6b92bpj3gxeievq unique (code)' to batch in transaction 08c3cdd0-a4c5-47d2-bf6b-c6af45392180. 
2023-04-21 14:43:47.569 DEBUG [acme.framework.components.database.DatabaseManager@main] Adding 'alter table user_account add constraint UK_castjbvpeeus0r8lbpehiu0e4 unique (username)' to batch in transaction 08c3cdd0-a4c5-47d2-bf6b-c6af45392180. 
2023-04-21 14:43:47.569 DEBUG [acme.framework.components.database.DatabaseManager@main] Adding 'alter table activity add constraint FK1280mhcbe7jj444001d5ftmrx foreign key (enrolment_id) references enrolment (id)' to batch in transaction 08c3cdd0-a4c5-47d2-bf6b-c6af45392180. 
2023-04-21 14:43:47.570 DEBUG [acme.framework.components.database.DatabaseManager@main] Adding 'alter table administrator add constraint FK_2a5vcjo3stlfcwadosjfq49l1 foreign key (user_account_id) references user_account (id)' to batch in transaction 08c3cdd0-a4c5-47d2-bf6b-c6af45392180. 
2023-04-21 14:43:47.570 DEBUG [acme.framework.components.database.DatabaseManager@main] Adding 'alter table anonymous add constraint FK_6lnbc6fo3om54vugoh8icg78m foreign key (user_account_id) references user_account (id)' to batch in transaction 08c3cdd0-a4c5-47d2-bf6b-c6af45392180. 
2023-04-21 14:43:47.570 DEBUG [acme.framework.components.database.DatabaseManager@main] Adding 'alter table any add constraint FK_26yflnlk4xrrxtkiwkag1l7lf foreign key (user_account_id) references user_account (id)' to batch in transaction 08c3cdd0-a4c5-47d2-bf6b-c6af45392180. 
2023-04-21 14:43:47.570 DEBUG [acme.framework.components.database.DatabaseManager@main] Adding 'alter table assistant add constraint FK_k2o9adbnrmak8b49o35j88xxn foreign key (user_account_id) references user_account (id)' to batch in transaction 08c3cdd0-a4c5-47d2-bf6b-c6af45392180. 
2023-04-21 14:43:47.571 DEBUG [acme.framework.components.database.DatabaseManager@main] Adding 'alter table audit add constraint FKce8v557hmw8jmpcuvue3n9gdp foreign key (auditor_id) references auditor (id)' to batch in transaction 08c3cdd0-a4c5-47d2-bf6b-c6af45392180. 
2023-04-21 14:43:47.571 DEBUG [acme.framework.components.database.DatabaseManager@main] Adding 'alter table audit add constraint FK3bdk4gk497jvqdu1ukb707hy2 foreign key (course_id) references course (id)' to batch in transaction 08c3cdd0-a4c5-47d2-bf6b-c6af45392180. 
2023-04-21 14:43:47.571 DEBUG [acme.framework.components.database.DatabaseManager@main] Adding 'alter table auditing_record add constraint FK1r3i7b6oxs8ijf1obmnirukd8 foreign key (audit_id) references audit (id)' to batch in transaction 08c3cdd0-a4c5-47d2-bf6b-c6af45392180. 
2023-04-21 14:43:47.571 DEBUG [acme.framework.components.database.DatabaseManager@main] Adding 'alter table auditor add constraint FK_clqcq9lyspxdxcp6o4f3vkelj foreign key (user_account_id) references user_account (id)' to batch in transaction 08c3cdd0-a4c5-47d2-bf6b-c6af45392180. 
2023-04-21 14:43:47.572 DEBUG [acme.framework.components.database.DatabaseManager@main] Adding 'alter table authenticated add constraint FK_h52w0f3wjoi68b63wv9vwon57 foreign key (user_account_id) references user_account (id)' to batch in transaction 08c3cdd0-a4c5-47d2-bf6b-c6af45392180. 
2023-04-21 14:43:47.572 DEBUG [acme.framework.components.database.DatabaseManager@main] Adding 'alter table company add constraint FK_6ew1r5yvuegqegy2os5gtp723 foreign key (user_account_id) references user_account (id)' to batch in transaction 08c3cdd0-a4c5-47d2-bf6b-c6af45392180. 
2023-04-21 14:43:47.572 DEBUG [acme.framework.components.database.DatabaseManager@main] Adding 'alter table course add constraint FK36jyp2r00pwmbmu9ir58uob1k foreign key (lecturer_id) references lecturer (id)' to batch in transaction 08c3cdd0-a4c5-47d2-bf6b-c6af45392180. 
2023-04-21 14:43:47.572 DEBUG [acme.framework.components.database.DatabaseManager@main] Adding 'alter table enrolment add constraint FKqnrv6xltxnx61nfjoe2sngny4 foreign key (course_id) references course (id)' to batch in transaction 08c3cdd0-a4c5-47d2-bf6b-c6af45392180. 
2023-04-21 14:43:47.572 DEBUG [acme.framework.components.database.DatabaseManager@main] Adding 'alter table enrolment add constraint FKquem30hnspsnegde2q2bhvou foreign key (student_id) references student (id)' to batch in transaction 08c3cdd0-a4c5-47d2-bf6b-c6af45392180. 
2023-04-21 14:43:47.573 DEBUG [acme.framework.components.database.DatabaseManager@main] Adding 'alter table lecturer add constraint FK_xa7gn4ht219aw931j32becf3 foreign key (user_account_id) references user_account (id)' to batch in transaction 08c3cdd0-a4c5-47d2-bf6b-c6af45392180. 
2023-04-21 14:43:47.573 DEBUG [acme.framework.components.database.DatabaseManager@main] Adding 'alter table lecture_registration add constraint FKdel8l2u6bcb3lk87m6w1u5q4j foreign key (course_id) references course (id)' to batch in transaction 08c3cdd0-a4c5-47d2-bf6b-c6af45392180. 
2023-04-21 14:43:47.573 DEBUG [acme.framework.components.database.DatabaseManager@main] Adding 'alter table lecture_registration add constraint FK2cmbp0cx2uxu39s45qninb9mj foreign key (lecture_id) references lecture (id)' to batch in transaction 08c3cdd0-a4c5-47d2-bf6b-c6af45392180. 
2023-04-21 14:43:47.573 DEBUG [acme.framework.components.database.DatabaseManager@main] Adding 'alter table practicum add constraint FKfl1jxu8ng28340ae890ee59x9 foreign key (company_id) references company (id)' to batch in transaction 08c3cdd0-a4c5-47d2-bf6b-c6af45392180. 
2023-04-21 14:43:47.574 DEBUG [acme.framework.components.database.DatabaseManager@main] Adding 'alter table practicum add constraint FKjmh8gcm7owsqjtn1yy9dmcieg foreign key (course_id) references course (id)' to batch in transaction 08c3cdd0-a4c5-47d2-bf6b-c6af45392180. 
2023-04-21 14:43:47.574 DEBUG [acme.framework.components.database.DatabaseManager@main] Adding 'alter table practicum_session add constraint FKijh95t9olmughf857om8cw156 foreign key (practicum_id) references practicum (id)' to batch in transaction 08c3cdd0-a4c5-47d2-bf6b-c6af45392180. 
2023-04-21 14:43:47.574 DEBUG [acme.framework.components.database.DatabaseManager@main] Adding 'alter table student add constraint FK_39b5mf1i5ggh6xowxc8kmf72e foreign key (user_account_id) references user_account (id)' to batch in transaction 08c3cdd0-a4c5-47d2-bf6b-c6af45392180. 
2023-04-21 14:43:47.574 DEBUG [acme.framework.components.database.DatabaseManager@main] Adding 'alter table tutorial add constraint FKf8cge31716ot0uqa6hqhfc86c foreign key (assistant_id) references assistant (id)' to batch in transaction 08c3cdd0-a4c5-47d2-bf6b-c6af45392180. 
2023-04-21 14:43:47.575 DEBUG [acme.framework.components.database.DatabaseManager@main] Adding 'alter table tutorial add constraint FKhhqlvuk9ew6l74drrk7074ex5 foreign key (course_id) references course (id)' to batch in transaction 08c3cdd0-a4c5-47d2-bf6b-c6af45392180. 
2023-04-21 14:43:47.575 DEBUG [acme.framework.components.database.DatabaseManager@main] Adding 'alter table tutorial_session add constraint FKreee9sltiya4x3os3mjab1j2e foreign key (tutorial_id) references tutorial (id)' to batch in transaction 08c3cdd0-a4c5-47d2-bf6b-c6af45392180. 
2023-04-21 14:43:47.575 DEBUG [acme.framework.components.database.DatabaseManager@main] Adding 'set foreign_key_checks=1; ' to batch in transaction 08c3cdd0-a4c5-47d2-bf6b-c6af45392180. 
2023-04-21 14:43:47.575 DEBUG [acme.framework.components.database.DatabaseManager@main] Submitting batch in transaction 08c3cdd0-a4c5-47d2-bf6b-c6af45392180. 
2023-04-21 14:43:49.019 DEBUG [acme.framework.components.database.DatabaseManager@main] Committing transaction 08c3cdd0-a4c5-47d2-bf6b-c6af45392180. 
2023-04-21 14:43:49.020 INFO  [acme.framework.components.database.DatabasePopulator@main] Persisting your entities. 
2023-04-21 14:43:49.021 DEBUG [acme.framework.components.database.DatabaseManager@main] Starting transaction 891a57ba-adfc-4b7e-b3c8-9f8bbdef3ed1. 
2023-04-21 14:43:49.022 DEBUG [acme.framework.components.database.DatabasePopulator@main] Persisting entities of clazz 'acme.framework.components.accounts.UserAccount'. 
2023-04-21 14:43:49.022 DEBUG [acme.framework.components.database.DatabaseManager@main] Persisting entity 'acme.framework.components.accounts.UserAccount@0'. 
2023-04-21 14:43:49.054 DEBUG [org.hibernate.SQL@main] select next_val as id_val from hibernate_sequence for update 
2023-04-21 14:43:49.096 DEBUG [org.hibernate.SQL@main] update hibernate_sequence set next_val= ? where next_val=? 
2023-04-21 14:43:49.198 DEBUG [acme.framework.components.database.DatabaseManager@main] Persisting entity 'acme.framework.components.accounts.UserAccount@0'. 
2023-04-21 14:43:49.199 DEBUG [org.hibernate.SQL@main] select next_val as id_val from hibernate_sequence for update 
2023-04-21 14:43:49.201 DEBUG [org.hibernate.SQL@main] update hibernate_sequence set next_val= ? where next_val=? 
2023-04-21 14:43:49.206 DEBUG [acme.framework.components.database.DatabaseManager@main] Persisting entity 'acme.framework.components.accounts.UserAccount@0'. 
2023-04-21 14:43:49.207 DEBUG [org.hibernate.SQL@main] select next_val as id_val from hibernate_sequence for update 
2023-04-21 14:43:49.209 DEBUG [org.hibernate.SQL@main] update hibernate_sequence set next_val= ? where next_val=? 
2023-04-21 14:43:49.215 DEBUG [acme.framework.components.database.DatabaseManager@main] Persisting entity 'acme.framework.components.accounts.UserAccount@0'. 
2023-04-21 14:43:49.216 DEBUG [org.hibernate.SQL@main] select next_val as id_val from hibernate_sequence for update 
2023-04-21 14:43:49.217 DEBUG [org.hibernate.SQL@main] update hibernate_sequence set next_val= ? where next_val=? 
2023-04-21 14:43:49.222 DEBUG [acme.framework.components.database.DatabasePopulator@main] Persisting entities of clazz 'acme.framework.components.accounts.Administrator'. 
2023-04-21 14:43:49.222 DEBUG [acme.framework.components.database.DatabaseManager@main] Persisting entity 'acme.framework.components.accounts.Administrator@0'. 
2023-04-21 14:43:49.223 DEBUG [org.hibernate.SQL@main] select next_val as id_val from hibernate_sequence for update 
2023-04-21 14:43:49.225 DEBUG [org.hibernate.SQL@main] update hibernate_sequence set next_val= ? where next_val=? 
2023-04-21 14:43:49.229 DEBUG [acme.framework.components.database.DatabaseManager@main] Persisting entity 'acme.framework.components.accounts.Administrator@0'. 
2023-04-21 14:43:49.230 DEBUG [org.hibernate.SQL@main] select next_val as id_val from hibernate_sequence for update 
2023-04-21 14:43:49.231 DEBUG [org.hibernate.SQL@main] update hibernate_sequence set next_val= ? where next_val=? 
2023-04-21 14:43:49.235 DEBUG [acme.framework.components.database.DatabaseManager@main] Persisting entity 'acme.framework.components.accounts.Administrator@0'. 
2023-04-21 14:43:49.236 DEBUG [org.hibernate.SQL@main] select next_val as id_val from hibernate_sequence for update 
2023-04-21 14:43:49.237 DEBUG [org.hibernate.SQL@main] update hibernate_sequence set next_val= ? where next_val=? 
2023-04-21 14:43:49.241 DEBUG [acme.framework.components.database.DatabasePopulator@main] Persisting entities of clazz 'acme.framework.components.accounts.Anonymous'. 
2023-04-21 14:43:49.241 DEBUG [acme.framework.components.database.DatabaseManager@main] Persisting entity 'acme.framework.components.accounts.Anonymous@0'. 
2023-04-21 14:43:49.242 DEBUG [org.hibernate.SQL@main] select next_val as id_val from hibernate_sequence for update 
2023-04-21 14:43:49.243 DEBUG [org.hibernate.SQL@main] update hibernate_sequence set next_val= ? where next_val=? 
2023-04-21 14:43:49.246 DEBUG [acme.framework.components.database.DatabasePopulator@main] Persisting entities of clazz 'acme.system.configuration.SystemConfiguration'. 
2023-04-21 14:43:49.247 DEBUG [acme.framework.components.database.DatabaseManager@main] Persisting entity 'acme.system.configuration.SystemConfiguration@0'. 
2023-04-21 14:43:49.248 DEBUG [org.hibernate.SQL@main] select next_val as id_val from hibernate_sequence for update 
2023-04-21 14:43:49.249 DEBUG [org.hibernate.SQL@main] update hibernate_sequence set next_val= ? where next_val=? 
2023-04-21 14:43:49.253 DEBUG [acme.framework.components.database.DatabaseManager@main] Committing transaction 891a57ba-adfc-4b7e-b3c8-9f8bbdef3ed1. 
2023-04-21 14:43:49.312 DEBUG [org.hibernate.SQL@main] insert into user_account (version, enabled, identity, password, username, id) values (?, ?, ?, ?, ?, ?) 
2023-04-21 14:43:49.318 TRACE [org.hibernate.type.descriptor.sql.BasicBinder@main] binding parameter [1] as [INTEGER] - [0] 
2023-04-21 14:43:49.321 TRACE [org.hibernate.type.descriptor.sql.BasicBinder@main] binding parameter [2] as [BOOLEAN] - [false] 
2023-04-21 14:43:49.324 TRACE [org.hibernate.type.descriptor.sql.BasicBinder@main] binding parameter [3] as [BLOB] - [DefaultUserIdentity(name=John, surname=Doe, email=john.doe@acme.com)] 
2023-04-21 14:43:49.330 TRACE [org.hibernate.type.descriptor.sql.BasicBinder@main] binding parameter [4] as [VARCHAR] - [$2a$05$ud8bcALiEvKUlkO7FSl9cuS5Zs9hLYX2eAZ430mtPF8z1ZXyrrHjm] 
2023-04-21 14:43:49.330 TRACE [org.hibernate.type.descriptor.sql.BasicBinder@main] binding parameter [5] as [VARCHAR] - [anonymous] 
2023-04-21 14:43:49.331 TRACE [org.hibernate.type.descriptor.sql.BasicBinder@main] binding parameter [6] as [INTEGER] - [1] 
2023-04-21 14:43:49.340 DEBUG [org.hibernate.SQL@main] insert into user_account (version, enabled, identity, password, username, id) values (?, ?, ?, ?, ?, ?) 
2023-04-21 14:43:49.342 TRACE [org.hibernate.type.descriptor.sql.BasicBinder@main] binding parameter [1] as [INTEGER] - [0] 
2023-04-21 14:43:49.342 TRACE [org.hibernate.type.descriptor.sql.BasicBinder@main] binding parameter [2] as [BOOLEAN] - [true] 
2023-04-21 14:43:49.342 TRACE [org.hibernate.type.descriptor.sql.BasicBinder@main] binding parameter [3] as [BLOB] - [DefaultUserIdentity(name=Administrator, surname=Acme, email=administrator@acme.com)] 
2023-04-21 14:43:49.343 TRACE [org.hibernate.type.descriptor.sql.BasicBinder@main] binding parameter [4] as [VARCHAR] - [$2a$05$Oty8GClYSfmeH7UlQ2UIpOKvJczJ7RJPxLHLKKsnMKCUAYavGVph.] 
2023-04-21 14:43:49.343 TRACE [org.hibernate.type.descriptor.sql.BasicBinder@main] binding parameter [5] as [VARCHAR] - [administrator] 
2023-04-21 14:43:49.344 TRACE [org.hibernate.type.descriptor.sql.BasicBinder@main] binding parameter [6] as [INTEGER] - [2] 
2023-04-21 14:43:49.347 DEBUG [org.hibernate.SQL@main] insert into user_account (version, enabled, identity, password, username, id) values (?, ?, ?, ?, ?, ?) 
2023-04-21 14:43:49.349 TRACE [org.hibernate.type.descriptor.sql.BasicBinder@main] binding parameter [1] as [INTEGER] - [0] 
2023-04-21 14:43:49.349 TRACE [org.hibernate.type.descriptor.sql.BasicBinder@main] binding parameter [2] as [BOOLEAN] - [true] 
2023-04-21 14:43:49.349 TRACE [org.hibernate.type.descriptor.sql.BasicBinder@main] binding parameter [3] as [BLOB] - [DefaultUserIdentity(name=Administrator, surname=2, email=administrator@acme.com)] 
2023-04-21 14:43:49.350 TRACE [org.hibernate.type.descriptor.sql.BasicBinder@main] binding parameter [4] as [VARCHAR] - [$2a$05$G5HY3aFktl8zXgf1Gh90UOJPdByRBphPg7ZC6p1kH4zDMvJt/H.86] 
2023-04-21 14:43:49.350 TRACE [org.hibernate.type.descriptor.sql.BasicBinder@main] binding parameter [5] as [VARCHAR] - [administrator2] 
2023-04-21 14:43:49.350 TRACE [org.hibernate.type.descriptor.sql.BasicBinder@main] binding parameter [6] as [INTEGER] - [3] 
2023-04-21 14:43:49.355 DEBUG [org.hibernate.SQL@main] insert into user_account (version, enabled, identity, password, username, id) values (?, ?, ?, ?, ?, ?) 
2023-04-21 14:43:49.356 TRACE [org.hibernate.type.descriptor.sql.BasicBinder@main] binding parameter [1] as [INTEGER] - [0] 
2023-04-21 14:43:49.356 TRACE [org.hibernate.type.descriptor.sql.BasicBinder@main] binding parameter [2] as [BOOLEAN] - [true] 
2023-04-21 14:43:49.356 TRACE [org.hibernate.type.descriptor.sql.BasicBinder@main] binding parameter [3] as [BLOB] - [DefaultUserIdentity(name=Administrator, surname=1, email=administrator@acme.com)] 
2023-04-21 14:43:49.357 TRACE [org.hibernate.type.descriptor.sql.BasicBinder@main] binding parameter [4] as [VARCHAR] - [$2a$05$ekfSlWQti2zOYLXfByp7iu2TafkABDUKASRWknpiwRpc3n8MGpgLO] 
2023-04-21 14:43:49.357 TRACE [org.hibernate.type.descriptor.sql.BasicBinder@main] binding parameter [5] as [VARCHAR] - [administrator1] 
2023-04-21 14:43:49.357 TRACE [org.hibernate.type.descriptor.sql.BasicBinder@main] binding parameter [6] as [INTEGER] - [4] 
2023-04-21 14:43:49.359 DEBUG [org.hibernate.SQL@main] insert into administrator (version, user_account_id, id) values (?, ?, ?) 
2023-04-21 14:43:49.361 TRACE [org.hibernate.type.descriptor.sql.BasicBinder@main] binding parameter [1] as [INTEGER] - [0] 
2023-04-21 14:43:49.361 TRACE [org.hibernate.type.descriptor.sql.BasicBinder@main] binding parameter [2] as [INTEGER] - [4] 
2023-04-21 14:43:49.363 TRACE [org.hibernate.type.descriptor.sql.BasicBinder@main] binding parameter [3] as [INTEGER] - [5] 
2023-04-21 14:43:49.366 DEBUG [org.hibernate.SQL@main] insert into administrator (version, user_account_id, id) values (?, ?, ?) 
2023-04-21 14:43:49.367 TRACE [org.hibernate.type.descriptor.sql.BasicBinder@main] binding parameter [1] as [INTEGER] - [0] 
2023-04-21 14:43:49.367 TRACE [org.hibernate.type.descriptor.sql.BasicBinder@main] binding parameter [2] as [INTEGER] - [3] 
2023-04-21 14:43:49.367 TRACE [org.hibernate.type.descriptor.sql.BasicBinder@main] binding parameter [3] as [INTEGER] - [6] 
2023-04-21 14:43:49.369 DEBUG [org.hibernate.SQL@main] insert into administrator (version, user_account_id, id) values (?, ?, ?) 
2023-04-21 14:43:49.369 TRACE [org.hibernate.type.descriptor.sql.BasicBinder@main] binding parameter [1] as [INTEGER] - [0] 
2023-04-21 14:43:49.370 TRACE [org.hibernate.type.descriptor.sql.BasicBinder@main] binding parameter [2] as [INTEGER] - [2] 
2023-04-21 14:43:49.370 TRACE [org.hibernate.type.descriptor.sql.BasicBinder@main] binding parameter [3] as [INTEGER] - [7] 
2023-04-21 14:43:49.371 DEBUG [org.hibernate.SQL@main] insert into anonymous (version, user_account_id, id) values (?, ?, ?) 
2023-04-21 14:43:49.372 TRACE [org.hibernate.type.descriptor.sql.BasicBinder@main] binding parameter [1] as [INTEGER] - [0] 
2023-04-21 14:43:49.372 TRACE [org.hibernate.type.descriptor.sql.BasicBinder@main] binding parameter [2] as [INTEGER] - [1] 
2023-04-21 14:43:49.372 TRACE [org.hibernate.type.descriptor.sql.BasicBinder@main] binding parameter [3] as [INTEGER] - [8] 
2023-04-21 14:43:49.375 DEBUG [org.hibernate.SQL@main] insert into system_configuration (version, accepted_currencies, default_system_currency, id) values (?, ?, ?, ?) 
2023-04-21 14:43:49.375 TRACE [org.hibernate.type.descriptor.sql.BasicBinder@main] binding parameter [1] as [INTEGER] - [0] 
2023-04-21 14:43:49.375 TRACE [org.hibernate.type.descriptor.sql.BasicBinder@main] binding parameter [2] as [VARCHAR] - [EUR,USD,GBP] 
2023-04-21 14:43:49.376 TRACE [org.hibernate.type.descriptor.sql.BasicBinder@main] binding parameter [3] as [VARCHAR] - [EUR] 
2023-04-21 14:43:49.376 TRACE [org.hibernate.type.descriptor.sql.BasicBinder@main] binding parameter [4] as [INTEGER] - [9] 
2023-04-21 14:43:50.626 INFO  [acme.framework.configuration.ShutdownConfiguration@main] The system is shutting down... 
2023-04-21 14:43:50.657 DEBUG [acme.Launcher@main] Exiting application with status 0 
