2023-04-21 14:53:07.818 INFO  [acme.Launcher@main] Starting Launcher using Java 1.8.0_241 on DESKTOP-IS808ND with PID 13116 (C:\Users\sergi\Desktop\SERGIO\UNIVERSIDAD\CURSOS\3Tercer Curso\2do CUATRIMESTRE\DP2\Workspace-23\Frameworks\Acme-Framework-23.3.1\target\classes started by sergi in C:\Users\sergi\Desktop\SERGIO\UNIVERSIDAD\CURSOS\3Tercer Curso\2do CUATRIMESTRE\DP2\Workspace-23\Projects\dp2-acme-l3\Acme-L3-D03) 
2023-04-21 14:53:07.821 DEBUG [acme.Launcher@main] Running with Spring Boot v2.4.2, Spring v5.3.3 
2023-04-21 14:53:07.824 INFO  [acme.Launcher@main] The following profiles are active: development,populator 
2023-04-21 14:53:13.555 DEBUG [org.apache.jasper.servlet.JasperInitializer@main] Initializing Jasper for context [application] 
2023-04-21 14:53:23.781 DEBUG [org.apache.jasper.servlet.JspServlet@main] Scratch dir for the JSP engine is: [C:\Users\sergi\AppData\Local\Temp\tomcat.8083.4261040836852673753\work\Tomcat\localhost\acme-l3-d03] 
2023-04-21 14:53:23.781 DEBUG [org.apache.jasper.servlet.JspServlet@main] IMPORTANT: Do not modify the generated servlets 
2023-04-21 14:53:23.804 INFO  [acme.Launcher@main] Started Launcher in 17.326 seconds (JVM running for 18.06) 
2023-04-21 14:53:23.817 DEBUG [acme.Launcher@main] Found classpath entry '/C:/Users/sergi/Desktop/SERGIO/UNIVERSIDAD/CURSOS/3Tercer%20Curso/2do%20CUATRIMESTRE/DP2/Workspace-23/Projects/dp2-acme-l3/Acme-L3-D03/target/test-classes/' 
2023-04-21 14:53:23.818 DEBUG [acme.Launcher@main] Found classpath entry '/C:/Users/sergi/Desktop/SERGIO/UNIVERSIDAD/CURSOS/3Tercer%20Curso/2do%20CUATRIMESTRE/DP2/Workspace-23/Projects/dp2-acme-l3/Acme-L3-D03/target/classes/' 
2023-04-21 14:53:23.818 DEBUG [acme.Launcher@main] Found classpath entry '/C:/Users/sergi/Desktop/SERGIO/UNIVERSIDAD/CURSOS/3Tercer%20Curso/2do%20CUATRIMESTRE/DP2/Workspace-23/Frameworks/Acme-Framework-23.3.1/target/classes/' 
2023-04-21 14:53:23.819 DEBUG [acme.Launcher@main] Found classpath entry '/C:/Users/sergi/Desktop/SERGIO/UNIVERSIDAD/CURSOS/3Tercer%20Curso/2do%20CUATRIMESTRE/DP2/Workspace-23/Frameworks/Acme-Framework-23.3.1/target/test-classes/' 
2023-04-21 14:53:23.819 DEBUG [acme.Launcher@main] Found classpath entry '/C:/Users/sergi/.m2/repository/org/springframework/boot/spring-boot-starter-tomcat/2.4.2/spring-boot-starter-tomcat-2.4.2.jar' 
2023-04-21 14:53:23.820 DEBUG [acme.Launcher@main] Found classpath entry '/C:/Users/sergi/.m2/repository/jakarta/annotation/jakarta.annotation-api/1.3.5/jakarta.annotation-api-1.3.5.jar' 
2023-04-21 14:53:23.820 DEBUG [acme.Launcher@main] Found classpath entry '/C:/Users/sergi/.m2/repository/org/apache/tomcat/embed/tomcat-embed-core/9.0.41/tomcat-embed-core-9.0.41.jar' 
2023-04-21 14:53:23.821 DEBUG [acme.Launcher@main] Found classpath entry '/C:/Users/sergi/.m2/repository/org/glassfish/jakarta.el/3.0.3/jakarta.el-3.0.3.jar' 
2023-04-21 14:53:23.821 DEBUG [acme.Launcher@main] Found classpath entry '/C:/Users/sergi/.m2/repository/org/apache/tomcat/embed/tomcat-embed-websocket/9.0.41/tomcat-embed-websocket-9.0.41.jar' 
2023-04-21 14:53:23.821 DEBUG [acme.Launcher@main] Found classpath entry '/C:/Users/sergi/.m2/repository/org/apache/tomcat/embed/tomcat-embed-jasper/9.0.41/tomcat-embed-jasper-9.0.41.jar' 
2023-04-21 14:53:23.823 DEBUG [acme.Launcher@main] Found classpath entry '/C:/Users/sergi/.m2/repository/org/apache/tomcat/embed/tomcat-embed-el/9.0.41/tomcat-embed-el-9.0.41.jar' 
2023-04-21 14:53:23.823 DEBUG [acme.Launcher@main] Found classpath entry '/C:/Users/sergi/.m2/repository/org/eclipse/jdt/ecj/3.18.0/ecj-3.18.0.jar' 
2023-04-21 14:53:23.823 DEBUG [acme.Launcher@main] Found classpath entry '/C:/Users/sergi/.m2/repository/javax/servlet/jstl/1.2/jstl-1.2.jar' 
2023-04-21 14:53:23.823 DEBUG [acme.Launcher@main] Found classpath entry '/C:/Users/sergi/.m2/repository/org/springframework/boot/spring-boot-starter-security/2.4.2/spring-boot-starter-security-2.4.2.jar' 
2023-04-21 14:53:23.824 DEBUG [acme.Launcher@main] Found classpath entry '/C:/Users/sergi/.m2/repository/org/springframework/boot/spring-boot-starter/2.4.2/spring-boot-starter-2.4.2.jar' 
2023-04-21 14:53:23.824 DEBUG [acme.Launcher@main] Found classpath entry '/C:/Users/sergi/.m2/repository/org/springframework/boot/spring-boot/2.4.2/spring-boot-2.4.2.jar' 
2023-04-21 14:53:23.824 DEBUG [acme.Launcher@main] Found classpath entry '/C:/Users/sergi/.m2/repository/org/springframework/boot/spring-boot-autoconfigure/2.4.2/spring-boot-autoconfigure-2.4.2.jar' 
2023-04-21 14:53:23.824 DEBUG [acme.Launcher@main] Found classpath entry '/C:/Users/sergi/.m2/repository/org/springframework/boot/spring-boot-starter-logging/2.4.2/spring-boot-starter-logging-2.4.2.jar' 
2023-04-21 14:53:23.825 DEBUG [acme.Launcher@main] Found classpath entry '/C:/Users/sergi/.m2/repository/ch/qos/logback/logback-classic/1.2.3/logback-classic-1.2.3.jar' 
2023-04-21 14:53:23.825 DEBUG [acme.Launcher@main] Found classpath entry '/C:/Users/sergi/.m2/repository/ch/qos/logback/logback-core/1.2.3/logback-core-1.2.3.jar' 
2023-04-21 14:53:23.825 DEBUG [acme.Launcher@main] Found classpath entry '/C:/Users/sergi/.m2/repository/org/apache/logging/log4j/log4j-to-slf4j/2.13.3/log4j-to-slf4j-2.13.3.jar' 
2023-04-21 14:53:23.826 DEBUG [acme.Launcher@main] Found classpath entry '/C:/Users/sergi/.m2/repository/org/apache/logging/log4j/log4j-api/2.13.3/log4j-api-2.13.3.jar' 
2023-04-21 14:53:23.826 DEBUG [acme.Launcher@main] Found classpath entry '/C:/Users/sergi/.m2/repository/org/slf4j/jul-to-slf4j/1.7.30/jul-to-slf4j-1.7.30.jar' 
2023-04-21 14:53:23.827 DEBUG [acme.Launcher@main] Found classpath entry '/C:/Users/sergi/.m2/repository/org/yaml/snakeyaml/1.27/snakeyaml-1.27.jar' 
2023-04-21 14:53:23.827 DEBUG [acme.Launcher@main] Found classpath entry '/C:/Users/sergi/.m2/repository/org/springframework/spring-aop/5.3.3/spring-aop-5.3.3.jar' 
2023-04-21 14:53:23.827 DEBUG [acme.Launcher@main] Found classpath entry '/C:/Users/sergi/.m2/repository/org/springframework/security/spring-security-web/5.4.2/spring-security-web-5.4.2.jar' 
2023-04-21 14:53:23.827 DEBUG [acme.Launcher@main] Found classpath entry '/C:/Users/sergi/.m2/repository/org/springframework/security/spring-security-core/5.4.2/spring-security-core-5.4.2.jar' 
2023-04-21 14:53:23.828 DEBUG [acme.Launcher@main] Found classpath entry '/C:/Users/sergi/.m2/repository/org/springframework/spring-beans/5.3.3/spring-beans-5.3.3.jar' 
2023-04-21 14:53:23.828 DEBUG [acme.Launcher@main] Found classpath entry '/C:/Users/sergi/.m2/repository/org/springframework/spring-context/5.3.3/spring-context-5.3.3.jar' 
2023-04-21 14:53:23.829 DEBUG [acme.Launcher@main] Found classpath entry '/C:/Users/sergi/.m2/repository/org/springframework/spring-core/5.3.3/spring-core-5.3.3.jar' 
2023-04-21 14:53:23.829 DEBUG [acme.Launcher@main] Found classpath entry '/C:/Users/sergi/.m2/repository/org/springframework/spring-jcl/5.3.3/spring-jcl-5.3.3.jar' 
2023-04-21 14:53:23.830 DEBUG [acme.Launcher@main] Found classpath entry '/C:/Users/sergi/.m2/repository/org/springframework/spring-expression/5.3.3/spring-expression-5.3.3.jar' 
2023-04-21 14:53:23.830 DEBUG [acme.Launcher@main] Found classpath entry '/C:/Users/sergi/.m2/repository/org/springframework/spring-web/5.3.3/spring-web-5.3.3.jar' 
2023-04-21 14:53:23.830 DEBUG [acme.Launcher@main] Found classpath entry '/C:/Users/sergi/.m2/repository/org/springframework/security/spring-security-config/5.4.2/spring-security-config-5.4.2.jar' 
2023-04-21 14:53:23.831 DEBUG [acme.Launcher@main] Found classpath entry '/C:/Users/sergi/.m2/repository/org/springframework/security/spring-security-taglibs/5.4.2/spring-security-taglibs-5.4.2.jar' 
2023-04-21 14:53:23.831 DEBUG [acme.Launcher@main] Found classpath entry '/C:/Users/sergi/.m2/repository/org/springframework/security/spring-security-acl/5.4.2/spring-security-acl-5.4.2.jar' 
2023-04-21 14:53:23.831 DEBUG [acme.Launcher@main] Found classpath entry '/C:/Users/sergi/.m2/repository/org/springframework/spring-jdbc/5.3.3/spring-jdbc-5.3.3.jar' 
2023-04-21 14:53:23.832 DEBUG [acme.Launcher@main] Found classpath entry '/C:/Users/sergi/.m2/repository/org/springframework/spring-tx/5.3.3/spring-tx-5.3.3.jar' 
2023-04-21 14:53:23.832 DEBUG [acme.Launcher@main] Found classpath entry '/C:/Users/sergi/.m2/repository/org/springframework/boot/spring-boot-starter-web/2.4.2/spring-boot-starter-web-2.4.2.jar' 
2023-04-21 14:53:23.833 DEBUG [acme.Launcher@main] Found classpath entry '/C:/Users/sergi/.m2/repository/org/springframework/boot/spring-boot-starter-json/2.4.2/spring-boot-starter-json-2.4.2.jar' 
2023-04-21 14:53:23.833 DEBUG [acme.Launcher@main] Found classpath entry '/C:/Users/sergi/.m2/repository/com/fasterxml/jackson/core/jackson-databind/2.11.4/jackson-databind-2.11.4.jar' 
2023-04-21 14:53:23.833 DEBUG [acme.Launcher@main] Found classpath entry '/C:/Users/sergi/.m2/repository/com/fasterxml/jackson/core/jackson-annotations/2.11.4/jackson-annotations-2.11.4.jar' 
2023-04-21 14:53:23.834 DEBUG [acme.Launcher@main] Found classpath entry '/C:/Users/sergi/.m2/repository/com/fasterxml/jackson/core/jackson-core/2.11.4/jackson-core-2.11.4.jar' 
2023-04-21 14:53:23.834 DEBUG [acme.Launcher@main] Found classpath entry '/C:/Users/sergi/.m2/repository/com/fasterxml/jackson/datatype/jackson-datatype-jdk8/2.11.4/jackson-datatype-jdk8-2.11.4.jar' 
2023-04-21 14:53:23.834 DEBUG [acme.Launcher@main] Found classpath entry '/C:/Users/sergi/.m2/repository/com/fasterxml/jackson/datatype/jackson-datatype-jsr310/2.11.4/jackson-datatype-jsr310-2.11.4.jar' 
2023-04-21 14:53:23.835 DEBUG [acme.Launcher@main] Found classpath entry '/C:/Users/sergi/.m2/repository/com/fasterxml/jackson/module/jackson-module-parameter-names/2.11.4/jackson-module-parameter-names-2.11.4.jar' 
2023-04-21 14:53:23.835 DEBUG [acme.Launcher@main] Found classpath entry '/C:/Users/sergi/.m2/repository/org/springframework/spring-webmvc/5.3.3/spring-webmvc-5.3.3.jar' 
2023-04-21 14:53:23.836 DEBUG [acme.Launcher@main] Found classpath entry '/C:/Users/sergi/.m2/repository/org/apache/tiles/tiles-jsp/3.0.8/tiles-jsp-3.0.8.jar' 
2023-04-21 14:53:23.836 DEBUG [acme.Launcher@main] Found classpath entry '/C:/Users/sergi/.m2/repository/org/apache/tiles/tiles-servlet/3.0.8/tiles-servlet-3.0.8.jar' 
2023-04-21 14:53:23.836 DEBUG [acme.Launcher@main] Found classpath entry '/C:/Users/sergi/.m2/repository/org/apache/tiles/tiles-core/3.0.8/tiles-core-3.0.8.jar' 
2023-04-21 14:53:23.837 DEBUG [acme.Launcher@main] Found classpath entry '/C:/Users/sergi/.m2/repository/commons-digester/commons-digester/2.0/commons-digester-2.0.jar' 
2023-04-21 14:53:23.837 DEBUG [acme.Launcher@main] Found classpath entry '/C:/Users/sergi/.m2/repository/org/slf4j/jcl-over-slf4j/1.7.30/jcl-over-slf4j-1.7.30.jar' 
2023-04-21 14:53:23.837 DEBUG [acme.Launcher@main] Found classpath entry '/C:/Users/sergi/.m2/repository/org/apache/tiles/tiles-request-servlet/1.0.7/tiles-request-servlet-1.0.7.jar' 
2023-04-21 14:53:23.837 DEBUG [acme.Launcher@main] Found classpath entry '/C:/Users/sergi/.m2/repository/org/apache/tiles/tiles-template/3.0.8/tiles-template-3.0.8.jar' 
2023-04-21 14:53:23.838 DEBUG [acme.Launcher@main] Found classpath entry '/C:/Users/sergi/.m2/repository/org/apache/tiles/tiles-api/3.0.8/tiles-api-3.0.8.jar' 
2023-04-21 14:53:23.838 DEBUG [acme.Launcher@main] Found classpath entry '/C:/Users/sergi/.m2/repository/org/apache/tiles/tiles-autotag-core-runtime/1.2/tiles-autotag-core-runtime-1.2.jar' 
2023-04-21 14:53:23.838 DEBUG [acme.Launcher@main] Found classpath entry '/C:/Users/sergi/.m2/repository/org/slf4j/slf4j-api/1.7.30/slf4j-api-1.7.30.jar' 
2023-04-21 14:53:23.839 DEBUG [acme.Launcher@main] Found classpath entry '/C:/Users/sergi/.m2/repository/org/apache/tiles/tiles-request-jsp/1.0.7/tiles-request-jsp-1.0.7.jar' 
2023-04-21 14:53:23.839 DEBUG [acme.Launcher@main] Found classpath entry '/C:/Users/sergi/.m2/repository/org/apache/tiles/tiles-request-api/1.0.7/tiles-request-api-1.0.7.jar' 
2023-04-21 14:53:23.839 DEBUG [acme.Launcher@main] Found classpath entry '/C:/Users/sergi/.m2/repository/org/springframework/boot/spring-boot-starter-data-jpa/2.4.2/spring-boot-starter-data-jpa-2.4.2.jar' 
2023-04-21 14:53:23.840 DEBUG [acme.Launcher@main] Found classpath entry '/C:/Users/sergi/.m2/repository/org/springframework/boot/spring-boot-starter-aop/2.4.2/spring-boot-starter-aop-2.4.2.jar' 
2023-04-21 14:53:23.840 DEBUG [acme.Launcher@main] Found classpath entry '/C:/Users/sergi/.m2/repository/org/aspectj/aspectjweaver/1.9.6/aspectjweaver-1.9.6.jar' 
2023-04-21 14:53:23.841 DEBUG [acme.Launcher@main] Found classpath entry '/C:/Users/sergi/.m2/repository/org/springframework/boot/spring-boot-starter-jdbc/2.4.2/spring-boot-starter-jdbc-2.4.2.jar' 
2023-04-21 14:53:23.841 DEBUG [acme.Launcher@main] Found classpath entry '/C:/Users/sergi/.m2/repository/jakarta/transaction/jakarta.transaction-api/1.3.3/jakarta.transaction-api-1.3.3.jar' 
2023-04-21 14:53:23.841 DEBUG [acme.Launcher@main] Found classpath entry '/C:/Users/sergi/.m2/repository/jakarta/persistence/jakarta.persistence-api/2.2.3/jakarta.persistence-api-2.2.3.jar' 
2023-04-21 14:53:23.842 DEBUG [acme.Launcher@main] Found classpath entry '/C:/Users/sergi/.m2/repository/org/hibernate/hibernate-core/5.4.27.Final/hibernate-core-5.4.27.Final.jar' 
2023-04-21 14:53:23.842 DEBUG [acme.Launcher@main] Found classpath entry '/C:/Users/sergi/.m2/repository/org/jboss/logging/jboss-logging/3.4.1.Final/jboss-logging-3.4.1.Final.jar' 
2023-04-21 14:53:23.842 DEBUG [acme.Launcher@main] Found classpath entry '/C:/Users/sergi/.m2/repository/org/javassist/javassist/3.27.0-GA/javassist-3.27.0-GA.jar' 
2023-04-21 14:53:23.843 DEBUG [acme.Launcher@main] Found classpath entry '/C:/Users/sergi/.m2/repository/antlr/antlr/2.7.7/antlr-2.7.7.jar' 
2023-04-21 14:53:23.843 DEBUG [acme.Launcher@main] Found classpath entry '/C:/Users/sergi/.m2/repository/org/jboss/jandex/2.1.3.Final/jandex-2.1.3.Final.jar' 
2023-04-21 14:53:23.843 DEBUG [acme.Launcher@main] Found classpath entry '/C:/Users/sergi/.m2/repository/com/fasterxml/classmate/1.5.1/classmate-1.5.1.jar' 
2023-04-21 14:53:23.843 DEBUG [acme.Launcher@main] Found classpath entry '/C:/Users/sergi/.m2/repository/org/dom4j/dom4j/2.1.3/dom4j-2.1.3.jar' 
2023-04-21 14:53:23.844 DEBUG [acme.Launcher@main] Found classpath entry '/C:/Users/sergi/.m2/repository/org/hibernate/common/hibernate-commons-annotations/5.1.2.Final/hibernate-commons-annotations-5.1.2.Final.jar' 
2023-04-21 14:53:23.844 DEBUG [acme.Launcher@main] Found classpath entry '/C:/Users/sergi/.m2/repository/org/glassfish/jaxb/jaxb-runtime/2.3.3/jaxb-runtime-2.3.3.jar' 
2023-04-21 14:53:23.845 DEBUG [acme.Launcher@main] Found classpath entry '/C:/Users/sergi/.m2/repository/org/glassfish/jaxb/txw2/2.3.3/txw2-2.3.3.jar' 
2023-04-21 14:53:23.845 DEBUG [acme.Launcher@main] Found classpath entry '/C:/Users/sergi/.m2/repository/com/sun/istack/istack-commons-runtime/3.0.11/istack-commons-runtime-3.0.11.jar' 
2023-04-21 14:53:23.845 DEBUG [acme.Launcher@main] Found classpath entry '/C:/Users/sergi/.m2/repository/com/sun/activation/jakarta.activation/1.2.2/jakarta.activation-1.2.2.jar' 
2023-04-21 14:53:23.846 DEBUG [acme.Launcher@main] Found classpath entry '/C:/Users/sergi/.m2/repository/org/springframework/data/spring-data-jpa/2.4.3/spring-data-jpa-2.4.3.jar' 
2023-04-21 14:53:23.846 DEBUG [acme.Launcher@main] Found classpath entry '/C:/Users/sergi/.m2/repository/org/springframework/data/spring-data-commons/2.4.3/spring-data-commons-2.4.3.jar' 
2023-04-21 14:53:23.846 DEBUG [acme.Launcher@main] Found classpath entry '/C:/Users/sergi/.m2/repository/org/springframework/spring-orm/5.3.3/spring-orm-5.3.3.jar' 
2023-04-21 14:53:23.847 DEBUG [acme.Launcher@main] Found classpath entry '/C:/Users/sergi/.m2/repository/org/springframework/spring-aspects/5.3.3/spring-aspects-5.3.3.jar' 
2023-04-21 14:53:23.847 DEBUG [acme.Launcher@main] Found classpath entry '/C:/Users/sergi/.m2/repository/org/springframework/boot/spring-boot-starter-validation/2.4.2/spring-boot-starter-validation-2.4.2.jar' 
2023-04-21 14:53:23.847 DEBUG [acme.Launcher@main] Found classpath entry '/C:/Users/sergi/.m2/repository/org/hibernate/validator/hibernate-validator/6.1.7.Final/hibernate-validator-6.1.7.Final.jar' 
2023-04-21 14:53:23.848 DEBUG [acme.Launcher@main] Found classpath entry '/C:/Users/sergi/.m2/repository/jakarta/validation/jakarta.validation-api/2.0.2/jakarta.validation-api-2.0.2.jar' 
2023-04-21 14:53:23.848 DEBUG [acme.Launcher@main] Found classpath entry '/C:/Users/sergi/.m2/repository/mysql/mysql-connector-java/8.0.22/mysql-connector-java-8.0.22.jar' 
2023-04-21 14:53:23.848 DEBUG [acme.Launcher@main] Found classpath entry '/C:/Users/sergi/.m2/repository/com/zaxxer/HikariCP/3.4.5/HikariCP-3.4.5.jar' 
2023-04-21 14:53:23.849 DEBUG [acme.Launcher@main] Found classpath entry '/C:/Users/sergi/.m2/repository/org/springframework/boot/spring-boot-starter-test/2.4.2/spring-boot-starter-test-2.4.2.jar' 
2023-04-21 14:53:23.849 DEBUG [acme.Launcher@main] Found classpath entry '/C:/Users/sergi/.m2/repository/org/springframework/boot/spring-boot-test/2.4.2/spring-boot-test-2.4.2.jar' 
2023-04-21 14:53:23.849 DEBUG [acme.Launcher@main] Found classpath entry '/C:/Users/sergi/.m2/repository/org/springframework/boot/spring-boot-test-autoconfigure/2.4.2/spring-boot-test-autoconfigure-2.4.2.jar' 
2023-04-21 14:53:23.849 DEBUG [acme.Launcher@main] Found classpath entry '/C:/Users/sergi/.m2/repository/com/jayway/jsonpath/json-path/2.4.0/json-path-2.4.0.jar' 
2023-04-21 14:53:23.850 DEBUG [acme.Launcher@main] Found classpath entry '/C:/Users/sergi/.m2/repository/net/minidev/json-smart/2.3/json-smart-2.3.jar' 
2023-04-21 14:53:23.850 DEBUG [acme.Launcher@main] Found classpath entry '/C:/Users/sergi/.m2/repository/net/minidev/accessors-smart/1.2/accessors-smart-1.2.jar' 
2023-04-21 14:53:23.850 DEBUG [acme.Launcher@main] Found classpath entry '/C:/Users/sergi/.m2/repository/org/ow2/asm/asm/5.0.4/asm-5.0.4.jar' 
2023-04-21 14:53:23.850 DEBUG [acme.Launcher@main] Found classpath entry '/C:/Users/sergi/.m2/repository/jakarta/xml/bind/jakarta.xml.bind-api/2.3.3/jakarta.xml.bind-api-2.3.3.jar' 
2023-04-21 14:53:23.851 DEBUG [acme.Launcher@main] Found classpath entry '/C:/Users/sergi/.m2/repository/jakarta/activation/jakarta.activation-api/1.2.2/jakarta.activation-api-1.2.2.jar' 
2023-04-21 14:53:23.851 DEBUG [acme.Launcher@main] Found classpath entry '/C:/Users/sergi/.m2/repository/org/assertj/assertj-core/3.18.1/assertj-core-3.18.1.jar' 
2023-04-21 14:53:23.851 DEBUG [acme.Launcher@main] Found classpath entry '/C:/Users/sergi/.m2/repository/org/hamcrest/hamcrest/2.2/hamcrest-2.2.jar' 
2023-04-21 14:53:23.851 DEBUG [acme.Launcher@main] Found classpath entry '/C:/Users/sergi/.m2/repository/org/junit/jupiter/junit-jupiter/5.7.0/junit-jupiter-5.7.0.jar' 
2023-04-21 14:53:23.852 DEBUG [acme.Launcher@main] Found classpath entry '/C:/Users/sergi/.m2/repository/org/mockito/mockito-core/3.6.28/mockito-core-3.6.28.jar' 
2023-04-21 14:53:23.852 DEBUG [acme.Launcher@main] Found classpath entry '/C:/Users/sergi/.m2/repository/net/bytebuddy/byte-buddy-agent/1.10.19/byte-buddy-agent-1.10.19.jar' 
2023-04-21 14:53:23.852 DEBUG [acme.Launcher@main] Found classpath entry '/C:/Users/sergi/.m2/repository/org/objenesis/objenesis/3.1/objenesis-3.1.jar' 
2023-04-21 14:53:23.852 DEBUG [acme.Launcher@main] Found classpath entry '/C:/Users/sergi/.m2/repository/org/mockito/mockito-junit-jupiter/3.6.28/mockito-junit-jupiter-3.6.28.jar' 
2023-04-21 14:53:23.853 DEBUG [acme.Launcher@main] Found classpath entry '/C:/Users/sergi/.m2/repository/org/skyscreamer/jsonassert/1.5.0/jsonassert-1.5.0.jar' 
2023-04-21 14:53:23.853 DEBUG [acme.Launcher@main] Found classpath entry '/C:/Users/sergi/.m2/repository/com/vaadin/external/google/android-json/0.0.20131108.vaadin1/android-json-0.0.20131108.vaadin1.jar' 
2023-04-21 14:53:23.853 DEBUG [acme.Launcher@main] Found classpath entry '/C:/Users/sergi/.m2/repository/org/springframework/spring-test/5.3.3/spring-test-5.3.3.jar' 
2023-04-21 14:53:23.853 DEBUG [acme.Launcher@main] Found classpath entry '/C:/Users/sergi/.m2/repository/org/xmlunit/xmlunit-core/2.7.0/xmlunit-core-2.7.0.jar' 
2023-04-21 14:53:23.854 DEBUG [acme.Launcher@main] Found classpath entry '/C:/Users/sergi/.m2/repository/org/junit/jupiter/junit-jupiter-engine/5.7.0/junit-jupiter-engine-5.7.0.jar' 
2023-04-21 14:53:23.854 DEBUG [acme.Launcher@main] Found classpath entry '/C:/Users/sergi/.m2/repository/org/apiguardian/apiguardian-api/1.1.0/apiguardian-api-1.1.0.jar' 
2023-04-21 14:53:23.854 DEBUG [acme.Launcher@main] Found classpath entry '/C:/Users/sergi/.m2/repository/org/junit/platform/junit-platform-engine/1.7.0/junit-platform-engine-1.7.0.jar' 
2023-04-21 14:53:23.854 DEBUG [acme.Launcher@main] Found classpath entry '/C:/Users/sergi/.m2/repository/org/junit/jupiter/junit-jupiter-api/5.7.0/junit-jupiter-api-5.7.0.jar' 
2023-04-21 14:53:23.855 DEBUG [acme.Launcher@main] Found classpath entry '/C:/Users/sergi/.m2/repository/org/opentest4j/opentest4j/1.2.0/opentest4j-1.2.0.jar' 
2023-04-21 14:53:23.855 DEBUG [acme.Launcher@main] Found classpath entry '/C:/Users/sergi/.m2/repository/org/junit/platform/junit-platform-commons/1.7.0/junit-platform-commons-1.7.0.jar' 
2023-04-21 14:53:23.855 DEBUG [acme.Launcher@main] Found classpath entry '/C:/Users/sergi/.m2/repository/org/junit/jupiter/junit-jupiter-params/5.7.0/junit-jupiter-params-5.7.0.jar' 
2023-04-21 14:53:23.855 DEBUG [acme.Launcher@main] Found classpath entry '/C:/Users/sergi/.m2/repository/org/junit/platform/junit-platform-launcher/1.7.0/junit-platform-launcher-1.7.0.jar' 
2023-04-21 14:53:23.880 DEBUG [acme.Launcher@main] Found classpath entry '/C:/Users/sergi/.m2/repository/org/seleniumhq/selenium/selenium-java/3.141.59/selenium-java-3.141.59.jar' 
2023-04-21 14:53:23.882 DEBUG [acme.Launcher@main] Found classpath entry '/C:/Users/sergi/.m2/repository/org/seleniumhq/selenium/selenium-api/3.141.59/selenium-api-3.141.59.jar' 
2023-04-21 14:53:23.882 DEBUG [acme.Launcher@main] Found classpath entry '/C:/Users/sergi/.m2/repository/org/seleniumhq/selenium/selenium-chrome-driver/3.141.59/selenium-chrome-driver-3.141.59.jar' 
2023-04-21 14:53:23.883 DEBUG [acme.Launcher@main] Found classpath entry '/C:/Users/sergi/.m2/repository/org/seleniumhq/selenium/selenium-edge-driver/3.141.59/selenium-edge-driver-3.141.59.jar' 
2023-04-21 14:53:23.883 DEBUG [acme.Launcher@main] Found classpath entry '/C:/Users/sergi/.m2/repository/org/seleniumhq/selenium/selenium-firefox-driver/3.141.59/selenium-firefox-driver-3.141.59.jar' 
2023-04-21 14:53:23.883 DEBUG [acme.Launcher@main] Found classpath entry '/C:/Users/sergi/.m2/repository/org/seleniumhq/selenium/selenium-ie-driver/3.141.59/selenium-ie-driver-3.141.59.jar' 
2023-04-21 14:53:23.884 DEBUG [acme.Launcher@main] Found classpath entry '/C:/Users/sergi/.m2/repository/org/seleniumhq/selenium/selenium-opera-driver/3.141.59/selenium-opera-driver-3.141.59.jar' 
2023-04-21 14:53:23.884 DEBUG [acme.Launcher@main] Found classpath entry '/C:/Users/sergi/.m2/repository/org/seleniumhq/selenium/selenium-remote-driver/3.141.59/selenium-remote-driver-3.141.59.jar' 
2023-04-21 14:53:23.884 DEBUG [acme.Launcher@main] Found classpath entry '/C:/Users/sergi/.m2/repository/org/seleniumhq/selenium/selenium-safari-driver/3.141.59/selenium-safari-driver-3.141.59.jar' 
2023-04-21 14:53:23.884 DEBUG [acme.Launcher@main] Found classpath entry '/C:/Users/sergi/.m2/repository/org/seleniumhq/selenium/selenium-support/3.141.59/selenium-support-3.141.59.jar' 
2023-04-21 14:53:23.885 DEBUG [acme.Launcher@main] Found classpath entry '/C:/Users/sergi/.m2/repository/net/bytebuddy/byte-buddy/1.10.19/byte-buddy-1.10.19.jar' 
2023-04-21 14:53:23.885 DEBUG [acme.Launcher@main] Found classpath entry '/C:/Users/sergi/.m2/repository/org/apache/commons/commons-exec/1.3/commons-exec-1.3.jar' 
2023-04-21 14:53:23.885 DEBUG [acme.Launcher@main] Found classpath entry '/C:/Users/sergi/.m2/repository/com/google/guava/guava/25.0-jre/guava-25.0-jre.jar' 
2023-04-21 14:53:23.885 DEBUG [acme.Launcher@main] Found classpath entry '/C:/Users/sergi/.m2/repository/com/google/code/findbugs/jsr305/1.3.9/jsr305-1.3.9.jar' 
2023-04-21 14:53:23.885 DEBUG [acme.Launcher@main] Found classpath entry '/C:/Users/sergi/.m2/repository/org/checkerframework/checker-compat-qual/2.0.0/checker-compat-qual-2.0.0.jar' 
2023-04-21 14:53:23.886 DEBUG [acme.Launcher@main] Found classpath entry '/C:/Users/sergi/.m2/repository/com/google/errorprone/error_prone_annotations/2.1.3/error_prone_annotations-2.1.3.jar' 
2023-04-21 14:53:23.886 DEBUG [acme.Launcher@main] Found classpath entry '/C:/Users/sergi/.m2/repository/com/google/j2objc/j2objc-annotations/1.1/j2objc-annotations-1.1.jar' 
2023-04-21 14:53:23.886 DEBUG [acme.Launcher@main] Found classpath entry '/C:/Users/sergi/.m2/repository/org/codehaus/mojo/animal-sniffer-annotations/1.14/animal-sniffer-annotations-1.14.jar' 
2023-04-21 14:53:23.886 DEBUG [acme.Launcher@main] Found classpath entry '/C:/Users/sergi/.m2/repository/com/squareup/okhttp3/okhttp/3.14.9/okhttp-3.14.9.jar' 
2023-04-21 14:53:23.886 DEBUG [acme.Launcher@main] Found classpath entry '/C:/Users/sergi/.m2/repository/com/squareup/okio/okio/1.14.0/okio-1.14.0.jar' 
2023-04-21 14:53:23.886 DEBUG [acme.Launcher@main] Found classpath entry '/C:/Users/sergi/.m2/repository/org/apache/commons/commons-lang3/3.11/commons-lang3-3.11.jar' 
2023-04-21 14:53:23.886 DEBUG [acme.Launcher@main] Found classpath entry '/C:/Users/sergi/.m2/repository/org/apache/commons/commons-text/1.8/commons-text-1.8.jar' 
2023-04-21 14:53:23.887 DEBUG [acme.Launcher@main] Found classpath entry '/C:/Users/sergi/.m2/repository/commons-io/commons-io/2.6/commons-io-2.6.jar' 
2023-04-21 14:53:23.887 DEBUG [acme.Launcher@main] Found classpath entry '/C:/Users/sergi/.m2/repository/commons-cli/commons-cli/1.4/commons-cli-1.4.jar' 
2023-04-21 14:53:23.887 DEBUG [acme.Launcher@main] Found classpath entry '/C:/Users/sergi/.m2/repository/org/projectlombok/lombok/1.18.16/lombok-1.18.16.jar' 
2023-04-21 14:53:23.887 DEBUG [acme.Launcher@main] Found classpath entry '/C:/Users/sergi/.m2/repository/com/opencsv/opencsv/5.4/opencsv-5.4.jar' 
2023-04-21 14:53:23.887 DEBUG [acme.Launcher@main] Found classpath entry '/C:/Users/sergi/.m2/repository/commons-beanutils/commons-beanutils/1.9.4/commons-beanutils-1.9.4.jar' 
2023-04-21 14:53:23.887 DEBUG [acme.Launcher@main] Found classpath entry '/C:/Users/sergi/.m2/repository/commons-logging/commons-logging/1.2/commons-logging-1.2.jar' 
2023-04-21 14:53:23.887 DEBUG [acme.Launcher@main] Found classpath entry '/C:/Users/sergi/.m2/repository/commons-collections/commons-collections/3.2.2/commons-collections-3.2.2.jar' 
2023-04-21 14:53:23.888 DEBUG [acme.Launcher@main] Found classpath entry '/C:/Users/sergi/.m2/repository/org/apache/commons/commons-collections4/4.4/commons-collections4-4.4.jar' 
2023-04-21 14:53:24.257 DEBUG [acme.Launcher@main] Found entity class 'acme.entities.audits.Audit 
2023-04-21 14:53:24.257 DEBUG [acme.Launcher@main] Found entity class 'acme.entities.audits.AuditingRecord 
2023-04-21 14:53:24.257 DEBUG [acme.Launcher@main] Found entity class 'acme.entities.banners.Banner 
2023-04-21 14:53:24.258 DEBUG [acme.Launcher@main] Found entity class 'acme.entities.bulletins.Bulletin 
2023-04-21 14:53:24.258 DEBUG [acme.Launcher@main] Found entity class 'acme.entities.courses.Course 
2023-04-21 14:53:24.258 DEBUG [acme.Launcher@main] Found entity class 'acme.entities.courses.Lecture 
2023-04-21 14:53:24.258 DEBUG [acme.Launcher@main] Found entity class 'acme.entities.courses.LectureRegistration 
2023-04-21 14:53:24.258 DEBUG [acme.Launcher@main] Found entity class 'acme.entities.enrolments.Activity 
2023-04-21 14:53:24.259 DEBUG [acme.Launcher@main] Found entity class 'acme.entities.enrolments.Enrolment 
2023-04-21 14:53:24.259 DEBUG [acme.Launcher@main] Found entity class 'acme.entities.notes.Note 
2023-04-21 14:53:24.259 DEBUG [acme.Launcher@main] Found entity class 'acme.entities.offers.Offer 
2023-04-21 14:53:24.259 DEBUG [acme.Launcher@main] Found entity class 'acme.entities.peeps.Peep 
2023-04-21 14:53:24.260 DEBUG [acme.Launcher@main] Found entity class 'acme.entities.practicums.Practicum 
2023-04-21 14:53:24.260 DEBUG [acme.Launcher@main] Found entity class 'acme.entities.practicums.PracticumSession 
2023-04-21 14:53:24.260 DEBUG [acme.Launcher@main] Found entity class 'acme.entities.tutorial.Tutorial 
2023-04-21 14:53:24.260 DEBUG [acme.Launcher@main] Found entity class 'acme.entities.tutorial.TutorialSession 
2023-04-21 14:53:24.260 DEBUG [acme.Launcher@main] Found entity class 'acme.roles.Assistant 
2023-04-21 14:53:24.261 DEBUG [acme.Launcher@main] Found entity class 'acme.roles.Auditor 
2023-04-21 14:53:24.261 DEBUG [acme.Launcher@main] Found entity class 'acme.roles.Company 
2023-04-21 14:53:24.261 DEBUG [acme.Launcher@main] Found entity class 'acme.roles.Lecturer 
2023-04-21 14:53:24.261 DEBUG [acme.Launcher@main] Found entity class 'acme.roles.Student 
2023-04-21 14:53:24.262 DEBUG [acme.Launcher@main] Found entity class 'acme.system.configuration.SystemConfiguration 
2023-04-21 14:53:24.262 DEBUG [acme.Launcher@main] Found entity class 'acme.framework.components.accounts.Administrator 
2023-04-21 14:53:24.262 DEBUG [acme.Launcher@main] Found entity class 'acme.framework.components.accounts.Anonymous 
2023-04-21 14:53:24.262 DEBUG [acme.Launcher@main] Found entity class 'acme.framework.components.accounts.Any 
2023-04-21 14:53:24.262 DEBUG [acme.Launcher@main] Found entity class 'acme.framework.components.accounts.Authenticated 
2023-04-21 14:53:24.263 DEBUG [acme.Launcher@main] Found entity class 'acme.framework.components.accounts.UserAccount 
2023-04-21 14:53:24.273 DEBUG [acme.framework.components.clocks.AbstractClock@main] Changing base moment to 'Fri Apr 21 14:53:24 CEST 2023'. 
2023-04-21 14:53:24.275 DEBUG [acme.framework.components.clocks.AbstractClock@main] Changing base moment to 'Sat Jul 30 00:00:00 CEST 2022'. 
2023-04-21 14:53:24.276 DEBUG [acme.framework.components.clocks.SimulatedClock@main] Changing current moment to 'Sat Jul 30 00:00:00 CEST 2022'. 
2023-04-21 14:53:24.276 INFO  [acme.Launcher@main] Populating with initial data 
2023-04-21 14:53:24.280 INFO  [acme.framework.components.database.DatabasePopulator@main] Reading entities from 'classpath:/WEB-INF/resources/initial-data'. 
2023-04-21 14:53:24.290 DEBUG [acme.framework.components.database.EntityTable@main] Reading entities from 'C:\Users\sergi\Desktop\SERGIO\UNIVERSIDAD\CURSOS\3Tercer Curso\2do CUATRIMESTRE\DP2\Workspace-23\Projects\dp2-acme-l3\Acme-L3-D03\target\classes\WEB-INF\resources\initial-data\administrator.csv'. 
2023-04-21 14:53:24.622 DEBUG [acme.framework.components.database.EntityTable@main] Reading mapping '{key=administrator-01, key:userAccount=user-account-administrator-01}' from 'C:\Users\sergi\Desktop\SERGIO\UNIVERSIDAD\CURSOS\3Tercer Curso\2do CUATRIMESTRE\DP2\Workspace-23\Projects\dp2-acme-l3\Acme-L3-D03\target\classes\WEB-INF\resources\initial-data\administrator.csv'. 
2023-04-21 14:53:24.625 DEBUG [acme.framework.components.database.EntityTable@main] Reading mapping '{key=administrator-02, key:userAccount=user-account-administrator-02}' from 'C:\Users\sergi\Desktop\SERGIO\UNIVERSIDAD\CURSOS\3Tercer Curso\2do CUATRIMESTRE\DP2\Workspace-23\Projects\dp2-acme-l3\Acme-L3-D03\target\classes\WEB-INF\resources\initial-data\administrator.csv'. 
2023-04-21 14:53:24.625 DEBUG [acme.framework.components.database.EntityTable@main] Reading mapping '{key=administrator-03, key:userAccount=user-account-administrator-03}' from 'C:\Users\sergi\Desktop\SERGIO\UNIVERSIDAD\CURSOS\3Tercer Curso\2do CUATRIMESTRE\DP2\Workspace-23\Projects\dp2-acme-l3\Acme-L3-D03\target\classes\WEB-INF\resources\initial-data\administrator.csv'. 
2023-04-21 14:53:24.627 DEBUG [acme.framework.components.database.EntityTable@main] Reading entities from 'C:\Users\sergi\Desktop\SERGIO\UNIVERSIDAD\CURSOS\3Tercer Curso\2do CUATRIMESTRE\DP2\Workspace-23\Projects\dp2-acme-l3\Acme-L3-D03\target\classes\WEB-INF\resources\initial-data\anonymous.csv'. 
2023-04-21 14:53:24.628 DEBUG [acme.framework.components.database.EntityTable@main] Reading mapping '{key=anonymous-01, key:userAccount=user-account-anonymous-01}' from 'C:\Users\sergi\Desktop\SERGIO\UNIVERSIDAD\CURSOS\3Tercer Curso\2do CUATRIMESTRE\DP2\Workspace-23\Projects\dp2-acme-l3\Acme-L3-D03\target\classes\WEB-INF\resources\initial-data\anonymous.csv'. 
2023-04-21 14:53:24.629 DEBUG [acme.framework.components.database.EntityTable@main] Reading entities from 'C:\Users\sergi\Desktop\SERGIO\UNIVERSIDAD\CURSOS\3Tercer Curso\2do CUATRIMESTRE\DP2\Workspace-23\Projects\dp2-acme-l3\Acme-L3-D03\target\classes\WEB-INF\resources\initial-data\system-configuration.csv'. 
2023-04-21 14:53:24.631 DEBUG [acme.framework.components.database.EntityTable@main] Reading mapping '{default-system-currency=EUR, accepted-currencies=EUR,USD,GBP, key=system-configuration-01}' from 'C:\Users\sergi\Desktop\SERGIO\UNIVERSIDAD\CURSOS\3Tercer Curso\2do CUATRIMESTRE\DP2\Workspace-23\Projects\dp2-acme-l3\Acme-L3-D03\target\classes\WEB-INF\resources\initial-data\system-configuration.csv'. 
2023-04-21 14:53:24.632 DEBUG [acme.framework.components.database.EntityTable@main] Reading entities from 'C:\Users\sergi\Desktop\SERGIO\UNIVERSIDAD\CURSOS\3Tercer Curso\2do CUATRIMESTRE\DP2\Workspace-23\Projects\dp2-acme-l3\Acme-L3-D03\target\classes\WEB-INF\resources\initial-data\user-account.csv'. 
2023-04-21 14:53:24.634 DEBUG [acme.framework.components.database.EntityTable@main] Reading mapping '{password=HIDDEN-PASSWORD, identity=UserIdentity{name: 'John', surname: 'Doe', email: 'john.doe@acme.com'}, key=user-account-anonymous-01, enabled=false, username=anonymous}' from 'C:\Users\sergi\Desktop\SERGIO\UNIVERSIDAD\CURSOS\3Tercer Curso\2do CUATRIMESTRE\DP2\Workspace-23\Projects\dp2-acme-l3\Acme-L3-D03\target\classes\WEB-INF\resources\initial-data\user-account.csv'. 
2023-04-21 14:53:24.634 DEBUG [acme.framework.components.database.EntityTable@main] Reading mapping '{password=administrator, identity=UserIdentity{name: 'Administrator', surname: 'Acme', email: 'administrator@acme.com'}, key=user-account-administrator-01, enabled=true, username=administrator}' from 'C:\Users\sergi\Desktop\SERGIO\UNIVERSIDAD\CURSOS\3Tercer Curso\2do CUATRIMESTRE\DP2\Workspace-23\Projects\dp2-acme-l3\Acme-L3-D03\target\classes\WEB-INF\resources\initial-data\user-account.csv'. 
2023-04-21 14:53:24.635 DEBUG [acme.framework.components.database.EntityTable@main] Reading mapping '{password=administrator1, identity=UserIdentity{name: 'Administrator', surname: '1', email: 'administrator@acme.com'}, key=user-account-administrator-02, enabled=true, username=administrator1}' from 'C:\Users\sergi\Desktop\SERGIO\UNIVERSIDAD\CURSOS\3Tercer Curso\2do CUATRIMESTRE\DP2\Workspace-23\Projects\dp2-acme-l3\Acme-L3-D03\target\classes\WEB-INF\resources\initial-data\user-account.csv'. 
2023-04-21 14:53:24.636 DEBUG [acme.framework.components.database.EntityTable@main] Reading mapping '{password=administrator2, identity=UserIdentity{name: 'Administrator', surname: '2', email: 'administrator@acme.com'}, key=user-account-administrator-03, enabled=true, username=administrator2}' from 'C:\Users\sergi\Desktop\SERGIO\UNIVERSIDAD\CURSOS\3Tercer Curso\2do CUATRIMESTRE\DP2\Workspace-23\Projects\dp2-acme-l3\Acme-L3-D03\target\classes\WEB-INF\resources\initial-data\user-account.csv'. 
2023-04-21 14:53:24.636 DEBUG [acme.framework.components.database.EntityWeb@main] Setting attributes of entities of class acme.framework.components.accounts.Anonymous. 
2023-04-21 14:53:24.637 DEBUG [acme.framework.components.database.EntityWeb@main] Setting attributes of entities of class acme.framework.components.accounts.UserAccount. 
2023-04-21 14:53:25.166 DEBUG [acme.framework.components.database.EntityWeb@main] Setting attributes of entities of class acme.framework.components.accounts.Administrator. 
2023-04-21 14:53:25.167 DEBUG [acme.framework.components.database.EntityWeb@main] Setting attributes of entities of class acme.system.configuration.SystemConfiguration. 
2023-04-21 14:53:25.175 DEBUG [acme.framework.components.database.EntityWeb@main] Linking entities of class acme.framework.components.accounts.Anonymous. 
2023-04-21 14:53:25.185 DEBUG [acme.framework.components.database.EntityWeb@main] Linking entities of class acme.framework.components.accounts.UserAccount. 
2023-04-21 14:53:25.185 DEBUG [acme.framework.components.database.EntityWeb@main] Linking entities of class acme.framework.components.accounts.Administrator. 
2023-04-21 14:53:25.193 DEBUG [acme.framework.components.database.EntityWeb@main] Linking entities of class acme.system.configuration.SystemConfiguration. 
2023-04-21 14:53:25.194 INFO  [acme.framework.components.database.DatabasePopulator@main] Validating your entities. 
2023-04-21 14:53:25.304 DEBUG [acme.framework.components.database.DatabasePopulator@main] Validating 'user-account-anonymous-01' ... PASS. 
2023-04-21 14:53:25.309 DEBUG [acme.framework.components.database.DatabasePopulator@main] Validating 'system-configuration-01' ... PASS. 
2023-04-21 14:53:25.321 DEBUG [acme.framework.components.database.DatabasePopulator@main] Validating 'anonymous-01' ... PASS. 
2023-04-21 14:53:25.325 DEBUG [acme.framework.components.database.DatabasePopulator@main] Validating 'user-account-administrator-01' ... PASS. 
2023-04-21 14:53:25.333 DEBUG [acme.framework.components.database.DatabasePopulator@main] Validating 'administrator-02' ... PASS. 
2023-04-21 14:53:25.336 DEBUG [acme.framework.components.database.DatabasePopulator@main] Validating 'administrator-03' ... PASS. 
2023-04-21 14:53:25.339 DEBUG [acme.framework.components.database.DatabasePopulator@main] Validating 'user-account-administrator-03' ... PASS. 
2023-04-21 14:53:25.341 DEBUG [acme.framework.components.database.DatabasePopulator@main] Validating 'user-account-administrator-02' ... PASS. 
2023-04-21 14:53:25.344 DEBUG [acme.framework.components.database.DatabasePopulator@main] Validating 'administrator-01' ... PASS. 
2023-04-21 14:53:25.344 INFO  [acme.framework.components.database.DatabasePopulator@main] Sorting your entity classes topologically. 
2023-04-21 14:53:25.347 DEBUG [acme.framework.components.database.DatabasePopulator@main] Best topological order for your entity clazzes: 
2023-04-21 14:53:25.347 DEBUG [acme.framework.components.database.DatabasePopulator@main] - acme.framework.components.accounts.UserAccount 
2023-04-21 14:53:25.347 DEBUG [acme.framework.components.database.DatabasePopulator@main] - acme.framework.components.accounts.Anonymous 
2023-04-21 14:53:25.347 DEBUG [acme.framework.components.database.DatabasePopulator@main] - acme.framework.components.accounts.Administrator 
2023-04-21 14:53:25.348 DEBUG [acme.framework.components.database.DatabasePopulator@main] - acme.system.configuration.SystemConfiguration 
2023-04-21 14:53:25.459 INFO  [acme.framework.components.database.DatabaseManager@main] Dropping database schema (if exists). 
2023-04-21 14:53:25.459 DEBUG [acme.framework.components.database.DatabaseManager@main] Starting transaction 603acb55-e25f-4616-9276-c4d82f5b2957. 
2023-04-21 14:53:25.498 DEBUG [acme.framework.components.database.DatabaseManager@main] Creating batch for transaction 603acb55-e25f-4616-9276-c4d82f5b2957. 
2023-04-21 14:53:25.498 DEBUG [acme.framework.components.database.DatabaseManager@main] Adding 'set foreign_key_checks=0; ' to batch in transaction 603acb55-e25f-4616-9276-c4d82f5b2957. 
2023-04-21 14:53:25.498 DEBUG [acme.framework.components.database.DatabaseManager@main] Adding 'drop table if exists activity' to batch in transaction 603acb55-e25f-4616-9276-c4d82f5b2957. 
2023-04-21 14:53:25.499 DEBUG [acme.framework.components.database.DatabaseManager@main] Adding 'drop table if exists administrator' to batch in transaction 603acb55-e25f-4616-9276-c4d82f5b2957. 
2023-04-21 14:53:25.499 DEBUG [acme.framework.components.database.DatabaseManager@main] Adding 'drop table if exists anonymous' to batch in transaction 603acb55-e25f-4616-9276-c4d82f5b2957. 
2023-04-21 14:53:25.499 DEBUG [acme.framework.components.database.DatabaseManager@main] Adding 'drop table if exists any' to batch in transaction 603acb55-e25f-4616-9276-c4d82f5b2957. 
2023-04-21 14:53:25.499 DEBUG [acme.framework.components.database.DatabaseManager@main] Adding 'drop table if exists assistant' to batch in transaction 603acb55-e25f-4616-9276-c4d82f5b2957. 
2023-04-21 14:53:25.500 DEBUG [acme.framework.components.database.DatabaseManager@main] Adding 'drop table if exists audit' to batch in transaction 603acb55-e25f-4616-9276-c4d82f5b2957. 
2023-04-21 14:53:25.500 DEBUG [acme.framework.components.database.DatabaseManager@main] Adding 'drop table if exists auditing_record' to batch in transaction 603acb55-e25f-4616-9276-c4d82f5b2957. 
2023-04-21 14:53:25.500 DEBUG [acme.framework.components.database.DatabaseManager@main] Adding 'drop table if exists auditor' to batch in transaction 603acb55-e25f-4616-9276-c4d82f5b2957. 
2023-04-21 14:53:25.500 DEBUG [acme.framework.components.database.DatabaseManager@main] Adding 'drop table if exists authenticated' to batch in transaction 603acb55-e25f-4616-9276-c4d82f5b2957. 
2023-04-21 14:53:25.501 DEBUG [acme.framework.components.database.DatabaseManager@main] Adding 'drop table if exists banner' to batch in transaction 603acb55-e25f-4616-9276-c4d82f5b2957. 
2023-04-21 14:53:25.501 DEBUG [acme.framework.components.database.DatabaseManager@main] Adding 'drop table if exists bulletin' to batch in transaction 603acb55-e25f-4616-9276-c4d82f5b2957. 
2023-04-21 14:53:25.501 DEBUG [acme.framework.components.database.DatabaseManager@main] Adding 'drop table if exists company' to batch in transaction 603acb55-e25f-4616-9276-c4d82f5b2957. 
2023-04-21 14:53:25.501 DEBUG [acme.framework.components.database.DatabaseManager@main] Adding 'drop table if exists course' to batch in transaction 603acb55-e25f-4616-9276-c4d82f5b2957. 
2023-04-21 14:53:25.501 DEBUG [acme.framework.components.database.DatabaseManager@main] Adding 'drop table if exists enrolment' to batch in transaction 603acb55-e25f-4616-9276-c4d82f5b2957. 
2023-04-21 14:53:25.502 DEBUG [acme.framework.components.database.DatabaseManager@main] Adding 'drop table if exists hibernate_sequence' to batch in transaction 603acb55-e25f-4616-9276-c4d82f5b2957. 
2023-04-21 14:53:25.502 DEBUG [acme.framework.components.database.DatabaseManager@main] Adding 'drop table if exists lecture' to batch in transaction 603acb55-e25f-4616-9276-c4d82f5b2957. 
2023-04-21 14:53:25.502 DEBUG [acme.framework.components.database.DatabaseManager@main] Adding 'drop table if exists lecturer' to batch in transaction 603acb55-e25f-4616-9276-c4d82f5b2957. 
2023-04-21 14:53:25.503 DEBUG [acme.framework.components.database.DatabaseManager@main] Adding 'drop table if exists lecture_registration' to batch in transaction 603acb55-e25f-4616-9276-c4d82f5b2957. 
2023-04-21 14:53:25.503 DEBUG [acme.framework.components.database.DatabaseManager@main] Adding 'drop table if exists note' to batch in transaction 603acb55-e25f-4616-9276-c4d82f5b2957. 
2023-04-21 14:53:25.503 DEBUG [acme.framework.components.database.DatabaseManager@main] Adding 'drop table if exists offer' to batch in transaction 603acb55-e25f-4616-9276-c4d82f5b2957. 
2023-04-21 14:53:25.503 DEBUG [acme.framework.components.database.DatabaseManager@main] Adding 'drop table if exists peep' to batch in transaction 603acb55-e25f-4616-9276-c4d82f5b2957. 
2023-04-21 14:53:25.504 DEBUG [acme.framework.components.database.DatabaseManager@main] Adding 'drop table if exists practicum' to batch in transaction 603acb55-e25f-4616-9276-c4d82f5b2957. 
2023-04-21 14:53:25.504 DEBUG [acme.framework.components.database.DatabaseManager@main] Adding 'drop table if exists practicum_session' to batch in transaction 603acb55-e25f-4616-9276-c4d82f5b2957. 
2023-04-21 14:53:25.504 DEBUG [acme.framework.components.database.DatabaseManager@main] Adding 'drop table if exists student' to batch in transaction 603acb55-e25f-4616-9276-c4d82f5b2957. 
2023-04-21 14:53:25.504 DEBUG [acme.framework.components.database.DatabaseManager@main] Adding 'drop table if exists system_configuration' to batch in transaction 603acb55-e25f-4616-9276-c4d82f5b2957. 
2023-04-21 14:53:25.504 DEBUG [acme.framework.components.database.DatabaseManager@main] Adding 'drop table if exists tutorial' to batch in transaction 603acb55-e25f-4616-9276-c4d82f5b2957. 
2023-04-21 14:53:25.505 DEBUG [acme.framework.components.database.DatabaseManager@main] Adding 'drop table if exists tutorial_session' to batch in transaction 603acb55-e25f-4616-9276-c4d82f5b2957. 
2023-04-21 14:53:25.505 DEBUG [acme.framework.components.database.DatabaseManager@main] Adding 'drop table if exists user_account' to batch in transaction 603acb55-e25f-4616-9276-c4d82f5b2957. 
2023-04-21 14:53:25.505 DEBUG [acme.framework.components.database.DatabaseManager@main] Adding 'set foreign_key_checks=1; ' to batch in transaction 603acb55-e25f-4616-9276-c4d82f5b2957. 
2023-04-21 14:53:25.505 DEBUG [acme.framework.components.database.DatabaseManager@main] Submitting batch in transaction 603acb55-e25f-4616-9276-c4d82f5b2957. 
2023-04-21 14:53:25.842 DEBUG [acme.framework.components.database.DatabaseManager@main] Committing transaction 603acb55-e25f-4616-9276-c4d82f5b2957. 
2023-04-21 14:53:25.847 INFO  [acme.framework.components.database.DatabaseManager@main] Creating database and schema. 
2023-04-21 14:53:25.870 DEBUG [acme.framework.components.database.DatabaseManager@main] Starting transaction 1bbb8ffd-751d-455f-bc73-88a9e11a089f. 
2023-04-21 14:53:25.871 DEBUG [acme.framework.components.database.DatabaseManager@main] Creating batch for transaction 1bbb8ffd-751d-455f-bc73-88a9e11a089f. 
2023-04-21 14:53:25.871 DEBUG [acme.framework.components.database.DatabaseManager@main] Adding 'set foreign_key_checks=0; ' to batch in transaction 1bbb8ffd-751d-455f-bc73-88a9e11a089f. 
2023-04-21 14:53:25.872 DEBUG [acme.framework.components.database.DatabaseManager@main] Adding 'create table activity (id integer not null, version integer not null, end_date datetime, more_info varchar(255), start_date datetime, summary varchar(255), title varchar(255), type integer, enrolment_id integer not null, primary key (id)) engine=InnoDB' to batch in transaction 1bbb8ffd-751d-455f-bc73-88a9e11a089f. 
2023-04-21 14:53:25.872 DEBUG [acme.framework.components.database.DatabaseManager@main] Adding 'create table administrator (id integer not null, version integer not null, user_account_id integer, primary key (id)) engine=InnoDB' to batch in transaction 1bbb8ffd-751d-455f-bc73-88a9e11a089f. 
2023-04-21 14:53:25.872 DEBUG [acme.framework.components.database.DatabaseManager@main] Adding 'create table anonymous (id integer not null, version integer not null, user_account_id integer, primary key (id)) engine=InnoDB' to batch in transaction 1bbb8ffd-751d-455f-bc73-88a9e11a089f. 
2023-04-21 14:53:25.873 DEBUG [acme.framework.components.database.DatabaseManager@main] Adding 'create table any (id integer not null, version integer not null, user_account_id integer, primary key (id)) engine=InnoDB' to batch in transaction 1bbb8ffd-751d-455f-bc73-88a9e11a089f. 
2023-04-21 14:53:25.873 DEBUG [acme.framework.components.database.DatabaseManager@main] Adding 'create table assistant (id integer not null, version integer not null, user_account_id integer, expertise_fields varchar(255), more_info varchar(255), resume varchar(255), supervisor varchar(255), primary key (id)) engine=InnoDB' to batch in transaction 1bbb8ffd-751d-455f-bc73-88a9e11a089f. 
2023-04-21 14:53:25.873 DEBUG [acme.framework.components.database.DatabaseManager@main] Adding 'create table audit (id integer not null, version integer not null, code varchar(255), conclusion varchar(255), draft_mode bit not null, strong_points varchar(255), weak_points varchar(255), auditor_id integer not null, course_id integer not null, primary key (id)) engine=InnoDB' to batch in transaction 1bbb8ffd-751d-455f-bc73-88a9e11a089f. 
2023-04-21 14:53:25.874 DEBUG [acme.framework.components.database.DatabaseManager@main] Adding 'create table auditing_record (id integer not null, version integer not null, assessment varchar(255), end_date datetime, is_correction bit not null, mark integer, more_info varchar(255), start_date datetime, subject varchar(255), audit_id integer not null, primary key (id)) engine=InnoDB' to batch in transaction 1bbb8ffd-751d-455f-bc73-88a9e11a089f. 
2023-04-21 14:53:25.874 DEBUG [acme.framework.components.database.DatabaseManager@main] Adding 'create table auditor (id integer not null, version integer not null, user_account_id integer, certifications varchar(255), firm varchar(255), more_info varchar(255), professional_id varchar(255), primary key (id)) engine=InnoDB' to batch in transaction 1bbb8ffd-751d-455f-bc73-88a9e11a089f. 
2023-04-21 14:53:25.875 DEBUG [acme.framework.components.database.DatabaseManager@main] Adding 'create table authenticated (id integer not null, version integer not null, user_account_id integer, primary key (id)) engine=InnoDB' to batch in transaction 1bbb8ffd-751d-455f-bc73-88a9e11a089f. 
2023-04-21 14:53:25.875 DEBUG [acme.framework.components.database.DatabaseManager@main] Adding 'create table banner (id integer not null, version integer not null, display_end datetime, display_start datetime, moment datetime, picture varchar(255), slogan varchar(255), target varchar(255), primary key (id)) engine=InnoDB' to batch in transaction 1bbb8ffd-751d-455f-bc73-88a9e11a089f. 
2023-04-21 14:53:25.875 DEBUG [acme.framework.components.database.DatabaseManager@main] Adding 'create table bulletin (id integer not null, version integer not null, critical bit not null, message varchar(255), moment datetime, more_info varchar(255), title varchar(255), primary key (id)) engine=InnoDB' to batch in transaction 1bbb8ffd-751d-455f-bc73-88a9e11a089f. 
2023-04-21 14:53:25.876 DEBUG [acme.framework.components.database.DatabaseManager@main] Adding 'create table company (id integer not null, version integer not null, user_account_id integer, vat varchar(255), link varchar(255), name varchar(255), summary varchar(255), primary key (id)) engine=InnoDB' to batch in transaction 1bbb8ffd-751d-455f-bc73-88a9e11a089f. 
2023-04-21 14:53:25.876 DEBUG [acme.framework.components.database.DatabaseManager@main] Adding 'create table course (id integer not null, version integer not null, code varchar(255), draft_mode bit not null, more_info varchar(255), retail_price_amount double precision, retail_price_currency varchar(255), summary varchar(255), title varchar(255), lecturer_id integer not null, primary key (id)) engine=InnoDB' to batch in transaction 1bbb8ffd-751d-455f-bc73-88a9e11a089f. 
2023-04-21 14:53:25.876 DEBUG [acme.framework.components.database.DatabaseManager@main] Adding 'create table enrolment (id integer not null, version integer not null, code varchar(255), credit_card_holder varchar(255), credit_card_lower_nibble varchar(255), draft_mode bit not null, goals varchar(255), motivation varchar(255), course_id integer not null, student_id integer not null, primary key (id)) engine=InnoDB' to batch in transaction 1bbb8ffd-751d-455f-bc73-88a9e11a089f. 
2023-04-21 14:53:25.877 DEBUG [acme.framework.components.database.DatabaseManager@main] Adding 'create table hibernate_sequence (next_val bigint) engine=InnoDB' to batch in transaction 1bbb8ffd-751d-455f-bc73-88a9e11a089f. 
2023-04-21 14:53:25.877 DEBUG [acme.framework.components.database.DatabaseManager@main] Adding 'insert into hibernate_sequence values ( 1 )' to batch in transaction 1bbb8ffd-751d-455f-bc73-88a9e11a089f. 
2023-04-21 14:53:25.877 DEBUG [acme.framework.components.database.DatabaseManager@main] Adding 'create table lecture (id integer not null, version integer not null, body varchar(255), draft_mode bit, learning_time integer not null, lecture_type integer, more_info varchar(255), summary varchar(255), title varchar(255), primary key (id)) engine=InnoDB' to batch in transaction 1bbb8ffd-751d-455f-bc73-88a9e11a089f. 
2023-04-21 14:53:25.878 DEBUG [acme.framework.components.database.DatabaseManager@main] Adding 'create table lecturer (id integer not null, version integer not null, user_account_id integer, alma_mater varchar(255), more_info varchar(255), qualifications varchar(255), resume varchar(255), primary key (id)) engine=InnoDB' to batch in transaction 1bbb8ffd-751d-455f-bc73-88a9e11a089f. 
2023-04-21 14:53:25.878 DEBUG [acme.framework.components.database.DatabaseManager@main] Adding 'create table lecture_registration (id integer not null, version integer not null, course_id integer not null, lecture_id integer not null, primary key (id)) engine=InnoDB' to batch in transaction 1bbb8ffd-751d-455f-bc73-88a9e11a089f. 
2023-04-21 14:53:25.878 DEBUG [acme.framework.components.database.DatabaseManager@main] Adding 'create table note (id integer not null, version integer not null, author varchar(255), email varchar(255), message varchar(255), moment datetime, more_info varchar(255), title varchar(255), primary key (id)) engine=InnoDB' to batch in transaction 1bbb8ffd-751d-455f-bc73-88a9e11a089f. 
2023-04-21 14:53:25.879 DEBUG [acme.framework.components.database.DatabaseManager@main] Adding 'create table offer (id integer not null, version integer not null, end_available datetime, heading varchar(255), moment datetime, more_info varchar(255), price_amount double precision, price_currency varchar(255), start_available datetime, summary varchar(255), primary key (id)) engine=InnoDB' to batch in transaction 1bbb8ffd-751d-455f-bc73-88a9e11a089f. 
2023-04-21 14:53:25.879 DEBUG [acme.framework.components.database.DatabaseManager@main] Adding 'create table peep (id integer not null, version integer not null, email varchar(255), message varchar(255), moment datetime, more_info varchar(255), nick varchar(255), title varchar(255), primary key (id)) engine=InnoDB' to batch in transaction 1bbb8ffd-751d-455f-bc73-88a9e11a089f. 
2023-04-21 14:53:25.880 DEBUG [acme.framework.components.database.DatabaseManager@main] Adding 'create table practicum (id integer not null, version integer not null, code varchar(255), draft_mode bit not null, goals varchar(255), summary varchar(255), title varchar(255), company_id integer not null, course_id integer not null, primary key (id)) engine=InnoDB' to batch in transaction 1bbb8ffd-751d-455f-bc73-88a9e11a089f. 
2023-04-21 14:53:25.880 DEBUG [acme.framework.components.database.DatabaseManager@main] Adding 'create table practicum_session (id integer not null, version integer not null, addendum bit not null, draft_mode bit not null, end_date datetime, link varchar(255), start_date datetime, summary varchar(255), title varchar(255), practicum_id integer not null, primary key (id)) engine=InnoDB' to batch in transaction 1bbb8ffd-751d-455f-bc73-88a9e11a089f. 
2023-04-21 14:53:25.880 DEBUG [acme.framework.components.database.DatabaseManager@main] Adding 'create table student (id integer not null, version integer not null, user_account_id integer, more_info varchar(255), statement varchar(255), strong_features varchar(255), weak_features varchar(255), primary key (id)) engine=InnoDB' to batch in transaction 1bbb8ffd-751d-455f-bc73-88a9e11a089f. 
2023-04-21 14:53:25.881 DEBUG [acme.framework.components.database.DatabaseManager@main] Adding 'create table system_configuration (id integer not null, version integer not null, accepted_currencies varchar(255), default_system_currency varchar(255), primary key (id)) engine=InnoDB' to batch in transaction 1bbb8ffd-751d-455f-bc73-88a9e11a089f. 
2023-04-21 14:53:25.881 DEBUG [acme.framework.components.database.DatabaseManager@main] Adding 'create table tutorial (id integer not null, version integer not null, code varchar(255), draft_mode bit not null, goals varchar(255), summary varchar(255), title varchar(255), assistant_id integer not null, course_id integer not null, primary key (id)) engine=InnoDB' to batch in transaction 1bbb8ffd-751d-455f-bc73-88a9e11a089f. 
2023-04-21 14:53:25.881 DEBUG [acme.framework.components.database.DatabaseManager@main] Adding 'create table tutorial_session (id integer not null, version integer not null, end_date datetime, more_info varchar(255), session_type integer, start_date datetime, summary varchar(255), title varchar(255), tutorial_id integer not null, primary key (id)) engine=InnoDB' to batch in transaction 1bbb8ffd-751d-455f-bc73-88a9e11a089f. 
2023-04-21 14:53:25.882 DEBUG [acme.framework.components.database.DatabaseManager@main] Adding 'create table user_account (id integer not null, version integer not null, enabled bit not null, identity blob, password varchar(255), username varchar(255), primary key (id)) engine=InnoDB' to batch in transaction 1bbb8ffd-751d-455f-bc73-88a9e11a089f. 
2023-04-21 14:53:25.882 DEBUG [acme.framework.components.database.DatabaseManager@main] Adding 'alter table audit add constraint UK_8bplrvygbtrvptssdw58efkiu unique (code)' to batch in transaction 1bbb8ffd-751d-455f-bc73-88a9e11a089f. 
2023-04-21 14:53:25.882 DEBUG [acme.framework.components.database.DatabaseManager@main] Adding 'alter table course add constraint UK_i60mruj0y7a7vs99dqpiye7en unique (code)' to batch in transaction 1bbb8ffd-751d-455f-bc73-88a9e11a089f. 
2023-04-21 14:53:25.883 DEBUG [acme.framework.components.database.DatabaseManager@main] Adding 'alter table enrolment add constraint UK_gb8cefpkysvid77eelwfupfcj unique (code)' to batch in transaction 1bbb8ffd-751d-455f-bc73-88a9e11a089f. 
2023-04-21 14:53:25.883 DEBUG [acme.framework.components.database.DatabaseManager@main] Adding 'alter table practicum add constraint UK_jtt3r89sf73gtka417k8yu93e unique (code)' to batch in transaction 1bbb8ffd-751d-455f-bc73-88a9e11a089f. 
2023-04-21 14:53:25.883 DEBUG [acme.framework.components.database.DatabaseManager@main] Adding 'alter table tutorial add constraint UK_5ug3h7igtr6b92bpj3gxeievq unique (code)' to batch in transaction 1bbb8ffd-751d-455f-bc73-88a9e11a089f. 
2023-04-21 14:53:25.883 DEBUG [acme.framework.components.database.DatabaseManager@main] Adding 'alter table user_account add constraint UK_castjbvpeeus0r8lbpehiu0e4 unique (username)' to batch in transaction 1bbb8ffd-751d-455f-bc73-88a9e11a089f. 
2023-04-21 14:53:25.884 DEBUG [acme.framework.components.database.DatabaseManager@main] Adding 'alter table activity add constraint FK1280mhcbe7jj444001d5ftmrx foreign key (enrolment_id) references enrolment (id)' to batch in transaction 1bbb8ffd-751d-455f-bc73-88a9e11a089f. 
2023-04-21 14:53:25.884 DEBUG [acme.framework.components.database.DatabaseManager@main] Adding 'alter table administrator add constraint FK_2a5vcjo3stlfcwadosjfq49l1 foreign key (user_account_id) references user_account (id)' to batch in transaction 1bbb8ffd-751d-455f-bc73-88a9e11a089f. 
2023-04-21 14:53:25.884 DEBUG [acme.framework.components.database.DatabaseManager@main] Adding 'alter table anonymous add constraint FK_6lnbc6fo3om54vugoh8icg78m foreign key (user_account_id) references user_account (id)' to batch in transaction 1bbb8ffd-751d-455f-bc73-88a9e11a089f. 
2023-04-21 14:53:25.885 DEBUG [acme.framework.components.database.DatabaseManager@main] Adding 'alter table any add constraint FK_26yflnlk4xrrxtkiwkag1l7lf foreign key (user_account_id) references user_account (id)' to batch in transaction 1bbb8ffd-751d-455f-bc73-88a9e11a089f. 
2023-04-21 14:53:25.885 DEBUG [acme.framework.components.database.DatabaseManager@main] Adding 'alter table assistant add constraint FK_k2o9adbnrmak8b49o35j88xxn foreign key (user_account_id) references user_account (id)' to batch in transaction 1bbb8ffd-751d-455f-bc73-88a9e11a089f. 
2023-04-21 14:53:25.885 DEBUG [acme.framework.components.database.DatabaseManager@main] Adding 'alter table audit add constraint FKce8v557hmw8jmpcuvue3n9gdp foreign key (auditor_id) references auditor (id)' to batch in transaction 1bbb8ffd-751d-455f-bc73-88a9e11a089f. 
2023-04-21 14:53:25.885 DEBUG [acme.framework.components.database.DatabaseManager@main] Adding 'alter table audit add constraint FK3bdk4gk497jvqdu1ukb707hy2 foreign key (course_id) references course (id)' to batch in transaction 1bbb8ffd-751d-455f-bc73-88a9e11a089f. 
2023-04-21 14:53:25.886 DEBUG [acme.framework.components.database.DatabaseManager@main] Adding 'alter table auditing_record add constraint FK1r3i7b6oxs8ijf1obmnirukd8 foreign key (audit_id) references audit (id)' to batch in transaction 1bbb8ffd-751d-455f-bc73-88a9e11a089f. 
2023-04-21 14:53:25.886 DEBUG [acme.framework.components.database.DatabaseManager@main] Adding 'alter table auditor add constraint FK_clqcq9lyspxdxcp6o4f3vkelj foreign key (user_account_id) references user_account (id)' to batch in transaction 1bbb8ffd-751d-455f-bc73-88a9e11a089f. 
2023-04-21 14:53:25.886 DEBUG [acme.framework.components.database.DatabaseManager@main] Adding 'alter table authenticated add constraint FK_h52w0f3wjoi68b63wv9vwon57 foreign key (user_account_id) references user_account (id)' to batch in transaction 1bbb8ffd-751d-455f-bc73-88a9e11a089f. 
2023-04-21 14:53:25.887 DEBUG [acme.framework.components.database.DatabaseManager@main] Adding 'alter table company add constraint FK_6ew1r5yvuegqegy2os5gtp723 foreign key (user_account_id) references user_account (id)' to batch in transaction 1bbb8ffd-751d-455f-bc73-88a9e11a089f. 
2023-04-21 14:53:25.887 DEBUG [acme.framework.components.database.DatabaseManager@main] Adding 'alter table course add constraint FK36jyp2r00pwmbmu9ir58uob1k foreign key (lecturer_id) references lecturer (id)' to batch in transaction 1bbb8ffd-751d-455f-bc73-88a9e11a089f. 
2023-04-21 14:53:25.887 DEBUG [acme.framework.components.database.DatabaseManager@main] Adding 'alter table enrolment add constraint FKqnrv6xltxnx61nfjoe2sngny4 foreign key (course_id) references course (id)' to batch in transaction 1bbb8ffd-751d-455f-bc73-88a9e11a089f. 
2023-04-21 14:53:25.887 DEBUG [acme.framework.components.database.DatabaseManager@main] Adding 'alter table enrolment add constraint FKquem30hnspsnegde2q2bhvou foreign key (student_id) references student (id)' to batch in transaction 1bbb8ffd-751d-455f-bc73-88a9e11a089f. 
2023-04-21 14:53:25.888 DEBUG [acme.framework.components.database.DatabaseManager@main] Adding 'alter table lecturer add constraint FK_xa7gn4ht219aw931j32becf3 foreign key (user_account_id) references user_account (id)' to batch in transaction 1bbb8ffd-751d-455f-bc73-88a9e11a089f. 
2023-04-21 14:53:25.888 DEBUG [acme.framework.components.database.DatabaseManager@main] Adding 'alter table lecture_registration add constraint FKdel8l2u6bcb3lk87m6w1u5q4j foreign key (course_id) references course (id)' to batch in transaction 1bbb8ffd-751d-455f-bc73-88a9e11a089f. 
2023-04-21 14:53:25.888 DEBUG [acme.framework.components.database.DatabaseManager@main] Adding 'alter table lecture_registration add constraint FK2cmbp0cx2uxu39s45qninb9mj foreign key (lecture_id) references lecture (id)' to batch in transaction 1bbb8ffd-751d-455f-bc73-88a9e11a089f. 
2023-04-21 14:53:25.889 DEBUG [acme.framework.components.database.DatabaseManager@main] Adding 'alter table practicum add constraint FKfl1jxu8ng28340ae890ee59x9 foreign key (company_id) references company (id)' to batch in transaction 1bbb8ffd-751d-455f-bc73-88a9e11a089f. 
2023-04-21 14:53:25.889 DEBUG [acme.framework.components.database.DatabaseManager@main] Adding 'alter table practicum add constraint FKjmh8gcm7owsqjtn1yy9dmcieg foreign key (course_id) references course (id)' to batch in transaction 1bbb8ffd-751d-455f-bc73-88a9e11a089f. 
2023-04-21 14:53:25.889 DEBUG [acme.framework.components.database.DatabaseManager@main] Adding 'alter table practicum_session add constraint FKijh95t9olmughf857om8cw156 foreign key (practicum_id) references practicum (id)' to batch in transaction 1bbb8ffd-751d-455f-bc73-88a9e11a089f. 
2023-04-21 14:53:25.889 DEBUG [acme.framework.components.database.DatabaseManager@main] Adding 'alter table student add constraint FK_39b5mf1i5ggh6xowxc8kmf72e foreign key (user_account_id) references user_account (id)' to batch in transaction 1bbb8ffd-751d-455f-bc73-88a9e11a089f. 
2023-04-21 14:53:25.890 DEBUG [acme.framework.components.database.DatabaseManager@main] Adding 'alter table tutorial add constraint FKf8cge31716ot0uqa6hqhfc86c foreign key (assistant_id) references assistant (id)' to batch in transaction 1bbb8ffd-751d-455f-bc73-88a9e11a089f. 
2023-04-21 14:53:25.890 DEBUG [acme.framework.components.database.DatabaseManager@main] Adding 'alter table tutorial add constraint FKhhqlvuk9ew6l74drrk7074ex5 foreign key (course_id) references course (id)' to batch in transaction 1bbb8ffd-751d-455f-bc73-88a9e11a089f. 
2023-04-21 14:53:25.890 DEBUG [acme.framework.components.database.DatabaseManager@main] Adding 'alter table tutorial_session add constraint FKreee9sltiya4x3os3mjab1j2e foreign key (tutorial_id) references tutorial (id)' to batch in transaction 1bbb8ffd-751d-455f-bc73-88a9e11a089f. 
2023-04-21 14:53:25.891 DEBUG [acme.framework.components.database.DatabaseManager@main] Adding 'set foreign_key_checks=1; ' to batch in transaction 1bbb8ffd-751d-455f-bc73-88a9e11a089f. 
2023-04-21 14:53:25.891 DEBUG [acme.framework.components.database.DatabaseManager@main] Submitting batch in transaction 1bbb8ffd-751d-455f-bc73-88a9e11a089f. 
2023-04-21 14:53:27.483 DEBUG [acme.framework.components.database.DatabaseManager@main] Committing transaction 1bbb8ffd-751d-455f-bc73-88a9e11a089f. 
2023-04-21 14:53:27.485 INFO  [acme.framework.components.database.DatabasePopulator@main] Persisting your entities. 
2023-04-21 14:53:27.486 DEBUG [acme.framework.components.database.DatabaseManager@main] Starting transaction 922e01ab-7cb9-47f9-b1c2-e4888a5f61b1. 
2023-04-21 14:53:27.488 DEBUG [acme.framework.components.database.DatabasePopulator@main] Persisting entities of clazz 'acme.framework.components.accounts.UserAccount'. 
2023-04-21 14:53:27.489 DEBUG [acme.framework.components.database.DatabaseManager@main] Persisting entity 'acme.framework.components.accounts.UserAccount@0'. 
2023-04-21 14:53:27.518 DEBUG [org.hibernate.SQL@main] select next_val as id_val from hibernate_sequence for update 
2023-04-21 14:53:27.547 DEBUG [org.hibernate.SQL@main] update hibernate_sequence set next_val= ? where next_val=? 
2023-04-21 14:53:27.654 DEBUG [acme.framework.components.database.DatabaseManager@main] Persisting entity 'acme.framework.components.accounts.UserAccount@0'. 
2023-04-21 14:53:27.670 DEBUG [org.hibernate.SQL@main] select next_val as id_val from hibernate_sequence for update 
2023-04-21 14:53:27.678 DEBUG [org.hibernate.SQL@main] update hibernate_sequence set next_val= ? where next_val=? 
2023-04-21 14:53:27.682 DEBUG [acme.framework.components.database.DatabaseManager@main] Persisting entity 'acme.framework.components.accounts.UserAccount@0'. 
2023-04-21 14:53:27.683 DEBUG [org.hibernate.SQL@main] select next_val as id_val from hibernate_sequence for update 
2023-04-21 14:53:27.685 DEBUG [org.hibernate.SQL@main] update hibernate_sequence set next_val= ? where next_val=? 
2023-04-21 14:53:27.690 DEBUG [acme.framework.components.database.DatabaseManager@main] Persisting entity 'acme.framework.components.accounts.UserAccount@0'. 
2023-04-21 14:53:27.691 DEBUG [org.hibernate.SQL@main] select next_val as id_val from hibernate_sequence for update 
2023-04-21 14:53:27.692 DEBUG [org.hibernate.SQL@main] update hibernate_sequence set next_val= ? where next_val=? 
2023-04-21 14:53:27.697 DEBUG [acme.framework.components.database.DatabasePopulator@main] Persisting entities of clazz 'acme.framework.components.accounts.Anonymous'. 
2023-04-21 14:53:27.697 DEBUG [acme.framework.components.database.DatabaseManager@main] Persisting entity 'acme.framework.components.accounts.Anonymous@0'. 
2023-04-21 14:53:27.698 DEBUG [org.hibernate.SQL@main] select next_val as id_val from hibernate_sequence for update 
2023-04-21 14:53:27.700 DEBUG [org.hibernate.SQL@main] update hibernate_sequence set next_val= ? where next_val=? 
2023-04-21 14:53:27.709 DEBUG [acme.framework.components.database.DatabasePopulator@main] Persisting entities of clazz 'acme.framework.components.accounts.Administrator'. 
2023-04-21 14:53:27.710 DEBUG [acme.framework.components.database.DatabaseManager@main] Persisting entity 'acme.framework.components.accounts.Administrator@0'. 
2023-04-21 14:53:27.711 DEBUG [org.hibernate.SQL@main] select next_val as id_val from hibernate_sequence for update 
2023-04-21 14:53:27.712 DEBUG [org.hibernate.SQL@main] update hibernate_sequence set next_val= ? where next_val=? 
2023-04-21 14:53:27.716 DEBUG [acme.framework.components.database.DatabaseManager@main] Persisting entity 'acme.framework.components.accounts.Administrator@0'. 
2023-04-21 14:53:27.717 DEBUG [org.hibernate.SQL@main] select next_val as id_val from hibernate_sequence for update 
2023-04-21 14:53:27.719 DEBUG [org.hibernate.SQL@main] update hibernate_sequence set next_val= ? where next_val=? 
2023-04-21 14:53:27.723 DEBUG [acme.framework.components.database.DatabaseManager@main] Persisting entity 'acme.framework.components.accounts.Administrator@0'. 
2023-04-21 14:53:27.724 DEBUG [org.hibernate.SQL@main] select next_val as id_val from hibernate_sequence for update 
2023-04-21 14:53:27.725 DEBUG [org.hibernate.SQL@main] update hibernate_sequence set next_val= ? where next_val=? 
2023-04-21 14:53:27.728 DEBUG [acme.framework.components.database.DatabasePopulator@main] Persisting entities of clazz 'acme.system.configuration.SystemConfiguration'. 
2023-04-21 14:53:27.728 DEBUG [acme.framework.components.database.DatabaseManager@main] Persisting entity 'acme.system.configuration.SystemConfiguration@0'. 
2023-04-21 14:53:27.729 DEBUG [org.hibernate.SQL@main] select next_val as id_val from hibernate_sequence for update 
2023-04-21 14:53:27.730 DEBUG [org.hibernate.SQL@main] update hibernate_sequence set next_val= ? where next_val=? 
2023-04-21 14:53:27.733 DEBUG [acme.framework.components.database.DatabaseManager@main] Committing transaction 922e01ab-7cb9-47f9-b1c2-e4888a5f61b1. 
2023-04-21 14:53:27.810 DEBUG [org.hibernate.SQL@main] insert into user_account (version, enabled, identity, password, username, id) values (?, ?, ?, ?, ?, ?) 
2023-04-21 14:53:27.832 TRACE [org.hibernate.type.descriptor.sql.BasicBinder@main] binding parameter [1] as [INTEGER] - [0] 
2023-04-21 14:53:27.842 TRACE [org.hibernate.type.descriptor.sql.BasicBinder@main] binding parameter [2] as [BOOLEAN] - [false] 
2023-04-21 14:53:27.849 TRACE [org.hibernate.type.descriptor.sql.BasicBinder@main] binding parameter [3] as [BLOB] - [DefaultUserIdentity(name=John, surname=Doe, email=john.doe@acme.com)] 
2023-04-21 14:53:27.856 TRACE [org.hibernate.type.descriptor.sql.BasicBinder@main] binding parameter [4] as [VARCHAR] - [$2a$05$BgRov2RqPqRlcDxR2z5Kiu7nO0hLTuTnbzIDqNvRKRdsrZ5I9c0pu] 
2023-04-21 14:53:27.857 TRACE [org.hibernate.type.descriptor.sql.BasicBinder@main] binding parameter [5] as [VARCHAR] - [anonymous] 
2023-04-21 14:53:27.857 TRACE [org.hibernate.type.descriptor.sql.BasicBinder@main] binding parameter [6] as [INTEGER] - [1] 
2023-04-21 14:53:27.867 DEBUG [org.hibernate.SQL@main] insert into user_account (version, enabled, identity, password, username, id) values (?, ?, ?, ?, ?, ?) 
2023-04-21 14:53:27.868 TRACE [org.hibernate.type.descriptor.sql.BasicBinder@main] binding parameter [1] as [INTEGER] - [0] 
2023-04-21 14:53:27.869 TRACE [org.hibernate.type.descriptor.sql.BasicBinder@main] binding parameter [2] as [BOOLEAN] - [true] 
2023-04-21 14:53:27.869 TRACE [org.hibernate.type.descriptor.sql.BasicBinder@main] binding parameter [3] as [BLOB] - [DefaultUserIdentity(name=Administrator, surname=Acme, email=administrator@acme.com)] 
2023-04-21 14:53:27.870 TRACE [org.hibernate.type.descriptor.sql.BasicBinder@main] binding parameter [4] as [VARCHAR] - [$2a$05$6dqAuntNQ0g0BYTAI8hhO.Q3WEdv3NMf/jsf0ZpBSjeXI1XANFsJO] 
2023-04-21 14:53:27.870 TRACE [org.hibernate.type.descriptor.sql.BasicBinder@main] binding parameter [5] as [VARCHAR] - [administrator] 
2023-04-21 14:53:27.870 TRACE [org.hibernate.type.descriptor.sql.BasicBinder@main] binding parameter [6] as [INTEGER] - [2] 
2023-04-21 14:53:27.876 DEBUG [org.hibernate.SQL@main] insert into user_account (version, enabled, identity, password, username, id) values (?, ?, ?, ?, ?, ?) 
2023-04-21 14:53:27.877 TRACE [org.hibernate.type.descriptor.sql.BasicBinder@main] binding parameter [1] as [INTEGER] - [0] 
2023-04-21 14:53:27.878 TRACE [org.hibernate.type.descriptor.sql.BasicBinder@main] binding parameter [2] as [BOOLEAN] - [true] 
2023-04-21 14:53:27.878 TRACE [org.hibernate.type.descriptor.sql.BasicBinder@main] binding parameter [3] as [BLOB] - [DefaultUserIdentity(name=Administrator, surname=2, email=administrator@acme.com)] 
2023-04-21 14:53:27.879 TRACE [org.hibernate.type.descriptor.sql.BasicBinder@main] binding parameter [4] as [VARCHAR] - [$2a$05$o7p7kOMpSqJOl8C.UA1kde2I1GmK50h.Nba2iHqJvCJN3hxxLnMru] 
2023-04-21 14:53:27.879 TRACE [org.hibernate.type.descriptor.sql.BasicBinder@main] binding parameter [5] as [VARCHAR] - [administrator2] 
2023-04-21 14:53:27.879 TRACE [org.hibernate.type.descriptor.sql.BasicBinder@main] binding parameter [6] as [INTEGER] - [3] 
2023-04-21 14:53:27.887 DEBUG [org.hibernate.SQL@main] insert into user_account (version, enabled, identity, password, username, id) values (?, ?, ?, ?, ?, ?) 
2023-04-21 14:53:27.888 TRACE [org.hibernate.type.descriptor.sql.BasicBinder@main] binding parameter [1] as [INTEGER] - [0] 
2023-04-21 14:53:27.888 TRACE [org.hibernate.type.descriptor.sql.BasicBinder@main] binding parameter [2] as [BOOLEAN] - [true] 
2023-04-21 14:53:27.888 TRACE [org.hibernate.type.descriptor.sql.BasicBinder@main] binding parameter [3] as [BLOB] - [DefaultUserIdentity(name=Administrator, surname=1, email=administrator@acme.com)] 
2023-04-21 14:53:27.889 TRACE [org.hibernate.type.descriptor.sql.BasicBinder@main] binding parameter [4] as [VARCHAR] - [$2a$05$sqg3UMuBR3icrMAc5Zodue8WgjCfAvnuxlq1qPs/Vin.tDgeQJFhi] 
2023-04-21 14:53:27.889 TRACE [org.hibernate.type.descriptor.sql.BasicBinder@main] binding parameter [5] as [VARCHAR] - [administrator1] 
2023-04-21 14:53:27.889 TRACE [org.hibernate.type.descriptor.sql.BasicBinder@main] binding parameter [6] as [INTEGER] - [4] 
2023-04-21 14:53:27.897 DEBUG [org.hibernate.SQL@main] insert into anonymous (version, user_account_id, id) values (?, ?, ?) 
2023-04-21 14:53:27.898 TRACE [org.hibernate.type.descriptor.sql.BasicBinder@main] binding parameter [1] as [INTEGER] - [0] 
2023-04-21 14:53:27.898 TRACE [org.hibernate.type.descriptor.sql.BasicBinder@main] binding parameter [2] as [INTEGER] - [1] 
2023-04-21 14:53:27.898 TRACE [org.hibernate.type.descriptor.sql.BasicBinder@main] binding parameter [3] as [INTEGER] - [5] 
2023-04-21 14:53:27.904 DEBUG [org.hibernate.SQL@main] insert into administrator (version, user_account_id, id) values (?, ?, ?) 
2023-04-21 14:53:27.905 TRACE [org.hibernate.type.descriptor.sql.BasicBinder@main] binding parameter [1] as [INTEGER] - [0] 
2023-04-21 14:53:27.905 TRACE [org.hibernate.type.descriptor.sql.BasicBinder@main] binding parameter [2] as [INTEGER] - [4] 
2023-04-21 14:53:27.905 TRACE [org.hibernate.type.descriptor.sql.BasicBinder@main] binding parameter [3] as [INTEGER] - [6] 
2023-04-21 14:53:27.908 DEBUG [org.hibernate.SQL@main] insert into administrator (version, user_account_id, id) values (?, ?, ?) 
2023-04-21 14:53:27.909 TRACE [org.hibernate.type.descriptor.sql.BasicBinder@main] binding parameter [1] as [INTEGER] - [0] 
2023-04-21 14:53:27.909 TRACE [org.hibernate.type.descriptor.sql.BasicBinder@main] binding parameter [2] as [INTEGER] - [3] 
2023-04-21 14:53:27.909 TRACE [org.hibernate.type.descriptor.sql.BasicBinder@main] binding parameter [3] as [INTEGER] - [7] 
2023-04-21 14:53:27.913 DEBUG [org.hibernate.SQL@main] insert into administrator (version, user_account_id, id) values (?, ?, ?) 
2023-04-21 14:53:27.914 TRACE [org.hibernate.type.descriptor.sql.BasicBinder@main] binding parameter [1] as [INTEGER] - [0] 
2023-04-21 14:53:27.915 TRACE [org.hibernate.type.descriptor.sql.BasicBinder@main] binding parameter [2] as [INTEGER] - [2] 
2023-04-21 14:53:27.915 TRACE [org.hibernate.type.descriptor.sql.BasicBinder@main] binding parameter [3] as [INTEGER] - [8] 
2023-04-21 14:53:27.923 DEBUG [org.hibernate.SQL@main] insert into system_configuration (version, accepted_currencies, default_system_currency, id) values (?, ?, ?, ?) 
2023-04-21 14:53:27.923 TRACE [org.hibernate.type.descriptor.sql.BasicBinder@main] binding parameter [1] as [INTEGER] - [0] 
2023-04-21 14:53:27.924 TRACE [org.hibernate.type.descriptor.sql.BasicBinder@main] binding parameter [2] as [VARCHAR] - [EUR,USD,GBP] 
2023-04-21 14:53:27.924 TRACE [org.hibernate.type.descriptor.sql.BasicBinder@main] binding parameter [3] as [VARCHAR] - [EUR] 
2023-04-21 14:53:27.924 TRACE [org.hibernate.type.descriptor.sql.BasicBinder@main] binding parameter [4] as [INTEGER] - [9] 
2023-04-21 14:53:29.441 INFO  [acme.framework.configuration.ShutdownConfiguration@main] The system is shutting down... 
2023-04-21 14:53:29.499 DEBUG [acme.Launcher@main] Exiting application with status 0 
