2023-04-21 14:03:33.142 INFO  [acme.Launcher@main] Starting Launcher using Java 1.8.0_241 on DESKTOP-IS808ND with PID 13960 (C:\Users\sergi\Desktop\SERGIO\UNIVERSIDAD\CURSOS\3Tercer Curso\2do CUATRIMESTRE\DP2\Workspace-23\Frameworks\Acme-Framework-23.3.1\target\classes started by sergi in C:\Users\sergi\Desktop\SERGIO\UNIVERSIDAD\CURSOS\3Tercer Curso\2do CUATRIMESTRE\DP2\Workspace-23\Projects\dp2-acme-l3\Acme-L3-D03) 
2023-04-21 14:03:33.145 DEBUG [acme.Launcher@main] Running with Spring Boot v2.4.2, Spring v5.3.3 
2023-04-21 14:03:33.148 INFO  [acme.Launcher@main] The following profiles are active: development,runner 
2023-04-21 14:03:38.572 DEBUG [org.apache.jasper.servlet.JasperInitializer@main] Initializing Jasper for context [application] 
2023-04-21 14:03:49.552 DEBUG [org.apache.jasper.servlet.JspServlet@main] Scratch dir for the JSP engine is: [C:\Users\sergi\AppData\Local\Temp\tomcat.8080.3905704916200978026\work\Tomcat\localhost\acme-l3-d03] 
2023-04-21 14:03:49.553 DEBUG [org.apache.jasper.servlet.JspServlet@main] IMPORTANT: Do not modify the generated servlets 
2023-04-21 14:03:49.580 INFO  [acme.Launcher@main] Started Launcher in 17.608 seconds (JVM running for 18.403) 
2023-04-21 14:03:49.592 DEBUG [acme.Launcher@main] Found classpath entry '/C:/Users/sergi/Desktop/SERGIO/UNIVERSIDAD/CURSOS/3Tercer%20Curso/2do%20CUATRIMESTRE/DP2/Workspace-23/Projects/dp2-acme-l3/Acme-L3-D03/target/test-classes/' 
2023-04-21 14:03:49.593 DEBUG [acme.Launcher@main] Found classpath entry '/C:/Users/sergi/Desktop/SERGIO/UNIVERSIDAD/CURSOS/3Tercer%20Curso/2do%20CUATRIMESTRE/DP2/Workspace-23/Projects/dp2-acme-l3/Acme-L3-D03/target/classes/' 
2023-04-21 14:03:49.593 DEBUG [acme.Launcher@main] Found classpath entry '/C:/Users/sergi/Desktop/SERGIO/UNIVERSIDAD/CURSOS/3Tercer%20Curso/2do%20CUATRIMESTRE/DP2/Workspace-23/Frameworks/Acme-Framework-23.3.1/target/classes/' 
2023-04-21 14:03:49.593 DEBUG [acme.Launcher@main] Found classpath entry '/C:/Users/sergi/Desktop/SERGIO/UNIVERSIDAD/CURSOS/3Tercer%20Curso/2do%20CUATRIMESTRE/DP2/Workspace-23/Frameworks/Acme-Framework-23.3.1/target/test-classes/' 
2023-04-21 14:03:49.594 DEBUG [acme.Launcher@main] Found classpath entry '/C:/Users/sergi/.m2/repository/org/springframework/boot/spring-boot-starter-tomcat/2.4.2/spring-boot-starter-tomcat-2.4.2.jar' 
2023-04-21 14:03:49.594 DEBUG [acme.Launcher@main] Found classpath entry '/C:/Users/sergi/.m2/repository/jakarta/annotation/jakarta.annotation-api/1.3.5/jakarta.annotation-api-1.3.5.jar' 
2023-04-21 14:03:49.594 DEBUG [acme.Launcher@main] Found classpath entry '/C:/Users/sergi/.m2/repository/org/apache/tomcat/embed/tomcat-embed-core/9.0.41/tomcat-embed-core-9.0.41.jar' 
2023-04-21 14:03:49.595 DEBUG [acme.Launcher@main] Found classpath entry '/C:/Users/sergi/.m2/repository/org/glassfish/jakarta.el/3.0.3/jakarta.el-3.0.3.jar' 
2023-04-21 14:03:49.595 DEBUG [acme.Launcher@main] Found classpath entry '/C:/Users/sergi/.m2/repository/org/apache/tomcat/embed/tomcat-embed-websocket/9.0.41/tomcat-embed-websocket-9.0.41.jar' 
2023-04-21 14:03:49.595 DEBUG [acme.Launcher@main] Found classpath entry '/C:/Users/sergi/.m2/repository/org/apache/tomcat/embed/tomcat-embed-jasper/9.0.41/tomcat-embed-jasper-9.0.41.jar' 
2023-04-21 14:03:49.595 DEBUG [acme.Launcher@main] Found classpath entry '/C:/Users/sergi/.m2/repository/org/apache/tomcat/embed/tomcat-embed-el/9.0.41/tomcat-embed-el-9.0.41.jar' 
2023-04-21 14:03:49.596 DEBUG [acme.Launcher@main] Found classpath entry '/C:/Users/sergi/.m2/repository/org/eclipse/jdt/ecj/3.18.0/ecj-3.18.0.jar' 
2023-04-21 14:03:49.596 DEBUG [acme.Launcher@main] Found classpath entry '/C:/Users/sergi/.m2/repository/javax/servlet/jstl/1.2/jstl-1.2.jar' 
2023-04-21 14:03:49.596 DEBUG [acme.Launcher@main] Found classpath entry '/C:/Users/sergi/.m2/repository/org/springframework/boot/spring-boot-starter-security/2.4.2/spring-boot-starter-security-2.4.2.jar' 
2023-04-21 14:03:49.597 DEBUG [acme.Launcher@main] Found classpath entry '/C:/Users/sergi/.m2/repository/org/springframework/boot/spring-boot-starter/2.4.2/spring-boot-starter-2.4.2.jar' 
2023-04-21 14:03:49.597 DEBUG [acme.Launcher@main] Found classpath entry '/C:/Users/sergi/.m2/repository/org/springframework/boot/spring-boot/2.4.2/spring-boot-2.4.2.jar' 
2023-04-21 14:03:49.597 DEBUG [acme.Launcher@main] Found classpath entry '/C:/Users/sergi/.m2/repository/org/springframework/boot/spring-boot-autoconfigure/2.4.2/spring-boot-autoconfigure-2.4.2.jar' 
2023-04-21 14:03:49.598 DEBUG [acme.Launcher@main] Found classpath entry '/C:/Users/sergi/.m2/repository/org/springframework/boot/spring-boot-starter-logging/2.4.2/spring-boot-starter-logging-2.4.2.jar' 
2023-04-21 14:03:49.598 DEBUG [acme.Launcher@main] Found classpath entry '/C:/Users/sergi/.m2/repository/ch/qos/logback/logback-classic/1.2.3/logback-classic-1.2.3.jar' 
2023-04-21 14:03:49.598 DEBUG [acme.Launcher@main] Found classpath entry '/C:/Users/sergi/.m2/repository/ch/qos/logback/logback-core/1.2.3/logback-core-1.2.3.jar' 
2023-04-21 14:03:49.598 DEBUG [acme.Launcher@main] Found classpath entry '/C:/Users/sergi/.m2/repository/org/apache/logging/log4j/log4j-to-slf4j/2.13.3/log4j-to-slf4j-2.13.3.jar' 
2023-04-21 14:03:49.599 DEBUG [acme.Launcher@main] Found classpath entry '/C:/Users/sergi/.m2/repository/org/apache/logging/log4j/log4j-api/2.13.3/log4j-api-2.13.3.jar' 
2023-04-21 14:03:49.599 DEBUG [acme.Launcher@main] Found classpath entry '/C:/Users/sergi/.m2/repository/org/slf4j/jul-to-slf4j/1.7.30/jul-to-slf4j-1.7.30.jar' 
2023-04-21 14:03:49.599 DEBUG [acme.Launcher@main] Found classpath entry '/C:/Users/sergi/.m2/repository/org/yaml/snakeyaml/1.27/snakeyaml-1.27.jar' 
2023-04-21 14:03:49.599 DEBUG [acme.Launcher@main] Found classpath entry '/C:/Users/sergi/.m2/repository/org/springframework/spring-aop/5.3.3/spring-aop-5.3.3.jar' 
2023-04-21 14:03:49.599 DEBUG [acme.Launcher@main] Found classpath entry '/C:/Users/sergi/.m2/repository/org/springframework/security/spring-security-web/5.4.2/spring-security-web-5.4.2.jar' 
2023-04-21 14:03:49.600 DEBUG [acme.Launcher@main] Found classpath entry '/C:/Users/sergi/.m2/repository/org/springframework/security/spring-security-core/5.4.2/spring-security-core-5.4.2.jar' 
2023-04-21 14:03:49.600 DEBUG [acme.Launcher@main] Found classpath entry '/C:/Users/sergi/.m2/repository/org/springframework/spring-beans/5.3.3/spring-beans-5.3.3.jar' 
2023-04-21 14:03:49.600 DEBUG [acme.Launcher@main] Found classpath entry '/C:/Users/sergi/.m2/repository/org/springframework/spring-context/5.3.3/spring-context-5.3.3.jar' 
2023-04-21 14:03:49.601 DEBUG [acme.Launcher@main] Found classpath entry '/C:/Users/sergi/.m2/repository/org/springframework/spring-core/5.3.3/spring-core-5.3.3.jar' 
2023-04-21 14:03:49.601 DEBUG [acme.Launcher@main] Found classpath entry '/C:/Users/sergi/.m2/repository/org/springframework/spring-jcl/5.3.3/spring-jcl-5.3.3.jar' 
2023-04-21 14:03:49.601 DEBUG [acme.Launcher@main] Found classpath entry '/C:/Users/sergi/.m2/repository/org/springframework/spring-expression/5.3.3/spring-expression-5.3.3.jar' 
2023-04-21 14:03:49.602 DEBUG [acme.Launcher@main] Found classpath entry '/C:/Users/sergi/.m2/repository/org/springframework/spring-web/5.3.3/spring-web-5.3.3.jar' 
2023-04-21 14:03:49.602 DEBUG [acme.Launcher@main] Found classpath entry '/C:/Users/sergi/.m2/repository/org/springframework/security/spring-security-config/5.4.2/spring-security-config-5.4.2.jar' 
2023-04-21 14:03:49.602 DEBUG [acme.Launcher@main] Found classpath entry '/C:/Users/sergi/.m2/repository/org/springframework/security/spring-security-taglibs/5.4.2/spring-security-taglibs-5.4.2.jar' 
2023-04-21 14:03:49.602 DEBUG [acme.Launcher@main] Found classpath entry '/C:/Users/sergi/.m2/repository/org/springframework/security/spring-security-acl/5.4.2/spring-security-acl-5.4.2.jar' 
2023-04-21 14:03:49.603 DEBUG [acme.Launcher@main] Found classpath entry '/C:/Users/sergi/.m2/repository/org/springframework/spring-jdbc/5.3.3/spring-jdbc-5.3.3.jar' 
2023-04-21 14:03:49.603 DEBUG [acme.Launcher@main] Found classpath entry '/C:/Users/sergi/.m2/repository/org/springframework/spring-tx/5.3.3/spring-tx-5.3.3.jar' 
2023-04-21 14:03:49.603 DEBUG [acme.Launcher@main] Found classpath entry '/C:/Users/sergi/.m2/repository/org/springframework/boot/spring-boot-starter-web/2.4.2/spring-boot-starter-web-2.4.2.jar' 
2023-04-21 14:03:49.604 DEBUG [acme.Launcher@main] Found classpath entry '/C:/Users/sergi/.m2/repository/org/springframework/boot/spring-boot-starter-json/2.4.2/spring-boot-starter-json-2.4.2.jar' 
2023-04-21 14:03:49.604 DEBUG [acme.Launcher@main] Found classpath entry '/C:/Users/sergi/.m2/repository/com/fasterxml/jackson/core/jackson-databind/2.11.4/jackson-databind-2.11.4.jar' 
2023-04-21 14:03:49.604 DEBUG [acme.Launcher@main] Found classpath entry '/C:/Users/sergi/.m2/repository/com/fasterxml/jackson/core/jackson-annotations/2.11.4/jackson-annotations-2.11.4.jar' 
2023-04-21 14:03:49.605 DEBUG [acme.Launcher@main] Found classpath entry '/C:/Users/sergi/.m2/repository/com/fasterxml/jackson/core/jackson-core/2.11.4/jackson-core-2.11.4.jar' 
2023-04-21 14:03:49.605 DEBUG [acme.Launcher@main] Found classpath entry '/C:/Users/sergi/.m2/repository/com/fasterxml/jackson/datatype/jackson-datatype-jdk8/2.11.4/jackson-datatype-jdk8-2.11.4.jar' 
2023-04-21 14:03:49.605 DEBUG [acme.Launcher@main] Found classpath entry '/C:/Users/sergi/.m2/repository/com/fasterxml/jackson/datatype/jackson-datatype-jsr310/2.11.4/jackson-datatype-jsr310-2.11.4.jar' 
2023-04-21 14:03:49.606 DEBUG [acme.Launcher@main] Found classpath entry '/C:/Users/sergi/.m2/repository/com/fasterxml/jackson/module/jackson-module-parameter-names/2.11.4/jackson-module-parameter-names-2.11.4.jar' 
2023-04-21 14:03:49.606 DEBUG [acme.Launcher@main] Found classpath entry '/C:/Users/sergi/.m2/repository/org/springframework/spring-webmvc/5.3.3/spring-webmvc-5.3.3.jar' 
2023-04-21 14:03:49.606 DEBUG [acme.Launcher@main] Found classpath entry '/C:/Users/sergi/.m2/repository/org/apache/tiles/tiles-jsp/3.0.8/tiles-jsp-3.0.8.jar' 
2023-04-21 14:03:49.607 DEBUG [acme.Launcher@main] Found classpath entry '/C:/Users/sergi/.m2/repository/org/apache/tiles/tiles-servlet/3.0.8/tiles-servlet-3.0.8.jar' 
2023-04-21 14:03:49.607 DEBUG [acme.Launcher@main] Found classpath entry '/C:/Users/sergi/.m2/repository/org/apache/tiles/tiles-core/3.0.8/tiles-core-3.0.8.jar' 
2023-04-21 14:03:49.607 DEBUG [acme.Launcher@main] Found classpath entry '/C:/Users/sergi/.m2/repository/commons-digester/commons-digester/2.0/commons-digester-2.0.jar' 
2023-04-21 14:03:49.607 DEBUG [acme.Launcher@main] Found classpath entry '/C:/Users/sergi/.m2/repository/org/slf4j/jcl-over-slf4j/1.7.30/jcl-over-slf4j-1.7.30.jar' 
2023-04-21 14:03:49.608 DEBUG [acme.Launcher@main] Found classpath entry '/C:/Users/sergi/.m2/repository/org/apache/tiles/tiles-request-servlet/1.0.7/tiles-request-servlet-1.0.7.jar' 
2023-04-21 14:03:49.608 DEBUG [acme.Launcher@main] Found classpath entry '/C:/Users/sergi/.m2/repository/org/apache/tiles/tiles-template/3.0.8/tiles-template-3.0.8.jar' 
2023-04-21 14:03:49.609 DEBUG [acme.Launcher@main] Found classpath entry '/C:/Users/sergi/.m2/repository/org/apache/tiles/tiles-api/3.0.8/tiles-api-3.0.8.jar' 
2023-04-21 14:03:49.609 DEBUG [acme.Launcher@main] Found classpath entry '/C:/Users/sergi/.m2/repository/org/apache/tiles/tiles-autotag-core-runtime/1.2/tiles-autotag-core-runtime-1.2.jar' 
2023-04-21 14:03:49.609 DEBUG [acme.Launcher@main] Found classpath entry '/C:/Users/sergi/.m2/repository/org/slf4j/slf4j-api/1.7.30/slf4j-api-1.7.30.jar' 
2023-04-21 14:03:49.609 DEBUG [acme.Launcher@main] Found classpath entry '/C:/Users/sergi/.m2/repository/org/apache/tiles/tiles-request-jsp/1.0.7/tiles-request-jsp-1.0.7.jar' 
2023-04-21 14:03:49.610 DEBUG [acme.Launcher@main] Found classpath entry '/C:/Users/sergi/.m2/repository/org/apache/tiles/tiles-request-api/1.0.7/tiles-request-api-1.0.7.jar' 
2023-04-21 14:03:49.610 DEBUG [acme.Launcher@main] Found classpath entry '/C:/Users/sergi/.m2/repository/org/springframework/boot/spring-boot-starter-data-jpa/2.4.2/spring-boot-starter-data-jpa-2.4.2.jar' 
2023-04-21 14:03:49.610 DEBUG [acme.Launcher@main] Found classpath entry '/C:/Users/sergi/.m2/repository/org/springframework/boot/spring-boot-starter-aop/2.4.2/spring-boot-starter-aop-2.4.2.jar' 
2023-04-21 14:03:49.610 DEBUG [acme.Launcher@main] Found classpath entry '/C:/Users/sergi/.m2/repository/org/aspectj/aspectjweaver/1.9.6/aspectjweaver-1.9.6.jar' 
2023-04-21 14:03:49.610 DEBUG [acme.Launcher@main] Found classpath entry '/C:/Users/sergi/.m2/repository/org/springframework/boot/spring-boot-starter-jdbc/2.4.2/spring-boot-starter-jdbc-2.4.2.jar' 
2023-04-21 14:03:49.610 DEBUG [acme.Launcher@main] Found classpath entry '/C:/Users/sergi/.m2/repository/jakarta/transaction/jakarta.transaction-api/1.3.3/jakarta.transaction-api-1.3.3.jar' 
2023-04-21 14:03:49.611 DEBUG [acme.Launcher@main] Found classpath entry '/C:/Users/sergi/.m2/repository/jakarta/persistence/jakarta.persistence-api/2.2.3/jakarta.persistence-api-2.2.3.jar' 
2023-04-21 14:03:49.611 DEBUG [acme.Launcher@main] Found classpath entry '/C:/Users/sergi/.m2/repository/org/hibernate/hibernate-core/5.4.27.Final/hibernate-core-5.4.27.Final.jar' 
2023-04-21 14:03:49.612 DEBUG [acme.Launcher@main] Found classpath entry '/C:/Users/sergi/.m2/repository/org/jboss/logging/jboss-logging/3.4.1.Final/jboss-logging-3.4.1.Final.jar' 
2023-04-21 14:03:49.612 DEBUG [acme.Launcher@main] Found classpath entry '/C:/Users/sergi/.m2/repository/org/javassist/javassist/3.27.0-GA/javassist-3.27.0-GA.jar' 
2023-04-21 14:03:49.612 DEBUG [acme.Launcher@main] Found classpath entry '/C:/Users/sergi/.m2/repository/antlr/antlr/2.7.7/antlr-2.7.7.jar' 
2023-04-21 14:03:49.613 DEBUG [acme.Launcher@main] Found classpath entry '/C:/Users/sergi/.m2/repository/org/jboss/jandex/2.1.3.Final/jandex-2.1.3.Final.jar' 
2023-04-21 14:03:49.613 DEBUG [acme.Launcher@main] Found classpath entry '/C:/Users/sergi/.m2/repository/com/fasterxml/classmate/1.5.1/classmate-1.5.1.jar' 
2023-04-21 14:03:49.613 DEBUG [acme.Launcher@main] Found classpath entry '/C:/Users/sergi/.m2/repository/org/dom4j/dom4j/2.1.3/dom4j-2.1.3.jar' 
2023-04-21 14:03:49.613 DEBUG [acme.Launcher@main] Found classpath entry '/C:/Users/sergi/.m2/repository/org/hibernate/common/hibernate-commons-annotations/5.1.2.Final/hibernate-commons-annotations-5.1.2.Final.jar' 
2023-04-21 14:03:49.614 DEBUG [acme.Launcher@main] Found classpath entry '/C:/Users/sergi/.m2/repository/org/glassfish/jaxb/jaxb-runtime/2.3.3/jaxb-runtime-2.3.3.jar' 
2023-04-21 14:03:49.614 DEBUG [acme.Launcher@main] Found classpath entry '/C:/Users/sergi/.m2/repository/org/glassfish/jaxb/txw2/2.3.3/txw2-2.3.3.jar' 
2023-04-21 14:03:49.614 DEBUG [acme.Launcher@main] Found classpath entry '/C:/Users/sergi/.m2/repository/com/sun/istack/istack-commons-runtime/3.0.11/istack-commons-runtime-3.0.11.jar' 
2023-04-21 14:03:49.614 DEBUG [acme.Launcher@main] Found classpath entry '/C:/Users/sergi/.m2/repository/com/sun/activation/jakarta.activation/1.2.2/jakarta.activation-1.2.2.jar' 
2023-04-21 14:03:49.615 DEBUG [acme.Launcher@main] Found classpath entry '/C:/Users/sergi/.m2/repository/org/springframework/data/spring-data-jpa/2.4.3/spring-data-jpa-2.4.3.jar' 
2023-04-21 14:03:49.615 DEBUG [acme.Launcher@main] Found classpath entry '/C:/Users/sergi/.m2/repository/org/springframework/data/spring-data-commons/2.4.3/spring-data-commons-2.4.3.jar' 
2023-04-21 14:03:49.615 DEBUG [acme.Launcher@main] Found classpath entry '/C:/Users/sergi/.m2/repository/org/springframework/spring-orm/5.3.3/spring-orm-5.3.3.jar' 
2023-04-21 14:03:49.615 DEBUG [acme.Launcher@main] Found classpath entry '/C:/Users/sergi/.m2/repository/org/springframework/spring-aspects/5.3.3/spring-aspects-5.3.3.jar' 
2023-04-21 14:03:49.616 DEBUG [acme.Launcher@main] Found classpath entry '/C:/Users/sergi/.m2/repository/org/springframework/boot/spring-boot-starter-validation/2.4.2/spring-boot-starter-validation-2.4.2.jar' 
2023-04-21 14:03:49.616 DEBUG [acme.Launcher@main] Found classpath entry '/C:/Users/sergi/.m2/repository/org/hibernate/validator/hibernate-validator/6.1.7.Final/hibernate-validator-6.1.7.Final.jar' 
2023-04-21 14:03:49.616 DEBUG [acme.Launcher@main] Found classpath entry '/C:/Users/sergi/.m2/repository/jakarta/validation/jakarta.validation-api/2.0.2/jakarta.validation-api-2.0.2.jar' 
2023-04-21 14:03:49.617 DEBUG [acme.Launcher@main] Found classpath entry '/C:/Users/sergi/.m2/repository/mysql/mysql-connector-java/8.0.22/mysql-connector-java-8.0.22.jar' 
2023-04-21 14:03:49.617 DEBUG [acme.Launcher@main] Found classpath entry '/C:/Users/sergi/.m2/repository/com/zaxxer/HikariCP/3.4.5/HikariCP-3.4.5.jar' 
2023-04-21 14:03:49.617 DEBUG [acme.Launcher@main] Found classpath entry '/C:/Users/sergi/.m2/repository/org/springframework/boot/spring-boot-starter-test/2.4.2/spring-boot-starter-test-2.4.2.jar' 
2023-04-21 14:03:49.618 DEBUG [acme.Launcher@main] Found classpath entry '/C:/Users/sergi/.m2/repository/org/springframework/boot/spring-boot-test/2.4.2/spring-boot-test-2.4.2.jar' 
2023-04-21 14:03:49.618 DEBUG [acme.Launcher@main] Found classpath entry '/C:/Users/sergi/.m2/repository/org/springframework/boot/spring-boot-test-autoconfigure/2.4.2/spring-boot-test-autoconfigure-2.4.2.jar' 
2023-04-21 14:03:49.618 DEBUG [acme.Launcher@main] Found classpath entry '/C:/Users/sergi/.m2/repository/com/jayway/jsonpath/json-path/2.4.0/json-path-2.4.0.jar' 
2023-04-21 14:03:49.618 DEBUG [acme.Launcher@main] Found classpath entry '/C:/Users/sergi/.m2/repository/net/minidev/json-smart/2.3/json-smart-2.3.jar' 
2023-04-21 14:03:49.619 DEBUG [acme.Launcher@main] Found classpath entry '/C:/Users/sergi/.m2/repository/net/minidev/accessors-smart/1.2/accessors-smart-1.2.jar' 
2023-04-21 14:03:49.619 DEBUG [acme.Launcher@main] Found classpath entry '/C:/Users/sergi/.m2/repository/org/ow2/asm/asm/5.0.4/asm-5.0.4.jar' 
2023-04-21 14:03:49.619 DEBUG [acme.Launcher@main] Found classpath entry '/C:/Users/sergi/.m2/repository/jakarta/xml/bind/jakarta.xml.bind-api/2.3.3/jakarta.xml.bind-api-2.3.3.jar' 
2023-04-21 14:03:49.619 DEBUG [acme.Launcher@main] Found classpath entry '/C:/Users/sergi/.m2/repository/jakarta/activation/jakarta.activation-api/1.2.2/jakarta.activation-api-1.2.2.jar' 
2023-04-21 14:03:49.620 DEBUG [acme.Launcher@main] Found classpath entry '/C:/Users/sergi/.m2/repository/org/assertj/assertj-core/3.18.1/assertj-core-3.18.1.jar' 
2023-04-21 14:03:49.620 DEBUG [acme.Launcher@main] Found classpath entry '/C:/Users/sergi/.m2/repository/org/hamcrest/hamcrest/2.2/hamcrest-2.2.jar' 
2023-04-21 14:03:49.620 DEBUG [acme.Launcher@main] Found classpath entry '/C:/Users/sergi/.m2/repository/org/junit/jupiter/junit-jupiter/5.7.0/junit-jupiter-5.7.0.jar' 
2023-04-21 14:03:49.620 DEBUG [acme.Launcher@main] Found classpath entry '/C:/Users/sergi/.m2/repository/org/mockito/mockito-core/3.6.28/mockito-core-3.6.28.jar' 
2023-04-21 14:03:49.621 DEBUG [acme.Launcher@main] Found classpath entry '/C:/Users/sergi/.m2/repository/net/bytebuddy/byte-buddy-agent/1.10.19/byte-buddy-agent-1.10.19.jar' 
2023-04-21 14:03:49.621 DEBUG [acme.Launcher@main] Found classpath entry '/C:/Users/sergi/.m2/repository/org/objenesis/objenesis/3.1/objenesis-3.1.jar' 
2023-04-21 14:03:49.621 DEBUG [acme.Launcher@main] Found classpath entry '/C:/Users/sergi/.m2/repository/org/mockito/mockito-junit-jupiter/3.6.28/mockito-junit-jupiter-3.6.28.jar' 
2023-04-21 14:03:49.621 DEBUG [acme.Launcher@main] Found classpath entry '/C:/Users/sergi/.m2/repository/org/skyscreamer/jsonassert/1.5.0/jsonassert-1.5.0.jar' 
2023-04-21 14:03:49.622 DEBUG [acme.Launcher@main] Found classpath entry '/C:/Users/sergi/.m2/repository/com/vaadin/external/google/android-json/0.0.20131108.vaadin1/android-json-0.0.20131108.vaadin1.jar' 
2023-04-21 14:03:49.622 DEBUG [acme.Launcher@main] Found classpath entry '/C:/Users/sergi/.m2/repository/org/springframework/spring-test/5.3.3/spring-test-5.3.3.jar' 
2023-04-21 14:03:49.622 DEBUG [acme.Launcher@main] Found classpath entry '/C:/Users/sergi/.m2/repository/org/xmlunit/xmlunit-core/2.7.0/xmlunit-core-2.7.0.jar' 
2023-04-21 14:03:49.622 DEBUG [acme.Launcher@main] Found classpath entry '/C:/Users/sergi/.m2/repository/org/junit/jupiter/junit-jupiter-engine/5.7.0/junit-jupiter-engine-5.7.0.jar' 
2023-04-21 14:03:49.623 DEBUG [acme.Launcher@main] Found classpath entry '/C:/Users/sergi/.m2/repository/org/apiguardian/apiguardian-api/1.1.0/apiguardian-api-1.1.0.jar' 
2023-04-21 14:03:49.623 DEBUG [acme.Launcher@main] Found classpath entry '/C:/Users/sergi/.m2/repository/org/junit/platform/junit-platform-engine/1.7.0/junit-platform-engine-1.7.0.jar' 
2023-04-21 14:03:49.623 DEBUG [acme.Launcher@main] Found classpath entry '/C:/Users/sergi/.m2/repository/org/junit/jupiter/junit-jupiter-api/5.7.0/junit-jupiter-api-5.7.0.jar' 
2023-04-21 14:03:49.623 DEBUG [acme.Launcher@main] Found classpath entry '/C:/Users/sergi/.m2/repository/org/opentest4j/opentest4j/1.2.0/opentest4j-1.2.0.jar' 
2023-04-21 14:03:49.624 DEBUG [acme.Launcher@main] Found classpath entry '/C:/Users/sergi/.m2/repository/org/junit/platform/junit-platform-commons/1.7.0/junit-platform-commons-1.7.0.jar' 
2023-04-21 14:03:49.624 DEBUG [acme.Launcher@main] Found classpath entry '/C:/Users/sergi/.m2/repository/org/junit/jupiter/junit-jupiter-params/5.7.0/junit-jupiter-params-5.7.0.jar' 
2023-04-21 14:03:49.624 DEBUG [acme.Launcher@main] Found classpath entry '/C:/Users/sergi/.m2/repository/org/junit/platform/junit-platform-launcher/1.7.0/junit-platform-launcher-1.7.0.jar' 
2023-04-21 14:03:49.625 DEBUG [acme.Launcher@main] Found classpath entry '/C:/Users/sergi/.m2/repository/org/seleniumhq/selenium/selenium-java/3.141.59/selenium-java-3.141.59.jar' 
2023-04-21 14:03:49.625 DEBUG [acme.Launcher@main] Found classpath entry '/C:/Users/sergi/.m2/repository/org/seleniumhq/selenium/selenium-api/3.141.59/selenium-api-3.141.59.jar' 
2023-04-21 14:03:49.625 DEBUG [acme.Launcher@main] Found classpath entry '/C:/Users/sergi/.m2/repository/org/seleniumhq/selenium/selenium-chrome-driver/3.141.59/selenium-chrome-driver-3.141.59.jar' 
2023-04-21 14:03:49.625 DEBUG [acme.Launcher@main] Found classpath entry '/C:/Users/sergi/.m2/repository/org/seleniumhq/selenium/selenium-edge-driver/3.141.59/selenium-edge-driver-3.141.59.jar' 
2023-04-21 14:03:49.626 DEBUG [acme.Launcher@main] Found classpath entry '/C:/Users/sergi/.m2/repository/org/seleniumhq/selenium/selenium-firefox-driver/3.141.59/selenium-firefox-driver-3.141.59.jar' 
2023-04-21 14:03:49.626 DEBUG [acme.Launcher@main] Found classpath entry '/C:/Users/sergi/.m2/repository/org/seleniumhq/selenium/selenium-ie-driver/3.141.59/selenium-ie-driver-3.141.59.jar' 
2023-04-21 14:03:49.626 DEBUG [acme.Launcher@main] Found classpath entry '/C:/Users/sergi/.m2/repository/org/seleniumhq/selenium/selenium-opera-driver/3.141.59/selenium-opera-driver-3.141.59.jar' 
2023-04-21 14:03:49.627 DEBUG [acme.Launcher@main] Found classpath entry '/C:/Users/sergi/.m2/repository/org/seleniumhq/selenium/selenium-remote-driver/3.141.59/selenium-remote-driver-3.141.59.jar' 
2023-04-21 14:03:49.627 DEBUG [acme.Launcher@main] Found classpath entry '/C:/Users/sergi/.m2/repository/org/seleniumhq/selenium/selenium-safari-driver/3.141.59/selenium-safari-driver-3.141.59.jar' 
2023-04-21 14:03:49.627 DEBUG [acme.Launcher@main] Found classpath entry '/C:/Users/sergi/.m2/repository/org/seleniumhq/selenium/selenium-support/3.141.59/selenium-support-3.141.59.jar' 
2023-04-21 14:03:49.628 DEBUG [acme.Launcher@main] Found classpath entry '/C:/Users/sergi/.m2/repository/net/bytebuddy/byte-buddy/1.10.19/byte-buddy-1.10.19.jar' 
2023-04-21 14:03:49.628 DEBUG [acme.Launcher@main] Found classpath entry '/C:/Users/sergi/.m2/repository/org/apache/commons/commons-exec/1.3/commons-exec-1.3.jar' 
2023-04-21 14:03:49.628 DEBUG [acme.Launcher@main] Found classpath entry '/C:/Users/sergi/.m2/repository/com/google/guava/guava/25.0-jre/guava-25.0-jre.jar' 
2023-04-21 14:03:49.628 DEBUG [acme.Launcher@main] Found classpath entry '/C:/Users/sergi/.m2/repository/com/google/code/findbugs/jsr305/1.3.9/jsr305-1.3.9.jar' 
2023-04-21 14:03:49.629 DEBUG [acme.Launcher@main] Found classpath entry '/C:/Users/sergi/.m2/repository/org/checkerframework/checker-compat-qual/2.0.0/checker-compat-qual-2.0.0.jar' 
2023-04-21 14:03:49.629 DEBUG [acme.Launcher@main] Found classpath entry '/C:/Users/sergi/.m2/repository/com/google/errorprone/error_prone_annotations/2.1.3/error_prone_annotations-2.1.3.jar' 
2023-04-21 14:03:49.629 DEBUG [acme.Launcher@main] Found classpath entry '/C:/Users/sergi/.m2/repository/com/google/j2objc/j2objc-annotations/1.1/j2objc-annotations-1.1.jar' 
2023-04-21 14:03:49.629 DEBUG [acme.Launcher@main] Found classpath entry '/C:/Users/sergi/.m2/repository/org/codehaus/mojo/animal-sniffer-annotations/1.14/animal-sniffer-annotations-1.14.jar' 
2023-04-21 14:03:49.630 DEBUG [acme.Launcher@main] Found classpath entry '/C:/Users/sergi/.m2/repository/com/squareup/okhttp3/okhttp/3.14.9/okhttp-3.14.9.jar' 
2023-04-21 14:03:49.630 DEBUG [acme.Launcher@main] Found classpath entry '/C:/Users/sergi/.m2/repository/com/squareup/okio/okio/1.14.0/okio-1.14.0.jar' 
2023-04-21 14:03:49.630 DEBUG [acme.Launcher@main] Found classpath entry '/C:/Users/sergi/.m2/repository/org/apache/commons/commons-lang3/3.11/commons-lang3-3.11.jar' 
2023-04-21 14:03:49.630 DEBUG [acme.Launcher@main] Found classpath entry '/C:/Users/sergi/.m2/repository/org/apache/commons/commons-text/1.8/commons-text-1.8.jar' 
2023-04-21 14:03:49.631 DEBUG [acme.Launcher@main] Found classpath entry '/C:/Users/sergi/.m2/repository/commons-io/commons-io/2.6/commons-io-2.6.jar' 
2023-04-21 14:03:49.631 DEBUG [acme.Launcher@main] Found classpath entry '/C:/Users/sergi/.m2/repository/commons-cli/commons-cli/1.4/commons-cli-1.4.jar' 
2023-04-21 14:03:49.631 DEBUG [acme.Launcher@main] Found classpath entry '/C:/Users/sergi/.m2/repository/org/projectlombok/lombok/1.18.16/lombok-1.18.16.jar' 
2023-04-21 14:03:49.631 DEBUG [acme.Launcher@main] Found classpath entry '/C:/Users/sergi/.m2/repository/com/opencsv/opencsv/5.4/opencsv-5.4.jar' 
2023-04-21 14:03:49.632 DEBUG [acme.Launcher@main] Found classpath entry '/C:/Users/sergi/.m2/repository/commons-beanutils/commons-beanutils/1.9.4/commons-beanutils-1.9.4.jar' 
2023-04-21 14:03:49.632 DEBUG [acme.Launcher@main] Found classpath entry '/C:/Users/sergi/.m2/repository/commons-logging/commons-logging/1.2/commons-logging-1.2.jar' 
2023-04-21 14:03:49.632 DEBUG [acme.Launcher@main] Found classpath entry '/C:/Users/sergi/.m2/repository/commons-collections/commons-collections/3.2.2/commons-collections-3.2.2.jar' 
2023-04-21 14:03:49.632 DEBUG [acme.Launcher@main] Found classpath entry '/C:/Users/sergi/.m2/repository/org/apache/commons/commons-collections4/4.4/commons-collections4-4.4.jar' 
2023-04-21 14:03:50 DEBUG [acme.Launcher@main] Found entity class 'acme.entities.audits.Audit 
2023-04-21 14:03:50.001 DEBUG [acme.Launcher@main] Found entity class 'acme.entities.audits.AuditingRecord 
2023-04-21 14:03:50.001 DEBUG [acme.Launcher@main] Found entity class 'acme.entities.banners.Banner 
2023-04-21 14:03:50.001 DEBUG [acme.Launcher@main] Found entity class 'acme.entities.bulletins.Bulletin 
2023-04-21 14:03:50.002 DEBUG [acme.Launcher@main] Found entity class 'acme.entities.courses.Course 
2023-04-21 14:03:50.002 DEBUG [acme.Launcher@main] Found entity class 'acme.entities.courses.Lecture 
2023-04-21 14:03:50.002 DEBUG [acme.Launcher@main] Found entity class 'acme.entities.courses.LectureRegistration 
2023-04-21 14:03:50.002 DEBUG [acme.Launcher@main] Found entity class 'acme.entities.enrolments.Activity 
2023-04-21 14:03:50.003 DEBUG [acme.Launcher@main] Found entity class 'acme.entities.enrolments.Enrolment 
2023-04-21 14:03:50.003 DEBUG [acme.Launcher@main] Found entity class 'acme.entities.notes.Note 
2023-04-21 14:03:50.003 DEBUG [acme.Launcher@main] Found entity class 'acme.entities.offers.Offer 
2023-04-21 14:03:50.003 DEBUG [acme.Launcher@main] Found entity class 'acme.entities.peeps.Peep 
2023-04-21 14:03:50.004 DEBUG [acme.Launcher@main] Found entity class 'acme.entities.practicums.Practicum 
2023-04-21 14:03:50.004 DEBUG [acme.Launcher@main] Found entity class 'acme.entities.practicums.PracticumSession 
2023-04-21 14:03:50.004 DEBUG [acme.Launcher@main] Found entity class 'acme.entities.tutorial.Tutorial 
2023-04-21 14:03:50.004 DEBUG [acme.Launcher@main] Found entity class 'acme.entities.tutorial.TutorialSession 
2023-04-21 14:03:50.005 DEBUG [acme.Launcher@main] Found entity class 'acme.roles.Assistant 
2023-04-21 14:03:50.005 DEBUG [acme.Launcher@main] Found entity class 'acme.roles.Auditor 
2023-04-21 14:03:50.005 DEBUG [acme.Launcher@main] Found entity class 'acme.roles.Company 
2023-04-21 14:03:50.006 DEBUG [acme.Launcher@main] Found entity class 'acme.roles.Lecturer 
2023-04-21 14:03:50.006 DEBUG [acme.Launcher@main] Found entity class 'acme.roles.Student 
2023-04-21 14:03:50.006 DEBUG [acme.Launcher@main] Found entity class 'acme.system.configuration.SystemConfiguration 
2023-04-21 14:03:50.006 DEBUG [acme.Launcher@main] Found entity class 'acme.framework.components.accounts.Administrator 
2023-04-21 14:03:50.007 DEBUG [acme.Launcher@main] Found entity class 'acme.framework.components.accounts.Anonymous 
2023-04-21 14:03:50.007 DEBUG [acme.Launcher@main] Found entity class 'acme.framework.components.accounts.Any 
2023-04-21 14:03:50.007 DEBUG [acme.Launcher@main] Found entity class 'acme.framework.components.accounts.Authenticated 
2023-04-21 14:03:50.007 DEBUG [acme.Launcher@main] Found entity class 'acme.framework.components.accounts.UserAccount 
2023-04-21 14:03:50.017 DEBUG [acme.framework.components.clocks.AbstractClock@main] Changing base moment to 'Fri Apr 21 14:03:50 CEST 2023'. 
2023-04-21 14:03:50.020 DEBUG [acme.framework.components.clocks.AbstractClock@main] Changing base moment to 'Sat Jul 30 00:00:00 CEST 2022'. 
2023-04-21 14:03:50.020 DEBUG [acme.framework.components.clocks.SimulatedClock@main] Changing current moment to 'Sat Jul 30 00:00:00 CEST 2022'. 
2023-04-21 14:03:50.021 INFO  [acme.Launcher@main] Running application (Standalone mode) 
2023-04-21 14:03:57.285 DEBUG [acme.framework.components.tiles.DynamicTilesView@http-nio-8080-exec-3] View name 'fragments/welcome', model {} 
2023-04-21 14:03:57.304 DEBUG [org.apache.tiles.definition.dao.BaseLocaleUrlDefinitionDAO@http-nio-8080-exec-3] File Resource file:/C:/Users/sergi/Desktop/SERGIO/UNIVERSIDAD/CURSOS/3Tercer%20Curso/2do%20CUATRIMESTRE/DP2/Workspace-23/Projects/dp2-acme-l3/Acme-L3-D03/target/classes/WEB-INF/views/master/tiles_es.xml at file:/C:/Users/sergi/Desktop/SERGIO/UNIVERSIDAD/CURSOS/3Tercer%20Curso/2do%20CUATRIMESTRE/DP2/Workspace-23/Projects/dp2-acme-l3/Acme-L3-D03/target/classes/WEB-INF/views/master/tiles_es.xml not found, continue 
2023-04-21 14:03:57.312 DEBUG [org.apache.jasper.servlet.JspServlet@http-nio-8080-exec-3] JspEngine --> /WEB-INF/views/master/page.jsp 
2023-04-21 14:03:57.313 DEBUG [org.apache.jasper.servlet.JspServlet@http-nio-8080-exec-3] ServletPath: /WEB-INF/views/master/page.jsp 
2023-04-21 14:03:57.313 DEBUG [org.apache.jasper.servlet.JspServlet@http-nio-8080-exec-3] PathInfo: null 
2023-04-21 14:03:57.316 DEBUG [org.apache.jasper.servlet.JspServlet@http-nio-8080-exec-3] RealPath: C:\Users\sergi\Desktop\SERGIO\UNIVERSIDAD\CURSOS\3Tercer Curso\2do CUATRIMESTRE\DP2\Workspace-23\Projects\dp2-acme-l3\Acme-L3-D03\target\classes\WEB-INF\views\master\page.jsp 
2023-04-21 14:03:57.317 DEBUG [org.apache.jasper.servlet.JspServlet@http-nio-8080-exec-3] RequestURI: /acme-l3-d03/WEB-INF/views/master/page.jsp 
2023-04-21 14:03:57.318 DEBUG [org.apache.jasper.servlet.JspServlet@http-nio-8080-exec-3] QueryString: null 
2023-04-21 14:04:03.965 DEBUG [acme.framework.components.extensions.ExtendedMessageSource@http-nio-8080-exec-3] Loading properties [C:\Users\sergi\Desktop\SERGIO\UNIVERSIDAD\CURSOS\3Tercer Curso\2do CUATRIMESTRE\DP2\Workspace-23\Projects\dp2-acme-l3\Acme-L3-D03\target\classes\WEB-INF\views\administrator\banner\messages-en.i18n] with encoding 'utf-8' 
2023-04-21 14:04:03.967 DEBUG [acme.framework.components.extensions.ExtendedMessageSource@http-nio-8080-exec-3] Loading properties [C:\Users\sergi\Desktop\SERGIO\UNIVERSIDAD\CURSOS\3Tercer Curso\2do CUATRIMESTRE\DP2\Workspace-23\Projects\dp2-acme-l3\Acme-L3-D03\target\classes\WEB-INF\views\administrator\bulletin\messages-en.i18n] with encoding 'utf-8' 
2023-04-21 14:04:03.968 DEBUG [acme.framework.components.extensions.ExtendedMessageSource@http-nio-8080-exec-3] Loading properties [C:\Users\sergi\Desktop\SERGIO\UNIVERSIDAD\CURSOS\3Tercer Curso\2do CUATRIMESTRE\DP2\Workspace-23\Projects\dp2-acme-l3\Acme-L3-D03\target\classes\WEB-INF\views\administrator\offer\messsages-en.i18n] with encoding 'utf-8' 
2023-04-21 14:04:03.969 DEBUG [acme.framework.components.extensions.ExtendedMessageSource@http-nio-8080-exec-3] Loading properties [C:\Users\sergi\Desktop\SERGIO\UNIVERSIDAD\CURSOS\3Tercer Curso\2do CUATRIMESTRE\DP2\Workspace-23\Projects\dp2-acme-l3\Acme-L3-D03\target\classes\WEB-INF\views\administrator\system-configuration\messsages-en.i18n] with encoding 'utf-8' 
2023-04-21 14:04:03.970 DEBUG [acme.framework.components.extensions.ExtendedMessageSource@http-nio-8080-exec-3] Loading properties [C:\Users\sergi\Desktop\SERGIO\UNIVERSIDAD\CURSOS\3Tercer Curso\2do CUATRIMESTRE\DP2\Workspace-23\Projects\dp2-acme-l3\Acme-L3-D03\target\classes\WEB-INF\views\administrator\user-account\messages-en.i18n] with encoding 'utf-8' 
2023-04-21 14:04:03.971 DEBUG [acme.framework.components.extensions.ExtendedMessageSource@http-nio-8080-exec-3] Loading properties [C:\Users\sergi\Desktop\SERGIO\UNIVERSIDAD\CURSOS\3Tercer Curso\2do CUATRIMESTRE\DP2\Workspace-23\Projects\dp2-acme-l3\Acme-L3-D03\target\classes\WEB-INF\views\anonymous\user-account\messages-en.i18n] with encoding 'utf-8' 
2023-04-21 14:04:03.972 DEBUG [acme.framework.components.extensions.ExtendedMessageSource@http-nio-8080-exec-3] Loading properties [C:\Users\sergi\Desktop\SERGIO\UNIVERSIDAD\CURSOS\3Tercer Curso\2do CUATRIMESTRE\DP2\Workspace-23\Projects\dp2-acme-l3\Acme-L3-D03\target\classes\WEB-INF\views\any\course\message-en.i18n] with encoding 'utf-8' 
2023-04-21 14:04:03.972 DEBUG [acme.framework.components.extensions.ExtendedMessageSource@http-nio-8080-exec-3] Loading properties [C:\Users\sergi\Desktop\SERGIO\UNIVERSIDAD\CURSOS\3Tercer Curso\2do CUATRIMESTRE\DP2\Workspace-23\Projects\dp2-acme-l3\Acme-L3-D03\target\classes\WEB-INF\views\any\peep\messages-en.i18n] with encoding 'utf-8' 
2023-04-21 14:04:03.974 DEBUG [acme.framework.components.extensions.ExtendedMessageSource@http-nio-8080-exec-3] Loading properties [C:\Users\sergi\Desktop\SERGIO\UNIVERSIDAD\CURSOS\3Tercer Curso\2do CUATRIMESTRE\DP2\Workspace-23\Projects\dp2-acme-l3\Acme-L3-D03\target\classes\WEB-INF\views\assistant\tutorial\messages-en.i18n] with encoding 'utf-8' 
2023-04-21 14:04:03.976 DEBUG [acme.framework.components.extensions.ExtendedMessageSource@http-nio-8080-exec-3] Loading properties [C:\Users\sergi\Desktop\SERGIO\UNIVERSIDAD\CURSOS\3Tercer Curso\2do CUATRIMESTRE\DP2\Workspace-23\Projects\dp2-acme-l3\Acme-L3-D03\target\classes\WEB-INF\views\assistant\tutorial-session\messages-en.i18n] with encoding 'utf-8' 
2023-04-21 14:04:03.977 DEBUG [acme.framework.components.extensions.ExtendedMessageSource@http-nio-8080-exec-3] Loading properties [C:\Users\sergi\Desktop\SERGIO\UNIVERSIDAD\CURSOS\3Tercer Curso\2do CUATRIMESTRE\DP2\Workspace-23\Projects\dp2-acme-l3\Acme-L3-D03\target\classes\WEB-INF\views\auditor\audit\messages-en.i18n] with encoding 'utf-8' 
2023-04-21 14:04:03.977 DEBUG [acme.framework.components.extensions.ExtendedMessageSource@http-nio-8080-exec-3] Loading properties [C:\Users\sergi\Desktop\SERGIO\UNIVERSIDAD\CURSOS\3Tercer Curso\2do CUATRIMESTRE\DP2\Workspace-23\Projects\dp2-acme-l3\Acme-L3-D03\target\classes\WEB-INF\views\auditor\auditing-record\messages-en.i18n] with encoding 'utf-8' 
2023-04-21 14:04:03.978 DEBUG [acme.framework.components.extensions.ExtendedMessageSource@http-nio-8080-exec-3] Loading properties [C:\Users\sergi\Desktop\SERGIO\UNIVERSIDAD\CURSOS\3Tercer Curso\2do CUATRIMESTRE\DP2\Workspace-23\Projects\dp2-acme-l3\Acme-L3-D03\target\classes\WEB-INF\views\authenticated\assistant\messsages-en.i18n] with encoding 'utf-8' 
2023-04-21 14:04:03.979 DEBUG [acme.framework.components.extensions.ExtendedMessageSource@http-nio-8080-exec-3] Loading properties [C:\Users\sergi\Desktop\SERGIO\UNIVERSIDAD\CURSOS\3Tercer Curso\2do CUATRIMESTRE\DP2\Workspace-23\Projects\dp2-acme-l3\Acme-L3-D03\target\classes\WEB-INF\views\authenticated\audit\messsages-en.i18n] with encoding 'utf-8' 
2023-04-21 14:04:03.980 DEBUG [acme.framework.components.extensions.ExtendedMessageSource@http-nio-8080-exec-3] Loading properties [C:\Users\sergi\Desktop\SERGIO\UNIVERSIDAD\CURSOS\3Tercer Curso\2do CUATRIMESTRE\DP2\Workspace-23\Projects\dp2-acme-l3\Acme-L3-D03\target\classes\WEB-INF\views\authenticated\auditor\messages-en.i18n] with encoding 'utf-8' 
2023-04-21 14:04:03.981 DEBUG [acme.framework.components.extensions.ExtendedMessageSource@http-nio-8080-exec-3] Loading properties [C:\Users\sergi\Desktop\SERGIO\UNIVERSIDAD\CURSOS\3Tercer Curso\2do CUATRIMESTRE\DP2\Workspace-23\Projects\dp2-acme-l3\Acme-L3-D03\target\classes\WEB-INF\views\authenticated\bulletin\messsages-en.i18n] with encoding 'utf-8' 
2023-04-21 14:04:03.982 DEBUG [acme.framework.components.extensions.ExtendedMessageSource@http-nio-8080-exec-3] Loading properties [C:\Users\sergi\Desktop\SERGIO\UNIVERSIDAD\CURSOS\3Tercer Curso\2do CUATRIMESTRE\DP2\Workspace-23\Projects\dp2-acme-l3\Acme-L3-D03\target\classes\WEB-INF\views\authenticated\company\messsages-en.i18n] with encoding 'utf-8' 
2023-04-21 14:04:03.982 DEBUG [acme.framework.components.extensions.ExtendedMessageSource@http-nio-8080-exec-3] Loading properties [C:\Users\sergi\Desktop\SERGIO\UNIVERSIDAD\CURSOS\3Tercer Curso\2do CUATRIMESTRE\DP2\Workspace-23\Projects\dp2-acme-l3\Acme-L3-D03\target\classes\WEB-INF\views\authenticated\course\message-en.i18n] with encoding 'utf-8' 
2023-04-21 14:04:03.983 DEBUG [acme.framework.components.extensions.ExtendedMessageSource@http-nio-8080-exec-3] Loading properties [C:\Users\sergi\Desktop\SERGIO\UNIVERSIDAD\CURSOS\3Tercer Curso\2do CUATRIMESTRE\DP2\Workspace-23\Projects\dp2-acme-l3\Acme-L3-D03\target\classes\WEB-INF\views\authenticated\lecturer\messages-en.i18n] with encoding 'utf-8' 
2023-04-21 14:04:03.984 DEBUG [acme.framework.components.extensions.ExtendedMessageSource@http-nio-8080-exec-3] Loading properties [C:\Users\sergi\Desktop\SERGIO\UNIVERSIDAD\CURSOS\3Tercer Curso\2do CUATRIMESTRE\DP2\Workspace-23\Projects\dp2-acme-l3\Acme-L3-D03\target\classes\WEB-INF\views\authenticated\note\messages-en.i18n] with encoding 'utf-8' 
2023-04-21 14:04:03.985 DEBUG [acme.framework.components.extensions.ExtendedMessageSource@http-nio-8080-exec-3] Loading properties [C:\Users\sergi\Desktop\SERGIO\UNIVERSIDAD\CURSOS\3Tercer Curso\2do CUATRIMESTRE\DP2\Workspace-23\Projects\dp2-acme-l3\Acme-L3-D03\target\classes\WEB-INF\views\authenticated\offer\messsages-en.i18n] with encoding 'utf-8' 
2023-04-21 14:04:03.986 DEBUG [acme.framework.components.extensions.ExtendedMessageSource@http-nio-8080-exec-3] Loading properties [C:\Users\sergi\Desktop\SERGIO\UNIVERSIDAD\CURSOS\3Tercer Curso\2do CUATRIMESTRE\DP2\Workspace-23\Projects\dp2-acme-l3\Acme-L3-D03\target\classes\WEB-INF\views\authenticated\practicum\messsages-en.i18n] with encoding 'utf-8' 
2023-04-21 14:04:03.987 DEBUG [acme.framework.components.extensions.ExtendedMessageSource@http-nio-8080-exec-3] Loading properties [C:\Users\sergi\Desktop\SERGIO\UNIVERSIDAD\CURSOS\3Tercer Curso\2do CUATRIMESTRE\DP2\Workspace-23\Projects\dp2-acme-l3\Acme-L3-D03\target\classes\WEB-INF\views\authenticated\student\messages-en.i18n] with encoding 'utf-8' 
2023-04-21 14:04:03.988 DEBUG [acme.framework.components.extensions.ExtendedMessageSource@http-nio-8080-exec-3] Loading properties [C:\Users\sergi\Desktop\SERGIO\UNIVERSIDAD\CURSOS\3Tercer Curso\2do CUATRIMESTRE\DP2\Workspace-23\Projects\dp2-acme-l3\Acme-L3-D03\target\classes\WEB-INF\views\authenticated\tutorial\messsages-en.i18n] with encoding 'utf-8' 
2023-04-21 14:04:03.990 DEBUG [acme.framework.components.extensions.ExtendedMessageSource@http-nio-8080-exec-3] Loading properties [C:\Users\sergi\Desktop\SERGIO\UNIVERSIDAD\CURSOS\3Tercer Curso\2do CUATRIMESTRE\DP2\Workspace-23\Projects\dp2-acme-l3\Acme-L3-D03\target\classes\WEB-INF\views\authenticated\user-account\messages-en.i18n] with encoding 'utf-8' 
2023-04-21 14:04:03.991 DEBUG [acme.framework.components.extensions.ExtendedMessageSource@http-nio-8080-exec-3] Loading properties [C:\Users\sergi\Desktop\SERGIO\UNIVERSIDAD\CURSOS\3Tercer Curso\2do CUATRIMESTRE\DP2\Workspace-23\Projects\dp2-acme-l3\Acme-L3-D03\target\classes\WEB-INF\views\company\company-dashboard\messages-en.i18n] with encoding 'utf-8' 
2023-04-21 14:04:03.992 DEBUG [acme.framework.components.extensions.ExtendedMessageSource@http-nio-8080-exec-3] Loading properties [C:\Users\sergi\Desktop\SERGIO\UNIVERSIDAD\CURSOS\3Tercer Curso\2do CUATRIMESTRE\DP2\Workspace-23\Projects\dp2-acme-l3\Acme-L3-D03\target\classes\WEB-INF\views\company\practicum\messsages-en.i18n] with encoding 'utf-8' 
2023-04-21 14:04:03.993 DEBUG [acme.framework.components.extensions.ExtendedMessageSource@http-nio-8080-exec-3] Loading properties [C:\Users\sergi\Desktop\SERGIO\UNIVERSIDAD\CURSOS\3Tercer Curso\2do CUATRIMESTRE\DP2\Workspace-23\Projects\dp2-acme-l3\Acme-L3-D03\target\classes\WEB-INF\views\company\practicum-session\messsages-en.i18n] with encoding 'utf-8' 
2023-04-21 14:04:03.994 DEBUG [acme.framework.components.extensions.ExtendedMessageSource@http-nio-8080-exec-3] Loading properties [C:\Users\sergi\Desktop\SERGIO\UNIVERSIDAD\CURSOS\3Tercer Curso\2do CUATRIMESTRE\DP2\Workspace-23\Projects\dp2-acme-l3\Acme-L3-D03\target\classes\WEB-INF\views\fragments\banner-en.i18n] with encoding 'utf-8' 
2023-04-21 14:04:03.995 DEBUG [acme.framework.components.extensions.ExtendedMessageSource@http-nio-8080-exec-3] Loading properties [C:\Users\sergi\Desktop\SERGIO\UNIVERSIDAD\CURSOS\3Tercer Curso\2do CUATRIMESTRE\DP2\Workspace-23\Projects\dp2-acme-l3\Acme-L3-D03\target\classes\WEB-INF\views\fragments\company-en.i18n] with encoding 'utf-8' 
2023-04-21 14:04:03.996 DEBUG [acme.framework.components.extensions.ExtendedMessageSource@http-nio-8080-exec-3] Loading properties [C:\Users\sergi\Desktop\SERGIO\UNIVERSIDAD\CURSOS\3Tercer Curso\2do CUATRIMESTRE\DP2\Workspace-23\Projects\dp2-acme-l3\Acme-L3-D03\target\classes\WEB-INF\views\fragments\footer-en.i18n] with encoding 'utf-8' 
2023-04-21 14:04:03.997 DEBUG [acme.framework.components.extensions.ExtendedMessageSource@http-nio-8080-exec-3] Loading properties [C:\Users\sergi\Desktop\SERGIO\UNIVERSIDAD\CURSOS\3Tercer Curso\2do CUATRIMESTRE\DP2\Workspace-23\Projects\dp2-acme-l3\Acme-L3-D03\target\classes\WEB-INF\views\fragments\license-en.i18n] with encoding 'utf-8' 
2023-04-21 14:04:03.998 DEBUG [acme.framework.components.extensions.ExtendedMessageSource@http-nio-8080-exec-3] Loading properties [C:\Users\sergi\Desktop\SERGIO\UNIVERSIDAD\CURSOS\3Tercer Curso\2do CUATRIMESTRE\DP2\Workspace-23\Projects\dp2-acme-l3\Acme-L3-D03\target\classes\WEB-INF\views\fragments\menu-en.i18n] with encoding 'utf-8' 
2023-04-21 14:04:03.999 DEBUG [acme.framework.components.extensions.ExtendedMessageSource@http-nio-8080-exec-3] Loading properties [C:\Users\sergi\Desktop\SERGIO\UNIVERSIDAD\CURSOS\3Tercer Curso\2do CUATRIMESTRE\DP2\Workspace-23\Projects\dp2-acme-l3\Acme-L3-D03\target\classes\WEB-INF\views\fragments\messsages-en.i18n] with encoding 'utf-8' 
2023-04-21 14:04:04 DEBUG [acme.framework.components.extensions.ExtendedMessageSource@http-nio-8080-exec-3] Loading properties [C:\Users\sergi\Desktop\SERGIO\UNIVERSIDAD\CURSOS\3Tercer Curso\2do CUATRIMESTRE\DP2\Workspace-23\Projects\dp2-acme-l3\Acme-L3-D03\target\classes\WEB-INF\views\fragments\title-en.i18n] with encoding 'utf-8' 
2023-04-21 14:04:04.001 DEBUG [acme.framework.components.extensions.ExtendedMessageSource@http-nio-8080-exec-3] Loading properties [C:\Users\sergi\Desktop\SERGIO\UNIVERSIDAD\CURSOS\3Tercer Curso\2do CUATRIMESTRE\DP2\Workspace-23\Projects\dp2-acme-l3\Acme-L3-D03\target\classes\WEB-INF\views\fragments\welcome-en.i18n] with encoding 'utf-8' 
2023-04-21 14:04:04.001 DEBUG [acme.framework.components.extensions.ExtendedMessageSource@http-nio-8080-exec-3] Loading properties [C:\Users\sergi\Desktop\SERGIO\UNIVERSIDAD\CURSOS\3Tercer Curso\2do CUATRIMESTRE\DP2\Workspace-23\Projects\dp2-acme-l3\Acme-L3-D03\target\classes\WEB-INF\views\lecturer\course\messages-en.i18n] with encoding 'utf-8' 
2023-04-21 14:04:04.002 DEBUG [acme.framework.components.extensions.ExtendedMessageSource@http-nio-8080-exec-3] Loading properties [C:\Users\sergi\Desktop\SERGIO\UNIVERSIDAD\CURSOS\3Tercer Curso\2do CUATRIMESTRE\DP2\Workspace-23\Projects\dp2-acme-l3\Acme-L3-D03\target\classes\WEB-INF\views\master\defaults-en.i18n] with encoding 'utf-8' 
2023-04-21 14:04:04.003 DEBUG [acme.framework.components.extensions.ExtendedMessageSource@http-nio-8080-exec-3] Loading properties [C:\Users\sergi\Desktop\SERGIO\UNIVERSIDAD\CURSOS\3Tercer Curso\2do CUATRIMESTRE\DP2\Workspace-23\Projects\dp2-acme-l3\Acme-L3-D03\target\classes\WEB-INF\views\master\master-en.i18n] with encoding 'utf-8' 
2023-04-21 14:04:04.004 DEBUG [acme.framework.components.extensions.ExtendedMessageSource@http-nio-8080-exec-3] Loading properties [C:\Users\sergi\Desktop\SERGIO\UNIVERSIDAD\CURSOS\3Tercer Curso\2do CUATRIMESTRE\DP2\Workspace-23\Projects\dp2-acme-l3\Acme-L3-D03\target\classes\WEB-INF\views\master\panic-en.i18n] with encoding 'utf-8' 
2023-04-21 14:04:04.005 DEBUG [acme.framework.components.extensions.ExtendedMessageSource@http-nio-8080-exec-3] Loading properties [C:\Users\sergi\Desktop\SERGIO\UNIVERSIDAD\CURSOS\3Tercer Curso\2do CUATRIMESTRE\DP2\Workspace-23\Projects\dp2-acme-l3\Acme-L3-D03\target\classes\WEB-INF\views\master\throwables-en.i18n] with encoding 'utf-8' 
2023-04-21 14:04:04.005 DEBUG [acme.framework.components.extensions.ExtendedMessageSource@http-nio-8080-exec-3] Loading properties [C:\Users\sergi\Desktop\SERGIO\UNIVERSIDAD\CURSOS\3Tercer Curso\2do CUATRIMESTRE\DP2\Workspace-23\Projects\dp2-acme-l3\Acme-L3-D03\target\classes\WEB-INF\views\master\validation-en.i18n] with encoding 'utf-8' 
2023-04-21 14:04:04.006 DEBUG [acme.framework.components.extensions.ExtendedMessageSource@http-nio-8080-exec-3] Loading properties [C:\Users\sergi\Desktop\SERGIO\UNIVERSIDAD\CURSOS\3Tercer Curso\2do CUATRIMESTRE\DP2\Workspace-23\Projects\dp2-acme-l3\Acme-L3-D03\target\classes\WEB-INF\views\student\activity\messages-en.i18n] with encoding 'utf-8' 
2023-04-21 14:04:04.007 DEBUG [acme.framework.components.extensions.ExtendedMessageSource@http-nio-8080-exec-3] Loading properties [C:\Users\sergi\Desktop\SERGIO\UNIVERSIDAD\CURSOS\3Tercer Curso\2do CUATRIMESTRE\DP2\Workspace-23\Projects\dp2-acme-l3\Acme-L3-D03\target\classes\WEB-INF\views\student\course\messages-en.i18n] with encoding 'utf-8' 
2023-04-21 14:04:04.008 DEBUG [acme.framework.components.extensions.ExtendedMessageSource@http-nio-8080-exec-3] Loading properties [C:\Users\sergi\Desktop\SERGIO\UNIVERSIDAD\CURSOS\3Tercer Curso\2do CUATRIMESTRE\DP2\Workspace-23\Projects\dp2-acme-l3\Acme-L3-D03\target\classes\WEB-INF\views\student\enrolment\messages-en.i18n] with encoding 'utf-8' 
2023-04-21 14:04:04.009 DEBUG [acme.framework.components.extensions.ExtendedMessageSource@http-nio-8080-exec-3] Loading properties [C:\Users\sergi\Desktop\SERGIO\UNIVERSIDAD\CURSOS\3Tercer Curso\2do CUATRIMESTRE\DP2\Workspace-23\Projects\dp2-acme-l3\Acme-L3-D03\target\classes\WEB-INF\views\student\lecture\messages-en.i18n] with encoding 'utf-8' 
2023-04-21 14:04:04.010 DEBUG [acme.framework.components.extensions.ExtendedMessageSource@http-nio-8080-exec-3] Loading properties [C:\Users\sergi\Desktop\SERGIO\UNIVERSIDAD\CURSOS\3Tercer Curso\2do CUATRIMESTRE\DP2\Workspace-23\Projects\dp2-acme-l3\Acme-L3-D03\target\classes\WEB-INF\views\student\student-dashboard\messages-en.i18n] with encoding 'utf-8' 
2023-04-21 14:04:04.039 DEBUG [acme.framework.components.extensions.ExtendedMessageSource@http-nio-8080-exec-3] Loading properties [C:\Users\sergi\Desktop\SERGIO\UNIVERSIDAD\CURSOS\3Tercer Curso\2do CUATRIMESTRE\DP2\Workspace-23\Projects\dp2-acme-l3\Acme-L3-D03\target\classes\WEB-INF\views\administrator\banner\messages-es.i18n] with encoding 'utf-8' 
2023-04-21 14:04:04.040 DEBUG [acme.framework.components.extensions.ExtendedMessageSource@http-nio-8080-exec-3] Loading properties [C:\Users\sergi\Desktop\SERGIO\UNIVERSIDAD\CURSOS\3Tercer Curso\2do CUATRIMESTRE\DP2\Workspace-23\Projects\dp2-acme-l3\Acme-L3-D03\target\classes\WEB-INF\views\administrator\bulletin\messages-es.i18n] with encoding 'utf-8' 
2023-04-21 14:04:04.042 DEBUG [acme.framework.components.extensions.ExtendedMessageSource@http-nio-8080-exec-3] Loading properties [C:\Users\sergi\Desktop\SERGIO\UNIVERSIDAD\CURSOS\3Tercer Curso\2do CUATRIMESTRE\DP2\Workspace-23\Projects\dp2-acme-l3\Acme-L3-D03\target\classes\WEB-INF\views\administrator\offer\messsages-es.i18n] with encoding 'utf-8' 
2023-04-21 14:04:04.042 DEBUG [acme.framework.components.extensions.ExtendedMessageSource@http-nio-8080-exec-3] Loading properties [C:\Users\sergi\Desktop\SERGIO\UNIVERSIDAD\CURSOS\3Tercer Curso\2do CUATRIMESTRE\DP2\Workspace-23\Projects\dp2-acme-l3\Acme-L3-D03\target\classes\WEB-INF\views\administrator\system-configuration\messsages-es.i18n] with encoding 'utf-8' 
2023-04-21 14:04:04.043 DEBUG [acme.framework.components.extensions.ExtendedMessageSource@http-nio-8080-exec-3] Loading properties [C:\Users\sergi\Desktop\SERGIO\UNIVERSIDAD\CURSOS\3Tercer Curso\2do CUATRIMESTRE\DP2\Workspace-23\Projects\dp2-acme-l3\Acme-L3-D03\target\classes\WEB-INF\views\administrator\user-account\messages-es.i18n] with encoding 'utf-8' 
2023-04-21 14:04:04.044 DEBUG [acme.framework.components.extensions.ExtendedMessageSource@http-nio-8080-exec-3] Loading properties [C:\Users\sergi\Desktop\SERGIO\UNIVERSIDAD\CURSOS\3Tercer Curso\2do CUATRIMESTRE\DP2\Workspace-23\Projects\dp2-acme-l3\Acme-L3-D03\target\classes\WEB-INF\views\anonymous\user-account\messages-es.i18n] with encoding 'utf-8' 
2023-04-21 14:04:04.045 DEBUG [acme.framework.components.extensions.ExtendedMessageSource@http-nio-8080-exec-3] Loading properties [C:\Users\sergi\Desktop\SERGIO\UNIVERSIDAD\CURSOS\3Tercer Curso\2do CUATRIMESTRE\DP2\Workspace-23\Projects\dp2-acme-l3\Acme-L3-D03\target\classes\WEB-INF\views\any\course\message-es.i18n] with encoding 'utf-8' 
2023-04-21 14:04:04.047 DEBUG [acme.framework.components.extensions.ExtendedMessageSource@http-nio-8080-exec-3] Loading properties [C:\Users\sergi\Desktop\SERGIO\UNIVERSIDAD\CURSOS\3Tercer Curso\2do CUATRIMESTRE\DP2\Workspace-23\Projects\dp2-acme-l3\Acme-L3-D03\target\classes\WEB-INF\views\any\peep\messages-es.i18n] with encoding 'utf-8' 
2023-04-21 14:04:04.048 DEBUG [acme.framework.components.extensions.ExtendedMessageSource@http-nio-8080-exec-3] Loading properties [C:\Users\sergi\Desktop\SERGIO\UNIVERSIDAD\CURSOS\3Tercer Curso\2do CUATRIMESTRE\DP2\Workspace-23\Projects\dp2-acme-l3\Acme-L3-D03\target\classes\WEB-INF\views\assistant\tutorial\messages-es.i18n] with encoding 'utf-8' 
2023-04-21 14:04:04.049 DEBUG [acme.framework.components.extensions.ExtendedMessageSource@http-nio-8080-exec-3] Loading properties [C:\Users\sergi\Desktop\SERGIO\UNIVERSIDAD\CURSOS\3Tercer Curso\2do CUATRIMESTRE\DP2\Workspace-23\Projects\dp2-acme-l3\Acme-L3-D03\target\classes\WEB-INF\views\assistant\tutorial-session\messages-es.i18n] with encoding 'utf-8' 
2023-04-21 14:04:04.050 DEBUG [acme.framework.components.extensions.ExtendedMessageSource@http-nio-8080-exec-3] Loading properties [C:\Users\sergi\Desktop\SERGIO\UNIVERSIDAD\CURSOS\3Tercer Curso\2do CUATRIMESTRE\DP2\Workspace-23\Projects\dp2-acme-l3\Acme-L3-D03\target\classes\WEB-INF\views\auditor\audit\messages-es.i18n] with encoding 'utf-8' 
2023-04-21 14:04:04.051 DEBUG [acme.framework.components.extensions.ExtendedMessageSource@http-nio-8080-exec-3] Loading properties [C:\Users\sergi\Desktop\SERGIO\UNIVERSIDAD\CURSOS\3Tercer Curso\2do CUATRIMESTRE\DP2\Workspace-23\Projects\dp2-acme-l3\Acme-L3-D03\target\classes\WEB-INF\views\auditor\auditing-record\messages-es.i18n] with encoding 'utf-8' 
2023-04-21 14:04:04.052 DEBUG [acme.framework.components.extensions.ExtendedMessageSource@http-nio-8080-exec-3] Loading properties [C:\Users\sergi\Desktop\SERGIO\UNIVERSIDAD\CURSOS\3Tercer Curso\2do CUATRIMESTRE\DP2\Workspace-23\Projects\dp2-acme-l3\Acme-L3-D03\target\classes\WEB-INF\views\authenticated\assistant\messsages-es.i18n] with encoding 'utf-8' 
2023-04-21 14:04:04.053 DEBUG [acme.framework.components.extensions.ExtendedMessageSource@http-nio-8080-exec-3] Loading properties [C:\Users\sergi\Desktop\SERGIO\UNIVERSIDAD\CURSOS\3Tercer Curso\2do CUATRIMESTRE\DP2\Workspace-23\Projects\dp2-acme-l3\Acme-L3-D03\target\classes\WEB-INF\views\authenticated\audit\messsages-es.i18n] with encoding 'utf-8' 
2023-04-21 14:04:04.054 DEBUG [acme.framework.components.extensions.ExtendedMessageSource@http-nio-8080-exec-3] Loading properties [C:\Users\sergi\Desktop\SERGIO\UNIVERSIDAD\CURSOS\3Tercer Curso\2do CUATRIMESTRE\DP2\Workspace-23\Projects\dp2-acme-l3\Acme-L3-D03\target\classes\WEB-INF\views\authenticated\auditor\messages-es.i18n] with encoding 'utf-8' 
2023-04-21 14:04:04.055 DEBUG [acme.framework.components.extensions.ExtendedMessageSource@http-nio-8080-exec-3] Loading properties [C:\Users\sergi\Desktop\SERGIO\UNIVERSIDAD\CURSOS\3Tercer Curso\2do CUATRIMESTRE\DP2\Workspace-23\Projects\dp2-acme-l3\Acme-L3-D03\target\classes\WEB-INF\views\authenticated\bulletin\messsages-es.i18n] with encoding 'utf-8' 
2023-04-21 14:04:04.056 DEBUG [acme.framework.components.extensions.ExtendedMessageSource@http-nio-8080-exec-3] Loading properties [C:\Users\sergi\Desktop\SERGIO\UNIVERSIDAD\CURSOS\3Tercer Curso\2do CUATRIMESTRE\DP2\Workspace-23\Projects\dp2-acme-l3\Acme-L3-D03\target\classes\WEB-INF\views\authenticated\company\messsages-es.i18n] with encoding 'utf-8' 
2023-04-21 14:04:04.057 DEBUG [acme.framework.components.extensions.ExtendedMessageSource@http-nio-8080-exec-3] Loading properties [C:\Users\sergi\Desktop\SERGIO\UNIVERSIDAD\CURSOS\3Tercer Curso\2do CUATRIMESTRE\DP2\Workspace-23\Projects\dp2-acme-l3\Acme-L3-D03\target\classes\WEB-INF\views\authenticated\course\message-es.i18n] with encoding 'utf-8' 
2023-04-21 14:04:04.058 DEBUG [acme.framework.components.extensions.ExtendedMessageSource@http-nio-8080-exec-3] Loading properties [C:\Users\sergi\Desktop\SERGIO\UNIVERSIDAD\CURSOS\3Tercer Curso\2do CUATRIMESTRE\DP2\Workspace-23\Projects\dp2-acme-l3\Acme-L3-D03\target\classes\WEB-INF\views\authenticated\lecturer\messages-es.i18n] with encoding 'utf-8' 
2023-04-21 14:04:04.059 DEBUG [acme.framework.components.extensions.ExtendedMessageSource@http-nio-8080-exec-3] Loading properties [C:\Users\sergi\Desktop\SERGIO\UNIVERSIDAD\CURSOS\3Tercer Curso\2do CUATRIMESTRE\DP2\Workspace-23\Projects\dp2-acme-l3\Acme-L3-D03\target\classes\WEB-INF\views\authenticated\note\messages-es.i18n] with encoding 'utf-8' 
2023-04-21 14:04:04.060 DEBUG [acme.framework.components.extensions.ExtendedMessageSource@http-nio-8080-exec-3] Loading properties [C:\Users\sergi\Desktop\SERGIO\UNIVERSIDAD\CURSOS\3Tercer Curso\2do CUATRIMESTRE\DP2\Workspace-23\Projects\dp2-acme-l3\Acme-L3-D03\target\classes\WEB-INF\views\authenticated\offer\messsages-es.i18n] with encoding 'utf-8' 
2023-04-21 14:04:04.061 DEBUG [acme.framework.components.extensions.ExtendedMessageSource@http-nio-8080-exec-3] Loading properties [C:\Users\sergi\Desktop\SERGIO\UNIVERSIDAD\CURSOS\3Tercer Curso\2do CUATRIMESTRE\DP2\Workspace-23\Projects\dp2-acme-l3\Acme-L3-D03\target\classes\WEB-INF\views\authenticated\practicum\messsages-es.i18n] with encoding 'utf-8' 
2023-04-21 14:04:04.062 DEBUG [acme.framework.components.extensions.ExtendedMessageSource@http-nio-8080-exec-3] Loading properties [C:\Users\sergi\Desktop\SERGIO\UNIVERSIDAD\CURSOS\3Tercer Curso\2do CUATRIMESTRE\DP2\Workspace-23\Projects\dp2-acme-l3\Acme-L3-D03\target\classes\WEB-INF\views\authenticated\student\messages-es.i18n] with encoding 'utf-8' 
2023-04-21 14:04:04.063 DEBUG [acme.framework.components.extensions.ExtendedMessageSource@http-nio-8080-exec-3] Loading properties [C:\Users\sergi\Desktop\SERGIO\UNIVERSIDAD\CURSOS\3Tercer Curso\2do CUATRIMESTRE\DP2\Workspace-23\Projects\dp2-acme-l3\Acme-L3-D03\target\classes\WEB-INF\views\authenticated\tutorial\messsages-es.i18n] with encoding 'utf-8' 
2023-04-21 14:04:04.064 DEBUG [acme.framework.components.extensions.ExtendedMessageSource@http-nio-8080-exec-3] Loading properties [C:\Users\sergi\Desktop\SERGIO\UNIVERSIDAD\CURSOS\3Tercer Curso\2do CUATRIMESTRE\DP2\Workspace-23\Projects\dp2-acme-l3\Acme-L3-D03\target\classes\WEB-INF\views\authenticated\user-account\messages-es.i18n] with encoding 'utf-8' 
2023-04-21 14:04:04.065 DEBUG [acme.framework.components.extensions.ExtendedMessageSource@http-nio-8080-exec-3] Loading properties [C:\Users\sergi\Desktop\SERGIO\UNIVERSIDAD\CURSOS\3Tercer Curso\2do CUATRIMESTRE\DP2\Workspace-23\Projects\dp2-acme-l3\Acme-L3-D03\target\classes\WEB-INF\views\company\company-dashboard\messages-es.i18n] with encoding 'utf-8' 
2023-04-21 14:04:04.066 DEBUG [acme.framework.components.extensions.ExtendedMessageSource@http-nio-8080-exec-3] Loading properties [C:\Users\sergi\Desktop\SERGIO\UNIVERSIDAD\CURSOS\3Tercer Curso\2do CUATRIMESTRE\DP2\Workspace-23\Projects\dp2-acme-l3\Acme-L3-D03\target\classes\WEB-INF\views\company\practicum\messsages-es.i18n] with encoding 'utf-8' 
2023-04-21 14:04:04.067 DEBUG [acme.framework.components.extensions.ExtendedMessageSource@http-nio-8080-exec-3] Loading properties [C:\Users\sergi\Desktop\SERGIO\UNIVERSIDAD\CURSOS\3Tercer Curso\2do CUATRIMESTRE\DP2\Workspace-23\Projects\dp2-acme-l3\Acme-L3-D03\target\classes\WEB-INF\views\company\practicum-session\messsages-es.i18n] with encoding 'utf-8' 
2023-04-21 14:04:04.068 DEBUG [acme.framework.components.extensions.ExtendedMessageSource@http-nio-8080-exec-3] Loading properties [C:\Users\sergi\Desktop\SERGIO\UNIVERSIDAD\CURSOS\3Tercer Curso\2do CUATRIMESTRE\DP2\Workspace-23\Projects\dp2-acme-l3\Acme-L3-D03\target\classes\WEB-INF\views\fragments\banner-es.i18n] with encoding 'utf-8' 
2023-04-21 14:04:04.069 DEBUG [acme.framework.components.extensions.ExtendedMessageSource@http-nio-8080-exec-3] Loading properties [C:\Users\sergi\Desktop\SERGIO\UNIVERSIDAD\CURSOS\3Tercer Curso\2do CUATRIMESTRE\DP2\Workspace-23\Projects\dp2-acme-l3\Acme-L3-D03\target\classes\WEB-INF\views\fragments\company-es.i18n] with encoding 'utf-8' 
2023-04-21 14:04:04.070 DEBUG [acme.framework.components.extensions.ExtendedMessageSource@http-nio-8080-exec-3] Loading properties [C:\Users\sergi\Desktop\SERGIO\UNIVERSIDAD\CURSOS\3Tercer Curso\2do CUATRIMESTRE\DP2\Workspace-23\Projects\dp2-acme-l3\Acme-L3-D03\target\classes\WEB-INF\views\fragments\footer-es.i18n] with encoding 'utf-8' 
2023-04-21 14:04:04.071 DEBUG [acme.framework.components.extensions.ExtendedMessageSource@http-nio-8080-exec-3] Loading properties [C:\Users\sergi\Desktop\SERGIO\UNIVERSIDAD\CURSOS\3Tercer Curso\2do CUATRIMESTRE\DP2\Workspace-23\Projects\dp2-acme-l3\Acme-L3-D03\target\classes\WEB-INF\views\fragments\license-es.i18n] with encoding 'utf-8' 
2023-04-21 14:04:04.072 DEBUG [acme.framework.components.extensions.ExtendedMessageSource@http-nio-8080-exec-3] Loading properties [C:\Users\sergi\Desktop\SERGIO\UNIVERSIDAD\CURSOS\3Tercer Curso\2do CUATRIMESTRE\DP2\Workspace-23\Projects\dp2-acme-l3\Acme-L3-D03\target\classes\WEB-INF\views\fragments\menu-es.i18n] with encoding 'utf-8' 
2023-04-21 14:04:04.074 DEBUG [acme.framework.components.extensions.ExtendedMessageSource@http-nio-8080-exec-3] Loading properties [C:\Users\sergi\Desktop\SERGIO\UNIVERSIDAD\CURSOS\3Tercer Curso\2do CUATRIMESTRE\DP2\Workspace-23\Projects\dp2-acme-l3\Acme-L3-D03\target\classes\WEB-INF\views\fragments\messsages-es.i18n] with encoding 'utf-8' 
2023-04-21 14:04:04.074 DEBUG [acme.framework.components.extensions.ExtendedMessageSource@http-nio-8080-exec-3] Loading properties [C:\Users\sergi\Desktop\SERGIO\UNIVERSIDAD\CURSOS\3Tercer Curso\2do CUATRIMESTRE\DP2\Workspace-23\Projects\dp2-acme-l3\Acme-L3-D03\target\classes\WEB-INF\views\fragments\title-es.i18n] with encoding 'utf-8' 
2023-04-21 14:04:04.075 DEBUG [acme.framework.components.extensions.ExtendedMessageSource@http-nio-8080-exec-3] Loading properties [C:\Users\sergi\Desktop\SERGIO\UNIVERSIDAD\CURSOS\3Tercer Curso\2do CUATRIMESTRE\DP2\Workspace-23\Projects\dp2-acme-l3\Acme-L3-D03\target\classes\WEB-INF\views\fragments\welcome-es.i18n] with encoding 'utf-8' 
2023-04-21 14:04:04.076 DEBUG [acme.framework.components.extensions.ExtendedMessageSource@http-nio-8080-exec-3] Loading properties [C:\Users\sergi\Desktop\SERGIO\UNIVERSIDAD\CURSOS\3Tercer Curso\2do CUATRIMESTRE\DP2\Workspace-23\Projects\dp2-acme-l3\Acme-L3-D03\target\classes\WEB-INF\views\lecturer\course\messages-es.i18n] with encoding 'utf-8' 
2023-04-21 14:04:04.077 DEBUG [acme.framework.components.extensions.ExtendedMessageSource@http-nio-8080-exec-3] Loading properties [C:\Users\sergi\Desktop\SERGIO\UNIVERSIDAD\CURSOS\3Tercer Curso\2do CUATRIMESTRE\DP2\Workspace-23\Projects\dp2-acme-l3\Acme-L3-D03\target\classes\WEB-INF\views\master\defaults-es.i18n] with encoding 'utf-8' 
2023-04-21 14:04:04.078 DEBUG [acme.framework.components.extensions.ExtendedMessageSource@http-nio-8080-exec-3] Loading properties [C:\Users\sergi\Desktop\SERGIO\UNIVERSIDAD\CURSOS\3Tercer Curso\2do CUATRIMESTRE\DP2\Workspace-23\Projects\dp2-acme-l3\Acme-L3-D03\target\classes\WEB-INF\views\master\master-es.i18n] with encoding 'utf-8' 
2023-04-21 14:04:04.079 DEBUG [acme.framework.components.extensions.ExtendedMessageSource@http-nio-8080-exec-3] Loading properties [C:\Users\sergi\Desktop\SERGIO\UNIVERSIDAD\CURSOS\3Tercer Curso\2do CUATRIMESTRE\DP2\Workspace-23\Projects\dp2-acme-l3\Acme-L3-D03\target\classes\WEB-INF\views\master\panic-es.i18n] with encoding 'utf-8' 
2023-04-21 14:04:04.080 DEBUG [acme.framework.components.extensions.ExtendedMessageSource@http-nio-8080-exec-3] Loading properties [C:\Users\sergi\Desktop\SERGIO\UNIVERSIDAD\CURSOS\3Tercer Curso\2do CUATRIMESTRE\DP2\Workspace-23\Projects\dp2-acme-l3\Acme-L3-D03\target\classes\WEB-INF\views\master\throwables-es.i18n] with encoding 'utf-8' 
2023-04-21 14:04:04.080 DEBUG [acme.framework.components.extensions.ExtendedMessageSource@http-nio-8080-exec-3] Loading properties [C:\Users\sergi\Desktop\SERGIO\UNIVERSIDAD\CURSOS\3Tercer Curso\2do CUATRIMESTRE\DP2\Workspace-23\Projects\dp2-acme-l3\Acme-L3-D03\target\classes\WEB-INF\views\master\validation-es.i18n] with encoding 'utf-8' 
2023-04-21 14:04:04.081 DEBUG [acme.framework.components.extensions.ExtendedMessageSource@http-nio-8080-exec-3] Loading properties [C:\Users\sergi\Desktop\SERGIO\UNIVERSIDAD\CURSOS\3Tercer Curso\2do CUATRIMESTRE\DP2\Workspace-23\Projects\dp2-acme-l3\Acme-L3-D03\target\classes\WEB-INF\views\student\activity\messages-es.i18n] with encoding 'utf-8' 
2023-04-21 14:04:04.083 DEBUG [acme.framework.components.extensions.ExtendedMessageSource@http-nio-8080-exec-3] Loading properties [C:\Users\sergi\Desktop\SERGIO\UNIVERSIDAD\CURSOS\3Tercer Curso\2do CUATRIMESTRE\DP2\Workspace-23\Projects\dp2-acme-l3\Acme-L3-D03\target\classes\WEB-INF\views\student\course\messages-es.i18n] with encoding 'utf-8' 
2023-04-21 14:04:04.083 DEBUG [acme.framework.components.extensions.ExtendedMessageSource@http-nio-8080-exec-3] Loading properties [C:\Users\sergi\Desktop\SERGIO\UNIVERSIDAD\CURSOS\3Tercer Curso\2do CUATRIMESTRE\DP2\Workspace-23\Projects\dp2-acme-l3\Acme-L3-D03\target\classes\WEB-INF\views\student\enrolment\messages-es.i18n] with encoding 'utf-8' 
2023-04-21 14:04:04.084 DEBUG [acme.framework.components.extensions.ExtendedMessageSource@http-nio-8080-exec-3] Loading properties [C:\Users\sergi\Desktop\SERGIO\UNIVERSIDAD\CURSOS\3Tercer Curso\2do CUATRIMESTRE\DP2\Workspace-23\Projects\dp2-acme-l3\Acme-L3-D03\target\classes\WEB-INF\views\student\lecture\messages-es.i18n] with encoding 'utf-8' 
2023-04-21 14:04:04.085 DEBUG [acme.framework.components.extensions.ExtendedMessageSource@http-nio-8080-exec-3] Loading properties [C:\Users\sergi\Desktop\SERGIO\UNIVERSIDAD\CURSOS\3Tercer Curso\2do CUATRIMESTRE\DP2\Workspace-23\Projects\dp2-acme-l3\Acme-L3-D03\target\classes\WEB-INF\views\student\student-dashboard\messages-es.i18n] with encoding 'utf-8' 
2023-04-21 14:04:04.300 DEBUG [org.apache.jasper.servlet.JspServlet@http-nio-8080-exec-3] JspEngine --> /WEB-INF/views/fragments/welcome.jsp 
2023-04-21 14:04:04.301 DEBUG [org.apache.jasper.servlet.JspServlet@http-nio-8080-exec-3] ServletPath: /WEB-INF/views/master/page.jsp 
2023-04-21 14:04:04.301 DEBUG [org.apache.jasper.servlet.JspServlet@http-nio-8080-exec-3] PathInfo: null 
2023-04-21 14:04:04.303 DEBUG [org.apache.jasper.servlet.JspServlet@http-nio-8080-exec-3] RealPath: C:\Users\sergi\Desktop\SERGIO\UNIVERSIDAD\CURSOS\3Tercer Curso\2do CUATRIMESTRE\DP2\Workspace-23\Projects\dp2-acme-l3\Acme-L3-D03\target\classes\WEB-INF\views\fragments\welcome.jsp 
2023-04-21 14:04:04.304 DEBUG [org.apache.jasper.servlet.JspServlet@http-nio-8080-exec-3] RequestURI: /acme-l3-d03/WEB-INF/views/master/page.jsp 
2023-04-21 14:04:04.304 DEBUG [org.apache.jasper.servlet.JspServlet@http-nio-8080-exec-3] QueryString: null 
2023-04-21 14:04:04.661 DEBUG [org.hibernate.SQL@http-nio-8080-exec-3] select useraccoun0_.id as id1_0_, useraccoun0_.version as version2_0_, useraccoun0_.enabled as enabled1_28_, useraccoun0_.identity as identity2_28_, useraccoun0_.password as password3_28_, useraccoun0_.username as username4_28_ from user_account useraccoun0_ where useraccoun0_.username=? 
2023-04-21 14:04:04.702 TRACE [org.hibernate.type.descriptor.sql.BasicBinder@http-nio-8080-exec-3] binding parameter [1] as [VARCHAR] - [anonymous] 
2023-04-21 14:04:04.820 DEBUG [org.hibernate.SQL@http-nio-8080-exec-3] select userroles0_.user_account_id as user_acc1_1_0_, userroles0_.id as id1_1_0_, userroles0_.id as id1_0_1_, userroles0_.version as version2_0_1_, userroles0_.user_account_id as user_acc1_1_1_, userroles0_.expertise_fields as expertis1_6_1_, userroles0_.more_info as more_inf2_6_1_, userroles0_.resume as resume3_6_1_, userroles0_.supervisor as supervis4_6_1_, userroles0_.certifications as certific1_9_1_, userroles0_.firm as firm2_9_1_, userroles0_.more_info as more_inf3_9_1_, userroles0_.professional_id as professi4_9_1_, userroles0_.vat as vat1_13_1_, userroles0_.link as link2_13_1_, userroles0_.name as name3_13_1_, userroles0_.summary as summary4_13_1_, userroles0_.alma_mater as alma_mat1_17_1_, userroles0_.more_info as more_inf2_17_1_, userroles0_.qualifications as qualific3_17_1_, userroles0_.resume as resume4_17_1_, userroles0_.more_info as more_inf1_24_1_, userroles0_.statement as statemen2_24_1_, userroles0_.strong_features as strong_f3_24_1_, userroles0_.weak_features as weak_fea4_24_1_, userroles0_.clazz_ as clazz_1_ from ( select id, version, user_account_id, expertise_fields, more_info, resume, supervisor, null as certifications, null as firm, null as professional_id, null as vat, null as link, null as name, null as summary, null as alma_mater, null as qualifications, null as statement, null as strong_features, null as weak_features, 18 as clazz_ from assistant union all select id, version, user_account_id, null as expertise_fields, more_info, null as resume, null as supervisor, certifications, firm, professional_id, null as vat, null as link, null as name, null as summary, null as alma_mater, null as qualifications, null as statement, null as strong_features, null as weak_features, 19 as clazz_ from auditor union all select id, version, user_account_id, null as expertise_fields, null as more_info, null as resume, null as supervisor, null as certifications, null as firm, null as professional_id, vat, link, name, summary, null as alma_mater, null as qualifications, null as statement, null as strong_features, null as weak_features, 20 as clazz_ from company union all select id, version, user_account_id, null as expertise_fields, more_info, resume, null as supervisor, null as certifications, null as firm, null as professional_id, null as vat, null as link, null as name, null as summary, alma_mater, qualifications, null as statement, null as strong_features, null as weak_features, 21 as clazz_ from lecturer union all select id, version, user_account_id, null as expertise_fields, more_info, null as resume, null as supervisor, null as certifications, null as firm, null as professional_id, null as vat, null as link, null as name, null as summary, null as alma_mater, null as qualifications, statement, strong_features, weak_features, 22 as clazz_ from student union all select id, version, user_account_id, null as expertise_fields, null as more_info, null as resume, null as supervisor, null as certifications, null as firm, null as professional_id, null as vat, null as link, null as name, null as summary, null as alma_mater, null as qualifications, null as statement, null as strong_features, null as weak_features, 24 as clazz_ from administrator union all select id, version, user_account_id, null as expertise_fields, null as more_info, null as resume, null as supervisor, null as certifications, null as firm, null as professional_id, null as vat, null as link, null as name, null as summary, null as alma_mater, null as qualifications, null as statement, null as strong_features, null as weak_features, 25 as clazz_ from anonymous union all select id, version, user_account_id, null as expertise_fields, null as more_info, null as resume, null as supervisor, null as certifications, null as firm, null as professional_id, null as vat, null as link, null as name, null as summary, null as alma_mater, null as qualifications, null as statement, null as strong_features, null as weak_features, 26 as clazz_ from any union all select id, version, user_account_id, null as expertise_fields, null as more_info, null as resume, null as supervisor, null as certifications, null as firm, null as professional_id, null as vat, null as link, null as name, null as summary, null as alma_mater, null as qualifications, null as statement, null as strong_features, null as weak_features, 27 as clazz_ from authenticated ) userroles0_ where userroles0_.user_account_id=? 
2023-04-21 14:04:04.826 TRACE [org.hibernate.type.descriptor.sql.BasicBinder@http-nio-8080-exec-3] binding parameter [1] as [INTEGER] - [1] 
2023-04-21 14:05:01.593 DEBUG [acme.framework.controllers.AbstractController@http-nio-8080-exec-1] >>>>>>>>>>>>>>>>>>>>>>>>>>>>>>>>>>>>>>>>>>>>>>>>>>>>>>>>>>>>>>>>>>>>>>>>>>>>>>>> 
2023-04-21 14:05:01.593 DEBUG [acme.framework.controllers.AbstractController@http-nio-8080-exec-1] REQUEST: GET /acme-l3-d03/anonymous/user-account/create 
2023-04-21 14:05:01.593 DEBUG [acme.framework.controllers.AbstractController@http-nio-8080-exec-1] MOMENT:  Sat Jul 30 00:00:00 CEST 2022 
2023-04-21 14:05:01.594 DEBUG [acme.framework.controllers.AbstractController@http-nio-8080-exec-1] COMMAND: create 
2023-04-21 14:05:01.594 DEBUG [acme.framework.controllers.AbstractController@http-nio-8080-exec-1] INPUT:   {} 
2023-04-21 14:05:01.597 DEBUG [org.hibernate.SQL@http-nio-8080-exec-1] select useraccoun0_.id as id1_0_, useraccoun0_.version as version2_0_, useraccoun0_.enabled as enabled1_28_, useraccoun0_.identity as identity2_28_, useraccoun0_.password as password3_28_, useraccoun0_.username as username4_28_ from user_account useraccoun0_ where useraccoun0_.username=? 
2023-04-21 14:05:01.598 TRACE [org.hibernate.type.descriptor.sql.BasicBinder@http-nio-8080-exec-1] binding parameter [1] as [VARCHAR] - [anonymous] 
2023-04-21 14:05:01.600 DEBUG [org.hibernate.SQL@http-nio-8080-exec-1] select userroles0_.user_account_id as user_acc1_1_0_, userroles0_.id as id1_1_0_, userroles0_.id as id1_0_1_, userroles0_.version as version2_0_1_, userroles0_.user_account_id as user_acc1_1_1_, userroles0_.expertise_fields as expertis1_6_1_, userroles0_.more_info as more_inf2_6_1_, userroles0_.resume as resume3_6_1_, userroles0_.supervisor as supervis4_6_1_, userroles0_.certifications as certific1_9_1_, userroles0_.firm as firm2_9_1_, userroles0_.more_info as more_inf3_9_1_, userroles0_.professional_id as professi4_9_1_, userroles0_.vat as vat1_13_1_, userroles0_.link as link2_13_1_, userroles0_.name as name3_13_1_, userroles0_.summary as summary4_13_1_, userroles0_.alma_mater as alma_mat1_17_1_, userroles0_.more_info as more_inf2_17_1_, userroles0_.qualifications as qualific3_17_1_, userroles0_.resume as resume4_17_1_, userroles0_.more_info as more_inf1_24_1_, userroles0_.statement as statemen2_24_1_, userroles0_.strong_features as strong_f3_24_1_, userroles0_.weak_features as weak_fea4_24_1_, userroles0_.clazz_ as clazz_1_ from ( select id, version, user_account_id, expertise_fields, more_info, resume, supervisor, null as certifications, null as firm, null as professional_id, null as vat, null as link, null as name, null as summary, null as alma_mater, null as qualifications, null as statement, null as strong_features, null as weak_features, 18 as clazz_ from assistant union all select id, version, user_account_id, null as expertise_fields, more_info, null as resume, null as supervisor, certifications, firm, professional_id, null as vat, null as link, null as name, null as summary, null as alma_mater, null as qualifications, null as statement, null as strong_features, null as weak_features, 19 as clazz_ from auditor union all select id, version, user_account_id, null as expertise_fields, null as more_info, null as resume, null as supervisor, null as certifications, null as firm, null as professional_id, vat, link, name, summary, null as alma_mater, null as qualifications, null as statement, null as strong_features, null as weak_features, 20 as clazz_ from company union all select id, version, user_account_id, null as expertise_fields, more_info, resume, null as supervisor, null as certifications, null as firm, null as professional_id, null as vat, null as link, null as name, null as summary, alma_mater, qualifications, null as statement, null as strong_features, null as weak_features, 21 as clazz_ from lecturer union all select id, version, user_account_id, null as expertise_fields, more_info, null as resume, null as supervisor, null as certifications, null as firm, null as professional_id, null as vat, null as link, null as name, null as summary, null as alma_mater, null as qualifications, statement, strong_features, weak_features, 22 as clazz_ from student union all select id, version, user_account_id, null as expertise_fields, null as more_info, null as resume, null as supervisor, null as certifications, null as firm, null as professional_id, null as vat, null as link, null as name, null as summary, null as alma_mater, null as qualifications, null as statement, null as strong_features, null as weak_features, 24 as clazz_ from administrator union all select id, version, user_account_id, null as expertise_fields, null as more_info, null as resume, null as supervisor, null as certifications, null as firm, null as professional_id, null as vat, null as link, null as name, null as summary, null as alma_mater, null as qualifications, null as statement, null as strong_features, null as weak_features, 25 as clazz_ from anonymous union all select id, version, user_account_id, null as expertise_fields, null as more_info, null as resume, null as supervisor, null as certifications, null as firm, null as professional_id, null as vat, null as link, null as name, null as summary, null as alma_mater, null as qualifications, null as statement, null as strong_features, null as weak_features, 26 as clazz_ from any union all select id, version, user_account_id, null as expertise_fields, null as more_info, null as resume, null as supervisor, null as certifications, null as firm, null as professional_id, null as vat, null as link, null as name, null as summary, null as alma_mater, null as qualifications, null as statement, null as strong_features, null as weak_features, 27 as clazz_ from authenticated ) userroles0_ where userroles0_.user_account_id=? 
2023-04-21 14:05:01.602 TRACE [org.hibernate.type.descriptor.sql.BasicBinder@http-nio-8080-exec-1] binding parameter [1] as [INTEGER] - [1] 
2023-04-21 14:05:01.646 DEBUG [acme.framework.components.database.DatabaseManager@http-nio-8080-exec-1] Starting transaction e42e896f-6540-4d39-bed4-a2f816601422. 
2023-04-21 14:05:01.707 DEBUG [acme.framework.components.database.DatabaseManager@http-nio-8080-exec-1] Committing transaction e42e896f-6540-4d39-bed4-a2f816601422. 
2023-04-21 14:05:01.711 DEBUG [acme.framework.components.database.DatabaseManager@http-nio-8080-exec-1] Starting transaction 08ec766c-76c5-4837-bde2-f8981dc38e1e. 
2023-04-21 14:05:01.712 DEBUG [acme.framework.components.database.DatabaseManager@http-nio-8080-exec-1] Committing transaction 08ec766c-76c5-4837-bde2-f8981dc38e1e. 
2023-04-21 14:05:01.715 DEBUG [acme.framework.components.clocks.SimulatedClock@http-nio-8080-exec-1] Changing current moment to 'Sat Jul 30 00:00:00 CEST 2022'. 
2023-04-21 14:05:01.716 DEBUG [acme.framework.controllers.AbstractController@http-nio-8080-exec-1] RESPOND: GET /acme-l3-d03/anonymous/user-account/create 
2023-04-21 14:05:01.716 DEBUG [acme.framework.controllers.AbstractController@http-nio-8080-exec-1] MOMENT:  Sat Jul 30 00:00:00 CEST 2022 
2023-04-21 14:05:01.719 DEBUG [acme.framework.controllers.AbstractController@http-nio-8080-exec-1] RESULT:  ModelAndView [view="anonymous/user-account/form"; model={$authorised=true, $checked=true, $oops=null, $view=anonymous/user-account/form, $errors=Errors(map={}), $httpServletResponse=org.springframework.security.web.header.HeaderWriterFilter$HeaderWriterResponse@3bac53c5, password=, identity.name=null, identity.email=null, id=0, confirmation=, identity.surname=null, version=0, username=null, accept=false, $number$tuples=1, _command=create, _method=GET, _server_moment=Sat Jul 30 00:00:00 CEST 2022, _csrf.parameterName=_csrf, _csrf.token=c9de8636-9570-4227-969b-b8ba5a95df52, $request=* Dataset $global: 	$url = "/acme-l3-d03/anonymous/user-account/create" 	$method = <<GET>> 	$command = "create" 	$principal = {username = "anonymous", password = "$2a$05$A8Y2a/2mn2npqYmVmYTQbuJyXm60Kh4ggF8R0kMIKjH7zDKDXuNRi", enabled = false, authorities = [AUTH_Anonymous, AUTH_Any], activeRole = class acme.framework.components.accounts.Anonymous, roleMap = {class acme.framework.components.accounts.Anonymous = 34, class acme.framework.components.accounts.Any = 0}, accountId = 1, $assertionsDisabled = false} 	$locale = {LOCALECACHE = java.util.Locale$Cache@497010d6, ENGLISH = en, FRENCH = fr, GERMAN = de, ITALIAN = it, JAPANESE = ja, KOREAN = ko, CHINESE = zh, SIMPLIFIED_CHINESE = zh_CN, TRADITIONAL_CHINESE = zh_TW, FRANCE = fr_FR, GERMANY = de_DE, ITALY = it_IT, JAPAN = ja_JP, KOREA = ko_KR, CHINA = zh_CN, PRC = zh_CN, TAIWAN = zh_TW, UK = en_GB, US = en_US, CANADA = en_CA, CANADA_FRENCH = fr_CA, ROOT = , PRIVATE_USE_EXTENSION = 'x', UNICODE_LOCALE_EXTENSION = 'u', DISPLAY_LANGUAGE = 0, DISPLAY_COUNTRY = 1, DISPLAY_VARIANT = 2, DISPLAY_SCRIPT = 3, baseLocale = language=es, localeExtensions = null, hashCodeValue = 0, defaultLocale = en, defaultDisplayLocale = en, defaultFormatLocale = en, languageTag = null, serialPersistentFields = [Ljava/lang/String; language, Ljava/lang/String; country, Ljava/lang/String; variant, I hashcode, Ljava/lang/String; script, Ljava/lang/String; extensions], isoLanguages = null, isoCountries = null, $assertionsDisabled = true} 	$httpServletRequest = {LSTRING_FILE = "javax.servlet.LocalStrings", lStrings = java.util.PropertyResourceBundle@5eaae713, request = org.springframework.security.web.header.HeaderWriterFilter$HeaderWriterRequest@5ae51add, trustResolver = org.springframework.security.authentication.AuthenticationTrustResolverImpl@4cd286f4, rolePrefix = "ROLE_", response = org.springframework.security.web.header.HeaderWriterFilter$HeaderWriterResponse@3bac53c5, this$0 = org.springframework.security.web.servletapi.HttpServlet3RequestFactory@37240b3f} * Dataset $data: , $buffer=* Dataset $global: 	$errors = {map = {}, $assertionsDisabled = false} * Dataset $data: 	acme.framework.components.accounts.UserAccount@0 = {id = 0, version = 0, username = null, password = null, enabled = true, identity = DefaultUserIdentity(name=null, surname=null, email=null), userRoles = [AbstractRole(userAccount=UserAccount(username=null))], $assertionsDisabled = false} , $response=* Dataset $global: 	$authorised = true 	$checked = true 	$oops = null 	$view = "anonymous/user-account/form" 	$errors = {map = {}, $assertionsDisabled = false} 	$httpServletResponse = {LSTRING_FILE = "javax.servlet.LocalStrings", lStrings = java.util.PropertyResourceBundle@5eaae713, response = org.springframework.security.web.context.HttpSessionSecurityContextRepository$SaveToSessionResponseWrapper@3d5c6f7e, disableOnCommitted = false, contentLength = 0, contentWritten = 0, request = org.springframework.security.web.context.HttpSessionSecurityContextRepository$SaveToSessionRequestWrapper@65e1bb07, this$0 = org.springframework.security.web.header.HeaderWriterFilter@5444f1c3} * Dataset $data: 	acme.framework.components.models.Tuple@1668808725 = {"password" = "", "identity.name" = null, "identity.email" = null, "id" = 0, "confirmation" = "", "identity.surname" = null, "version" = 0, "username" = null, "accept" = "false"} }] 
2023-04-21 14:05:01.722 DEBUG [acme.framework.controllers.AbstractController@http-nio-8080-exec-1] <<<<<<<<<<<<<<<<<<<<<<<<<<<<<<<<<<<<<<<<<<<<<<<<<<<<<<<<<<<<<<<<<<<<<<<<<<<<<<<< 
2023-04-21 14:05:01.747 DEBUG [acme.framework.components.tiles.DynamicTilesView@http-nio-8080-exec-1] View name 'anonymous/user-account/form', model {$authorised=true, $checked=true, $oops=null, $view=anonymous/user-account/form, $errors=Errors(map={}), $httpServletResponse=org.springframework.security.web.header.HeaderWriterFilter$HeaderWriterResponse@3bac53c5, password=, identity.name=null, identity.email=null, id=0, confirmation=, identity.surname=null, version=0, username=null, accept=false, $number$tuples=1, _command=create, _method=GET, _server_moment=Sat Jul 30 00:00:00 CEST 2022, _csrf.parameterName=_csrf, _csrf.token=c9de8636-9570-4227-969b-b8ba5a95df52, $request=* Dataset $global: 	$url = "/acme-l3-d03/anonymous/user-account/create" 	$method = <<GET>> 	$command = "create" 	$principal = {username = "anonymous", password = "$2a$05$A8Y2a/2mn2npqYmVmYTQbuJyXm60Kh4ggF8R0kMIKjH7zDKDXuNRi", enabled = false, authorities = [AUTH_Anonymous, AUTH_Any], activeRole = class acme.framework.components.accounts.Anonymous, roleMap = {class acme.framework.components.accounts.Anonymous = 34, class acme.framework.components.accounts.Any = 0}, accountId = 1, $assertionsDisabled = false} 	$locale = {LOCALECACHE = java.util.Locale$Cache@497010d6, ENGLISH = en, FRENCH = fr, GERMAN = de, ITALIAN = it, JAPANESE = ja, KOREAN = ko, CHINESE = zh, SIMPLIFIED_CHINESE = zh_CN, TRADITIONAL_CHINESE = zh_TW, FRANCE = fr_FR, GERMANY = de_DE, ITALY = it_IT, JAPAN = ja_JP, KOREA = ko_KR, CHINA = zh_CN, PRC = zh_CN, TAIWAN = zh_TW, UK = en_GB, US = en_US, CANADA = en_CA, CANADA_FRENCH = fr_CA, ROOT = , PRIVATE_USE_EXTENSION = 'x', UNICODE_LOCALE_EXTENSION = 'u', DISPLAY_LANGUAGE = 0, DISPLAY_COUNTRY = 1, DISPLAY_VARIANT = 2, DISPLAY_SCRIPT = 3, baseLocale = language=es, localeExtensions = null, hashCodeValue = 0, defaultLocale = en, defaultDisplayLocale = en, defaultFormatLocale = en, languageTag = null, serialPersistentFields = [Ljava/lang/String; language, Ljava/lang/String; country, Ljava/lang/String; variant, I hashcode, Ljava/lang/String; script, Ljava/lang/String; extensions], isoLanguages = null, isoCountries = null, $assertionsDisabled = true} 	$httpServletRequest = {LSTRING_FILE = "javax.servlet.LocalStrings", lStrings = java.util.PropertyResourceBundle@5eaae713, request = org.springframework.security.web.header.HeaderWriterFilter$HeaderWriterRequest@5ae51add, trustResolver = org.springframework.security.authentication.AuthenticationTrustResolverImpl@4cd286f4, rolePrefix = "ROLE_", response = org.springframework.security.web.header.HeaderWriterFilter$HeaderWriterResponse@3bac53c5, this$0 = org.springframework.security.web.servletapi.HttpServlet3RequestFactory@37240b3f} * Dataset $data: , $buffer=* Dataset $global: 	$errors = {map = {}, $assertionsDisabled = false} * Dataset $data: 	acme.framework.components.accounts.UserAccount@0 = {id = 0, version = 0, username = null, password = null, enabled = true, identity = DefaultUserIdentity(name=null, surname=null, email=null), userRoles = [AbstractRole(userAccount=UserAccount(username=null))], $assertionsDisabled = false} , $response=* Dataset $global: 	$authorised = true 	$checked = true 	$oops = null 	$view = "anonymous/user-account/form" 	$errors = {map = {}, $assertionsDisabled = false} 	$httpServletResponse = {LSTRING_FILE = "javax.servlet.LocalStrings", lStrings = java.util.PropertyResourceBundle@5eaae713, response = org.springframework.security.web.context.HttpSessionSecurityContextRepository$SaveToSessionResponseWrapper@3d5c6f7e, disableOnCommitted = false, contentLength = 0, contentWritten = 0, request = org.springframework.security.web.context.HttpSessionSecurityContextRepository$SaveToSessionRequestWrapper@65e1bb07, this$0 = org.springframework.security.web.header.HeaderWriterFilter@5444f1c3} * Dataset $data: 	acme.framework.components.models.Tuple@1668808725 = {"password" = "", "identity.name" = null, "identity.email" = null, "id" = 0, "confirmation" = "", "identity.surname" = null, "version" = 0, "username" = null, "accept" = "false"} , org.springframework.validation.BindingResult.$errors=org.springframework.validation.BeanPropertyBindingResult: 0 errors, org.springframework.validation.BindingResult.$httpServletResponse=org.springframework.validation.BeanPropertyBindingResult: 0 errors, org.springframework.validation.BindingResult.$request=org.springframework.validation.BeanPropertyBindingResult: 0 errors, org.springframework.validation.BindingResult.$buffer=org.springframework.validation.BeanPropertyBindingResult: 0 errors, org.springframework.validation.BindingResult.$response=org.springframework.validation.BeanPropertyBindingResult: 0 errors} 
2023-04-21 14:05:01.750 DEBUG [org.apache.jasper.servlet.JspServlet@http-nio-8080-exec-1] JspEngine --> /WEB-INF/views/master/page.jsp 
2023-04-21 14:05:01.751 DEBUG [org.apache.jasper.servlet.JspServlet@http-nio-8080-exec-1] ServletPath: /WEB-INF/views/master/page.jsp 
2023-04-21 14:05:01.752 DEBUG [org.apache.jasper.servlet.JspServlet@http-nio-8080-exec-1] PathInfo: null 
2023-04-21 14:05:01.757 DEBUG [org.apache.jasper.servlet.JspServlet@http-nio-8080-exec-1] RealPath: C:\Users\sergi\Desktop\SERGIO\UNIVERSIDAD\CURSOS\3Tercer Curso\2do CUATRIMESTRE\DP2\Workspace-23\Projects\dp2-acme-l3\Acme-L3-D03\target\classes\WEB-INF\views\master\page.jsp 
2023-04-21 14:05:01.758 DEBUG [org.apache.jasper.servlet.JspServlet@http-nio-8080-exec-1] RequestURI: /acme-l3-d03/WEB-INF/views/master/page.jsp 
2023-04-21 14:05:01.759 DEBUG [org.apache.jasper.servlet.JspServlet@http-nio-8080-exec-1] QueryString: null 
2023-04-21 14:05:02.181 DEBUG [org.apache.jasper.servlet.JspServlet@http-nio-8080-exec-1] JspEngine --> /WEB-INF/views/anonymous/user-account/form.jsp 
2023-04-21 14:05:02.182 DEBUG [org.apache.jasper.servlet.JspServlet@http-nio-8080-exec-1] ServletPath: /WEB-INF/views/master/page.jsp 
2023-04-21 14:05:02.183 DEBUG [org.apache.jasper.servlet.JspServlet@http-nio-8080-exec-1] PathInfo: null 
2023-04-21 14:05:02.189 DEBUG [org.apache.jasper.servlet.JspServlet@http-nio-8080-exec-1] RealPath: C:\Users\sergi\Desktop\SERGIO\UNIVERSIDAD\CURSOS\3Tercer Curso\2do CUATRIMESTRE\DP2\Workspace-23\Projects\dp2-acme-l3\Acme-L3-D03\target\classes\WEB-INF\views\anonymous\user-account\form.jsp 
2023-04-21 14:05:02.190 DEBUG [org.apache.jasper.servlet.JspServlet@http-nio-8080-exec-1] RequestURI: /acme-l3-d03/WEB-INF/views/master/page.jsp 
2023-04-21 14:05:02.191 DEBUG [org.apache.jasper.servlet.JspServlet@http-nio-8080-exec-1] QueryString: null 
2023-04-21 14:05:06.513 DEBUG [org.hibernate.SQL@http-nio-8080-exec-1] select useraccoun0_.id as id1_0_, useraccoun0_.version as version2_0_, useraccoun0_.enabled as enabled1_28_, useraccoun0_.identity as identity2_28_, useraccoun0_.password as password3_28_, useraccoun0_.username as username4_28_ from user_account useraccoun0_ where useraccoun0_.username=? 
2023-04-21 14:05:06.514 TRACE [org.hibernate.type.descriptor.sql.BasicBinder@http-nio-8080-exec-1] binding parameter [1] as [VARCHAR] - [anonymous] 
2023-04-21 14:05:06.518 DEBUG [org.hibernate.SQL@http-nio-8080-exec-1] select userroles0_.user_account_id as user_acc1_1_0_, userroles0_.id as id1_1_0_, userroles0_.id as id1_0_1_, userroles0_.version as version2_0_1_, userroles0_.user_account_id as user_acc1_1_1_, userroles0_.expertise_fields as expertis1_6_1_, userroles0_.more_info as more_inf2_6_1_, userroles0_.resume as resume3_6_1_, userroles0_.supervisor as supervis4_6_1_, userroles0_.certifications as certific1_9_1_, userroles0_.firm as firm2_9_1_, userroles0_.more_info as more_inf3_9_1_, userroles0_.professional_id as professi4_9_1_, userroles0_.vat as vat1_13_1_, userroles0_.link as link2_13_1_, userroles0_.name as name3_13_1_, userroles0_.summary as summary4_13_1_, userroles0_.alma_mater as alma_mat1_17_1_, userroles0_.more_info as more_inf2_17_1_, userroles0_.qualifications as qualific3_17_1_, userroles0_.resume as resume4_17_1_, userroles0_.more_info as more_inf1_24_1_, userroles0_.statement as statemen2_24_1_, userroles0_.strong_features as strong_f3_24_1_, userroles0_.weak_features as weak_fea4_24_1_, userroles0_.clazz_ as clazz_1_ from ( select id, version, user_account_id, expertise_fields, more_info, resume, supervisor, null as certifications, null as firm, null as professional_id, null as vat, null as link, null as name, null as summary, null as alma_mater, null as qualifications, null as statement, null as strong_features, null as weak_features, 18 as clazz_ from assistant union all select id, version, user_account_id, null as expertise_fields, more_info, null as resume, null as supervisor, certifications, firm, professional_id, null as vat, null as link, null as name, null as summary, null as alma_mater, null as qualifications, null as statement, null as strong_features, null as weak_features, 19 as clazz_ from auditor union all select id, version, user_account_id, null as expertise_fields, null as more_info, null as resume, null as supervisor, null as certifications, null as firm, null as professional_id, vat, link, name, summary, null as alma_mater, null as qualifications, null as statement, null as strong_features, null as weak_features, 20 as clazz_ from company union all select id, version, user_account_id, null as expertise_fields, more_info, resume, null as supervisor, null as certifications, null as firm, null as professional_id, null as vat, null as link, null as name, null as summary, alma_mater, qualifications, null as statement, null as strong_features, null as weak_features, 21 as clazz_ from lecturer union all select id, version, user_account_id, null as expertise_fields, more_info, null as resume, null as supervisor, null as certifications, null as firm, null as professional_id, null as vat, null as link, null as name, null as summary, null as alma_mater, null as qualifications, statement, strong_features, weak_features, 22 as clazz_ from student union all select id, version, user_account_id, null as expertise_fields, null as more_info, null as resume, null as supervisor, null as certifications, null as firm, null as professional_id, null as vat, null as link, null as name, null as summary, null as alma_mater, null as qualifications, null as statement, null as strong_features, null as weak_features, 24 as clazz_ from administrator union all select id, version, user_account_id, null as expertise_fields, null as more_info, null as resume, null as supervisor, null as certifications, null as firm, null as professional_id, null as vat, null as link, null as name, null as summary, null as alma_mater, null as qualifications, null as statement, null as strong_features, null as weak_features, 25 as clazz_ from anonymous union all select id, version, user_account_id, null as expertise_fields, null as more_info, null as resume, null as supervisor, null as certifications, null as firm, null as professional_id, null as vat, null as link, null as name, null as summary, null as alma_mater, null as qualifications, null as statement, null as strong_features, null as weak_features, 26 as clazz_ from any union all select id, version, user_account_id, null as expertise_fields, null as more_info, null as resume, null as supervisor, null as certifications, null as firm, null as professional_id, null as vat, null as link, null as name, null as summary, null as alma_mater, null as qualifications, null as statement, null as strong_features, null as weak_features, 27 as clazz_ from authenticated ) userroles0_ where userroles0_.user_account_id=? 
2023-04-21 14:05:06.520 TRACE [org.hibernate.type.descriptor.sql.BasicBinder@http-nio-8080-exec-1] binding parameter [1] as [INTEGER] - [1] 
