2023-04-11 23:21:23.240 INFO  [acme.Launcher@main] Starting Launcher using Java 1.8.0_241 on DESKTOP-IS808ND with PID 3332 (C:\Users\sergi\Desktop\SERGIO\UNIVERSIDAD\CURSOS\3Tercer Curso\2do CUATRIMESTRE\DP2\Workspace-23\Frameworks\Acme-Framework-23.3.1\target\classes started by sergi in C:\Users\sergi\Desktop\SERGIO\UNIVERSIDAD\CURSOS\3Tercer Curso\2do CUATRIMESTRE\DP2\Workspace-23\Projects\dp2-acme-l3\Acme-L3-D03) 
2023-04-11 23:21:23.243 DEBUG [acme.Launcher@main] Running with Spring Boot v2.4.2, Spring v5.3.3 
2023-04-11 23:21:23.245 INFO  [acme.Launcher@main] The following profiles are active: development,runner 
2023-04-11 23:21:27.167 DEBUG [org.apache.jasper.servlet.JasperInitializer@main] Initializing Jasper for context [application] 
2023-04-11 23:21:34.193 DEBUG [org.apache.jasper.servlet.JspServlet@main] Scratch dir for the JSP engine is: [C:\Users\sergi\AppData\Local\Temp\tomcat.8080.55273855097404966\work\Tomcat\localhost\acme-l3-d03] 
2023-04-11 23:21:34.193 DEBUG [org.apache.jasper.servlet.JspServlet@main] IMPORTANT: Do not modify the generated servlets 
2023-04-11 23:21:34.208 INFO  [acme.Launcher@main] Started Launcher in 11.728 seconds (JVM running for 12.381) 
2023-04-11 23:21:34.216 DEBUG [acme.Launcher@main] Found classpath entry '/C:/Users/sergi/Desktop/SERGIO/UNIVERSIDAD/CURSOS/3Tercer%20Curso/2do%20CUATRIMESTRE/DP2/Workspace-23/Projects/dp2-acme-l3/Acme-L3-D03/target/test-classes/' 
2023-04-11 23:21:34.217 DEBUG [acme.Launcher@main] Found classpath entry '/C:/Users/sergi/Desktop/SERGIO/UNIVERSIDAD/CURSOS/3Tercer%20Curso/2do%20CUATRIMESTRE/DP2/Workspace-23/Projects/dp2-acme-l3/Acme-L3-D03/target/classes/' 
2023-04-11 23:21:34.217 DEBUG [acme.Launcher@main] Found classpath entry '/C:/Users/sergi/Desktop/SERGIO/UNIVERSIDAD/CURSOS/3Tercer%20Curso/2do%20CUATRIMESTRE/DP2/Workspace-23/Frameworks/Acme-Framework-23.3.1/target/classes/' 
2023-04-11 23:21:34.217 DEBUG [acme.Launcher@main] Found classpath entry '/C:/Users/sergi/Desktop/SERGIO/UNIVERSIDAD/CURSOS/3Tercer%20Curso/2do%20CUATRIMESTRE/DP2/Workspace-23/Frameworks/Acme-Framework-23.3.1/target/test-classes/' 
2023-04-11 23:21:34.218 DEBUG [acme.Launcher@main] Found classpath entry '/C:/Users/sergi/.m2/repository/org/springframework/boot/spring-boot-starter-tomcat/2.4.2/spring-boot-starter-tomcat-2.4.2.jar' 
2023-04-11 23:21:34.218 DEBUG [acme.Launcher@main] Found classpath entry '/C:/Users/sergi/.m2/repository/jakarta/annotation/jakarta.annotation-api/1.3.5/jakarta.annotation-api-1.3.5.jar' 
2023-04-11 23:21:34.218 DEBUG [acme.Launcher@main] Found classpath entry '/C:/Users/sergi/.m2/repository/org/apache/tomcat/embed/tomcat-embed-core/9.0.41/tomcat-embed-core-9.0.41.jar' 
2023-04-11 23:21:34.219 DEBUG [acme.Launcher@main] Found classpath entry '/C:/Users/sergi/.m2/repository/org/glassfish/jakarta.el/3.0.3/jakarta.el-3.0.3.jar' 
2023-04-11 23:21:34.219 DEBUG [acme.Launcher@main] Found classpath entry '/C:/Users/sergi/.m2/repository/org/apache/tomcat/embed/tomcat-embed-websocket/9.0.41/tomcat-embed-websocket-9.0.41.jar' 
2023-04-11 23:21:34.220 DEBUG [acme.Launcher@main] Found classpath entry '/C:/Users/sergi/.m2/repository/org/apache/tomcat/embed/tomcat-embed-jasper/9.0.41/tomcat-embed-jasper-9.0.41.jar' 
2023-04-11 23:21:34.220 DEBUG [acme.Launcher@main] Found classpath entry '/C:/Users/sergi/.m2/repository/org/apache/tomcat/embed/tomcat-embed-el/9.0.41/tomcat-embed-el-9.0.41.jar' 
2023-04-11 23:21:34.220 DEBUG [acme.Launcher@main] Found classpath entry '/C:/Users/sergi/.m2/repository/org/eclipse/jdt/ecj/3.18.0/ecj-3.18.0.jar' 
2023-04-11 23:21:34.220 DEBUG [acme.Launcher@main] Found classpath entry '/C:/Users/sergi/.m2/repository/javax/servlet/jstl/1.2/jstl-1.2.jar' 
2023-04-11 23:21:34.221 DEBUG [acme.Launcher@main] Found classpath entry '/C:/Users/sergi/.m2/repository/org/springframework/boot/spring-boot-starter-security/2.4.2/spring-boot-starter-security-2.4.2.jar' 
2023-04-11 23:21:34.221 DEBUG [acme.Launcher@main] Found classpath entry '/C:/Users/sergi/.m2/repository/org/springframework/boot/spring-boot-starter/2.4.2/spring-boot-starter-2.4.2.jar' 
2023-04-11 23:21:34.221 DEBUG [acme.Launcher@main] Found classpath entry '/C:/Users/sergi/.m2/repository/org/springframework/boot/spring-boot/2.4.2/spring-boot-2.4.2.jar' 
2023-04-11 23:21:34.222 DEBUG [acme.Launcher@main] Found classpath entry '/C:/Users/sergi/.m2/repository/org/springframework/boot/spring-boot-autoconfigure/2.4.2/spring-boot-autoconfigure-2.4.2.jar' 
2023-04-11 23:21:34.222 DEBUG [acme.Launcher@main] Found classpath entry '/C:/Users/sergi/.m2/repository/org/springframework/boot/spring-boot-starter-logging/2.4.2/spring-boot-starter-logging-2.4.2.jar' 
2023-04-11 23:21:34.222 DEBUG [acme.Launcher@main] Found classpath entry '/C:/Users/sergi/.m2/repository/ch/qos/logback/logback-classic/1.2.3/logback-classic-1.2.3.jar' 
2023-04-11 23:21:34.223 DEBUG [acme.Launcher@main] Found classpath entry '/C:/Users/sergi/.m2/repository/ch/qos/logback/logback-core/1.2.3/logback-core-1.2.3.jar' 
2023-04-11 23:21:34.223 DEBUG [acme.Launcher@main] Found classpath entry '/C:/Users/sergi/.m2/repository/org/apache/logging/log4j/log4j-to-slf4j/2.13.3/log4j-to-slf4j-2.13.3.jar' 
2023-04-11 23:21:34.223 DEBUG [acme.Launcher@main] Found classpath entry '/C:/Users/sergi/.m2/repository/org/apache/logging/log4j/log4j-api/2.13.3/log4j-api-2.13.3.jar' 
2023-04-11 23:21:34.224 DEBUG [acme.Launcher@main] Found classpath entry '/C:/Users/sergi/.m2/repository/org/slf4j/jul-to-slf4j/1.7.30/jul-to-slf4j-1.7.30.jar' 
2023-04-11 23:21:34.224 DEBUG [acme.Launcher@main] Found classpath entry '/C:/Users/sergi/.m2/repository/org/yaml/snakeyaml/1.27/snakeyaml-1.27.jar' 
2023-04-11 23:21:34.224 DEBUG [acme.Launcher@main] Found classpath entry '/C:/Users/sergi/.m2/repository/org/springframework/spring-aop/5.3.3/spring-aop-5.3.3.jar' 
2023-04-11 23:21:34.224 DEBUG [acme.Launcher@main] Found classpath entry '/C:/Users/sergi/.m2/repository/org/springframework/security/spring-security-web/5.4.2/spring-security-web-5.4.2.jar' 
2023-04-11 23:21:34.225 DEBUG [acme.Launcher@main] Found classpath entry '/C:/Users/sergi/.m2/repository/org/springframework/security/spring-security-core/5.4.2/spring-security-core-5.4.2.jar' 
2023-04-11 23:21:34.225 DEBUG [acme.Launcher@main] Found classpath entry '/C:/Users/sergi/.m2/repository/org/springframework/spring-beans/5.3.3/spring-beans-5.3.3.jar' 
2023-04-11 23:21:34.225 DEBUG [acme.Launcher@main] Found classpath entry '/C:/Users/sergi/.m2/repository/org/springframework/spring-context/5.3.3/spring-context-5.3.3.jar' 
2023-04-11 23:21:34.226 DEBUG [acme.Launcher@main] Found classpath entry '/C:/Users/sergi/.m2/repository/org/springframework/spring-core/5.3.3/spring-core-5.3.3.jar' 
2023-04-11 23:21:34.226 DEBUG [acme.Launcher@main] Found classpath entry '/C:/Users/sergi/.m2/repository/org/springframework/spring-jcl/5.3.3/spring-jcl-5.3.3.jar' 
2023-04-11 23:21:34.226 DEBUG [acme.Launcher@main] Found classpath entry '/C:/Users/sergi/.m2/repository/org/springframework/spring-expression/5.3.3/spring-expression-5.3.3.jar' 
2023-04-11 23:21:34.226 DEBUG [acme.Launcher@main] Found classpath entry '/C:/Users/sergi/.m2/repository/org/springframework/spring-web/5.3.3/spring-web-5.3.3.jar' 
2023-04-11 23:21:34.227 DEBUG [acme.Launcher@main] Found classpath entry '/C:/Users/sergi/.m2/repository/org/springframework/security/spring-security-config/5.4.2/spring-security-config-5.4.2.jar' 
2023-04-11 23:21:34.227 DEBUG [acme.Launcher@main] Found classpath entry '/C:/Users/sergi/.m2/repository/org/springframework/security/spring-security-taglibs/5.4.2/spring-security-taglibs-5.4.2.jar' 
2023-04-11 23:21:34.227 DEBUG [acme.Launcher@main] Found classpath entry '/C:/Users/sergi/.m2/repository/org/springframework/security/spring-security-acl/5.4.2/spring-security-acl-5.4.2.jar' 
2023-04-11 23:21:34.227 DEBUG [acme.Launcher@main] Found classpath entry '/C:/Users/sergi/.m2/repository/org/springframework/spring-jdbc/5.3.3/spring-jdbc-5.3.3.jar' 
2023-04-11 23:21:34.227 DEBUG [acme.Launcher@main] Found classpath entry '/C:/Users/sergi/.m2/repository/org/springframework/spring-tx/5.3.3/spring-tx-5.3.3.jar' 
2023-04-11 23:21:34.228 DEBUG [acme.Launcher@main] Found classpath entry '/C:/Users/sergi/.m2/repository/org/springframework/boot/spring-boot-starter-web/2.4.2/spring-boot-starter-web-2.4.2.jar' 
2023-04-11 23:21:34.228 DEBUG [acme.Launcher@main] Found classpath entry '/C:/Users/sergi/.m2/repository/org/springframework/boot/spring-boot-starter-json/2.4.2/spring-boot-starter-json-2.4.2.jar' 
2023-04-11 23:21:34.228 DEBUG [acme.Launcher@main] Found classpath entry '/C:/Users/sergi/.m2/repository/com/fasterxml/jackson/core/jackson-databind/2.11.4/jackson-databind-2.11.4.jar' 
2023-04-11 23:21:34.228 DEBUG [acme.Launcher@main] Found classpath entry '/C:/Users/sergi/.m2/repository/com/fasterxml/jackson/core/jackson-annotations/2.11.4/jackson-annotations-2.11.4.jar' 
2023-04-11 23:21:34.228 DEBUG [acme.Launcher@main] Found classpath entry '/C:/Users/sergi/.m2/repository/com/fasterxml/jackson/core/jackson-core/2.11.4/jackson-core-2.11.4.jar' 
2023-04-11 23:21:34.228 DEBUG [acme.Launcher@main] Found classpath entry '/C:/Users/sergi/.m2/repository/com/fasterxml/jackson/datatype/jackson-datatype-jdk8/2.11.4/jackson-datatype-jdk8-2.11.4.jar' 
2023-04-11 23:21:34.230 DEBUG [acme.Launcher@main] Found classpath entry '/C:/Users/sergi/.m2/repository/com/fasterxml/jackson/datatype/jackson-datatype-jsr310/2.11.4/jackson-datatype-jsr310-2.11.4.jar' 
2023-04-11 23:21:34.230 DEBUG [acme.Launcher@main] Found classpath entry '/C:/Users/sergi/.m2/repository/com/fasterxml/jackson/module/jackson-module-parameter-names/2.11.4/jackson-module-parameter-names-2.11.4.jar' 
2023-04-11 23:21:34.230 DEBUG [acme.Launcher@main] Found classpath entry '/C:/Users/sergi/.m2/repository/org/springframework/spring-webmvc/5.3.3/spring-webmvc-5.3.3.jar' 
2023-04-11 23:21:34.231 DEBUG [acme.Launcher@main] Found classpath entry '/C:/Users/sergi/.m2/repository/org/apache/tiles/tiles-jsp/3.0.8/tiles-jsp-3.0.8.jar' 
2023-04-11 23:21:34.231 DEBUG [acme.Launcher@main] Found classpath entry '/C:/Users/sergi/.m2/repository/org/apache/tiles/tiles-servlet/3.0.8/tiles-servlet-3.0.8.jar' 
2023-04-11 23:21:34.231 DEBUG [acme.Launcher@main] Found classpath entry '/C:/Users/sergi/.m2/repository/org/apache/tiles/tiles-core/3.0.8/tiles-core-3.0.8.jar' 
2023-04-11 23:21:34.231 DEBUG [acme.Launcher@main] Found classpath entry '/C:/Users/sergi/.m2/repository/commons-digester/commons-digester/2.0/commons-digester-2.0.jar' 
2023-04-11 23:21:34.232 DEBUG [acme.Launcher@main] Found classpath entry '/C:/Users/sergi/.m2/repository/org/slf4j/jcl-over-slf4j/1.7.30/jcl-over-slf4j-1.7.30.jar' 
2023-04-11 23:21:34.232 DEBUG [acme.Launcher@main] Found classpath entry '/C:/Users/sergi/.m2/repository/org/apache/tiles/tiles-request-servlet/1.0.7/tiles-request-servlet-1.0.7.jar' 
2023-04-11 23:21:34.232 DEBUG [acme.Launcher@main] Found classpath entry '/C:/Users/sergi/.m2/repository/org/apache/tiles/tiles-template/3.0.8/tiles-template-3.0.8.jar' 
2023-04-11 23:21:34.232 DEBUG [acme.Launcher@main] Found classpath entry '/C:/Users/sergi/.m2/repository/org/apache/tiles/tiles-api/3.0.8/tiles-api-3.0.8.jar' 
2023-04-11 23:21:34.232 DEBUG [acme.Launcher@main] Found classpath entry '/C:/Users/sergi/.m2/repository/org/apache/tiles/tiles-autotag-core-runtime/1.2/tiles-autotag-core-runtime-1.2.jar' 
2023-04-11 23:21:34.233 DEBUG [acme.Launcher@main] Found classpath entry '/C:/Users/sergi/.m2/repository/org/slf4j/slf4j-api/1.7.30/slf4j-api-1.7.30.jar' 
2023-04-11 23:21:34.233 DEBUG [acme.Launcher@main] Found classpath entry '/C:/Users/sergi/.m2/repository/org/apache/tiles/tiles-request-jsp/1.0.7/tiles-request-jsp-1.0.7.jar' 
2023-04-11 23:21:34.233 DEBUG [acme.Launcher@main] Found classpath entry '/C:/Users/sergi/.m2/repository/org/apache/tiles/tiles-request-api/1.0.7/tiles-request-api-1.0.7.jar' 
2023-04-11 23:21:34.233 DEBUG [acme.Launcher@main] Found classpath entry '/C:/Users/sergi/.m2/repository/org/springframework/boot/spring-boot-starter-data-jpa/2.4.2/spring-boot-starter-data-jpa-2.4.2.jar' 
2023-04-11 23:21:34.234 DEBUG [acme.Launcher@main] Found classpath entry '/C:/Users/sergi/.m2/repository/org/springframework/boot/spring-boot-starter-aop/2.4.2/spring-boot-starter-aop-2.4.2.jar' 
2023-04-11 23:21:34.234 DEBUG [acme.Launcher@main] Found classpath entry '/C:/Users/sergi/.m2/repository/org/aspectj/aspectjweaver/1.9.6/aspectjweaver-1.9.6.jar' 
2023-04-11 23:21:34.234 DEBUG [acme.Launcher@main] Found classpath entry '/C:/Users/sergi/.m2/repository/org/springframework/boot/spring-boot-starter-jdbc/2.4.2/spring-boot-starter-jdbc-2.4.2.jar' 
2023-04-11 23:21:34.235 DEBUG [acme.Launcher@main] Found classpath entry '/C:/Users/sergi/.m2/repository/jakarta/transaction/jakarta.transaction-api/1.3.3/jakarta.transaction-api-1.3.3.jar' 
2023-04-11 23:21:34.235 DEBUG [acme.Launcher@main] Found classpath entry '/C:/Users/sergi/.m2/repository/jakarta/persistence/jakarta.persistence-api/2.2.3/jakarta.persistence-api-2.2.3.jar' 
2023-04-11 23:21:34.235 DEBUG [acme.Launcher@main] Found classpath entry '/C:/Users/sergi/.m2/repository/org/hibernate/hibernate-core/5.4.27.Final/hibernate-core-5.4.27.Final.jar' 
2023-04-11 23:21:34.235 DEBUG [acme.Launcher@main] Found classpath entry '/C:/Users/sergi/.m2/repository/org/jboss/logging/jboss-logging/3.4.1.Final/jboss-logging-3.4.1.Final.jar' 
2023-04-11 23:21:34.235 DEBUG [acme.Launcher@main] Found classpath entry '/C:/Users/sergi/.m2/repository/org/javassist/javassist/3.27.0-GA/javassist-3.27.0-GA.jar' 
2023-04-11 23:21:34.236 DEBUG [acme.Launcher@main] Found classpath entry '/C:/Users/sergi/.m2/repository/antlr/antlr/2.7.7/antlr-2.7.7.jar' 
2023-04-11 23:21:34.236 DEBUG [acme.Launcher@main] Found classpath entry '/C:/Users/sergi/.m2/repository/org/jboss/jandex/2.1.3.Final/jandex-2.1.3.Final.jar' 
2023-04-11 23:21:34.236 DEBUG [acme.Launcher@main] Found classpath entry '/C:/Users/sergi/.m2/repository/com/fasterxml/classmate/1.5.1/classmate-1.5.1.jar' 
2023-04-11 23:21:34.237 DEBUG [acme.Launcher@main] Found classpath entry '/C:/Users/sergi/.m2/repository/org/dom4j/dom4j/2.1.3/dom4j-2.1.3.jar' 
2023-04-11 23:21:34.237 DEBUG [acme.Launcher@main] Found classpath entry '/C:/Users/sergi/.m2/repository/org/hibernate/common/hibernate-commons-annotations/5.1.2.Final/hibernate-commons-annotations-5.1.2.Final.jar' 
2023-04-11 23:21:34.237 DEBUG [acme.Launcher@main] Found classpath entry '/C:/Users/sergi/.m2/repository/org/glassfish/jaxb/jaxb-runtime/2.3.3/jaxb-runtime-2.3.3.jar' 
2023-04-11 23:21:34.237 DEBUG [acme.Launcher@main] Found classpath entry '/C:/Users/sergi/.m2/repository/org/glassfish/jaxb/txw2/2.3.3/txw2-2.3.3.jar' 
2023-04-11 23:21:34.237 DEBUG [acme.Launcher@main] Found classpath entry '/C:/Users/sergi/.m2/repository/com/sun/istack/istack-commons-runtime/3.0.11/istack-commons-runtime-3.0.11.jar' 
2023-04-11 23:21:34.237 DEBUG [acme.Launcher@main] Found classpath entry '/C:/Users/sergi/.m2/repository/com/sun/activation/jakarta.activation/1.2.2/jakarta.activation-1.2.2.jar' 
2023-04-11 23:21:34.238 DEBUG [acme.Launcher@main] Found classpath entry '/C:/Users/sergi/.m2/repository/org/springframework/data/spring-data-jpa/2.4.3/spring-data-jpa-2.4.3.jar' 
2023-04-11 23:21:34.238 DEBUG [acme.Launcher@main] Found classpath entry '/C:/Users/sergi/.m2/repository/org/springframework/data/spring-data-commons/2.4.3/spring-data-commons-2.4.3.jar' 
2023-04-11 23:21:34.238 DEBUG [acme.Launcher@main] Found classpath entry '/C:/Users/sergi/.m2/repository/org/springframework/spring-orm/5.3.3/spring-orm-5.3.3.jar' 
2023-04-11 23:21:34.238 DEBUG [acme.Launcher@main] Found classpath entry '/C:/Users/sergi/.m2/repository/org/springframework/spring-aspects/5.3.3/spring-aspects-5.3.3.jar' 
2023-04-11 23:21:34.238 DEBUG [acme.Launcher@main] Found classpath entry '/C:/Users/sergi/.m2/repository/org/springframework/boot/spring-boot-starter-validation/2.4.2/spring-boot-starter-validation-2.4.2.jar' 
2023-04-11 23:21:34.238 DEBUG [acme.Launcher@main] Found classpath entry '/C:/Users/sergi/.m2/repository/org/hibernate/validator/hibernate-validator/6.1.7.Final/hibernate-validator-6.1.7.Final.jar' 
2023-04-11 23:21:34.239 DEBUG [acme.Launcher@main] Found classpath entry '/C:/Users/sergi/.m2/repository/jakarta/validation/jakarta.validation-api/2.0.2/jakarta.validation-api-2.0.2.jar' 
2023-04-11 23:21:34.239 DEBUG [acme.Launcher@main] Found classpath entry '/C:/Users/sergi/.m2/repository/mysql/mysql-connector-java/8.0.22/mysql-connector-java-8.0.22.jar' 
2023-04-11 23:21:34.239 DEBUG [acme.Launcher@main] Found classpath entry '/C:/Users/sergi/.m2/repository/com/zaxxer/HikariCP/3.4.5/HikariCP-3.4.5.jar' 
2023-04-11 23:21:34.239 DEBUG [acme.Launcher@main] Found classpath entry '/C:/Users/sergi/.m2/repository/org/springframework/boot/spring-boot-starter-test/2.4.2/spring-boot-starter-test-2.4.2.jar' 
2023-04-11 23:21:34.239 DEBUG [acme.Launcher@main] Found classpath entry '/C:/Users/sergi/.m2/repository/org/springframework/boot/spring-boot-test/2.4.2/spring-boot-test-2.4.2.jar' 
2023-04-11 23:21:34.239 DEBUG [acme.Launcher@main] Found classpath entry '/C:/Users/sergi/.m2/repository/org/springframework/boot/spring-boot-test-autoconfigure/2.4.2/spring-boot-test-autoconfigure-2.4.2.jar' 
2023-04-11 23:21:34.239 DEBUG [acme.Launcher@main] Found classpath entry '/C:/Users/sergi/.m2/repository/com/jayway/jsonpath/json-path/2.4.0/json-path-2.4.0.jar' 
2023-04-11 23:21:34.239 DEBUG [acme.Launcher@main] Found classpath entry '/C:/Users/sergi/.m2/repository/net/minidev/json-smart/2.3/json-smart-2.3.jar' 
2023-04-11 23:21:34.240 DEBUG [acme.Launcher@main] Found classpath entry '/C:/Users/sergi/.m2/repository/net/minidev/accessors-smart/1.2/accessors-smart-1.2.jar' 
2023-04-11 23:21:34.240 DEBUG [acme.Launcher@main] Found classpath entry '/C:/Users/sergi/.m2/repository/org/ow2/asm/asm/5.0.4/asm-5.0.4.jar' 
2023-04-11 23:21:34.240 DEBUG [acme.Launcher@main] Found classpath entry '/C:/Users/sergi/.m2/repository/jakarta/xml/bind/jakarta.xml.bind-api/2.3.3/jakarta.xml.bind-api-2.3.3.jar' 
2023-04-11 23:21:34.240 DEBUG [acme.Launcher@main] Found classpath entry '/C:/Users/sergi/.m2/repository/jakarta/activation/jakarta.activation-api/1.2.2/jakarta.activation-api-1.2.2.jar' 
2023-04-11 23:21:34.240 DEBUG [acme.Launcher@main] Found classpath entry '/C:/Users/sergi/.m2/repository/org/assertj/assertj-core/3.18.1/assertj-core-3.18.1.jar' 
2023-04-11 23:21:34.240 DEBUG [acme.Launcher@main] Found classpath entry '/C:/Users/sergi/.m2/repository/org/hamcrest/hamcrest/2.2/hamcrest-2.2.jar' 
2023-04-11 23:21:34.240 DEBUG [acme.Launcher@main] Found classpath entry '/C:/Users/sergi/.m2/repository/org/junit/jupiter/junit-jupiter/5.7.0/junit-jupiter-5.7.0.jar' 
2023-04-11 23:21:34.240 DEBUG [acme.Launcher@main] Found classpath entry '/C:/Users/sergi/.m2/repository/org/mockito/mockito-core/3.6.28/mockito-core-3.6.28.jar' 
2023-04-11 23:21:34.240 DEBUG [acme.Launcher@main] Found classpath entry '/C:/Users/sergi/.m2/repository/net/bytebuddy/byte-buddy-agent/1.10.19/byte-buddy-agent-1.10.19.jar' 
2023-04-11 23:21:34.240 DEBUG [acme.Launcher@main] Found classpath entry '/C:/Users/sergi/.m2/repository/org/objenesis/objenesis/3.1/objenesis-3.1.jar' 
2023-04-11 23:21:34.240 DEBUG [acme.Launcher@main] Found classpath entry '/C:/Users/sergi/.m2/repository/org/mockito/mockito-junit-jupiter/3.6.28/mockito-junit-jupiter-3.6.28.jar' 
2023-04-11 23:21:34.240 DEBUG [acme.Launcher@main] Found classpath entry '/C:/Users/sergi/.m2/repository/org/skyscreamer/jsonassert/1.5.0/jsonassert-1.5.0.jar' 
2023-04-11 23:21:34.241 DEBUG [acme.Launcher@main] Found classpath entry '/C:/Users/sergi/.m2/repository/com/vaadin/external/google/android-json/0.0.20131108.vaadin1/android-json-0.0.20131108.vaadin1.jar' 
2023-04-11 23:21:34.241 DEBUG [acme.Launcher@main] Found classpath entry '/C:/Users/sergi/.m2/repository/org/springframework/spring-test/5.3.3/spring-test-5.3.3.jar' 
2023-04-11 23:21:34.241 DEBUG [acme.Launcher@main] Found classpath entry '/C:/Users/sergi/.m2/repository/org/xmlunit/xmlunit-core/2.7.0/xmlunit-core-2.7.0.jar' 
2023-04-11 23:21:34.241 DEBUG [acme.Launcher@main] Found classpath entry '/C:/Users/sergi/.m2/repository/org/junit/jupiter/junit-jupiter-engine/5.7.0/junit-jupiter-engine-5.7.0.jar' 
2023-04-11 23:21:34.241 DEBUG [acme.Launcher@main] Found classpath entry '/C:/Users/sergi/.m2/repository/org/apiguardian/apiguardian-api/1.1.0/apiguardian-api-1.1.0.jar' 
2023-04-11 23:21:34.241 DEBUG [acme.Launcher@main] Found classpath entry '/C:/Users/sergi/.m2/repository/org/junit/platform/junit-platform-engine/1.7.0/junit-platform-engine-1.7.0.jar' 
2023-04-11 23:21:34.241 DEBUG [acme.Launcher@main] Found classpath entry '/C:/Users/sergi/.m2/repository/org/junit/jupiter/junit-jupiter-api/5.7.0/junit-jupiter-api-5.7.0.jar' 
2023-04-11 23:21:34.241 DEBUG [acme.Launcher@main] Found classpath entry '/C:/Users/sergi/.m2/repository/org/opentest4j/opentest4j/1.2.0/opentest4j-1.2.0.jar' 
2023-04-11 23:21:34.242 DEBUG [acme.Launcher@main] Found classpath entry '/C:/Users/sergi/.m2/repository/org/junit/platform/junit-platform-commons/1.7.0/junit-platform-commons-1.7.0.jar' 
2023-04-11 23:21:34.242 DEBUG [acme.Launcher@main] Found classpath entry '/C:/Users/sergi/.m2/repository/org/junit/jupiter/junit-jupiter-params/5.7.0/junit-jupiter-params-5.7.0.jar' 
2023-04-11 23:21:34.242 DEBUG [acme.Launcher@main] Found classpath entry '/C:/Users/sergi/.m2/repository/org/junit/platform/junit-platform-launcher/1.7.0/junit-platform-launcher-1.7.0.jar' 
2023-04-11 23:21:34.242 DEBUG [acme.Launcher@main] Found classpath entry '/C:/Users/sergi/.m2/repository/org/seleniumhq/selenium/selenium-java/3.141.59/selenium-java-3.141.59.jar' 
2023-04-11 23:21:34.242 DEBUG [acme.Launcher@main] Found classpath entry '/C:/Users/sergi/.m2/repository/org/seleniumhq/selenium/selenium-api/3.141.59/selenium-api-3.141.59.jar' 
2023-04-11 23:21:34.242 DEBUG [acme.Launcher@main] Found classpath entry '/C:/Users/sergi/.m2/repository/org/seleniumhq/selenium/selenium-chrome-driver/3.141.59/selenium-chrome-driver-3.141.59.jar' 
2023-04-11 23:21:34.242 DEBUG [acme.Launcher@main] Found classpath entry '/C:/Users/sergi/.m2/repository/org/seleniumhq/selenium/selenium-edge-driver/3.141.59/selenium-edge-driver-3.141.59.jar' 
2023-04-11 23:21:34.242 DEBUG [acme.Launcher@main] Found classpath entry '/C:/Users/sergi/.m2/repository/org/seleniumhq/selenium/selenium-firefox-driver/3.141.59/selenium-firefox-driver-3.141.59.jar' 
2023-04-11 23:21:34.242 DEBUG [acme.Launcher@main] Found classpath entry '/C:/Users/sergi/.m2/repository/org/seleniumhq/selenium/selenium-ie-driver/3.141.59/selenium-ie-driver-3.141.59.jar' 
2023-04-11 23:21:34.243 DEBUG [acme.Launcher@main] Found classpath entry '/C:/Users/sergi/.m2/repository/org/seleniumhq/selenium/selenium-opera-driver/3.141.59/selenium-opera-driver-3.141.59.jar' 
2023-04-11 23:21:34.243 DEBUG [acme.Launcher@main] Found classpath entry '/C:/Users/sergi/.m2/repository/org/seleniumhq/selenium/selenium-remote-driver/3.141.59/selenium-remote-driver-3.141.59.jar' 
2023-04-11 23:21:34.243 DEBUG [acme.Launcher@main] Found classpath entry '/C:/Users/sergi/.m2/repository/org/seleniumhq/selenium/selenium-safari-driver/3.141.59/selenium-safari-driver-3.141.59.jar' 
2023-04-11 23:21:34.243 DEBUG [acme.Launcher@main] Found classpath entry '/C:/Users/sergi/.m2/repository/org/seleniumhq/selenium/selenium-support/3.141.59/selenium-support-3.141.59.jar' 
2023-04-11 23:21:34.243 DEBUG [acme.Launcher@main] Found classpath entry '/C:/Users/sergi/.m2/repository/net/bytebuddy/byte-buddy/1.10.19/byte-buddy-1.10.19.jar' 
2023-04-11 23:21:34.243 DEBUG [acme.Launcher@main] Found classpath entry '/C:/Users/sergi/.m2/repository/org/apache/commons/commons-exec/1.3/commons-exec-1.3.jar' 
2023-04-11 23:21:34.244 DEBUG [acme.Launcher@main] Found classpath entry '/C:/Users/sergi/.m2/repository/com/google/guava/guava/25.0-jre/guava-25.0-jre.jar' 
2023-04-11 23:21:34.244 DEBUG [acme.Launcher@main] Found classpath entry '/C:/Users/sergi/.m2/repository/com/google/code/findbugs/jsr305/1.3.9/jsr305-1.3.9.jar' 
2023-04-11 23:21:34.244 DEBUG [acme.Launcher@main] Found classpath entry '/C:/Users/sergi/.m2/repository/org/checkerframework/checker-compat-qual/2.0.0/checker-compat-qual-2.0.0.jar' 
2023-04-11 23:21:34.244 DEBUG [acme.Launcher@main] Found classpath entry '/C:/Users/sergi/.m2/repository/com/google/errorprone/error_prone_annotations/2.1.3/error_prone_annotations-2.1.3.jar' 
2023-04-11 23:21:34.244 DEBUG [acme.Launcher@main] Found classpath entry '/C:/Users/sergi/.m2/repository/com/google/j2objc/j2objc-annotations/1.1/j2objc-annotations-1.1.jar' 
2023-04-11 23:21:34.244 DEBUG [acme.Launcher@main] Found classpath entry '/C:/Users/sergi/.m2/repository/org/codehaus/mojo/animal-sniffer-annotations/1.14/animal-sniffer-annotations-1.14.jar' 
2023-04-11 23:21:34.245 DEBUG [acme.Launcher@main] Found classpath entry '/C:/Users/sergi/.m2/repository/com/squareup/okhttp3/okhttp/3.14.9/okhttp-3.14.9.jar' 
2023-04-11 23:21:34.245 DEBUG [acme.Launcher@main] Found classpath entry '/C:/Users/sergi/.m2/repository/com/squareup/okio/okio/1.14.0/okio-1.14.0.jar' 
2023-04-11 23:21:34.245 DEBUG [acme.Launcher@main] Found classpath entry '/C:/Users/sergi/.m2/repository/org/apache/commons/commons-lang3/3.11/commons-lang3-3.11.jar' 
2023-04-11 23:21:34.245 DEBUG [acme.Launcher@main] Found classpath entry '/C:/Users/sergi/.m2/repository/org/apache/commons/commons-text/1.8/commons-text-1.8.jar' 
2023-04-11 23:21:34.245 DEBUG [acme.Launcher@main] Found classpath entry '/C:/Users/sergi/.m2/repository/commons-io/commons-io/2.6/commons-io-2.6.jar' 
2023-04-11 23:21:34.245 DEBUG [acme.Launcher@main] Found classpath entry '/C:/Users/sergi/.m2/repository/commons-cli/commons-cli/1.4/commons-cli-1.4.jar' 
2023-04-11 23:21:34.246 DEBUG [acme.Launcher@main] Found classpath entry '/C:/Users/sergi/.m2/repository/org/projectlombok/lombok/1.18.16/lombok-1.18.16.jar' 
2023-04-11 23:21:34.246 DEBUG [acme.Launcher@main] Found classpath entry '/C:/Users/sergi/.m2/repository/com/opencsv/opencsv/5.4/opencsv-5.4.jar' 
2023-04-11 23:21:34.246 DEBUG [acme.Launcher@main] Found classpath entry '/C:/Users/sergi/.m2/repository/commons-beanutils/commons-beanutils/1.9.4/commons-beanutils-1.9.4.jar' 
2023-04-11 23:21:34.246 DEBUG [acme.Launcher@main] Found classpath entry '/C:/Users/sergi/.m2/repository/commons-logging/commons-logging/1.2/commons-logging-1.2.jar' 
2023-04-11 23:21:34.246 DEBUG [acme.Launcher@main] Found classpath entry '/C:/Users/sergi/.m2/repository/commons-collections/commons-collections/3.2.2/commons-collections-3.2.2.jar' 
2023-04-11 23:21:34.246 DEBUG [acme.Launcher@main] Found classpath entry '/C:/Users/sergi/.m2/repository/org/apache/commons/commons-collections4/4.4/commons-collections4-4.4.jar' 
2023-04-11 23:21:34.344 DEBUG [acme.Launcher@main] Found entity class 'acme.entities.audits.Audit 
2023-04-11 23:21:34.344 DEBUG [acme.Launcher@main] Found entity class 'acme.entities.audits.AuditingRecord 
2023-04-11 23:21:34.344 DEBUG [acme.Launcher@main] Found entity class 'acme.entities.banners.Banner 
2023-04-11 23:21:34.345 DEBUG [acme.Launcher@main] Found entity class 'acme.entities.bulletins.Bulletin 
2023-04-11 23:21:34.345 DEBUG [acme.Launcher@main] Found entity class 'acme.entities.courses.Course 
2023-04-11 23:21:34.345 DEBUG [acme.Launcher@main] Found entity class 'acme.entities.courses.Lecture 
2023-04-11 23:21:34.345 DEBUG [acme.Launcher@main] Found entity class 'acme.entities.courses.LectureRegistration 
2023-04-11 23:21:34.345 DEBUG [acme.Launcher@main] Found entity class 'acme.entities.enrolments.Activity 
2023-04-11 23:21:34.346 DEBUG [acme.Launcher@main] Found entity class 'acme.entities.enrolments.Enrolment 
2023-04-11 23:21:34.346 DEBUG [acme.Launcher@main] Found entity class 'acme.entities.notes.Note 
2023-04-11 23:21:34.346 DEBUG [acme.Launcher@main] Found entity class 'acme.entities.offers.Offer 
2023-04-11 23:21:34.346 DEBUG [acme.Launcher@main] Found entity class 'acme.entities.peeps.Peep 
2023-04-11 23:21:34.346 DEBUG [acme.Launcher@main] Found entity class 'acme.entities.practicums.Practicum 
2023-04-11 23:21:34.346 DEBUG [acme.Launcher@main] Found entity class 'acme.entities.practicums.PracticumSession 
2023-04-11 23:21:34.347 DEBUG [acme.Launcher@main] Found entity class 'acme.entities.tutorial.Tutorial 
2023-04-11 23:21:34.347 DEBUG [acme.Launcher@main] Found entity class 'acme.entities.tutorial.TutorialSession 
2023-04-11 23:21:34.347 DEBUG [acme.Launcher@main] Found entity class 'acme.roles.Assistant 
2023-04-11 23:21:34.347 DEBUG [acme.Launcher@main] Found entity class 'acme.roles.Auditor 
2023-04-11 23:21:34.347 DEBUG [acme.Launcher@main] Found entity class 'acme.roles.Company 
2023-04-11 23:21:34.348 DEBUG [acme.Launcher@main] Found entity class 'acme.roles.Consumer 
2023-04-11 23:21:34.348 DEBUG [acme.Launcher@main] Found entity class 'acme.roles.Lecturer 
2023-04-11 23:21:34.348 DEBUG [acme.Launcher@main] Found entity class 'acme.roles.Provider 
2023-04-11 23:21:34.348 DEBUG [acme.Launcher@main] Found entity class 'acme.roles.Student 
2023-04-11 23:21:34.348 DEBUG [acme.Launcher@main] Found entity class 'acme.system.configuration.SystemConfiguration 
2023-04-11 23:21:34.349 DEBUG [acme.Launcher@main] Found entity class 'acme.framework.components.accounts.Administrator 
2023-04-11 23:21:34.349 DEBUG [acme.Launcher@main] Found entity class 'acme.framework.components.accounts.Anonymous 
2023-04-11 23:21:34.349 DEBUG [acme.Launcher@main] Found entity class 'acme.framework.components.accounts.Any 
2023-04-11 23:21:34.349 DEBUG [acme.Launcher@main] Found entity class 'acme.framework.components.accounts.Authenticated 
2023-04-11 23:21:34.349 DEBUG [acme.Launcher@main] Found entity class 'acme.framework.components.accounts.UserAccount 
2023-04-11 23:21:34.354 DEBUG [acme.framework.components.clocks.AbstractClock@main] Changing base moment to 'Tue Apr 11 23:21:34 CEST 2023'. 
2023-04-11 23:21:34.356 DEBUG [acme.framework.components.clocks.AbstractClock@main] Changing base moment to 'Sat Jul 30 00:00:00 CEST 2022'. 
2023-04-11 23:21:34.356 DEBUG [acme.framework.components.clocks.SimulatedClock@main] Changing current moment to 'Sat Jul 30 00:00:00 CEST 2022'. 
2023-04-11 23:21:34.357 INFO  [acme.Launcher@main] Running application (Standalone mode) 
2023-04-11 23:21:55.756 DEBUG [org.hibernate.SQL@http-nio-8080-exec-1] select useraccoun0_.id as id1_0_, useraccoun0_.version as version2_0_, useraccoun0_.enabled as enabled1_30_, useraccoun0_.identity as identity2_30_, useraccoun0_.password as password3_30_, useraccoun0_.username as username4_30_ from user_account useraccoun0_ where useraccoun0_.username=? 
2023-04-11 23:21:55.778 TRACE [org.hibernate.type.descriptor.sql.BasicBinder@http-nio-8080-exec-1] binding parameter [1] as [VARCHAR] - [serlopdia] 
2023-04-11 23:21:55.831 DEBUG [org.hibernate.SQL@http-nio-8080-exec-1] select userroles0_.user_account_id as user_acc1_1_0_, userroles0_.id as id1_1_0_, userroles0_.id as id1_0_1_, userroles0_.version as version2_0_1_, userroles0_.user_account_id as user_acc1_1_1_, userroles0_.code as code1_23_1_, userroles0_.company_id as company_5_23_1_, userroles0_.course_id as course_i6_23_1_, userroles0_.goals as goals2_23_1_, userroles0_.summary as summary3_23_1_, userroles0_.title as title4_23_1_, userroles0_.expertise_fields as expertis1_6_1_, userroles0_.more_info as more_inf2_6_1_, userroles0_.resume as resume3_6_1_, userroles0_.supervisor as supervis4_6_1_, userroles0_.certifications as certific1_9_1_, userroles0_.firm as firm2_9_1_, userroles0_.more_info as more_inf3_9_1_, userroles0_.professional_id as professi4_9_1_, userroles0_.vat as vat1_13_1_, userroles0_.link as link2_13_1_, userroles0_.name as name3_13_1_, userroles0_.summary as summary4_13_1_, userroles0_.company as company1_14_1_, userroles0_.sector as sector2_14_1_, userroles0_.alma_mater as alma_mat1_18_1_, userroles0_.more_info as more_inf2_18_1_, userroles0_.qualifications as qualific3_18_1_, userroles0_.resume as resume4_18_1_, userroles0_.company as company1_25_1_, userroles0_.sector as sector2_25_1_, userroles0_.more_info as more_inf1_26_1_, userroles0_.statement as statemen2_26_1_, userroles0_.strong_features as strong_f3_26_1_, userroles0_.weak_features as weak_fea4_26_1_, userroles0_.clazz_ as clazz_1_, company1_.id as id1_0_2_, company1_.version as version2_0_2_, company1_.user_account_id as user_acc1_1_2_, company1_.vat as vat1_13_2_, company1_.link as link2_13_2_, company1_.name as name3_13_2_, company1_.summary as summary4_13_2_, useraccoun2_.id as id1_0_3_, useraccoun2_.version as version2_0_3_, useraccoun2_.enabled as enabled1_30_3_, useraccoun2_.identity as identity2_30_3_, useraccoun2_.password as password3_30_3_, useraccoun2_.username as username4_30_3_, course3_.id as id1_0_4_, course3_.version as version2_0_4_, course3_.code as code1_15_4_, course3_.lecturer_id as lecturer7_15_4_, course3_.more_info as more_inf2_15_4_, course3_.retail_price_amount as retail_p3_15_4_, course3_.retail_price_currency as retail_p4_15_4_, course3_.summary as summary5_15_4_, course3_.title as title6_15_4_, lecturer4_.id as id1_0_5_, lecturer4_.version as version2_0_5_, lecturer4_.user_account_id as user_acc1_1_5_, lecturer4_.alma_mater as alma_mat1_18_5_, lecturer4_.more_info as more_inf2_18_5_, lecturer4_.qualifications as qualific3_18_5_, lecturer4_.resume as resume4_18_5_ from ( select id, version, user_account_id, code, goals, summary, title, company_id, course_id, null as expertise_fields, null as more_info, null as resume, null as supervisor, null as certifications, null as firm, null as professional_id, null as vat, null as link, null as name, null as company, null as sector, null as alma_mater, null as qualifications, null as statement, null as strong_features, null as weak_features, 14 as clazz_ from practicum union all select id, version, user_account_id, null as code, null as goals, null as summary, null as title, null as company_id, null as course_id, expertise_fields, more_info, resume, supervisor, null as certifications, null as firm, null as professional_id, null as vat, null as link, null as name, null as company, null as sector, null as alma_mater, null as qualifications, null as statement, null as strong_features, null as weak_features, 18 as clazz_ from assistant union all select id, version, user_account_id, null as code, null as goals, null as summary, null as title, null as company_id, null as course_id, null as expertise_fields, more_info, null as resume, null as supervisor, certifications, firm, professional_id, null as vat, null as link, null as name, null as company, null as sector, null as alma_mater, null as qualifications, null as statement, null as strong_features, null as weak_features, 19 as clazz_ from auditor union all select id, version, user_account_id, null as code, null as goals, summary, null as title, null as company_id, null as course_id, null as expertise_fields, null as more_info, null as resume, null as supervisor, null as certifications, null as firm, null as professional_id, vat, link, name, null as company, null as sector, null as alma_mater, null as qualifications, null as statement, null as strong_features, null as weak_features, 20 as clazz_ from company union all select id, version, user_account_id, null as code, null as goals, null as summary, null as title, null as company_id, null as course_id, null as expertise_fields, null as more_info, null as resume, null as supervisor, null as certifications, null as firm, null as professional_id, null as vat, null as link, null as name, company, sector, null as alma_mater, null as qualifications, null as statement, null as strong_features, null as weak_features, 21 as clazz_ from consumer union all select id, version, user_account_id, null as code, null as goals, null as summary, null as title, null as company_id, null as course_id, null as expertise_fields, more_info, resume, null as supervisor, null as certifications, null as firm, null as professional_id, null as vat, null as link, null as name, null as company, null as sector, alma_mater, qualifications, null as statement, null as strong_features, null as weak_features, 22 as clazz_ from lecturer union all select id, version, user_account_id, null as code, null as goals, null as summary, null as title, null as company_id, null as course_id, null as expertise_fields, null as more_info, null as resume, null as supervisor, null as certifications, null as firm, null as professional_id, null as vat, null as link, null as name, company, sector, null as alma_mater, null as qualifications, null as statement, null as strong_features, null as weak_features, 23 as clazz_ from provider union all select id, version, user_account_id, null as code, null as goals, null as summary, null as title, null as company_id, null as course_id, null as expertise_fields, more_info, null as resume, null as supervisor, null as certifications, null as firm, null as professional_id, null as vat, null as link, null as name, null as company, null as sector, null as alma_mater, null as qualifications, statement, strong_features, weak_features, 24 as clazz_ from student union all select id, version, user_account_id, null as code, null as goals, null as summary, null as title, null as company_id, null as course_id, null as expertise_fields, null as more_info, null as resume, null as supervisor, null as certifications, null as firm, null as professional_id, null as vat, null as link, null as name, null as company, null as sector, null as alma_mater, null as qualifications, null as statement, null as strong_features, null as weak_features, 26 as clazz_ from administrator union all select id, version, user_account_id, null as code, null as goals, null as summary, null as title, null as company_id, null as course_id, null as expertise_fields, null as more_info, null as resume, null as supervisor, null as certifications, null as firm, null as professional_id, null as vat, null as link, null as name, null as company, null as sector, null as alma_mater, null as qualifications, null as statement, null as strong_features, null as weak_features, 27 as clazz_ from anonymous union all select id, version, user_account_id, null as code, null as goals, null as summary, null as title, null as company_id, null as course_id, null as expertise_fields, null as more_info, null as resume, null as supervisor, null as certifications, null as firm, null as professional_id, null as vat, null as link, null as name, null as company, null as sector, null as alma_mater, null as qualifications, null as statement, null as strong_features, null as weak_features, 28 as clazz_ from any union all select id, version, user_account_id, null as code, null as goals, null as summary, null as title, null as company_id, null as course_id, null as expertise_fields, null as more_info, null as resume, null as supervisor, null as certifications, null as firm, null as professional_id, null as vat, null as link, null as name, null as company, null as sector, null as alma_mater, null as qualifications, null as statement, null as strong_features, null as weak_features, 29 as clazz_ from authenticated ) userroles0_ left outer join company company1_ on userroles0_.company_id=company1_.id left outer join user_account useraccoun2_ on company1_.user_account_id=useraccoun2_.id left outer join course course3_ on userroles0_.course_id=course3_.id left outer join lecturer lecturer4_ on course3_.lecturer_id=lecturer4_.id where userroles0_.user_account_id=? 
2023-04-11 23:21:55.835 TRACE [org.hibernate.type.descriptor.sql.BasicBinder@http-nio-8080-exec-1] binding parameter [1] as [INTEGER] - [151] 
2023-04-11 23:21:55.897 DEBUG [acme.framework.controllers.AbstractController@http-nio-8080-exec-1] >>>>>>>>>>>>>>>>>>>>>>>>>>>>>>>>>>>>>>>>>>>>>>>>>>>>>>>>>>>>>>>>>>>>>>>>>>>>>>>> 
2023-04-11 23:21:55.897 DEBUG [acme.framework.controllers.AbstractController@http-nio-8080-exec-1] REQUEST: GET /acme-l3-d03/authenticated/bulletin/list 
2023-04-11 23:21:55.898 DEBUG [acme.framework.controllers.AbstractController@http-nio-8080-exec-1] MOMENT:  Sat Jul 30 00:00:00 CEST 2022 
2023-04-11 23:21:55.898 DEBUG [acme.framework.controllers.AbstractController@http-nio-8080-exec-1] COMMAND: list 
2023-04-11 23:21:55.898 DEBUG [acme.framework.controllers.AbstractController@http-nio-8080-exec-1] INPUT:   {} 
2023-04-11 23:21:55.912 DEBUG [acme.framework.components.database.DatabaseManager@http-nio-8080-exec-1] Starting transaction 7d8846e0-a105-4c2d-a3a8-7800bb512752. 
2023-04-11 23:21:55.923 DEBUG [org.hibernate.SQL@http-nio-8080-exec-1] select bulletin0_.id as id1_0_, bulletin0_.version as version2_0_, bulletin0_.critical as critical1_12_, bulletin0_.message as message2_12_, bulletin0_.moment as moment3_12_, bulletin0_.more_info as more_inf4_12_, bulletin0_.title as title5_12_ from bulletin bulletin0_ 
2023-04-11 23:21:55.944 DEBUG [acme.framework.components.database.DatabaseManager@http-nio-8080-exec-1] Committing transaction 7d8846e0-a105-4c2d-a3a8-7800bb512752. 
2023-04-11 23:21:55.964 DEBUG [acme.framework.components.database.DatabaseManager@http-nio-8080-exec-1] Starting transaction f4dd457f-234f-49f7-919e-068616befccc. 
2023-04-11 23:21:55.965 DEBUG [acme.framework.components.database.DatabaseManager@http-nio-8080-exec-1] Committing transaction f4dd457f-234f-49f7-919e-068616befccc. 
2023-04-11 23:21:55.966 DEBUG [acme.framework.components.clocks.SimulatedClock@http-nio-8080-exec-1] Changing current moment to 'Sat Jul 30 00:00:00 CEST 2022'. 
2023-04-11 23:21:55.967 DEBUG [acme.framework.controllers.AbstractController@http-nio-8080-exec-1] RESPOND: GET /acme-l3-d03/authenticated/bulletin/list 
2023-04-11 23:21:55.967 DEBUG [acme.framework.controllers.AbstractController@http-nio-8080-exec-1] MOMENT:  Sat Jul 30 00:00:00 CEST 2022 
2023-04-11 23:21:55.972 DEBUG [acme.framework.controllers.AbstractController@http-nio-8080-exec-1] RESULT:  ModelAndView [view="authenticated/bulletin/list"; model={$authorised=true, $checked=true, $oops=null, $view=authenticated/bulletin/list, $errors=Errors(map={}), $httpServletResponse=org.springframework.security.web.header.HeaderWriterFilter$HeaderWriterResponse@73fc9802, id[0]=134, title[0]=Lorem ipsum, message[0]=Lorem ipsum dolor sit amet, version[0]=0, id[1]=135, title[1]=Lorem ipsum, message[1]=Lorem ipsum dolor sit amet, version[1]=0, id[2]=136, title[2]=Lorem ipsum, message[2]=Lorem ipsum dolor sit amet, version[2]=0, $number$tuples=3, _command=list, _method=GET, _server_moment=Sat Jul 30 00:00:00 CEST 2022, _csrf.parameterName=_csrf, _csrf.token=dfd7f053-80e6-4cf7-9677-9828d846f1b4, $request=* Dataset $global: 	$url = "/acme-l3-d03/authenticated/bulletin/list" 	$method = <<GET>> 	$command = "list" 	$principal = {username = "serlopdia", password = "$2a$05$pbYtv6vntK.QUDSahsHol.L6Cc.MfA.ETsdC7xYu78dLQa80lErxe", enabled = true, authorities = [AUTH_Any, AUTH_Authenticated], activeRole = class acme.framework.components.accounts.Authenticated, roleMap = {class acme.framework.components.accounts.Authenticated = 0, class acme.framework.components.accounts.Any = 0}, accountId = 151, $assertionsDisabled = false} 	$locale = {LOCALECACHE = java.util.Locale$Cache@197bd590, ENGLISH = en, FRENCH = fr, GERMAN = de, ITALIAN = it, JAPANESE = ja, KOREAN = ko, CHINESE = zh, SIMPLIFIED_CHINESE = zh_CN, TRADITIONAL_CHINESE = zh_TW, FRANCE = fr_FR, GERMANY = de_DE, ITALY = it_IT, JAPAN = ja_JP, KOREA = ko_KR, CHINA = zh_CN, PRC = zh_CN, TAIWAN = zh_TW, UK = en_GB, US = en_US, CANADA = en_CA, CANADA_FRENCH = fr_CA, ROOT = , PRIVATE_USE_EXTENSION = 'x', UNICODE_LOCALE_EXTENSION = 'u', DISPLAY_LANGUAGE = 0, DISPLAY_COUNTRY = 1, DISPLAY_VARIANT = 2, DISPLAY_SCRIPT = 3, baseLocale = language=en, localeExtensions = null, hashCodeValue = 0, defaultLocale = en, defaultDisplayLocale = en, defaultFormatLocale = en, languageTag = null, serialPersistentFields = [Ljava/lang/String; language, Ljava/lang/String; country, Ljava/lang/String; variant, I hashcode, Ljava/lang/String; script, Ljava/lang/String; extensions], isoLanguages = null, isoCountries = null, $assertionsDisabled = true} 	$httpServletRequest = {LSTRING_FILE = "javax.servlet.LocalStrings", lStrings = java.util.PropertyResourceBundle@73cc0d84, request = org.springframework.security.web.header.HeaderWriterFilter$HeaderWriterRequest@6467a777, trustResolver = org.springframework.security.authentication.AuthenticationTrustResolverImpl@22ba6ce, rolePrefix = "ROLE_", response = org.springframework.security.web.header.HeaderWriterFilter$HeaderWriterResponse@73fc9802, this$0 = org.springframework.security.web.servletapi.HttpServlet3RequestFactory@410a8961} * Dataset $data: , $buffer=* Dataset $global: 	$errors = {map = {}, $assertionsDisabled = false} * Dataset $data: 	acme.entities.bulletins.Bulletin@134 = {id = 134, version = 0, moment = <<2003-05-14 14:39:00.0>>, title = "Lorem ipsum", message = "Lorem ipsum dolor sit amet", critical = true, moreInfo = "https://www.google.es/"} 	acme.entities.bulletins.Bulletin@135 = {id = 135, version = 0, moment = <<2000-12-25 14:39:00.0>>, title = "Lorem ipsum", message = "Lorem ipsum dolor sit amet", critical = false, moreInfo = "https://www.google.es/"} 	acme.entities.bulletins.Bulletin@136 = {id = 136, version = 0, moment = <<2000-08-24 14:39:00.0>>, title = "Lorem ipsum", message = "Lorem ipsum dolor sit amet", critical = true, moreInfo = "https://www.google.es/"} , $response=* Dataset $global: 	$authorised = true 	$checked = true 	$oops = null 	$view = "authenticated/bulletin/list" 	$errors = {map = {}, $assertionsDisabled = false} 	$httpServletResponse = {LSTRING_FILE = "javax.servlet.LocalStrings", lStrings = java.util.PropertyResourceBundle@73cc0d84, response = org.springframework.security.web.context.HttpSessionSecurityContextRepository$SaveToSessionResponseWrapper@4e4a0324, disableOnCommitted = false, contentLength = 0, contentWritten = 0, request = org.springframework.security.web.context.HttpSessionSecurityContextRepository$SaveToSessionRequestWrapper@3ef13a06, this$0 = org.springframework.security.web.header.HeaderWriterFilter@27210a3b} * Dataset $data: 	acme.framework.components.models.Tuple@146056811 = {"id" = 134, "title" = "Lorem ipsum", "message" = "Lorem ipsum dolor sit amet", "version" = 0} 	acme.framework.components.models.Tuple@1817249827 = {"id" = 135, "title" = "Lorem ipsum", "message" = "Lorem ipsum dolor sit amet", "version" = 0} 	acme.framework.components.models.Tuple@1432414698 = {"id" = 136, "title" = "Lorem ipsum", "message" = "Lorem ipsum dolor sit amet", "version" = 0} }] 
2023-04-11 23:21:55.973 DEBUG [acme.framework.controllers.AbstractController@http-nio-8080-exec-1] <<<<<<<<<<<<<<<<<<<<<<<<<<<<<<<<<<<<<<<<<<<<<<<<<<<<<<<<<<<<<<<<<<<<<<<<<<<<<<<< 
2023-04-11 23:21:56.005 DEBUG [acme.framework.components.tiles.DynamicTilesView@http-nio-8080-exec-1] View name 'authenticated/bulletin/list', model {$authorised=true, $checked=true, $oops=null, $view=authenticated/bulletin/list, $errors=Errors(map={}), $httpServletResponse=org.springframework.security.web.header.HeaderWriterFilter$HeaderWriterResponse@73fc9802, id[0]=134, title[0]=Lorem ipsum, message[0]=Lorem ipsum dolor sit amet, version[0]=0, id[1]=135, title[1]=Lorem ipsum, message[1]=Lorem ipsum dolor sit amet, version[1]=0, id[2]=136, title[2]=Lorem ipsum, message[2]=Lorem ipsum dolor sit amet, version[2]=0, $number$tuples=3, _command=list, _method=GET, _server_moment=Sat Jul 30 00:00:00 CEST 2022, _csrf.parameterName=_csrf, _csrf.token=dfd7f053-80e6-4cf7-9677-9828d846f1b4, $request=* Dataset $global: 	$url = "/acme-l3-d03/authenticated/bulletin/list" 	$method = <<GET>> 	$command = "list" 	$principal = {username = "serlopdia", password = "$2a$05$pbYtv6vntK.QUDSahsHol.L6Cc.MfA.ETsdC7xYu78dLQa80lErxe", enabled = true, authorities = [AUTH_Any, AUTH_Authenticated], activeRole = class acme.framework.components.accounts.Authenticated, roleMap = {class acme.framework.components.accounts.Authenticated = 0, class acme.framework.components.accounts.Any = 0}, accountId = 151, $assertionsDisabled = false} 	$locale = {LOCALECACHE = java.util.Locale$Cache@197bd590, ENGLISH = en, FRENCH = fr, GERMAN = de, ITALIAN = it, JAPANESE = ja, KOREAN = ko, CHINESE = zh, SIMPLIFIED_CHINESE = zh_CN, TRADITIONAL_CHINESE = zh_TW, FRANCE = fr_FR, GERMANY = de_DE, ITALY = it_IT, JAPAN = ja_JP, KOREA = ko_KR, CHINA = zh_CN, PRC = zh_CN, TAIWAN = zh_TW, UK = en_GB, US = en_US, CANADA = en_CA, CANADA_FRENCH = fr_CA, ROOT = , PRIVATE_USE_EXTENSION = 'x', UNICODE_LOCALE_EXTENSION = 'u', DISPLAY_LANGUAGE = 0, DISPLAY_COUNTRY = 1, DISPLAY_VARIANT = 2, DISPLAY_SCRIPT = 3, baseLocale = language=en, localeExtensions = null, hashCodeValue = 0, defaultLocale = en, defaultDisplayLocale = en, defaultFormatLocale = en, languageTag = null, serialPersistentFields = [Ljava/lang/String; language, Ljava/lang/String; country, Ljava/lang/String; variant, I hashcode, Ljava/lang/String; script, Ljava/lang/String; extensions], isoLanguages = null, isoCountries = null, $assertionsDisabled = true} 	$httpServletRequest = {LSTRING_FILE = "javax.servlet.LocalStrings", lStrings = java.util.PropertyResourceBundle@73cc0d84, request = org.springframework.security.web.header.HeaderWriterFilter$HeaderWriterRequest@6467a777, trustResolver = org.springframework.security.authentication.AuthenticationTrustResolverImpl@22ba6ce, rolePrefix = "ROLE_", response = org.springframework.security.web.header.HeaderWriterFilter$HeaderWriterResponse@73fc9802, this$0 = org.springframework.security.web.servletapi.HttpServlet3RequestFactory@410a8961} * Dataset $data: , $buffer=* Dataset $global: 	$errors = {map = {}, $assertionsDisabled = false} * Dataset $data: 	acme.entities.bulletins.Bulletin@134 = {id = 134, version = 0, moment = <<2003-05-14 14:39:00.0>>, title = "Lorem ipsum", message = "Lorem ipsum dolor sit amet", critical = true, moreInfo = "https://www.google.es/"} 	acme.entities.bulletins.Bulletin@135 = {id = 135, version = 0, moment = <<2000-12-25 14:39:00.0>>, title = "Lorem ipsum", message = "Lorem ipsum dolor sit amet", critical = false, moreInfo = "https://www.google.es/"} 	acme.entities.bulletins.Bulletin@136 = {id = 136, version = 0, moment = <<2000-08-24 14:39:00.0>>, title = "Lorem ipsum", message = "Lorem ipsum dolor sit amet", critical = true, moreInfo = "https://www.google.es/"} , $response=* Dataset $global: 	$authorised = true 	$checked = true 	$oops = null 	$view = "authenticated/bulletin/list" 	$errors = {map = {}, $assertionsDisabled = false} 	$httpServletResponse = {LSTRING_FILE = "javax.servlet.LocalStrings", lStrings = java.util.PropertyResourceBundle@73cc0d84, response = org.springframework.security.web.context.HttpSessionSecurityContextRepository$SaveToSessionResponseWrapper@4e4a0324, disableOnCommitted = false, contentLength = 0, contentWritten = 0, request = org.springframework.security.web.context.HttpSessionSecurityContextRepository$SaveToSessionRequestWrapper@3ef13a06, this$0 = org.springframework.security.web.header.HeaderWriterFilter@27210a3b} * Dataset $data: 	acme.framework.components.models.Tuple@146056811 = {"id" = 134, "title" = "Lorem ipsum", "message" = "Lorem ipsum dolor sit amet", "version" = 0} 	acme.framework.components.models.Tuple@1817249827 = {"id" = 135, "title" = "Lorem ipsum", "message" = "Lorem ipsum dolor sit amet", "version" = 0} 	acme.framework.components.models.Tuple@1432414698 = {"id" = 136, "title" = "Lorem ipsum", "message" = "Lorem ipsum dolor sit amet", "version" = 0} , org.springframework.validation.BindingResult.$errors=org.springframework.validation.BeanPropertyBindingResult: 0 errors, org.springframework.validation.BindingResult.$httpServletResponse=org.springframework.validation.BeanPropertyBindingResult: 0 errors, org.springframework.validation.BindingResult.$request=org.springframework.validation.BeanPropertyBindingResult: 0 errors, org.springframework.validation.BindingResult.$buffer=org.springframework.validation.BeanPropertyBindingResult: 0 errors, org.springframework.validation.BindingResult.$response=org.springframework.validation.BeanPropertyBindingResult: 0 errors} 
2023-04-11 23:21:56.028 DEBUG [org.apache.tiles.definition.dao.BaseLocaleUrlDefinitionDAO@http-nio-8080-exec-1] File Resource file:/C:/Users/sergi/Desktop/SERGIO/UNIVERSIDAD/CURSOS/3Tercer%20Curso/2do%20CUATRIMESTRE/DP2/Workspace-23/Projects/dp2-acme-l3/Acme-L3-D03/target/classes/WEB-INF/views/master/tiles_en.xml at file:/C:/Users/sergi/Desktop/SERGIO/UNIVERSIDAD/CURSOS/3Tercer%20Curso/2do%20CUATRIMESTRE/DP2/Workspace-23/Projects/dp2-acme-l3/Acme-L3-D03/target/classes/WEB-INF/views/master/tiles_en.xml not found, continue 
2023-04-11 23:21:56.039 DEBUG [org.apache.jasper.servlet.JspServlet@http-nio-8080-exec-1] JspEngine --> /WEB-INF/views/master/page.jsp 
2023-04-11 23:21:56.040 DEBUG [org.apache.jasper.servlet.JspServlet@http-nio-8080-exec-1] ServletPath: /WEB-INF/views/master/page.jsp 
2023-04-11 23:21:56.041 DEBUG [org.apache.jasper.servlet.JspServlet@http-nio-8080-exec-1] PathInfo: null 
2023-04-11 23:21:56.043 DEBUG [org.apache.jasper.servlet.JspServlet@http-nio-8080-exec-1] RealPath: C:\Users\sergi\Desktop\SERGIO\UNIVERSIDAD\CURSOS\3Tercer Curso\2do CUATRIMESTRE\DP2\Workspace-23\Projects\dp2-acme-l3\Acme-L3-D03\target\classes\WEB-INF\views\master\page.jsp 
2023-04-11 23:21:56.043 DEBUG [org.apache.jasper.servlet.JspServlet@http-nio-8080-exec-1] RequestURI: /acme-l3-d03/WEB-INF/views/master/page.jsp 
2023-04-11 23:21:56.044 DEBUG [org.apache.jasper.servlet.JspServlet@http-nio-8080-exec-1] QueryString: null 
2023-04-11 23:22:01.580 DEBUG [acme.framework.components.extensions.ExtendedMessageSource@http-nio-8080-exec-1] Loading properties [C:\Users\sergi\Desktop\SERGIO\UNIVERSIDAD\CURSOS\3Tercer Curso\2do CUATRIMESTRE\DP2\Workspace-23\Projects\dp2-acme-l3\Acme-L3-D03\target\classes\WEB-INF\views\administrator\user-account\messages-en.i18n] with encoding 'utf-8' 
2023-04-11 23:22:01.582 DEBUG [acme.framework.components.extensions.ExtendedMessageSource@http-nio-8080-exec-1] Loading properties [C:\Users\sergi\Desktop\SERGIO\UNIVERSIDAD\CURSOS\3Tercer Curso\2do CUATRIMESTRE\DP2\Workspace-23\Projects\dp2-acme-l3\Acme-L3-D03\target\classes\WEB-INF\views\anonymous\user-account\messages-en.i18n] with encoding 'utf-8' 
2023-04-11 23:22:01.583 DEBUG [acme.framework.components.extensions.ExtendedMessageSource@http-nio-8080-exec-1] Loading properties [C:\Users\sergi\Desktop\SERGIO\UNIVERSIDAD\CURSOS\3Tercer Curso\2do CUATRIMESTRE\DP2\Workspace-23\Projects\dp2-acme-l3\Acme-L3-D03\target\classes\WEB-INF\views\authenticated\assistant\messsages-en.i18n] with encoding 'utf-8' 
2023-04-11 23:22:01.584 DEBUG [acme.framework.components.extensions.ExtendedMessageSource@http-nio-8080-exec-1] Loading properties [C:\Users\sergi\Desktop\SERGIO\UNIVERSIDAD\CURSOS\3Tercer Curso\2do CUATRIMESTRE\DP2\Workspace-23\Projects\dp2-acme-l3\Acme-L3-D03\target\classes\WEB-INF\views\authenticated\bulletin\messsages-en.i18n] with encoding 'utf-8' 
2023-04-11 23:22:01.585 DEBUG [acme.framework.components.extensions.ExtendedMessageSource@http-nio-8080-exec-1] Loading properties [C:\Users\sergi\Desktop\SERGIO\UNIVERSIDAD\CURSOS\3Tercer Curso\2do CUATRIMESTRE\DP2\Workspace-23\Projects\dp2-acme-l3\Acme-L3-D03\target\classes\WEB-INF\views\authenticated\company\messsages-en.i18n] with encoding 'utf-8' 
2023-04-11 23:22:01.585 DEBUG [acme.framework.components.extensions.ExtendedMessageSource@http-nio-8080-exec-1] Loading properties [C:\Users\sergi\Desktop\SERGIO\UNIVERSIDAD\CURSOS\3Tercer Curso\2do CUATRIMESTRE\DP2\Workspace-23\Projects\dp2-acme-l3\Acme-L3-D03\target\classes\WEB-INF\views\authenticated\consumer\messsages-en.i18n] with encoding 'utf-8' 
2023-04-11 23:22:01.586 DEBUG [acme.framework.components.extensions.ExtendedMessageSource@http-nio-8080-exec-1] Loading properties [C:\Users\sergi\Desktop\SERGIO\UNIVERSIDAD\CURSOS\3Tercer Curso\2do CUATRIMESTRE\DP2\Workspace-23\Projects\dp2-acme-l3\Acme-L3-D03\target\classes\WEB-INF\views\authenticated\provider\messsages-en.i18n] with encoding 'utf-8' 
2023-04-11 23:22:01.586 DEBUG [acme.framework.components.extensions.ExtendedMessageSource@http-nio-8080-exec-1] Loading properties [C:\Users\sergi\Desktop\SERGIO\UNIVERSIDAD\CURSOS\3Tercer Curso\2do CUATRIMESTRE\DP2\Workspace-23\Projects\dp2-acme-l3\Acme-L3-D03\target\classes\WEB-INF\views\authenticated\student\messages-en.i18n] with encoding 'utf-8' 
2023-04-11 23:22:01.587 DEBUG [acme.framework.components.extensions.ExtendedMessageSource@http-nio-8080-exec-1] Loading properties [C:\Users\sergi\Desktop\SERGIO\UNIVERSIDAD\CURSOS\3Tercer Curso\2do CUATRIMESTRE\DP2\Workspace-23\Projects\dp2-acme-l3\Acme-L3-D03\target\classes\WEB-INF\views\authenticated\user-account\messages-en.i18n] with encoding 'utf-8' 
2023-04-11 23:22:01.587 DEBUG [acme.framework.components.extensions.ExtendedMessageSource@http-nio-8080-exec-1] Loading properties [C:\Users\sergi\Desktop\SERGIO\UNIVERSIDAD\CURSOS\3Tercer Curso\2do CUATRIMESTRE\DP2\Workspace-23\Projects\dp2-acme-l3\Acme-L3-D03\target\classes\WEB-INF\views\fragments\banner-en.i18n] with encoding 'utf-8' 
2023-04-11 23:22:01.588 DEBUG [acme.framework.components.extensions.ExtendedMessageSource@http-nio-8080-exec-1] Loading properties [C:\Users\sergi\Desktop\SERGIO\UNIVERSIDAD\CURSOS\3Tercer Curso\2do CUATRIMESTRE\DP2\Workspace-23\Projects\dp2-acme-l3\Acme-L3-D03\target\classes\WEB-INF\views\fragments\company-en.i18n] with encoding 'utf-8' 
2023-04-11 23:22:01.588 DEBUG [acme.framework.components.extensions.ExtendedMessageSource@http-nio-8080-exec-1] Loading properties [C:\Users\sergi\Desktop\SERGIO\UNIVERSIDAD\CURSOS\3Tercer Curso\2do CUATRIMESTRE\DP2\Workspace-23\Projects\dp2-acme-l3\Acme-L3-D03\target\classes\WEB-INF\views\fragments\footer-en.i18n] with encoding 'utf-8' 
2023-04-11 23:22:01.588 DEBUG [acme.framework.components.extensions.ExtendedMessageSource@http-nio-8080-exec-1] Loading properties [C:\Users\sergi\Desktop\SERGIO\UNIVERSIDAD\CURSOS\3Tercer Curso\2do CUATRIMESTRE\DP2\Workspace-23\Projects\dp2-acme-l3\Acme-L3-D03\target\classes\WEB-INF\views\fragments\license-en.i18n] with encoding 'utf-8' 
2023-04-11 23:22:01.590 DEBUG [acme.framework.components.extensions.ExtendedMessageSource@http-nio-8080-exec-1] Loading properties [C:\Users\sergi\Desktop\SERGIO\UNIVERSIDAD\CURSOS\3Tercer Curso\2do CUATRIMESTRE\DP2\Workspace-23\Projects\dp2-acme-l3\Acme-L3-D03\target\classes\WEB-INF\views\fragments\menu-en.i18n] with encoding 'utf-8' 
2023-04-11 23:22:01.591 DEBUG [acme.framework.components.extensions.ExtendedMessageSource@http-nio-8080-exec-1] Loading properties [C:\Users\sergi\Desktop\SERGIO\UNIVERSIDAD\CURSOS\3Tercer Curso\2do CUATRIMESTRE\DP2\Workspace-23\Projects\dp2-acme-l3\Acme-L3-D03\target\classes\WEB-INF\views\fragments\messsages-en.i18n] with encoding 'utf-8' 
2023-04-11 23:22:01.592 DEBUG [acme.framework.components.extensions.ExtendedMessageSource@http-nio-8080-exec-1] Loading properties [C:\Users\sergi\Desktop\SERGIO\UNIVERSIDAD\CURSOS\3Tercer Curso\2do CUATRIMESTRE\DP2\Workspace-23\Projects\dp2-acme-l3\Acme-L3-D03\target\classes\WEB-INF\views\fragments\title-en.i18n] with encoding 'utf-8' 
2023-04-11 23:22:01.593 DEBUG [acme.framework.components.extensions.ExtendedMessageSource@http-nio-8080-exec-1] Loading properties [C:\Users\sergi\Desktop\SERGIO\UNIVERSIDAD\CURSOS\3Tercer Curso\2do CUATRIMESTRE\DP2\Workspace-23\Projects\dp2-acme-l3\Acme-L3-D03\target\classes\WEB-INF\views\fragments\welcome-en.i18n] with encoding 'utf-8' 
2023-04-11 23:22:01.594 DEBUG [acme.framework.components.extensions.ExtendedMessageSource@http-nio-8080-exec-1] Loading properties [C:\Users\sergi\Desktop\SERGIO\UNIVERSIDAD\CURSOS\3Tercer Curso\2do CUATRIMESTRE\DP2\Workspace-23\Projects\dp2-acme-l3\Acme-L3-D03\target\classes\WEB-INF\views\master\defaults-en.i18n] with encoding 'utf-8' 
2023-04-11 23:22:01.594 DEBUG [acme.framework.components.extensions.ExtendedMessageSource@http-nio-8080-exec-1] Loading properties [C:\Users\sergi\Desktop\SERGIO\UNIVERSIDAD\CURSOS\3Tercer Curso\2do CUATRIMESTRE\DP2\Workspace-23\Projects\dp2-acme-l3\Acme-L3-D03\target\classes\WEB-INF\views\master\master-en.i18n] with encoding 'utf-8' 
2023-04-11 23:22:01.595 DEBUG [acme.framework.components.extensions.ExtendedMessageSource@http-nio-8080-exec-1] Loading properties [C:\Users\sergi\Desktop\SERGIO\UNIVERSIDAD\CURSOS\3Tercer Curso\2do CUATRIMESTRE\DP2\Workspace-23\Projects\dp2-acme-l3\Acme-L3-D03\target\classes\WEB-INF\views\master\panic-en.i18n] with encoding 'utf-8' 
2023-04-11 23:22:01.596 DEBUG [acme.framework.components.extensions.ExtendedMessageSource@http-nio-8080-exec-1] Loading properties [C:\Users\sergi\Desktop\SERGIO\UNIVERSIDAD\CURSOS\3Tercer Curso\2do CUATRIMESTRE\DP2\Workspace-23\Projects\dp2-acme-l3\Acme-L3-D03\target\classes\WEB-INF\views\master\throwables-en.i18n] with encoding 'utf-8' 
2023-04-11 23:22:01.597 DEBUG [acme.framework.components.extensions.ExtendedMessageSource@http-nio-8080-exec-1] Loading properties [C:\Users\sergi\Desktop\SERGIO\UNIVERSIDAD\CURSOS\3Tercer Curso\2do CUATRIMESTRE\DP2\Workspace-23\Projects\dp2-acme-l3\Acme-L3-D03\target\classes\WEB-INF\views\master\validation-en.i18n] with encoding 'utf-8' 
2023-04-11 23:22:01.757 DEBUG [org.apache.jasper.servlet.JspServlet@http-nio-8080-exec-1] JspEngine --> /WEB-INF/views/authenticated/bulletin/list.jsp 
2023-04-11 23:22:01.757 DEBUG [org.apache.jasper.servlet.JspServlet@http-nio-8080-exec-1] ServletPath: /WEB-INF/views/master/page.jsp 
2023-04-11 23:22:01.758 DEBUG [org.apache.jasper.servlet.JspServlet@http-nio-8080-exec-1] PathInfo: null 
2023-04-11 23:22:01.760 DEBUG [org.apache.jasper.servlet.JspServlet@http-nio-8080-exec-1] RealPath: C:\Users\sergi\Desktop\SERGIO\UNIVERSIDAD\CURSOS\3Tercer Curso\2do CUATRIMESTRE\DP2\Workspace-23\Projects\dp2-acme-l3\Acme-L3-D03\target\classes\WEB-INF\views\authenticated\bulletin\list.jsp 
2023-04-11 23:22:01.761 DEBUG [org.apache.jasper.servlet.JspServlet@http-nio-8080-exec-1] RequestURI: /acme-l3-d03/WEB-INF/views/master/page.jsp 
2023-04-11 23:22:01.761 DEBUG [org.apache.jasper.servlet.JspServlet@http-nio-8080-exec-1] QueryString: null 
2023-04-11 23:22:04.654 DEBUG [acme.framework.controllers.AbstractController@http-nio-8080-exec-6] >>>>>>>>>>>>>>>>>>>>>>>>>>>>>>>>>>>>>>>>>>>>>>>>>>>>>>>>>>>>>>>>>>>>>>>>>>>>>>>> 
2023-04-11 23:22:04.655 DEBUG [acme.framework.controllers.AbstractController@http-nio-8080-exec-6] REQUEST: GET /acme-l3-d03/authenticated/bulletin/show 
2023-04-11 23:22:04.655 DEBUG [acme.framework.controllers.AbstractController@http-nio-8080-exec-6] MOMENT:  Sat Jul 30 00:00:00 CEST 2022 
2023-04-11 23:22:04.655 DEBUG [acme.framework.controllers.AbstractController@http-nio-8080-exec-6] COMMAND: show 
2023-04-11 23:22:04.655 DEBUG [acme.framework.controllers.AbstractController@http-nio-8080-exec-6] INPUT:   {id=134} 
2023-04-11 23:22:04.656 DEBUG [acme.framework.components.database.DatabaseManager@http-nio-8080-exec-6] Starting transaction df15b357-6f89-4410-b335-36cd70a3ddf9. 
2023-04-11 23:22:04.658 DEBUG [org.hibernate.SQL@http-nio-8080-exec-6] select bulletin0_.id as id1_0_, bulletin0_.version as version2_0_, bulletin0_.critical as critical1_12_, bulletin0_.message as message2_12_, bulletin0_.moment as moment3_12_, bulletin0_.more_info as more_inf4_12_, bulletin0_.title as title5_12_ from bulletin bulletin0_ where bulletin0_.id=? 
2023-04-11 23:22:04.658 TRACE [org.hibernate.type.descriptor.sql.BasicBinder@http-nio-8080-exec-6] binding parameter [1] as [INTEGER] - [134] 
2023-04-11 23:22:04.660 DEBUG [acme.framework.components.database.DatabaseManager@http-nio-8080-exec-6] Committing transaction df15b357-6f89-4410-b335-36cd70a3ddf9. 
2023-04-11 23:22:04.661 DEBUG [acme.framework.components.database.DatabaseManager@http-nio-8080-exec-6] Starting transaction f5531767-245f-49ee-8c4c-c96beb7ae060. 
2023-04-11 23:22:04.662 DEBUG [acme.framework.components.database.DatabaseManager@http-nio-8080-exec-6] Committing transaction f5531767-245f-49ee-8c4c-c96beb7ae060. 
2023-04-11 23:22:04.663 DEBUG [acme.framework.components.clocks.SimulatedClock@http-nio-8080-exec-6] Changing current moment to 'Sat Jul 30 00:00:00 CEST 2022'. 
2023-04-11 23:22:04.663 DEBUG [acme.framework.controllers.AbstractController@http-nio-8080-exec-6] RESPOND: GET /acme-l3-d03/authenticated/bulletin/show 
2023-04-11 23:22:04.663 DEBUG [acme.framework.controllers.AbstractController@http-nio-8080-exec-6] MOMENT:  Sat Jul 30 00:00:00 CEST 2022 
2023-04-11 23:22:04.664 DEBUG [acme.framework.controllers.AbstractController@http-nio-8080-exec-6] RESULT:  ModelAndView [view="authenticated/bulletin/form"; model={$authorised=true, $checked=true, $oops=null, $view=authenticated/bulletin/form, $errors=Errors(map={}), $httpServletResponse=org.springframework.security.web.header.HeaderWriterFilter$HeaderWriterResponse@6b7debe0, critical=true, id=134, title=Lorem ipsum, message=Lorem ipsum dolor sit amet, moreInfo=https://www.google.es/, version=0, moment=2003-05-14 14:39:00.0, $number$tuples=1, _command=show, _method=GET, _server_moment=Sat Jul 30 00:00:00 CEST 2022, _csrf.parameterName=_csrf, _csrf.token=92f601ed-9689-4138-9f0f-46c21e034eab, $request=* Dataset $global: 	$url = "/acme-l3-d03/authenticated/bulletin/show" 	$method = <<GET>> 	$command = "show" 	$principal = {username = "serlopdia", password = "$2a$05$pbYtv6vntK.QUDSahsHol.L6Cc.MfA.ETsdC7xYu78dLQa80lErxe", enabled = true, authorities = [AUTH_Any, AUTH_Authenticated], activeRole = class acme.framework.components.accounts.Authenticated, roleMap = {class acme.framework.components.accounts.Authenticated = 0, class acme.framework.components.accounts.Any = 0}, accountId = 151, $assertionsDisabled = false} 	$locale = {LOCALECACHE = java.util.Locale$Cache@197bd590, ENGLISH = en, FRENCH = fr, GERMAN = de, ITALIAN = it, JAPANESE = ja, KOREAN = ko, CHINESE = zh, SIMPLIFIED_CHINESE = zh_CN, TRADITIONAL_CHINESE = zh_TW, FRANCE = fr_FR, GERMANY = de_DE, ITALY = it_IT, JAPAN = ja_JP, KOREA = ko_KR, CHINA = zh_CN, PRC = zh_CN, TAIWAN = zh_TW, UK = en_GB, US = en_US, CANADA = en_CA, CANADA_FRENCH = fr_CA, ROOT = , PRIVATE_USE_EXTENSION = 'x', UNICODE_LOCALE_EXTENSION = 'u', DISPLAY_LANGUAGE = 0, DISPLAY_COUNTRY = 1, DISPLAY_VARIANT = 2, DISPLAY_SCRIPT = 3, baseLocale = language=en, localeExtensions = null, hashCodeValue = 0, defaultLocale = en, defaultDisplayLocale = en, defaultFormatLocale = en, languageTag = null, serialPersistentFields = [Ljava/lang/String; language, Ljava/lang/String; country, Ljava/lang/String; variant, I hashcode, Ljava/lang/String; script, Ljava/lang/String; extensions], isoLanguages = null, isoCountries = null, $assertionsDisabled = true} 	$httpServletRequest = {LSTRING_FILE = "javax.servlet.LocalStrings", lStrings = java.util.PropertyResourceBundle@73cc0d84, request = org.springframework.security.web.header.HeaderWriterFilter$HeaderWriterRequest@4e8b7146, trustResolver = org.springframework.security.authentication.AuthenticationTrustResolverImpl@22ba6ce, rolePrefix = "ROLE_", response = org.springframework.security.web.header.HeaderWriterFilter$HeaderWriterResponse@6b7debe0, this$0 = org.springframework.security.web.servletapi.HttpServlet3RequestFactory@410a8961} * Dataset $data: 	id = "134" , $buffer=* Dataset $global: 	$errors = {map = {}, $assertionsDisabled = false} * Dataset $data: 	acme.entities.bulletins.Bulletin@134 = {id = 134, version = 0, moment = <<2003-05-14 14:39:00.0>>, title = "Lorem ipsum", message = "Lorem ipsum dolor sit amet", critical = true, moreInfo = "https://www.google.es/"} , $response=* Dataset $global: 	$authorised = true 	$checked = true 	$oops = null 	$view = "authenticated/bulletin/form" 	$errors = {map = {}, $assertionsDisabled = false} 	$httpServletResponse = {LSTRING_FILE = "javax.servlet.LocalStrings", lStrings = java.util.PropertyResourceBundle@73cc0d84, response = org.springframework.security.web.context.HttpSessionSecurityContextRepository$SaveToSessionResponseWrapper@48b7c681, disableOnCommitted = false, contentLength = 0, contentWritten = 0, request = org.springframework.security.web.context.HttpSessionSecurityContextRepository$SaveToSessionRequestWrapper@3327205a, this$0 = org.springframework.security.web.header.HeaderWriterFilter@27210a3b} * Dataset $data: 	acme.framework.components.models.Tuple@294472905 = {"critical" = true, "id" = 134, "title" = "Lorem ipsum", "message" = "Lorem ipsum dolor sit amet", "moreInfo" = "https://www.google.es/", "version" = 0, "moment" = <<2003-05-14 14:39:00.0>>} }] 
2023-04-11 23:22:04.665 DEBUG [acme.framework.controllers.AbstractController@http-nio-8080-exec-6] <<<<<<<<<<<<<<<<<<<<<<<<<<<<<<<<<<<<<<<<<<<<<<<<<<<<<<<<<<<<<<<<<<<<<<<<<<<<<<<< 
2023-04-11 23:22:04.667 DEBUG [acme.framework.components.tiles.DynamicTilesView@http-nio-8080-exec-6] View name 'authenticated/bulletin/form', model {$authorised=true, $checked=true, $oops=null, $view=authenticated/bulletin/form, $errors=Errors(map={}), $httpServletResponse=org.springframework.security.web.header.HeaderWriterFilter$HeaderWriterResponse@6b7debe0, critical=true, id=134, title=Lorem ipsum, message=Lorem ipsum dolor sit amet, moreInfo=https://www.google.es/, version=0, moment=2003-05-14 14:39:00.0, $number$tuples=1, _command=show, _method=GET, _server_moment=Sat Jul 30 00:00:00 CEST 2022, _csrf.parameterName=_csrf, _csrf.token=92f601ed-9689-4138-9f0f-46c21e034eab, $request=* Dataset $global: 	$url = "/acme-l3-d03/authenticated/bulletin/show" 	$method = <<GET>> 	$command = "show" 	$principal = {username = "serlopdia", password = "$2a$05$pbYtv6vntK.QUDSahsHol.L6Cc.MfA.ETsdC7xYu78dLQa80lErxe", enabled = true, authorities = [AUTH_Any, AUTH_Authenticated], activeRole = class acme.framework.components.accounts.Authenticated, roleMap = {class acme.framework.components.accounts.Authenticated = 0, class acme.framework.components.accounts.Any = 0}, accountId = 151, $assertionsDisabled = false} 	$locale = {LOCALECACHE = java.util.Locale$Cache@197bd590, ENGLISH = en, FRENCH = fr, GERMAN = de, ITALIAN = it, JAPANESE = ja, KOREAN = ko, CHINESE = zh, SIMPLIFIED_CHINESE = zh_CN, TRADITIONAL_CHINESE = zh_TW, FRANCE = fr_FR, GERMANY = de_DE, ITALY = it_IT, JAPAN = ja_JP, KOREA = ko_KR, CHINA = zh_CN, PRC = zh_CN, TAIWAN = zh_TW, UK = en_GB, US = en_US, CANADA = en_CA, CANADA_FRENCH = fr_CA, ROOT = , PRIVATE_USE_EXTENSION = 'x', UNICODE_LOCALE_EXTENSION = 'u', DISPLAY_LANGUAGE = 0, DISPLAY_COUNTRY = 1, DISPLAY_VARIANT = 2, DISPLAY_SCRIPT = 3, baseLocale = language=en, localeExtensions = null, hashCodeValue = 0, defaultLocale = en, defaultDisplayLocale = en, defaultFormatLocale = en, languageTag = null, serialPersistentFields = [Ljava/lang/String; language, Ljava/lang/String; country, Ljava/lang/String; variant, I hashcode, Ljava/lang/String; script, Ljava/lang/String; extensions], isoLanguages = null, isoCountries = null, $assertionsDisabled = true} 	$httpServletRequest = {LSTRING_FILE = "javax.servlet.LocalStrings", lStrings = java.util.PropertyResourceBundle@73cc0d84, request = org.springframework.security.web.header.HeaderWriterFilter$HeaderWriterRequest@4e8b7146, trustResolver = org.springframework.security.authentication.AuthenticationTrustResolverImpl@22ba6ce, rolePrefix = "ROLE_", response = org.springframework.security.web.header.HeaderWriterFilter$HeaderWriterResponse@6b7debe0, this$0 = org.springframework.security.web.servletapi.HttpServlet3RequestFactory@410a8961} * Dataset $data: 	id = "134" , $buffer=* Dataset $global: 	$errors = {map = {}, $assertionsDisabled = false} * Dataset $data: 	acme.entities.bulletins.Bulletin@134 = {id = 134, version = 0, moment = <<2003-05-14 14:39:00.0>>, title = "Lorem ipsum", message = "Lorem ipsum dolor sit amet", critical = true, moreInfo = "https://www.google.es/"} , $response=* Dataset $global: 	$authorised = true 	$checked = true 	$oops = null 	$view = "authenticated/bulletin/form" 	$errors = {map = {}, $assertionsDisabled = false} 	$httpServletResponse = {LSTRING_FILE = "javax.servlet.LocalStrings", lStrings = java.util.PropertyResourceBundle@73cc0d84, response = org.springframework.security.web.context.HttpSessionSecurityContextRepository$SaveToSessionResponseWrapper@48b7c681, disableOnCommitted = false, contentLength = 0, contentWritten = 0, request = org.springframework.security.web.context.HttpSessionSecurityContextRepository$SaveToSessionRequestWrapper@3327205a, this$0 = org.springframework.security.web.header.HeaderWriterFilter@27210a3b} * Dataset $data: 	acme.framework.components.models.Tuple@294472905 = {"critical" = true, "id" = 134, "title" = "Lorem ipsum", "message" = "Lorem ipsum dolor sit amet", "moreInfo" = "https://www.google.es/", "version" = 0, "moment" = <<2003-05-14 14:39:00.0>>} , org.springframework.validation.BindingResult.$errors=org.springframework.validation.BeanPropertyBindingResult: 0 errors, org.springframework.validation.BindingResult.$httpServletResponse=org.springframework.validation.BeanPropertyBindingResult: 0 errors, org.springframework.validation.BindingResult.$request=org.springframework.validation.BeanPropertyBindingResult: 0 errors, org.springframework.validation.BindingResult.$buffer=org.springframework.validation.BeanPropertyBindingResult: 0 errors, org.springframework.validation.BindingResult.$response=org.springframework.validation.BeanPropertyBindingResult: 0 errors} 
2023-04-11 23:22:04.670 DEBUG [org.apache.jasper.servlet.JspServlet@http-nio-8080-exec-6] JspEngine --> /WEB-INF/views/master/page.jsp 
2023-04-11 23:22:04.670 DEBUG [org.apache.jasper.servlet.JspServlet@http-nio-8080-exec-6] ServletPath: /WEB-INF/views/master/page.jsp 
2023-04-11 23:22:04.670 DEBUG [org.apache.jasper.servlet.JspServlet@http-nio-8080-exec-6] PathInfo: null 
2023-04-11 23:22:04.673 DEBUG [org.apache.jasper.servlet.JspServlet@http-nio-8080-exec-6] RealPath: C:\Users\sergi\Desktop\SERGIO\UNIVERSIDAD\CURSOS\3Tercer Curso\2do CUATRIMESTRE\DP2\Workspace-23\Projects\dp2-acme-l3\Acme-L3-D03\target\classes\WEB-INF\views\master\page.jsp 
2023-04-11 23:22:04.673 DEBUG [org.apache.jasper.servlet.JspServlet@http-nio-8080-exec-6] RequestURI: /acme-l3-d03/WEB-INF/views/master/page.jsp 
2023-04-11 23:22:04.673 DEBUG [org.apache.jasper.servlet.JspServlet@http-nio-8080-exec-6] QueryString: id=134 
2023-04-11 23:22:04.758 DEBUG [org.apache.jasper.servlet.JspServlet@http-nio-8080-exec-6] JspEngine --> /WEB-INF/views/authenticated/bulletin/form.jsp 
2023-04-11 23:22:04.759 DEBUG [org.apache.jasper.servlet.JspServlet@http-nio-8080-exec-6] ServletPath: /WEB-INF/views/master/page.jsp 
2023-04-11 23:22:04.759 DEBUG [org.apache.jasper.servlet.JspServlet@http-nio-8080-exec-6] PathInfo: null 
2023-04-11 23:22:04.760 DEBUG [org.apache.jasper.servlet.JspServlet@http-nio-8080-exec-6] RealPath: C:\Users\sergi\Desktop\SERGIO\UNIVERSIDAD\CURSOS\3Tercer Curso\2do CUATRIMESTRE\DP2\Workspace-23\Projects\dp2-acme-l3\Acme-L3-D03\target\classes\WEB-INF\views\authenticated\bulletin\form.jsp 
2023-04-11 23:22:04.760 DEBUG [org.apache.jasper.servlet.JspServlet@http-nio-8080-exec-6] RequestURI: /acme-l3-d03/WEB-INF/views/master/page.jsp 
2023-04-11 23:22:04.760 DEBUG [org.apache.jasper.servlet.JspServlet@http-nio-8080-exec-6] QueryString: id=134 
2023-04-11 23:22:04.811 DEBUG [acme.framework.controllers.AbstractController@http-nio-8080-exec-7] >>>>>>>>>>>>>>>>>>>>>>>>>>>>>>>>>>>>>>>>>>>>>>>>>>>>>>>>>>>>>>>>>>>>>>>>>>>>>>>> 
2023-04-11 23:22:04.811 DEBUG [acme.framework.controllers.AbstractController@http-nio-8080-exec-7] REQUEST: GET /acme-l3-d03/authenticated/bulletin/show 
2023-04-11 23:22:04.811 DEBUG [acme.framework.controllers.AbstractController@http-nio-8080-exec-7] MOMENT:  Sat Jul 30 00:00:00 CEST 2022 
2023-04-11 23:22:04.811 DEBUG [acme.framework.controllers.AbstractController@http-nio-8080-exec-7] COMMAND: show 
2023-04-11 23:22:04.811 DEBUG [acme.framework.controllers.AbstractController@http-nio-8080-exec-7] INPUT:   {id=134} 
2023-04-11 23:22:04.812 DEBUG [acme.framework.components.database.DatabaseManager@http-nio-8080-exec-7] Starting transaction b192b13b-182f-46c5-afc6-37b8eb6405bc. 
2023-04-11 23:22:04.813 DEBUG [org.hibernate.SQL@http-nio-8080-exec-7] select bulletin0_.id as id1_0_, bulletin0_.version as version2_0_, bulletin0_.critical as critical1_12_, bulletin0_.message as message2_12_, bulletin0_.moment as moment3_12_, bulletin0_.more_info as more_inf4_12_, bulletin0_.title as title5_12_ from bulletin bulletin0_ where bulletin0_.id=? 
2023-04-11 23:22:04.813 TRACE [org.hibernate.type.descriptor.sql.BasicBinder@http-nio-8080-exec-7] binding parameter [1] as [INTEGER] - [134] 
2023-04-11 23:22:04.815 DEBUG [acme.framework.components.database.DatabaseManager@http-nio-8080-exec-7] Committing transaction b192b13b-182f-46c5-afc6-37b8eb6405bc. 
2023-04-11 23:22:04.817 DEBUG [acme.framework.components.database.DatabaseManager@http-nio-8080-exec-7] Starting transaction f52d4d43-bdbf-4d46-a255-a938a7bd4177. 
2023-04-11 23:22:04.817 DEBUG [acme.framework.components.database.DatabaseManager@http-nio-8080-exec-7] Committing transaction f52d4d43-bdbf-4d46-a255-a938a7bd4177. 
2023-04-11 23:22:04.819 DEBUG [acme.framework.components.clocks.SimulatedClock@http-nio-8080-exec-7] Changing current moment to 'Sat Jul 30 00:00:00 CEST 2022'. 
2023-04-11 23:22:04.819 DEBUG [acme.framework.controllers.AbstractController@http-nio-8080-exec-7] RESPOND: GET /acme-l3-d03/authenticated/bulletin/show 
2023-04-11 23:22:04.819 DEBUG [acme.framework.controllers.AbstractController@http-nio-8080-exec-7] MOMENT:  Sat Jul 30 00:00:00 CEST 2022 
2023-04-11 23:22:04.820 DEBUG [acme.framework.controllers.AbstractController@http-nio-8080-exec-7] RESULT:  ModelAndView [view="authenticated/bulletin/form"; model={$authorised=true, $checked=true, $oops=null, $view=authenticated/bulletin/form, $errors=Errors(map={}), $httpServletResponse=org.springframework.security.web.header.HeaderWriterFilter$HeaderWriterResponse@5674d8d9, critical=true, id=134, title=Lorem ipsum, message=Lorem ipsum dolor sit amet, moreInfo=https://www.google.es/, version=0, moment=2003-05-14 14:39:00.0, $number$tuples=1, _command=show, _method=GET, _server_moment=Sat Jul 30 00:00:00 CEST 2022, _csrf.parameterName=_csrf, _csrf.token=42868462-7f35-468c-807a-6b0ef0101828, $request=* Dataset $global: 	$url = "/acme-l3-d03/authenticated/bulletin/show" 	$method = <<GET>> 	$command = "show" 	$principal = {username = "serlopdia", password = "$2a$05$pbYtv6vntK.QUDSahsHol.L6Cc.MfA.ETsdC7xYu78dLQa80lErxe", enabled = true, authorities = [AUTH_Any, AUTH_Authenticated], activeRole = class acme.framework.components.accounts.Authenticated, roleMap = {class acme.framework.components.accounts.Authenticated = 0, class acme.framework.components.accounts.Any = 0}, accountId = 151, $assertionsDisabled = false} 	$locale = {LOCALECACHE = java.util.Locale$Cache@197bd590, ENGLISH = en, FRENCH = fr, GERMAN = de, ITALIAN = it, JAPANESE = ja, KOREAN = ko, CHINESE = zh, SIMPLIFIED_CHINESE = zh_CN, TRADITIONAL_CHINESE = zh_TW, FRANCE = fr_FR, GERMANY = de_DE, ITALY = it_IT, JAPAN = ja_JP, KOREA = ko_KR, CHINA = zh_CN, PRC = zh_CN, TAIWAN = zh_TW, UK = en_GB, US = en_US, CANADA = en_CA, CANADA_FRENCH = fr_CA, ROOT = , PRIVATE_USE_EXTENSION = 'x', UNICODE_LOCALE_EXTENSION = 'u', DISPLAY_LANGUAGE = 0, DISPLAY_COUNTRY = 1, DISPLAY_VARIANT = 2, DISPLAY_SCRIPT = 3, baseLocale = language=en, localeExtensions = null, hashCodeValue = 0, defaultLocale = en, defaultDisplayLocale = en, defaultFormatLocale = en, languageTag = null, serialPersistentFields = [Ljava/lang/String; language, Ljava/lang/String; country, Ljava/lang/String; variant, I hashcode, Ljava/lang/String; script, Ljava/lang/String; extensions], isoLanguages = null, isoCountries = null, $assertionsDisabled = true} 	$httpServletRequest = {LSTRING_FILE = "javax.servlet.LocalStrings", lStrings = java.util.PropertyResourceBundle@73cc0d84, request = org.springframework.security.web.header.HeaderWriterFilter$HeaderWriterRequest@73101935, trustResolver = org.springframework.security.authentication.AuthenticationTrustResolverImpl@22ba6ce, rolePrefix = "ROLE_", response = org.springframework.security.web.header.HeaderWriterFilter$HeaderWriterResponse@5674d8d9, this$0 = org.springframework.security.web.servletapi.HttpServlet3RequestFactory@410a8961} * Dataset $data: 	id = "134" , $buffer=* Dataset $global: 	$errors = {map = {}, $assertionsDisabled = false} * Dataset $data: 	acme.entities.bulletins.Bulletin@134 = {id = 134, version = 0, moment = <<2003-05-14 14:39:00.0>>, title = "Lorem ipsum", message = "Lorem ipsum dolor sit amet", critical = true, moreInfo = "https://www.google.es/"} , $response=* Dataset $global: 	$authorised = true 	$checked = true 	$oops = null 	$view = "authenticated/bulletin/form" 	$errors = {map = {}, $assertionsDisabled = false} 	$httpServletResponse = {LSTRING_FILE = "javax.servlet.LocalStrings", lStrings = java.util.PropertyResourceBundle@73cc0d84, response = org.springframework.security.web.context.HttpSessionSecurityContextRepository$SaveToSessionResponseWrapper@50ff88e2, disableOnCommitted = false, contentLength = 0, contentWritten = 0, request = org.springframework.security.web.context.HttpSessionSecurityContextRepository$SaveToSessionRequestWrapper@58d6b1ea, this$0 = org.springframework.security.web.header.HeaderWriterFilter@27210a3b} * Dataset $data: 	acme.framework.components.models.Tuple@628472453 = {"critical" = true, "id" = 134, "title" = "Lorem ipsum", "message" = "Lorem ipsum dolor sit amet", "moreInfo" = "https://www.google.es/", "version" = 0, "moment" = <<2003-05-14 14:39:00.0>>} }] 
2023-04-11 23:22:04.820 DEBUG [acme.framework.controllers.AbstractController@http-nio-8080-exec-7] <<<<<<<<<<<<<<<<<<<<<<<<<<<<<<<<<<<<<<<<<<<<<<<<<<<<<<<<<<<<<<<<<<<<<<<<<<<<<<<< 
2023-04-11 23:22:04.822 DEBUG [acme.framework.components.tiles.DynamicTilesView@http-nio-8080-exec-7] View name 'authenticated/bulletin/form', model {$authorised=true, $checked=true, $oops=null, $view=authenticated/bulletin/form, $errors=Errors(map={}), $httpServletResponse=org.springframework.security.web.header.HeaderWriterFilter$HeaderWriterResponse@5674d8d9, critical=true, id=134, title=Lorem ipsum, message=Lorem ipsum dolor sit amet, moreInfo=https://www.google.es/, version=0, moment=2003-05-14 14:39:00.0, $number$tuples=1, _command=show, _method=GET, _server_moment=Sat Jul 30 00:00:00 CEST 2022, _csrf.parameterName=_csrf, _csrf.token=42868462-7f35-468c-807a-6b0ef0101828, $request=* Dataset $global: 	$url = "/acme-l3-d03/authenticated/bulletin/show" 	$method = <<GET>> 	$command = "show" 	$principal = {username = "serlopdia", password = "$2a$05$pbYtv6vntK.QUDSahsHol.L6Cc.MfA.ETsdC7xYu78dLQa80lErxe", enabled = true, authorities = [AUTH_Any, AUTH_Authenticated], activeRole = class acme.framework.components.accounts.Authenticated, roleMap = {class acme.framework.components.accounts.Authenticated = 0, class acme.framework.components.accounts.Any = 0}, accountId = 151, $assertionsDisabled = false} 	$locale = {LOCALECACHE = java.util.Locale$Cache@197bd590, ENGLISH = en, FRENCH = fr, GERMAN = de, ITALIAN = it, JAPANESE = ja, KOREAN = ko, CHINESE = zh, SIMPLIFIED_CHINESE = zh_CN, TRADITIONAL_CHINESE = zh_TW, FRANCE = fr_FR, GERMANY = de_DE, ITALY = it_IT, JAPAN = ja_JP, KOREA = ko_KR, CHINA = zh_CN, PRC = zh_CN, TAIWAN = zh_TW, UK = en_GB, US = en_US, CANADA = en_CA, CANADA_FRENCH = fr_CA, ROOT = , PRIVATE_USE_EXTENSION = 'x', UNICODE_LOCALE_EXTENSION = 'u', DISPLAY_LANGUAGE = 0, DISPLAY_COUNTRY = 1, DISPLAY_VARIANT = 2, DISPLAY_SCRIPT = 3, baseLocale = language=en, localeExtensions = null, hashCodeValue = 0, defaultLocale = en, defaultDisplayLocale = en, defaultFormatLocale = en, languageTag = null, serialPersistentFields = [Ljava/lang/String; language, Ljava/lang/String; country, Ljava/lang/String; variant, I hashcode, Ljava/lang/String; script, Ljava/lang/String; extensions], isoLanguages = null, isoCountries = null, $assertionsDisabled = true} 	$httpServletRequest = {LSTRING_FILE = "javax.servlet.LocalStrings", lStrings = java.util.PropertyResourceBundle@73cc0d84, request = org.springframework.security.web.header.HeaderWriterFilter$HeaderWriterRequest@73101935, trustResolver = org.springframework.security.authentication.AuthenticationTrustResolverImpl@22ba6ce, rolePrefix = "ROLE_", response = org.springframework.security.web.header.HeaderWriterFilter$HeaderWriterResponse@5674d8d9, this$0 = org.springframework.security.web.servletapi.HttpServlet3RequestFactory@410a8961} * Dataset $data: 	id = "134" , $buffer=* Dataset $global: 	$errors = {map = {}, $assertionsDisabled = false} * Dataset $data: 	acme.entities.bulletins.Bulletin@134 = {id = 134, version = 0, moment = <<2003-05-14 14:39:00.0>>, title = "Lorem ipsum", message = "Lorem ipsum dolor sit amet", critical = true, moreInfo = "https://www.google.es/"} , $response=* Dataset $global: 	$authorised = true 	$checked = true 	$oops = null 	$view = "authenticated/bulletin/form" 	$errors = {map = {}, $assertionsDisabled = false} 	$httpServletResponse = {LSTRING_FILE = "javax.servlet.LocalStrings", lStrings = java.util.PropertyResourceBundle@73cc0d84, response = org.springframework.security.web.context.HttpSessionSecurityContextRepository$SaveToSessionResponseWrapper@50ff88e2, disableOnCommitted = false, contentLength = 0, contentWritten = 0, request = org.springframework.security.web.context.HttpSessionSecurityContextRepository$SaveToSessionRequestWrapper@58d6b1ea, this$0 = org.springframework.security.web.header.HeaderWriterFilter@27210a3b} * Dataset $data: 	acme.framework.components.models.Tuple@628472453 = {"critical" = true, "id" = 134, "title" = "Lorem ipsum", "message" = "Lorem ipsum dolor sit amet", "moreInfo" = "https://www.google.es/", "version" = 0, "moment" = <<2003-05-14 14:39:00.0>>} , org.springframework.validation.BindingResult.$errors=org.springframework.validation.BeanPropertyBindingResult: 0 errors, org.springframework.validation.BindingResult.$httpServletResponse=org.springframework.validation.BeanPropertyBindingResult: 0 errors, org.springframework.validation.BindingResult.$request=org.springframework.validation.BeanPropertyBindingResult: 0 errors, org.springframework.validation.BindingResult.$buffer=org.springframework.validation.BeanPropertyBindingResult: 0 errors, org.springframework.validation.BindingResult.$response=org.springframework.validation.BeanPropertyBindingResult: 0 errors} 
2023-04-11 23:22:04.823 DEBUG [org.apache.jasper.servlet.JspServlet@http-nio-8080-exec-7] JspEngine --> /WEB-INF/views/master/page.jsp 
2023-04-11 23:22:04.824 DEBUG [org.apache.jasper.servlet.JspServlet@http-nio-8080-exec-7] ServletPath: /WEB-INF/views/master/page.jsp 
2023-04-11 23:22:04.824 DEBUG [org.apache.jasper.servlet.JspServlet@http-nio-8080-exec-7] PathInfo: null 
2023-04-11 23:22:04.825 DEBUG [org.apache.jasper.servlet.JspServlet@http-nio-8080-exec-7] RealPath: C:\Users\sergi\Desktop\SERGIO\UNIVERSIDAD\CURSOS\3Tercer Curso\2do CUATRIMESTRE\DP2\Workspace-23\Projects\dp2-acme-l3\Acme-L3-D03\target\classes\WEB-INF\views\master\page.jsp 
2023-04-11 23:22:04.825 DEBUG [org.apache.jasper.servlet.JspServlet@http-nio-8080-exec-7] RequestURI: /acme-l3-d03/WEB-INF/views/master/page.jsp 
2023-04-11 23:22:04.826 DEBUG [org.apache.jasper.servlet.JspServlet@http-nio-8080-exec-7] QueryString: id=134 
2023-04-11 23:22:04.905 DEBUG [org.apache.jasper.servlet.JspServlet@http-nio-8080-exec-7] JspEngine --> /WEB-INF/views/authenticated/bulletin/form.jsp 
2023-04-11 23:22:04.905 DEBUG [org.apache.jasper.servlet.JspServlet@http-nio-8080-exec-7] ServletPath: /WEB-INF/views/master/page.jsp 
2023-04-11 23:22:04.906 DEBUG [org.apache.jasper.servlet.JspServlet@http-nio-8080-exec-7] PathInfo: null 
2023-04-11 23:22:04.906 DEBUG [org.apache.jasper.servlet.JspServlet@http-nio-8080-exec-7] RealPath: C:\Users\sergi\Desktop\SERGIO\UNIVERSIDAD\CURSOS\3Tercer Curso\2do CUATRIMESTRE\DP2\Workspace-23\Projects\dp2-acme-l3\Acme-L3-D03\target\classes\WEB-INF\views\authenticated\bulletin\form.jsp 
2023-04-11 23:22:04.906 DEBUG [org.apache.jasper.servlet.JspServlet@http-nio-8080-exec-7] RequestURI: /acme-l3-d03/WEB-INF/views/master/page.jsp 
2023-04-11 23:22:04.906 DEBUG [org.apache.jasper.servlet.JspServlet@http-nio-8080-exec-7] QueryString: id=134 
