2023-04-21 02:56:25.271 INFO  [acme.Launcher@main] Starting Launcher using Java 1.8.0_241 on DESKTOP-IS808ND with PID 11968 (C:\Users\sergi\Desktop\SERGIO\UNIVERSIDAD\CURSOS\3Tercer Curso\2do CUATRIMESTRE\DP2\Workspace-23\Frameworks\Acme-Framework-23.3.1\target\classes started by sergi in C:\Users\sergi\Desktop\SERGIO\UNIVERSIDAD\CURSOS\3Tercer Curso\2do CUATRIMESTRE\DP2\Workspace-23\Projects\dp2-acme-l3\Acme-L3-D03) 
2023-04-21 02:56:25.274 DEBUG [acme.Launcher@main] Running with Spring Boot v2.4.2, Spring v5.3.3 
2023-04-21 02:56:25.275 INFO  [acme.Launcher@main] The following profiles are active: development,runner 
2023-04-21 02:56:29.341 DEBUG [org.apache.jasper.servlet.JasperInitializer@main] Initializing Jasper for context [application] 
2023-04-21 02:56:36.957 DEBUG [org.apache.jasper.servlet.JspServlet@main] Scratch dir for the JSP engine is: [C:\Users\sergi\AppData\Local\Temp\tomcat.8080.3021806617473974667\work\Tomcat\localhost\acme-l3-d03] 
2023-04-21 02:56:36.957 DEBUG [org.apache.jasper.servlet.JspServlet@main] IMPORTANT: Do not modify the generated servlets 
2023-04-21 02:56:36.975 INFO  [acme.Launcher@main] Started Launcher in 12.656 seconds (JVM running for 13.533) 
2023-04-21 02:56:36.984 DEBUG [acme.Launcher@main] Found classpath entry '/C:/Users/sergi/Desktop/SERGIO/UNIVERSIDAD/CURSOS/3Tercer%20Curso/2do%20CUATRIMESTRE/DP2/Workspace-23/Projects/dp2-acme-l3/Acme-L3-D03/target/test-classes/' 
2023-04-21 02:56:36.984 DEBUG [acme.Launcher@main] Found classpath entry '/C:/Users/sergi/Desktop/SERGIO/UNIVERSIDAD/CURSOS/3Tercer%20Curso/2do%20CUATRIMESTRE/DP2/Workspace-23/Projects/dp2-acme-l3/Acme-L3-D03/target/classes/' 
2023-04-21 02:56:36.985 DEBUG [acme.Launcher@main] Found classpath entry '/C:/Users/sergi/Desktop/SERGIO/UNIVERSIDAD/CURSOS/3Tercer%20Curso/2do%20CUATRIMESTRE/DP2/Workspace-23/Frameworks/Acme-Framework-23.3.1/target/classes/' 
2023-04-21 02:56:36.985 DEBUG [acme.Launcher@main] Found classpath entry '/C:/Users/sergi/Desktop/SERGIO/UNIVERSIDAD/CURSOS/3Tercer%20Curso/2do%20CUATRIMESTRE/DP2/Workspace-23/Frameworks/Acme-Framework-23.3.1/target/test-classes/' 
2023-04-21 02:56:36.985 DEBUG [acme.Launcher@main] Found classpath entry '/C:/Users/sergi/.m2/repository/org/springframework/boot/spring-boot-starter-tomcat/2.4.2/spring-boot-starter-tomcat-2.4.2.jar' 
2023-04-21 02:56:36.985 DEBUG [acme.Launcher@main] Found classpath entry '/C:/Users/sergi/.m2/repository/jakarta/annotation/jakarta.annotation-api/1.3.5/jakarta.annotation-api-1.3.5.jar' 
2023-04-21 02:56:36.985 DEBUG [acme.Launcher@main] Found classpath entry '/C:/Users/sergi/.m2/repository/org/apache/tomcat/embed/tomcat-embed-core/9.0.41/tomcat-embed-core-9.0.41.jar' 
2023-04-21 02:56:36.985 DEBUG [acme.Launcher@main] Found classpath entry '/C:/Users/sergi/.m2/repository/org/glassfish/jakarta.el/3.0.3/jakarta.el-3.0.3.jar' 
2023-04-21 02:56:36.985 DEBUG [acme.Launcher@main] Found classpath entry '/C:/Users/sergi/.m2/repository/org/apache/tomcat/embed/tomcat-embed-websocket/9.0.41/tomcat-embed-websocket-9.0.41.jar' 
2023-04-21 02:56:36.987 DEBUG [acme.Launcher@main] Found classpath entry '/C:/Users/sergi/.m2/repository/org/apache/tomcat/embed/tomcat-embed-jasper/9.0.41/tomcat-embed-jasper-9.0.41.jar' 
2023-04-21 02:56:36.987 DEBUG [acme.Launcher@main] Found classpath entry '/C:/Users/sergi/.m2/repository/org/apache/tomcat/embed/tomcat-embed-el/9.0.41/tomcat-embed-el-9.0.41.jar' 
2023-04-21 02:56:36.987 DEBUG [acme.Launcher@main] Found classpath entry '/C:/Users/sergi/.m2/repository/org/eclipse/jdt/ecj/3.18.0/ecj-3.18.0.jar' 
2023-04-21 02:56:36.987 DEBUG [acme.Launcher@main] Found classpath entry '/C:/Users/sergi/.m2/repository/javax/servlet/jstl/1.2/jstl-1.2.jar' 
2023-04-21 02:56:36.988 DEBUG [acme.Launcher@main] Found classpath entry '/C:/Users/sergi/.m2/repository/org/springframework/boot/spring-boot-starter-security/2.4.2/spring-boot-starter-security-2.4.2.jar' 
2023-04-21 02:56:36.988 DEBUG [acme.Launcher@main] Found classpath entry '/C:/Users/sergi/.m2/repository/org/springframework/boot/spring-boot-starter/2.4.2/spring-boot-starter-2.4.2.jar' 
2023-04-21 02:56:36.988 DEBUG [acme.Launcher@main] Found classpath entry '/C:/Users/sergi/.m2/repository/org/springframework/boot/spring-boot/2.4.2/spring-boot-2.4.2.jar' 
2023-04-21 02:56:36.988 DEBUG [acme.Launcher@main] Found classpath entry '/C:/Users/sergi/.m2/repository/org/springframework/boot/spring-boot-autoconfigure/2.4.2/spring-boot-autoconfigure-2.4.2.jar' 
2023-04-21 02:56:36.988 DEBUG [acme.Launcher@main] Found classpath entry '/C:/Users/sergi/.m2/repository/org/springframework/boot/spring-boot-starter-logging/2.4.2/spring-boot-starter-logging-2.4.2.jar' 
2023-04-21 02:56:36.989 DEBUG [acme.Launcher@main] Found classpath entry '/C:/Users/sergi/.m2/repository/ch/qos/logback/logback-classic/1.2.3/logback-classic-1.2.3.jar' 
2023-04-21 02:56:36.989 DEBUG [acme.Launcher@main] Found classpath entry '/C:/Users/sergi/.m2/repository/ch/qos/logback/logback-core/1.2.3/logback-core-1.2.3.jar' 
2023-04-21 02:56:36.989 DEBUG [acme.Launcher@main] Found classpath entry '/C:/Users/sergi/.m2/repository/org/apache/logging/log4j/log4j-to-slf4j/2.13.3/log4j-to-slf4j-2.13.3.jar' 
2023-04-21 02:56:36.989 DEBUG [acme.Launcher@main] Found classpath entry '/C:/Users/sergi/.m2/repository/org/apache/logging/log4j/log4j-api/2.13.3/log4j-api-2.13.3.jar' 
2023-04-21 02:56:36.989 DEBUG [acme.Launcher@main] Found classpath entry '/C:/Users/sergi/.m2/repository/org/slf4j/jul-to-slf4j/1.7.30/jul-to-slf4j-1.7.30.jar' 
2023-04-21 02:56:36.990 DEBUG [acme.Launcher@main] Found classpath entry '/C:/Users/sergi/.m2/repository/org/yaml/snakeyaml/1.27/snakeyaml-1.27.jar' 
2023-04-21 02:56:36.990 DEBUG [acme.Launcher@main] Found classpath entry '/C:/Users/sergi/.m2/repository/org/springframework/spring-aop/5.3.3/spring-aop-5.3.3.jar' 
2023-04-21 02:56:36.990 DEBUG [acme.Launcher@main] Found classpath entry '/C:/Users/sergi/.m2/repository/org/springframework/security/spring-security-web/5.4.2/spring-security-web-5.4.2.jar' 
2023-04-21 02:56:36.990 DEBUG [acme.Launcher@main] Found classpath entry '/C:/Users/sergi/.m2/repository/org/springframework/security/spring-security-core/5.4.2/spring-security-core-5.4.2.jar' 
2023-04-21 02:56:36.991 DEBUG [acme.Launcher@main] Found classpath entry '/C:/Users/sergi/.m2/repository/org/springframework/spring-beans/5.3.3/spring-beans-5.3.3.jar' 
2023-04-21 02:56:36.991 DEBUG [acme.Launcher@main] Found classpath entry '/C:/Users/sergi/.m2/repository/org/springframework/spring-context/5.3.3/spring-context-5.3.3.jar' 
2023-04-21 02:56:36.991 DEBUG [acme.Launcher@main] Found classpath entry '/C:/Users/sergi/.m2/repository/org/springframework/spring-core/5.3.3/spring-core-5.3.3.jar' 
2023-04-21 02:56:36.991 DEBUG [acme.Launcher@main] Found classpath entry '/C:/Users/sergi/.m2/repository/org/springframework/spring-jcl/5.3.3/spring-jcl-5.3.3.jar' 
2023-04-21 02:56:36.991 DEBUG [acme.Launcher@main] Found classpath entry '/C:/Users/sergi/.m2/repository/org/springframework/spring-expression/5.3.3/spring-expression-5.3.3.jar' 
2023-04-21 02:56:36.991 DEBUG [acme.Launcher@main] Found classpath entry '/C:/Users/sergi/.m2/repository/org/springframework/spring-web/5.3.3/spring-web-5.3.3.jar' 
2023-04-21 02:56:36.992 DEBUG [acme.Launcher@main] Found classpath entry '/C:/Users/sergi/.m2/repository/org/springframework/security/spring-security-config/5.4.2/spring-security-config-5.4.2.jar' 
2023-04-21 02:56:36.992 DEBUG [acme.Launcher@main] Found classpath entry '/C:/Users/sergi/.m2/repository/org/springframework/security/spring-security-taglibs/5.4.2/spring-security-taglibs-5.4.2.jar' 
2023-04-21 02:56:36.992 DEBUG [acme.Launcher@main] Found classpath entry '/C:/Users/sergi/.m2/repository/org/springframework/security/spring-security-acl/5.4.2/spring-security-acl-5.4.2.jar' 
2023-04-21 02:56:36.992 DEBUG [acme.Launcher@main] Found classpath entry '/C:/Users/sergi/.m2/repository/org/springframework/spring-jdbc/5.3.3/spring-jdbc-5.3.3.jar' 
2023-04-21 02:56:36.992 DEBUG [acme.Launcher@main] Found classpath entry '/C:/Users/sergi/.m2/repository/org/springframework/spring-tx/5.3.3/spring-tx-5.3.3.jar' 
2023-04-21 02:56:36.992 DEBUG [acme.Launcher@main] Found classpath entry '/C:/Users/sergi/.m2/repository/org/springframework/boot/spring-boot-starter-web/2.4.2/spring-boot-starter-web-2.4.2.jar' 
2023-04-21 02:56:36.992 DEBUG [acme.Launcher@main] Found classpath entry '/C:/Users/sergi/.m2/repository/org/springframework/boot/spring-boot-starter-json/2.4.2/spring-boot-starter-json-2.4.2.jar' 
2023-04-21 02:56:36.993 DEBUG [acme.Launcher@main] Found classpath entry '/C:/Users/sergi/.m2/repository/com/fasterxml/jackson/core/jackson-databind/2.11.4/jackson-databind-2.11.4.jar' 
2023-04-21 02:56:36.993 DEBUG [acme.Launcher@main] Found classpath entry '/C:/Users/sergi/.m2/repository/com/fasterxml/jackson/core/jackson-annotations/2.11.4/jackson-annotations-2.11.4.jar' 
2023-04-21 02:56:36.993 DEBUG [acme.Launcher@main] Found classpath entry '/C:/Users/sergi/.m2/repository/com/fasterxml/jackson/core/jackson-core/2.11.4/jackson-core-2.11.4.jar' 
2023-04-21 02:56:36.993 DEBUG [acme.Launcher@main] Found classpath entry '/C:/Users/sergi/.m2/repository/com/fasterxml/jackson/datatype/jackson-datatype-jdk8/2.11.4/jackson-datatype-jdk8-2.11.4.jar' 
2023-04-21 02:56:36.994 DEBUG [acme.Launcher@main] Found classpath entry '/C:/Users/sergi/.m2/repository/com/fasterxml/jackson/datatype/jackson-datatype-jsr310/2.11.4/jackson-datatype-jsr310-2.11.4.jar' 
2023-04-21 02:56:36.994 DEBUG [acme.Launcher@main] Found classpath entry '/C:/Users/sergi/.m2/repository/com/fasterxml/jackson/module/jackson-module-parameter-names/2.11.4/jackson-module-parameter-names-2.11.4.jar' 
2023-04-21 02:56:36.994 DEBUG [acme.Launcher@main] Found classpath entry '/C:/Users/sergi/.m2/repository/org/springframework/spring-webmvc/5.3.3/spring-webmvc-5.3.3.jar' 
2023-04-21 02:56:36.994 DEBUG [acme.Launcher@main] Found classpath entry '/C:/Users/sergi/.m2/repository/org/apache/tiles/tiles-jsp/3.0.8/tiles-jsp-3.0.8.jar' 
2023-04-21 02:56:36.994 DEBUG [acme.Launcher@main] Found classpath entry '/C:/Users/sergi/.m2/repository/org/apache/tiles/tiles-servlet/3.0.8/tiles-servlet-3.0.8.jar' 
2023-04-21 02:56:36.995 DEBUG [acme.Launcher@main] Found classpath entry '/C:/Users/sergi/.m2/repository/org/apache/tiles/tiles-core/3.0.8/tiles-core-3.0.8.jar' 
2023-04-21 02:56:36.995 DEBUG [acme.Launcher@main] Found classpath entry '/C:/Users/sergi/.m2/repository/commons-digester/commons-digester/2.0/commons-digester-2.0.jar' 
2023-04-21 02:56:36.995 DEBUG [acme.Launcher@main] Found classpath entry '/C:/Users/sergi/.m2/repository/org/slf4j/jcl-over-slf4j/1.7.30/jcl-over-slf4j-1.7.30.jar' 
2023-04-21 02:56:36.995 DEBUG [acme.Launcher@main] Found classpath entry '/C:/Users/sergi/.m2/repository/org/apache/tiles/tiles-request-servlet/1.0.7/tiles-request-servlet-1.0.7.jar' 
2023-04-21 02:56:36.995 DEBUG [acme.Launcher@main] Found classpath entry '/C:/Users/sergi/.m2/repository/org/apache/tiles/tiles-template/3.0.8/tiles-template-3.0.8.jar' 
2023-04-21 02:56:36.995 DEBUG [acme.Launcher@main] Found classpath entry '/C:/Users/sergi/.m2/repository/org/apache/tiles/tiles-api/3.0.8/tiles-api-3.0.8.jar' 
2023-04-21 02:56:36.995 DEBUG [acme.Launcher@main] Found classpath entry '/C:/Users/sergi/.m2/repository/org/apache/tiles/tiles-autotag-core-runtime/1.2/tiles-autotag-core-runtime-1.2.jar' 
2023-04-21 02:56:36.997 DEBUG [acme.Launcher@main] Found classpath entry '/C:/Users/sergi/.m2/repository/org/slf4j/slf4j-api/1.7.30/slf4j-api-1.7.30.jar' 
2023-04-21 02:56:36.997 DEBUG [acme.Launcher@main] Found classpath entry '/C:/Users/sergi/.m2/repository/org/apache/tiles/tiles-request-jsp/1.0.7/tiles-request-jsp-1.0.7.jar' 
2023-04-21 02:56:36.997 DEBUG [acme.Launcher@main] Found classpath entry '/C:/Users/sergi/.m2/repository/org/apache/tiles/tiles-request-api/1.0.7/tiles-request-api-1.0.7.jar' 
2023-04-21 02:56:36.998 DEBUG [acme.Launcher@main] Found classpath entry '/C:/Users/sergi/.m2/repository/org/springframework/boot/spring-boot-starter-data-jpa/2.4.2/spring-boot-starter-data-jpa-2.4.2.jar' 
2023-04-21 02:56:36.998 DEBUG [acme.Launcher@main] Found classpath entry '/C:/Users/sergi/.m2/repository/org/springframework/boot/spring-boot-starter-aop/2.4.2/spring-boot-starter-aop-2.4.2.jar' 
2023-04-21 02:56:36.998 DEBUG [acme.Launcher@main] Found classpath entry '/C:/Users/sergi/.m2/repository/org/aspectj/aspectjweaver/1.9.6/aspectjweaver-1.9.6.jar' 
2023-04-21 02:56:36.998 DEBUG [acme.Launcher@main] Found classpath entry '/C:/Users/sergi/.m2/repository/org/springframework/boot/spring-boot-starter-jdbc/2.4.2/spring-boot-starter-jdbc-2.4.2.jar' 
2023-04-21 02:56:36.999 DEBUG [acme.Launcher@main] Found classpath entry '/C:/Users/sergi/.m2/repository/jakarta/transaction/jakarta.transaction-api/1.3.3/jakarta.transaction-api-1.3.3.jar' 
2023-04-21 02:56:36.999 DEBUG [acme.Launcher@main] Found classpath entry '/C:/Users/sergi/.m2/repository/jakarta/persistence/jakarta.persistence-api/2.2.3/jakarta.persistence-api-2.2.3.jar' 
2023-04-21 02:56:36.999 DEBUG [acme.Launcher@main] Found classpath entry '/C:/Users/sergi/.m2/repository/org/hibernate/hibernate-core/5.4.27.Final/hibernate-core-5.4.27.Final.jar' 
2023-04-21 02:56:36.999 DEBUG [acme.Launcher@main] Found classpath entry '/C:/Users/sergi/.m2/repository/org/jboss/logging/jboss-logging/3.4.1.Final/jboss-logging-3.4.1.Final.jar' 
2023-04-21 02:56:37 DEBUG [acme.Launcher@main] Found classpath entry '/C:/Users/sergi/.m2/repository/org/javassist/javassist/3.27.0-GA/javassist-3.27.0-GA.jar' 
2023-04-21 02:56:37 DEBUG [acme.Launcher@main] Found classpath entry '/C:/Users/sergi/.m2/repository/antlr/antlr/2.7.7/antlr-2.7.7.jar' 
2023-04-21 02:56:37 DEBUG [acme.Launcher@main] Found classpath entry '/C:/Users/sergi/.m2/repository/org/jboss/jandex/2.1.3.Final/jandex-2.1.3.Final.jar' 
2023-04-21 02:56:37 DEBUG [acme.Launcher@main] Found classpath entry '/C:/Users/sergi/.m2/repository/com/fasterxml/classmate/1.5.1/classmate-1.5.1.jar' 
2023-04-21 02:56:37 DEBUG [acme.Launcher@main] Found classpath entry '/C:/Users/sergi/.m2/repository/org/dom4j/dom4j/2.1.3/dom4j-2.1.3.jar' 
2023-04-21 02:56:37 DEBUG [acme.Launcher@main] Found classpath entry '/C:/Users/sergi/.m2/repository/org/hibernate/common/hibernate-commons-annotations/5.1.2.Final/hibernate-commons-annotations-5.1.2.Final.jar' 
2023-04-21 02:56:37.001 DEBUG [acme.Launcher@main] Found classpath entry '/C:/Users/sergi/.m2/repository/org/glassfish/jaxb/jaxb-runtime/2.3.3/jaxb-runtime-2.3.3.jar' 
2023-04-21 02:56:37.001 DEBUG [acme.Launcher@main] Found classpath entry '/C:/Users/sergi/.m2/repository/org/glassfish/jaxb/txw2/2.3.3/txw2-2.3.3.jar' 
2023-04-21 02:56:37.001 DEBUG [acme.Launcher@main] Found classpath entry '/C:/Users/sergi/.m2/repository/com/sun/istack/istack-commons-runtime/3.0.11/istack-commons-runtime-3.0.11.jar' 
2023-04-21 02:56:37.001 DEBUG [acme.Launcher@main] Found classpath entry '/C:/Users/sergi/.m2/repository/com/sun/activation/jakarta.activation/1.2.2/jakarta.activation-1.2.2.jar' 
2023-04-21 02:56:37.001 DEBUG [acme.Launcher@main] Found classpath entry '/C:/Users/sergi/.m2/repository/org/springframework/data/spring-data-jpa/2.4.3/spring-data-jpa-2.4.3.jar' 
2023-04-21 02:56:37.002 DEBUG [acme.Launcher@main] Found classpath entry '/C:/Users/sergi/.m2/repository/org/springframework/data/spring-data-commons/2.4.3/spring-data-commons-2.4.3.jar' 
2023-04-21 02:56:37.002 DEBUG [acme.Launcher@main] Found classpath entry '/C:/Users/sergi/.m2/repository/org/springframework/spring-orm/5.3.3/spring-orm-5.3.3.jar' 
2023-04-21 02:56:37.002 DEBUG [acme.Launcher@main] Found classpath entry '/C:/Users/sergi/.m2/repository/org/springframework/spring-aspects/5.3.3/spring-aspects-5.3.3.jar' 
2023-04-21 02:56:37.002 DEBUG [acme.Launcher@main] Found classpath entry '/C:/Users/sergi/.m2/repository/org/springframework/boot/spring-boot-starter-validation/2.4.2/spring-boot-starter-validation-2.4.2.jar' 
2023-04-21 02:56:37.002 DEBUG [acme.Launcher@main] Found classpath entry '/C:/Users/sergi/.m2/repository/org/hibernate/validator/hibernate-validator/6.1.7.Final/hibernate-validator-6.1.7.Final.jar' 
2023-04-21 02:56:37.002 DEBUG [acme.Launcher@main] Found classpath entry '/C:/Users/sergi/.m2/repository/jakarta/validation/jakarta.validation-api/2.0.2/jakarta.validation-api-2.0.2.jar' 
2023-04-21 02:56:37.003 DEBUG [acme.Launcher@main] Found classpath entry '/C:/Users/sergi/.m2/repository/mysql/mysql-connector-java/8.0.22/mysql-connector-java-8.0.22.jar' 
2023-04-21 02:56:37.003 DEBUG [acme.Launcher@main] Found classpath entry '/C:/Users/sergi/.m2/repository/com/zaxxer/HikariCP/3.4.5/HikariCP-3.4.5.jar' 
2023-04-21 02:56:37.003 DEBUG [acme.Launcher@main] Found classpath entry '/C:/Users/sergi/.m2/repository/org/springframework/boot/spring-boot-starter-test/2.4.2/spring-boot-starter-test-2.4.2.jar' 
2023-04-21 02:56:37.003 DEBUG [acme.Launcher@main] Found classpath entry '/C:/Users/sergi/.m2/repository/org/springframework/boot/spring-boot-test/2.4.2/spring-boot-test-2.4.2.jar' 
2023-04-21 02:56:37.003 DEBUG [acme.Launcher@main] Found classpath entry '/C:/Users/sergi/.m2/repository/org/springframework/boot/spring-boot-test-autoconfigure/2.4.2/spring-boot-test-autoconfigure-2.4.2.jar' 
2023-04-21 02:56:37.004 DEBUG [acme.Launcher@main] Found classpath entry '/C:/Users/sergi/.m2/repository/com/jayway/jsonpath/json-path/2.4.0/json-path-2.4.0.jar' 
2023-04-21 02:56:37.004 DEBUG [acme.Launcher@main] Found classpath entry '/C:/Users/sergi/.m2/repository/net/minidev/json-smart/2.3/json-smart-2.3.jar' 
2023-04-21 02:56:37.004 DEBUG [acme.Launcher@main] Found classpath entry '/C:/Users/sergi/.m2/repository/net/minidev/accessors-smart/1.2/accessors-smart-1.2.jar' 
2023-04-21 02:56:37.004 DEBUG [acme.Launcher@main] Found classpath entry '/C:/Users/sergi/.m2/repository/org/ow2/asm/asm/5.0.4/asm-5.0.4.jar' 
2023-04-21 02:56:37.004 DEBUG [acme.Launcher@main] Found classpath entry '/C:/Users/sergi/.m2/repository/jakarta/xml/bind/jakarta.xml.bind-api/2.3.3/jakarta.xml.bind-api-2.3.3.jar' 
2023-04-21 02:56:37.004 DEBUG [acme.Launcher@main] Found classpath entry '/C:/Users/sergi/.m2/repository/jakarta/activation/jakarta.activation-api/1.2.2/jakarta.activation-api-1.2.2.jar' 
2023-04-21 02:56:37.005 DEBUG [acme.Launcher@main] Found classpath entry '/C:/Users/sergi/.m2/repository/org/assertj/assertj-core/3.18.1/assertj-core-3.18.1.jar' 
2023-04-21 02:56:37.005 DEBUG [acme.Launcher@main] Found classpath entry '/C:/Users/sergi/.m2/repository/org/hamcrest/hamcrest/2.2/hamcrest-2.2.jar' 
2023-04-21 02:56:37.005 DEBUG [acme.Launcher@main] Found classpath entry '/C:/Users/sergi/.m2/repository/org/junit/jupiter/junit-jupiter/5.7.0/junit-jupiter-5.7.0.jar' 
2023-04-21 02:56:37.005 DEBUG [acme.Launcher@main] Found classpath entry '/C:/Users/sergi/.m2/repository/org/mockito/mockito-core/3.6.28/mockito-core-3.6.28.jar' 
2023-04-21 02:56:37.005 DEBUG [acme.Launcher@main] Found classpath entry '/C:/Users/sergi/.m2/repository/net/bytebuddy/byte-buddy-agent/1.10.19/byte-buddy-agent-1.10.19.jar' 
2023-04-21 02:56:37.005 DEBUG [acme.Launcher@main] Found classpath entry '/C:/Users/sergi/.m2/repository/org/objenesis/objenesis/3.1/objenesis-3.1.jar' 
2023-04-21 02:56:37.005 DEBUG [acme.Launcher@main] Found classpath entry '/C:/Users/sergi/.m2/repository/org/mockito/mockito-junit-jupiter/3.6.28/mockito-junit-jupiter-3.6.28.jar' 
2023-04-21 02:56:37.006 DEBUG [acme.Launcher@main] Found classpath entry '/C:/Users/sergi/.m2/repository/org/skyscreamer/jsonassert/1.5.0/jsonassert-1.5.0.jar' 
2023-04-21 02:56:37.006 DEBUG [acme.Launcher@main] Found classpath entry '/C:/Users/sergi/.m2/repository/com/vaadin/external/google/android-json/0.0.20131108.vaadin1/android-json-0.0.20131108.vaadin1.jar' 
2023-04-21 02:56:37.006 DEBUG [acme.Launcher@main] Found classpath entry '/C:/Users/sergi/.m2/repository/org/springframework/spring-test/5.3.3/spring-test-5.3.3.jar' 
2023-04-21 02:56:37.006 DEBUG [acme.Launcher@main] Found classpath entry '/C:/Users/sergi/.m2/repository/org/xmlunit/xmlunit-core/2.7.0/xmlunit-core-2.7.0.jar' 
2023-04-21 02:56:37.006 DEBUG [acme.Launcher@main] Found classpath entry '/C:/Users/sergi/.m2/repository/org/junit/jupiter/junit-jupiter-engine/5.7.0/junit-jupiter-engine-5.7.0.jar' 
2023-04-21 02:56:37.006 DEBUG [acme.Launcher@main] Found classpath entry '/C:/Users/sergi/.m2/repository/org/apiguardian/apiguardian-api/1.1.0/apiguardian-api-1.1.0.jar' 
2023-04-21 02:56:37.007 DEBUG [acme.Launcher@main] Found classpath entry '/C:/Users/sergi/.m2/repository/org/junit/platform/junit-platform-engine/1.7.0/junit-platform-engine-1.7.0.jar' 
2023-04-21 02:56:37.007 DEBUG [acme.Launcher@main] Found classpath entry '/C:/Users/sergi/.m2/repository/org/junit/jupiter/junit-jupiter-api/5.7.0/junit-jupiter-api-5.7.0.jar' 
2023-04-21 02:56:37.007 DEBUG [acme.Launcher@main] Found classpath entry '/C:/Users/sergi/.m2/repository/org/opentest4j/opentest4j/1.2.0/opentest4j-1.2.0.jar' 
2023-04-21 02:56:37.007 DEBUG [acme.Launcher@main] Found classpath entry '/C:/Users/sergi/.m2/repository/org/junit/platform/junit-platform-commons/1.7.0/junit-platform-commons-1.7.0.jar' 
2023-04-21 02:56:37.007 DEBUG [acme.Launcher@main] Found classpath entry '/C:/Users/sergi/.m2/repository/org/junit/jupiter/junit-jupiter-params/5.7.0/junit-jupiter-params-5.7.0.jar' 
2023-04-21 02:56:37.007 DEBUG [acme.Launcher@main] Found classpath entry '/C:/Users/sergi/.m2/repository/org/junit/platform/junit-platform-launcher/1.7.0/junit-platform-launcher-1.7.0.jar' 
2023-04-21 02:56:37.007 DEBUG [acme.Launcher@main] Found classpath entry '/C:/Users/sergi/.m2/repository/org/seleniumhq/selenium/selenium-java/3.141.59/selenium-java-3.141.59.jar' 
2023-04-21 02:56:37.007 DEBUG [acme.Launcher@main] Found classpath entry '/C:/Users/sergi/.m2/repository/org/seleniumhq/selenium/selenium-api/3.141.59/selenium-api-3.141.59.jar' 
2023-04-21 02:56:37.007 DEBUG [acme.Launcher@main] Found classpath entry '/C:/Users/sergi/.m2/repository/org/seleniumhq/selenium/selenium-chrome-driver/3.141.59/selenium-chrome-driver-3.141.59.jar' 
2023-04-21 02:56:37.008 DEBUG [acme.Launcher@main] Found classpath entry '/C:/Users/sergi/.m2/repository/org/seleniumhq/selenium/selenium-edge-driver/3.141.59/selenium-edge-driver-3.141.59.jar' 
2023-04-21 02:56:37.008 DEBUG [acme.Launcher@main] Found classpath entry '/C:/Users/sergi/.m2/repository/org/seleniumhq/selenium/selenium-firefox-driver/3.141.59/selenium-firefox-driver-3.141.59.jar' 
2023-04-21 02:56:37.008 DEBUG [acme.Launcher@main] Found classpath entry '/C:/Users/sergi/.m2/repository/org/seleniumhq/selenium/selenium-ie-driver/3.141.59/selenium-ie-driver-3.141.59.jar' 
2023-04-21 02:56:37.008 DEBUG [acme.Launcher@main] Found classpath entry '/C:/Users/sergi/.m2/repository/org/seleniumhq/selenium/selenium-opera-driver/3.141.59/selenium-opera-driver-3.141.59.jar' 
2023-04-21 02:56:37.008 DEBUG [acme.Launcher@main] Found classpath entry '/C:/Users/sergi/.m2/repository/org/seleniumhq/selenium/selenium-remote-driver/3.141.59/selenium-remote-driver-3.141.59.jar' 
2023-04-21 02:56:37.009 DEBUG [acme.Launcher@main] Found classpath entry '/C:/Users/sergi/.m2/repository/org/seleniumhq/selenium/selenium-safari-driver/3.141.59/selenium-safari-driver-3.141.59.jar' 
2023-04-21 02:56:37.009 DEBUG [acme.Launcher@main] Found classpath entry '/C:/Users/sergi/.m2/repository/org/seleniumhq/selenium/selenium-support/3.141.59/selenium-support-3.141.59.jar' 
2023-04-21 02:56:37.009 DEBUG [acme.Launcher@main] Found classpath entry '/C:/Users/sergi/.m2/repository/net/bytebuddy/byte-buddy/1.10.19/byte-buddy-1.10.19.jar' 
2023-04-21 02:56:37.009 DEBUG [acme.Launcher@main] Found classpath entry '/C:/Users/sergi/.m2/repository/org/apache/commons/commons-exec/1.3/commons-exec-1.3.jar' 
2023-04-21 02:56:37.009 DEBUG [acme.Launcher@main] Found classpath entry '/C:/Users/sergi/.m2/repository/com/google/guava/guava/25.0-jre/guava-25.0-jre.jar' 
2023-04-21 02:56:37.009 DEBUG [acme.Launcher@main] Found classpath entry '/C:/Users/sergi/.m2/repository/com/google/code/findbugs/jsr305/1.3.9/jsr305-1.3.9.jar' 
2023-04-21 02:56:37.010 DEBUG [acme.Launcher@main] Found classpath entry '/C:/Users/sergi/.m2/repository/org/checkerframework/checker-compat-qual/2.0.0/checker-compat-qual-2.0.0.jar' 
2023-04-21 02:56:37.010 DEBUG [acme.Launcher@main] Found classpath entry '/C:/Users/sergi/.m2/repository/com/google/errorprone/error_prone_annotations/2.1.3/error_prone_annotations-2.1.3.jar' 
2023-04-21 02:56:37.010 DEBUG [acme.Launcher@main] Found classpath entry '/C:/Users/sergi/.m2/repository/com/google/j2objc/j2objc-annotations/1.1/j2objc-annotations-1.1.jar' 
2023-04-21 02:56:37.010 DEBUG [acme.Launcher@main] Found classpath entry '/C:/Users/sergi/.m2/repository/org/codehaus/mojo/animal-sniffer-annotations/1.14/animal-sniffer-annotations-1.14.jar' 
2023-04-21 02:56:37.010 DEBUG [acme.Launcher@main] Found classpath entry '/C:/Users/sergi/.m2/repository/com/squareup/okhttp3/okhttp/3.14.9/okhttp-3.14.9.jar' 
2023-04-21 02:56:37.011 DEBUG [acme.Launcher@main] Found classpath entry '/C:/Users/sergi/.m2/repository/com/squareup/okio/okio/1.14.0/okio-1.14.0.jar' 
2023-04-21 02:56:37.011 DEBUG [acme.Launcher@main] Found classpath entry '/C:/Users/sergi/.m2/repository/org/apache/commons/commons-lang3/3.11/commons-lang3-3.11.jar' 
2023-04-21 02:56:37.011 DEBUG [acme.Launcher@main] Found classpath entry '/C:/Users/sergi/.m2/repository/org/apache/commons/commons-text/1.8/commons-text-1.8.jar' 
2023-04-21 02:56:37.011 DEBUG [acme.Launcher@main] Found classpath entry '/C:/Users/sergi/.m2/repository/commons-io/commons-io/2.6/commons-io-2.6.jar' 
2023-04-21 02:56:37.011 DEBUG [acme.Launcher@main] Found classpath entry '/C:/Users/sergi/.m2/repository/commons-cli/commons-cli/1.4/commons-cli-1.4.jar' 
2023-04-21 02:56:37.011 DEBUG [acme.Launcher@main] Found classpath entry '/C:/Users/sergi/.m2/repository/org/projectlombok/lombok/1.18.16/lombok-1.18.16.jar' 
2023-04-21 02:56:37.011 DEBUG [acme.Launcher@main] Found classpath entry '/C:/Users/sergi/.m2/repository/com/opencsv/opencsv/5.4/opencsv-5.4.jar' 
2023-04-21 02:56:37.012 DEBUG [acme.Launcher@main] Found classpath entry '/C:/Users/sergi/.m2/repository/commons-beanutils/commons-beanutils/1.9.4/commons-beanutils-1.9.4.jar' 
2023-04-21 02:56:37.012 DEBUG [acme.Launcher@main] Found classpath entry '/C:/Users/sergi/.m2/repository/commons-logging/commons-logging/1.2/commons-logging-1.2.jar' 
2023-04-21 02:56:37.012 DEBUG [acme.Launcher@main] Found classpath entry '/C:/Users/sergi/.m2/repository/commons-collections/commons-collections/3.2.2/commons-collections-3.2.2.jar' 
2023-04-21 02:56:37.012 DEBUG [acme.Launcher@main] Found classpath entry '/C:/Users/sergi/.m2/repository/org/apache/commons/commons-collections4/4.4/commons-collections4-4.4.jar' 
2023-04-21 02:56:37.230 DEBUG [acme.Launcher@main] Found entity class 'acme.entities.audits.Audit 
2023-04-21 02:56:37.230 DEBUG [acme.Launcher@main] Found entity class 'acme.entities.audits.AuditingRecord 
2023-04-21 02:56:37.230 DEBUG [acme.Launcher@main] Found entity class 'acme.entities.banners.Banner 
2023-04-21 02:56:37.230 DEBUG [acme.Launcher@main] Found entity class 'acme.entities.bulletins.Bulletin 
2023-04-21 02:56:37.231 DEBUG [acme.Launcher@main] Found entity class 'acme.entities.courses.Course 
2023-04-21 02:56:37.231 DEBUG [acme.Launcher@main] Found entity class 'acme.entities.courses.Lecture 
2023-04-21 02:56:37.231 DEBUG [acme.Launcher@main] Found entity class 'acme.entities.courses.LectureRegistration 
2023-04-21 02:56:37.231 DEBUG [acme.Launcher@main] Found entity class 'acme.entities.enrolments.Activity 
2023-04-21 02:56:37.231 DEBUG [acme.Launcher@main] Found entity class 'acme.entities.enrolments.Enrolment 
2023-04-21 02:56:37.231 DEBUG [acme.Launcher@main] Found entity class 'acme.entities.notes.Note 
2023-04-21 02:56:37.231 DEBUG [acme.Launcher@main] Found entity class 'acme.entities.offers.Offer 
2023-04-21 02:56:37.231 DEBUG [acme.Launcher@main] Found entity class 'acme.entities.peeps.Peep 
2023-04-21 02:56:37.231 DEBUG [acme.Launcher@main] Found entity class 'acme.entities.practicums.Practicum 
2023-04-21 02:56:37.232 DEBUG [acme.Launcher@main] Found entity class 'acme.entities.practicums.PracticumSession 
2023-04-21 02:56:37.232 DEBUG [acme.Launcher@main] Found entity class 'acme.entities.tutorial.Tutorial 
2023-04-21 02:56:37.232 DEBUG [acme.Launcher@main] Found entity class 'acme.entities.tutorial.TutorialSession 
2023-04-21 02:56:37.232 DEBUG [acme.Launcher@main] Found entity class 'acme.roles.Assistant 
2023-04-21 02:56:37.232 DEBUG [acme.Launcher@main] Found entity class 'acme.roles.Auditor 
2023-04-21 02:56:37.232 DEBUG [acme.Launcher@main] Found entity class 'acme.roles.Company 
2023-04-21 02:56:37.233 DEBUG [acme.Launcher@main] Found entity class 'acme.roles.Lecturer 
2023-04-21 02:56:37.233 DEBUG [acme.Launcher@main] Found entity class 'acme.roles.Student 
2023-04-21 02:56:37.233 DEBUG [acme.Launcher@main] Found entity class 'acme.system.configuration.SystemConfiguration 
2023-04-21 02:56:37.233 DEBUG [acme.Launcher@main] Found entity class 'acme.framework.components.accounts.Administrator 
2023-04-21 02:56:37.233 DEBUG [acme.Launcher@main] Found entity class 'acme.framework.components.accounts.Anonymous 
2023-04-21 02:56:37.233 DEBUG [acme.Launcher@main] Found entity class 'acme.framework.components.accounts.Any 
2023-04-21 02:56:37.234 DEBUG [acme.Launcher@main] Found entity class 'acme.framework.components.accounts.Authenticated 
2023-04-21 02:56:37.234 DEBUG [acme.Launcher@main] Found entity class 'acme.framework.components.accounts.UserAccount 
2023-04-21 02:56:37.242 DEBUG [acme.framework.components.clocks.AbstractClock@main] Changing base moment to 'Fri Apr 21 02:56:37 CEST 2023'. 
2023-04-21 02:56:37.243 DEBUG [acme.framework.components.clocks.AbstractClock@main] Changing base moment to 'Sat Jul 30 00:00:00 CEST 2022'. 
2023-04-21 02:56:37.244 DEBUG [acme.framework.components.clocks.SimulatedClock@main] Changing current moment to 'Sat Jul 30 00:00:00 CEST 2022'. 
2023-04-21 02:56:37.244 INFO  [acme.Launcher@main] Running application (Standalone mode) 
2023-04-21 02:56:49.254 DEBUG [org.hibernate.SQL@http-nio-8080-exec-1] select useraccoun0_.id as id1_0_, useraccoun0_.version as version2_0_, useraccoun0_.enabled as enabled1_28_, useraccoun0_.identity as identity2_28_, useraccoun0_.password as password3_28_, useraccoun0_.username as username4_28_ from user_account useraccoun0_ where useraccoun0_.username=? 
2023-04-21 02:56:49.274 TRACE [org.hibernate.type.descriptor.sql.BasicBinder@http-nio-8080-exec-1] binding parameter [1] as [VARCHAR] - [serlopdia] 
2023-04-21 02:56:49.332 DEBUG [org.hibernate.SQL@http-nio-8080-exec-1] select userroles0_.user_account_id as user_acc1_1_0_, userroles0_.id as id1_1_0_, userroles0_.id as id1_0_1_, userroles0_.version as version2_0_1_, userroles0_.user_account_id as user_acc1_1_1_, userroles0_.expertise_fields as expertis1_6_1_, userroles0_.more_info as more_inf2_6_1_, userroles0_.resume as resume3_6_1_, userroles0_.supervisor as supervis4_6_1_, userroles0_.certifications as certific1_9_1_, userroles0_.firm as firm2_9_1_, userroles0_.more_info as more_inf3_9_1_, userroles0_.professional_id as professi4_9_1_, userroles0_.vat as vat1_13_1_, userroles0_.link as link2_13_1_, userroles0_.name as name3_13_1_, userroles0_.summary as summary4_13_1_, userroles0_.alma_mater as alma_mat1_17_1_, userroles0_.more_info as more_inf2_17_1_, userroles0_.qualifications as qualific3_17_1_, userroles0_.resume as resume4_17_1_, userroles0_.more_info as more_inf1_24_1_, userroles0_.statement as statemen2_24_1_, userroles0_.strong_features as strong_f3_24_1_, userroles0_.weak_features as weak_fea4_24_1_, userroles0_.clazz_ as clazz_1_ from ( select id, version, user_account_id, expertise_fields, more_info, resume, supervisor, null as certifications, null as firm, null as professional_id, null as vat, null as link, null as name, null as summary, null as alma_mater, null as qualifications, null as statement, null as strong_features, null as weak_features, 18 as clazz_ from assistant union all select id, version, user_account_id, null as expertise_fields, more_info, null as resume, null as supervisor, certifications, firm, professional_id, null as vat, null as link, null as name, null as summary, null as alma_mater, null as qualifications, null as statement, null as strong_features, null as weak_features, 19 as clazz_ from auditor union all select id, version, user_account_id, null as expertise_fields, null as more_info, null as resume, null as supervisor, null as certifications, null as firm, null as professional_id, vat, link, name, summary, null as alma_mater, null as qualifications, null as statement, null as strong_features, null as weak_features, 20 as clazz_ from company union all select id, version, user_account_id, null as expertise_fields, more_info, resume, null as supervisor, null as certifications, null as firm, null as professional_id, null as vat, null as link, null as name, null as summary, alma_mater, qualifications, null as statement, null as strong_features, null as weak_features, 21 as clazz_ from lecturer union all select id, version, user_account_id, null as expertise_fields, more_info, null as resume, null as supervisor, null as certifications, null as firm, null as professional_id, null as vat, null as link, null as name, null as summary, null as alma_mater, null as qualifications, statement, strong_features, weak_features, 22 as clazz_ from student union all select id, version, user_account_id, null as expertise_fields, null as more_info, null as resume, null as supervisor, null as certifications, null as firm, null as professional_id, null as vat, null as link, null as name, null as summary, null as alma_mater, null as qualifications, null as statement, null as strong_features, null as weak_features, 24 as clazz_ from administrator union all select id, version, user_account_id, null as expertise_fields, null as more_info, null as resume, null as supervisor, null as certifications, null as firm, null as professional_id, null as vat, null as link, null as name, null as summary, null as alma_mater, null as qualifications, null as statement, null as strong_features, null as weak_features, 25 as clazz_ from anonymous union all select id, version, user_account_id, null as expertise_fields, null as more_info, null as resume, null as supervisor, null as certifications, null as firm, null as professional_id, null as vat, null as link, null as name, null as summary, null as alma_mater, null as qualifications, null as statement, null as strong_features, null as weak_features, 26 as clazz_ from any union all select id, version, user_account_id, null as expertise_fields, null as more_info, null as resume, null as supervisor, null as certifications, null as firm, null as professional_id, null as vat, null as link, null as name, null as summary, null as alma_mater, null as qualifications, null as statement, null as strong_features, null as weak_features, 27 as clazz_ from authenticated ) userroles0_ where userroles0_.user_account_id=? 
2023-04-21 02:56:49.335 TRACE [org.hibernate.type.descriptor.sql.BasicBinder@http-nio-8080-exec-1] binding parameter [1] as [INTEGER] - [150] 
2023-04-21 02:56:49.422 DEBUG [acme.framework.controllers.AbstractController@http-nio-8080-exec-1] >>>>>>>>>>>>>>>>>>>>>>>>>>>>>>>>>>>>>>>>>>>>>>>>>>>>>>>>>>>>>>>>>>>>>>>>>>>>>>>> 
2023-04-21 02:56:49.422 DEBUG [acme.framework.controllers.AbstractController@http-nio-8080-exec-1] REQUEST: GET /acme-l3-d03/company/practicum-session/create 
2023-04-21 02:56:49.422 DEBUG [acme.framework.controllers.AbstractController@http-nio-8080-exec-1] MOMENT:  Sat Jul 30 00:00:00 CEST 2022 
2023-04-21 02:56:49.423 DEBUG [acme.framework.controllers.AbstractController@http-nio-8080-exec-1] COMMAND: create 
2023-04-21 02:56:49.423 DEBUG [acme.framework.controllers.AbstractController@http-nio-8080-exec-1] INPUT:   {} 
2023-04-21 02:56:49.448 DEBUG [acme.framework.components.database.DatabaseManager@http-nio-8080-exec-1] Starting transaction f2a8310d-1a22-40da-bfed-8ece220f8722. 
2023-04-21 02:56:49.455 DEBUG [acme.framework.components.database.DatabaseManager@http-nio-8080-exec-1] Rolling transaction f2a8310d-1a22-40da-bfed-8ece220f8722 back. 
2023-04-21 02:56:49.459 DEBUG [acme.framework.components.database.DatabaseManager@http-nio-8080-exec-1] Starting transaction 42adf615-c296-4bfe-a522-d2aecbd12356. 
2023-04-21 02:56:49.460 DEBUG [acme.framework.components.database.DatabaseManager@http-nio-8080-exec-1] Committing transaction 42adf615-c296-4bfe-a522-d2aecbd12356. 
2023-04-21 02:56:49.463 DEBUG [acme.framework.components.clocks.SimulatedClock@http-nio-8080-exec-1] Changing current moment to 'Sat Jul 30 00:00:00 CEST 2022'. 
2023-04-21 02:56:49.463 DEBUG [acme.framework.controllers.AbstractController@http-nio-8080-exec-1] RESPOND: GET /acme-l3-d03/company/practicum-session/create 
2023-04-21 02:56:49.463 DEBUG [acme.framework.controllers.AbstractController@http-nio-8080-exec-1] MOMENT:  Sat Jul 30 00:00:00 CEST 2022 
2023-04-21 02:56:49.469 DEBUG [acme.framework.controllers.AbstractController@http-nio-8080-exec-1] RESULT:  ModelAndView [view="master/panic"; model={oops=java.lang.AssertionError, _command=create, _method=GET, _server_moment=Sat Jul 30 00:00:00 CEST 2022, _csrf.parameterName=_csrf, _csrf.token=379f7de9-db2e-4924-9048-f74be7ecbcaa, $request=* Dataset $global: 	$url = "/acme-l3-d03/company/practicum-session/create" 	$method = <<GET>> 	$command = "create" 	$principal = {username = "serlopdia", password = "$2a$05$Xh/dd3Ywgds6fgMFNWg8X.J4z2PKRkjDnzDrjKeeHIc652cYOhmbm", enabled = true, authorities = [AUTH_Company, AUTH_Any, AUTH_Authenticated], activeRole = class acme.roles.Company, roleMap = {class acme.roles.Company = 151, class acme.framework.components.accounts.Any = 0, class acme.framework.components.accounts.Authenticated = 0}, accountId = 150, $assertionsDisabled = false} 	$locale = {LOCALECACHE = java.util.Locale$Cache@464965a7, ENGLISH = en, FRENCH = fr, GERMAN = de, ITALIAN = it, JAPANESE = ja, KOREAN = ko, CHINESE = zh, SIMPLIFIED_CHINESE = zh_CN, TRADITIONAL_CHINESE = zh_TW, FRANCE = fr_FR, GERMANY = de_DE, ITALY = it_IT, JAPAN = ja_JP, KOREA = ko_KR, CHINA = zh_CN, PRC = zh_CN, TAIWAN = zh_TW, UK = en_GB, US = en_US, CANADA = en_CA, CANADA_FRENCH = fr_CA, ROOT = , PRIVATE_USE_EXTENSION = 'x', UNICODE_LOCALE_EXTENSION = 'u', DISPLAY_LANGUAGE = 0, DISPLAY_COUNTRY = 1, DISPLAY_VARIANT = 2, DISPLAY_SCRIPT = 3, baseLocale = language=en, localeExtensions = null, hashCodeValue = 0, defaultLocale = en, defaultDisplayLocale = en, defaultFormatLocale = en, languageTag = null, serialPersistentFields = [Ljava/lang/String; language, Ljava/lang/String; country, Ljava/lang/String; variant, I hashcode, Ljava/lang/String; script, Ljava/lang/String; extensions], isoLanguages = null, isoCountries = null, $assertionsDisabled = true} 	$httpServletRequest = {LSTRING_FILE = "javax.servlet.LocalStrings", lStrings = java.util.PropertyResourceBundle@263d6df9, request = org.springframework.security.web.header.HeaderWriterFilter$HeaderWriterRequest@7702b6df, trustResolver = org.springframework.security.authentication.AuthenticationTrustResolverImpl@70c2c55d, rolePrefix = "ROLE_", response = org.springframework.security.web.header.HeaderWriterFilter$HeaderWriterResponse@3457fffa, this$0 = org.springframework.security.web.servletapi.HttpServlet3RequestFactory@6073fcaf} * Dataset $data: , $buffer=* Dataset $global: 	$errors = {map = {}, $assertionsDisabled = false} * Dataset $data: , $response=* Dataset $global: 	$authorised = false 	$checked = true 	$oops = {detailMessage = null, UNASSIGNED_STACK = [], cause = java.lang.AssertionError, stackTrace = [], SUPPRESSED_SENTINEL = [], suppressedExceptions = [], NULL_CAUSE_MESSAGE = "Cannot suppress a null exception.", SELF_SUPPRESSION_MESSAGE = "Self-suppression not permitted", CAUSE_CAPTION = "Caused by: ", SUPPRESSED_CAPTION = "Suppressed: ", EMPTY_THROWABLE_ARRAY = [], $assertionsDisabled = true} 	$view = "master/panic" 	$errors = {map = {}, $assertionsDisabled = false} 	$httpServletResponse = {LSTRING_FILE = "javax.servlet.LocalStrings", lStrings = java.util.PropertyResourceBundle@263d6df9, response = org.springframework.security.web.context.HttpSessionSecurityContextRepository$SaveToSessionResponseWrapper@3ef7af24, disableOnCommitted = false, contentLength = 0, contentWritten = 0, request = org.springframework.security.web.context.HttpSessionSecurityContextRepository$SaveToSessionRequestWrapper@391d0f8e, this$0 = org.springframework.security.web.header.HeaderWriterFilter@57867d96} * Dataset $data: }] 
2023-04-21 02:56:49.471 DEBUG [acme.framework.controllers.AbstractController@http-nio-8080-exec-1] <<<<<<<<<<<<<<<<<<<<<<<<<<<<<<<<<<<<<<<<<<<<<<<<<<<<<<<<<<<<<<<<<<<<<<<<<<<<<<<< 
2023-04-21 02:56:49.505 DEBUG [acme.framework.components.tiles.DynamicTilesView@http-nio-8080-exec-1] View name 'master/panic', model {oops=java.lang.AssertionError, _command=create, _method=GET, _server_moment=Sat Jul 30 00:00:00 CEST 2022, _csrf.parameterName=_csrf, _csrf.token=379f7de9-db2e-4924-9048-f74be7ecbcaa, $request=* Dataset $global: 	$url = "/acme-l3-d03/company/practicum-session/create" 	$method = <<GET>> 	$command = "create" 	$principal = {username = "serlopdia", password = "$2a$05$Xh/dd3Ywgds6fgMFNWg8X.J4z2PKRkjDnzDrjKeeHIc652cYOhmbm", enabled = true, authorities = [AUTH_Company, AUTH_Any, AUTH_Authenticated], activeRole = class acme.roles.Company, roleMap = {class acme.roles.Company = 151, class acme.framework.components.accounts.Any = 0, class acme.framework.components.accounts.Authenticated = 0}, accountId = 150, $assertionsDisabled = false} 	$locale = {LOCALECACHE = java.util.Locale$Cache@464965a7, ENGLISH = en, FRENCH = fr, GERMAN = de, ITALIAN = it, JAPANESE = ja, KOREAN = ko, CHINESE = zh, SIMPLIFIED_CHINESE = zh_CN, TRADITIONAL_CHINESE = zh_TW, FRANCE = fr_FR, GERMANY = de_DE, ITALY = it_IT, JAPAN = ja_JP, KOREA = ko_KR, CHINA = zh_CN, PRC = zh_CN, TAIWAN = zh_TW, UK = en_GB, US = en_US, CANADA = en_CA, CANADA_FRENCH = fr_CA, ROOT = , PRIVATE_USE_EXTENSION = 'x', UNICODE_LOCALE_EXTENSION = 'u', DISPLAY_LANGUAGE = 0, DISPLAY_COUNTRY = 1, DISPLAY_VARIANT = 2, DISPLAY_SCRIPT = 3, baseLocale = language=en, localeExtensions = null, hashCodeValue = 0, defaultLocale = en, defaultDisplayLocale = en, defaultFormatLocale = en, languageTag = null, serialPersistentFields = [Ljava/lang/String; language, Ljava/lang/String; country, Ljava/lang/String; variant, I hashcode, Ljava/lang/String; script, Ljava/lang/String; extensions], isoLanguages = null, isoCountries = null, $assertionsDisabled = true} 	$httpServletRequest = {LSTRING_FILE = "javax.servlet.LocalStrings", lStrings = java.util.PropertyResourceBundle@263d6df9, request = org.springframework.security.web.header.HeaderWriterFilter$HeaderWriterRequest@7702b6df, trustResolver = org.springframework.security.authentication.AuthenticationTrustResolverImpl@70c2c55d, rolePrefix = "ROLE_", response = org.springframework.security.web.header.HeaderWriterFilter$HeaderWriterResponse@3457fffa, this$0 = org.springframework.security.web.servletapi.HttpServlet3RequestFactory@6073fcaf} * Dataset $data: , $buffer=* Dataset $global: 	$errors = {map = {}, $assertionsDisabled = false} * Dataset $data: , $response=* Dataset $global: 	$authorised = false 	$checked = true 	$oops = {detailMessage = null, UNASSIGNED_STACK = [], cause = java.lang.AssertionError, stackTrace = [], SUPPRESSED_SENTINEL = [], suppressedExceptions = [], NULL_CAUSE_MESSAGE = "Cannot suppress a null exception.", SELF_SUPPRESSION_MESSAGE = "Self-suppression not permitted", CAUSE_CAPTION = "Caused by: ", SUPPRESSED_CAPTION = "Suppressed: ", EMPTY_THROWABLE_ARRAY = [], $assertionsDisabled = true} 	$view = "master/panic" 	$errors = {map = {}, $assertionsDisabled = false} 	$httpServletResponse = {LSTRING_FILE = "javax.servlet.LocalStrings", lStrings = java.util.PropertyResourceBundle@263d6df9, response = org.springframework.security.web.context.HttpSessionSecurityContextRepository$SaveToSessionResponseWrapper@3ef7af24, disableOnCommitted = false, contentLength = 0, contentWritten = 0, request = org.springframework.security.web.context.HttpSessionSecurityContextRepository$SaveToSessionRequestWrapper@391d0f8e, this$0 = org.springframework.security.web.header.HeaderWriterFilter@57867d96} * Dataset $data: , org.springframework.validation.BindingResult.oops=org.springframework.validation.BeanPropertyBindingResult: 0 errors, org.springframework.validation.BindingResult.$request=org.springframework.validation.BeanPropertyBindingResult: 0 errors, org.springframework.validation.BindingResult.$buffer=org.springframework.validation.BeanPropertyBindingResult: 0 errors, org.springframework.validation.BindingResult.$response=org.springframework.validation.BeanPropertyBindingResult: 0 errors} 
2023-04-21 02:56:49.526 DEBUG [org.apache.tiles.definition.dao.BaseLocaleUrlDefinitionDAO@http-nio-8080-exec-1] File Resource file:/C:/Users/sergi/Desktop/SERGIO/UNIVERSIDAD/CURSOS/3Tercer%20Curso/2do%20CUATRIMESTRE/DP2/Workspace-23/Projects/dp2-acme-l3/Acme-L3-D03/target/classes/WEB-INF/views/master/tiles_en.xml at file:/C:/Users/sergi/Desktop/SERGIO/UNIVERSIDAD/CURSOS/3Tercer%20Curso/2do%20CUATRIMESTRE/DP2/Workspace-23/Projects/dp2-acme-l3/Acme-L3-D03/target/classes/WEB-INF/views/master/tiles_en.xml not found, continue 
2023-04-21 02:56:49.535 DEBUG [org.apache.jasper.servlet.JspServlet@http-nio-8080-exec-1] JspEngine --> /WEB-INF/views/master/page.jsp 
2023-04-21 02:56:49.535 DEBUG [org.apache.jasper.servlet.JspServlet@http-nio-8080-exec-1] ServletPath: /WEB-INF/views/master/page.jsp 
2023-04-21 02:56:49.537 DEBUG [org.apache.jasper.servlet.JspServlet@http-nio-8080-exec-1] PathInfo: null 
2023-04-21 02:56:49.540 DEBUG [org.apache.jasper.servlet.JspServlet@http-nio-8080-exec-1] RealPath: C:\Users\sergi\Desktop\SERGIO\UNIVERSIDAD\CURSOS\3Tercer Curso\2do CUATRIMESTRE\DP2\Workspace-23\Projects\dp2-acme-l3\Acme-L3-D03\target\classes\WEB-INF\views\master\page.jsp 
2023-04-21 02:56:49.540 DEBUG [org.apache.jasper.servlet.JspServlet@http-nio-8080-exec-1] RequestURI: /acme-l3-d03/WEB-INF/views/master/page.jsp 
2023-04-21 02:56:49.541 DEBUG [org.apache.jasper.servlet.JspServlet@http-nio-8080-exec-1] QueryString: null 
2023-04-21 02:56:55.331 DEBUG [acme.framework.components.extensions.ExtendedMessageSource@http-nio-8080-exec-1] Loading properties [C:\Users\sergi\Desktop\SERGIO\UNIVERSIDAD\CURSOS\3Tercer Curso\2do CUATRIMESTRE\DP2\Workspace-23\Projects\dp2-acme-l3\Acme-L3-D03\target\classes\WEB-INF\views\administrator\banner\messages-en.i18n] with encoding 'utf-8' 
2023-04-21 02:56:55.333 DEBUG [acme.framework.components.extensions.ExtendedMessageSource@http-nio-8080-exec-1] Loading properties [C:\Users\sergi\Desktop\SERGIO\UNIVERSIDAD\CURSOS\3Tercer Curso\2do CUATRIMESTRE\DP2\Workspace-23\Projects\dp2-acme-l3\Acme-L3-D03\target\classes\WEB-INF\views\administrator\system-configuration\messsages-en.i18n] with encoding 'utf-8' 
2023-04-21 02:56:55.334 DEBUG [acme.framework.components.extensions.ExtendedMessageSource@http-nio-8080-exec-1] Loading properties [C:\Users\sergi\Desktop\SERGIO\UNIVERSIDAD\CURSOS\3Tercer Curso\2do CUATRIMESTRE\DP2\Workspace-23\Projects\dp2-acme-l3\Acme-L3-D03\target\classes\WEB-INF\views\administrator\user-account\messages-en.i18n] with encoding 'utf-8' 
2023-04-21 02:56:55.335 DEBUG [acme.framework.components.extensions.ExtendedMessageSource@http-nio-8080-exec-1] Loading properties [C:\Users\sergi\Desktop\SERGIO\UNIVERSIDAD\CURSOS\3Tercer Curso\2do CUATRIMESTRE\DP2\Workspace-23\Projects\dp2-acme-l3\Acme-L3-D03\target\classes\WEB-INF\views\anonymous\user-account\messages-en.i18n] with encoding 'utf-8' 
2023-04-21 02:56:55.336 DEBUG [acme.framework.components.extensions.ExtendedMessageSource@http-nio-8080-exec-1] Loading properties [C:\Users\sergi\Desktop\SERGIO\UNIVERSIDAD\CURSOS\3Tercer Curso\2do CUATRIMESTRE\DP2\Workspace-23\Projects\dp2-acme-l3\Acme-L3-D03\target\classes\WEB-INF\views\any\course\message-en.i18n] with encoding 'utf-8' 
2023-04-21 02:56:55.337 DEBUG [acme.framework.components.extensions.ExtendedMessageSource@http-nio-8080-exec-1] Loading properties [C:\Users\sergi\Desktop\SERGIO\UNIVERSIDAD\CURSOS\3Tercer Curso\2do CUATRIMESTRE\DP2\Workspace-23\Projects\dp2-acme-l3\Acme-L3-D03\target\classes\WEB-INF\views\auditor\audit\messages-en.i18n] with encoding 'utf-8' 
2023-04-21 02:56:55.338 DEBUG [acme.framework.components.extensions.ExtendedMessageSource@http-nio-8080-exec-1] Loading properties [C:\Users\sergi\Desktop\SERGIO\UNIVERSIDAD\CURSOS\3Tercer Curso\2do CUATRIMESTRE\DP2\Workspace-23\Projects\dp2-acme-l3\Acme-L3-D03\target\classes\WEB-INF\views\auditor\auditing-record\messages-en.i18n] with encoding 'utf-8' 
2023-04-21 02:56:55.339 DEBUG [acme.framework.components.extensions.ExtendedMessageSource@http-nio-8080-exec-1] Loading properties [C:\Users\sergi\Desktop\SERGIO\UNIVERSIDAD\CURSOS\3Tercer Curso\2do CUATRIMESTRE\DP2\Workspace-23\Projects\dp2-acme-l3\Acme-L3-D03\target\classes\WEB-INF\views\authenticated\assistant\messsages-en.i18n] with encoding 'utf-8' 
2023-04-21 02:56:55.341 DEBUG [acme.framework.components.extensions.ExtendedMessageSource@http-nio-8080-exec-1] Loading properties [C:\Users\sergi\Desktop\SERGIO\UNIVERSIDAD\CURSOS\3Tercer Curso\2do CUATRIMESTRE\DP2\Workspace-23\Projects\dp2-acme-l3\Acme-L3-D03\target\classes\WEB-INF\views\authenticated\auditor\messages-en.i18n] with encoding 'utf-8' 
2023-04-21 02:56:55.342 DEBUG [acme.framework.components.extensions.ExtendedMessageSource@http-nio-8080-exec-1] Loading properties [C:\Users\sergi\Desktop\SERGIO\UNIVERSIDAD\CURSOS\3Tercer Curso\2do CUATRIMESTRE\DP2\Workspace-23\Projects\dp2-acme-l3\Acme-L3-D03\target\classes\WEB-INF\views\authenticated\bulletin\messsages-en.i18n] with encoding 'utf-8' 
2023-04-21 02:56:55.343 DEBUG [acme.framework.components.extensions.ExtendedMessageSource@http-nio-8080-exec-1] Loading properties [C:\Users\sergi\Desktop\SERGIO\UNIVERSIDAD\CURSOS\3Tercer Curso\2do CUATRIMESTRE\DP2\Workspace-23\Projects\dp2-acme-l3\Acme-L3-D03\target\classes\WEB-INF\views\authenticated\company\messsages-en.i18n] with encoding 'utf-8' 
2023-04-21 02:56:55.344 DEBUG [acme.framework.components.extensions.ExtendedMessageSource@http-nio-8080-exec-1] Loading properties [C:\Users\sergi\Desktop\SERGIO\UNIVERSIDAD\CURSOS\3Tercer Curso\2do CUATRIMESTRE\DP2\Workspace-23\Projects\dp2-acme-l3\Acme-L3-D03\target\classes\WEB-INF\views\authenticated\lecturer\messages-en.i18n] with encoding 'utf-8' 
2023-04-21 02:56:55.345 DEBUG [acme.framework.components.extensions.ExtendedMessageSource@http-nio-8080-exec-1] Loading properties [C:\Users\sergi\Desktop\SERGIO\UNIVERSIDAD\CURSOS\3Tercer Curso\2do CUATRIMESTRE\DP2\Workspace-23\Projects\dp2-acme-l3\Acme-L3-D03\target\classes\WEB-INF\views\authenticated\note\messages-en.i18n] with encoding 'utf-8' 
2023-04-21 02:56:55.347 DEBUG [acme.framework.components.extensions.ExtendedMessageSource@http-nio-8080-exec-1] Loading properties [C:\Users\sergi\Desktop\SERGIO\UNIVERSIDAD\CURSOS\3Tercer Curso\2do CUATRIMESTRE\DP2\Workspace-23\Projects\dp2-acme-l3\Acme-L3-D03\target\classes\WEB-INF\views\authenticated\offer\messsages-en.i18n] with encoding 'utf-8' 
2023-04-21 02:56:55.349 DEBUG [acme.framework.components.extensions.ExtendedMessageSource@http-nio-8080-exec-1] Loading properties [C:\Users\sergi\Desktop\SERGIO\UNIVERSIDAD\CURSOS\3Tercer Curso\2do CUATRIMESTRE\DP2\Workspace-23\Projects\dp2-acme-l3\Acme-L3-D03\target\classes\WEB-INF\views\authenticated\practicum\messsages-en.i18n] with encoding 'utf-8' 
2023-04-21 02:56:55.350 DEBUG [acme.framework.components.extensions.ExtendedMessageSource@http-nio-8080-exec-1] Loading properties [C:\Users\sergi\Desktop\SERGIO\UNIVERSIDAD\CURSOS\3Tercer Curso\2do CUATRIMESTRE\DP2\Workspace-23\Projects\dp2-acme-l3\Acme-L3-D03\target\classes\WEB-INF\views\authenticated\student\messages-en.i18n] with encoding 'utf-8' 
2023-04-21 02:56:55.351 DEBUG [acme.framework.components.extensions.ExtendedMessageSource@http-nio-8080-exec-1] Loading properties [C:\Users\sergi\Desktop\SERGIO\UNIVERSIDAD\CURSOS\3Tercer Curso\2do CUATRIMESTRE\DP2\Workspace-23\Projects\dp2-acme-l3\Acme-L3-D03\target\classes\WEB-INF\views\authenticated\user-account\messages-en.i18n] with encoding 'utf-8' 
2023-04-21 02:56:55.352 DEBUG [acme.framework.components.extensions.ExtendedMessageSource@http-nio-8080-exec-1] Loading properties [C:\Users\sergi\Desktop\SERGIO\UNIVERSIDAD\CURSOS\3Tercer Curso\2do CUATRIMESTRE\DP2\Workspace-23\Projects\dp2-acme-l3\Acme-L3-D03\target\classes\WEB-INF\views\company\company-dashboard\messages-en.i18n] with encoding 'utf-8' 
2023-04-21 02:56:55.353 DEBUG [acme.framework.components.extensions.ExtendedMessageSource@http-nio-8080-exec-1] Loading properties [C:\Users\sergi\Desktop\SERGIO\UNIVERSIDAD\CURSOS\3Tercer Curso\2do CUATRIMESTRE\DP2\Workspace-23\Projects\dp2-acme-l3\Acme-L3-D03\target\classes\WEB-INF\views\company\practicum\messsages-en.i18n] with encoding 'utf-8' 
2023-04-21 02:56:55.354 DEBUG [acme.framework.components.extensions.ExtendedMessageSource@http-nio-8080-exec-1] Loading properties [C:\Users\sergi\Desktop\SERGIO\UNIVERSIDAD\CURSOS\3Tercer Curso\2do CUATRIMESTRE\DP2\Workspace-23\Projects\dp2-acme-l3\Acme-L3-D03\target\classes\WEB-INF\views\company\practicum-session\messsages-en.i18n] with encoding 'utf-8' 
2023-04-21 02:56:55.356 DEBUG [acme.framework.components.extensions.ExtendedMessageSource@http-nio-8080-exec-1] Loading properties [C:\Users\sergi\Desktop\SERGIO\UNIVERSIDAD\CURSOS\3Tercer Curso\2do CUATRIMESTRE\DP2\Workspace-23\Projects\dp2-acme-l3\Acme-L3-D03\target\classes\WEB-INF\views\fragments\banner-en.i18n] with encoding 'utf-8' 
2023-04-21 02:56:55.357 DEBUG [acme.framework.components.extensions.ExtendedMessageSource@http-nio-8080-exec-1] Loading properties [C:\Users\sergi\Desktop\SERGIO\UNIVERSIDAD\CURSOS\3Tercer Curso\2do CUATRIMESTRE\DP2\Workspace-23\Projects\dp2-acme-l3\Acme-L3-D03\target\classes\WEB-INF\views\fragments\company-en.i18n] with encoding 'utf-8' 
2023-04-21 02:56:55.357 DEBUG [acme.framework.components.extensions.ExtendedMessageSource@http-nio-8080-exec-1] Loading properties [C:\Users\sergi\Desktop\SERGIO\UNIVERSIDAD\CURSOS\3Tercer Curso\2do CUATRIMESTRE\DP2\Workspace-23\Projects\dp2-acme-l3\Acme-L3-D03\target\classes\WEB-INF\views\fragments\footer-en.i18n] with encoding 'utf-8' 
2023-04-21 02:56:55.358 DEBUG [acme.framework.components.extensions.ExtendedMessageSource@http-nio-8080-exec-1] Loading properties [C:\Users\sergi\Desktop\SERGIO\UNIVERSIDAD\CURSOS\3Tercer Curso\2do CUATRIMESTRE\DP2\Workspace-23\Projects\dp2-acme-l3\Acme-L3-D03\target\classes\WEB-INF\views\fragments\license-en.i18n] with encoding 'utf-8' 
2023-04-21 02:56:55.359 DEBUG [acme.framework.components.extensions.ExtendedMessageSource@http-nio-8080-exec-1] Loading properties [C:\Users\sergi\Desktop\SERGIO\UNIVERSIDAD\CURSOS\3Tercer Curso\2do CUATRIMESTRE\DP2\Workspace-23\Projects\dp2-acme-l3\Acme-L3-D03\target\classes\WEB-INF\views\fragments\menu-en.i18n] with encoding 'utf-8' 
2023-04-21 02:56:55.361 DEBUG [acme.framework.components.extensions.ExtendedMessageSource@http-nio-8080-exec-1] Loading properties [C:\Users\sergi\Desktop\SERGIO\UNIVERSIDAD\CURSOS\3Tercer Curso\2do CUATRIMESTRE\DP2\Workspace-23\Projects\dp2-acme-l3\Acme-L3-D03\target\classes\WEB-INF\views\fragments\messsages-en.i18n] with encoding 'utf-8' 
2023-04-21 02:56:55.362 DEBUG [acme.framework.components.extensions.ExtendedMessageSource@http-nio-8080-exec-1] Loading properties [C:\Users\sergi\Desktop\SERGIO\UNIVERSIDAD\CURSOS\3Tercer Curso\2do CUATRIMESTRE\DP2\Workspace-23\Projects\dp2-acme-l3\Acme-L3-D03\target\classes\WEB-INF\views\fragments\title-en.i18n] with encoding 'utf-8' 
2023-04-21 02:56:55.363 DEBUG [acme.framework.components.extensions.ExtendedMessageSource@http-nio-8080-exec-1] Loading properties [C:\Users\sergi\Desktop\SERGIO\UNIVERSIDAD\CURSOS\3Tercer Curso\2do CUATRIMESTRE\DP2\Workspace-23\Projects\dp2-acme-l3\Acme-L3-D03\target\classes\WEB-INF\views\fragments\welcome-en.i18n] with encoding 'utf-8' 
2023-04-21 02:56:55.364 DEBUG [acme.framework.components.extensions.ExtendedMessageSource@http-nio-8080-exec-1] Loading properties [C:\Users\sergi\Desktop\SERGIO\UNIVERSIDAD\CURSOS\3Tercer Curso\2do CUATRIMESTRE\DP2\Workspace-23\Projects\dp2-acme-l3\Acme-L3-D03\target\classes\WEB-INF\views\master\defaults-en.i18n] with encoding 'utf-8' 
2023-04-21 02:56:55.365 DEBUG [acme.framework.components.extensions.ExtendedMessageSource@http-nio-8080-exec-1] Loading properties [C:\Users\sergi\Desktop\SERGIO\UNIVERSIDAD\CURSOS\3Tercer Curso\2do CUATRIMESTRE\DP2\Workspace-23\Projects\dp2-acme-l3\Acme-L3-D03\target\classes\WEB-INF\views\master\master-en.i18n] with encoding 'utf-8' 
2023-04-21 02:56:55.365 DEBUG [acme.framework.components.extensions.ExtendedMessageSource@http-nio-8080-exec-1] Loading properties [C:\Users\sergi\Desktop\SERGIO\UNIVERSIDAD\CURSOS\3Tercer Curso\2do CUATRIMESTRE\DP2\Workspace-23\Projects\dp2-acme-l3\Acme-L3-D03\target\classes\WEB-INF\views\master\panic-en.i18n] with encoding 'utf-8' 
2023-04-21 02:56:55.367 DEBUG [acme.framework.components.extensions.ExtendedMessageSource@http-nio-8080-exec-1] Loading properties [C:\Users\sergi\Desktop\SERGIO\UNIVERSIDAD\CURSOS\3Tercer Curso\2do CUATRIMESTRE\DP2\Workspace-23\Projects\dp2-acme-l3\Acme-L3-D03\target\classes\WEB-INF\views\master\throwables-en.i18n] with encoding 'utf-8' 
2023-04-21 02:56:55.368 DEBUG [acme.framework.components.extensions.ExtendedMessageSource@http-nio-8080-exec-1] Loading properties [C:\Users\sergi\Desktop\SERGIO\UNIVERSIDAD\CURSOS\3Tercer Curso\2do CUATRIMESTRE\DP2\Workspace-23\Projects\dp2-acme-l3\Acme-L3-D03\target\classes\WEB-INF\views\master\validation-en.i18n] with encoding 'utf-8' 
2023-04-21 02:56:55.370 DEBUG [acme.framework.components.extensions.ExtendedMessageSource@http-nio-8080-exec-1] Loading properties [C:\Users\sergi\Desktop\SERGIO\UNIVERSIDAD\CURSOS\3Tercer Curso\2do CUATRIMESTRE\DP2\Workspace-23\Projects\dp2-acme-l3\Acme-L3-D03\target\classes\WEB-INF\views\student\activity\messages-en.i18n] with encoding 'utf-8' 
2023-04-21 02:56:55.371 DEBUG [acme.framework.components.extensions.ExtendedMessageSource@http-nio-8080-exec-1] Loading properties [C:\Users\sergi\Desktop\SERGIO\UNIVERSIDAD\CURSOS\3Tercer Curso\2do CUATRIMESTRE\DP2\Workspace-23\Projects\dp2-acme-l3\Acme-L3-D03\target\classes\WEB-INF\views\student\course\messages-en.i18n] with encoding 'utf-8' 
2023-04-21 02:56:55.371 DEBUG [acme.framework.components.extensions.ExtendedMessageSource@http-nio-8080-exec-1] Loading properties [C:\Users\sergi\Desktop\SERGIO\UNIVERSIDAD\CURSOS\3Tercer Curso\2do CUATRIMESTRE\DP2\Workspace-23\Projects\dp2-acme-l3\Acme-L3-D03\target\classes\WEB-INF\views\student\enrolment\messages-en.i18n] with encoding 'utf-8' 
2023-04-21 02:56:55.372 DEBUG [acme.framework.components.extensions.ExtendedMessageSource@http-nio-8080-exec-1] Loading properties [C:\Users\sergi\Desktop\SERGIO\UNIVERSIDAD\CURSOS\3Tercer Curso\2do CUATRIMESTRE\DP2\Workspace-23\Projects\dp2-acme-l3\Acme-L3-D03\target\classes\WEB-INF\views\student\lecture\messages-en.i18n] with encoding 'utf-8' 
2023-04-21 02:56:55.373 DEBUG [acme.framework.components.extensions.ExtendedMessageSource@http-nio-8080-exec-1] Loading properties [C:\Users\sergi\Desktop\SERGIO\UNIVERSIDAD\CURSOS\3Tercer Curso\2do CUATRIMESTRE\DP2\Workspace-23\Projects\dp2-acme-l3\Acme-L3-D03\target\classes\WEB-INF\views\student\student-dashboard\messages-en.i18n] with encoding 'utf-8' 
2023-04-21 02:56:55.585 DEBUG [org.apache.jasper.servlet.JspServlet@http-nio-8080-exec-1] JspEngine --> /WEB-INF/views/master/panic.jsp 
2023-04-21 02:56:55.585 DEBUG [org.apache.jasper.servlet.JspServlet@http-nio-8080-exec-1] ServletPath: /WEB-INF/views/master/page.jsp 
2023-04-21 02:56:55.587 DEBUG [org.apache.jasper.servlet.JspServlet@http-nio-8080-exec-1] PathInfo: null 
2023-04-21 02:56:55.589 DEBUG [org.apache.jasper.servlet.JspServlet@http-nio-8080-exec-1] RealPath: C:\Users\sergi\Desktop\SERGIO\UNIVERSIDAD\CURSOS\3Tercer Curso\2do CUATRIMESTRE\DP2\Workspace-23\Projects\dp2-acme-l3\Acme-L3-D03\target\classes\WEB-INF\views\master\panic.jsp 
2023-04-21 02:56:55.589 DEBUG [org.apache.jasper.servlet.JspServlet@http-nio-8080-exec-1] RequestURI: /acme-l3-d03/WEB-INF/views/master/page.jsp 
2023-04-21 02:56:55.590 DEBUG [org.apache.jasper.servlet.JspServlet@http-nio-8080-exec-1] QueryString: null 
2023-04-21 02:56:55.925 ERROR [org.apache.jsp.WEB_002dINF.views.master.panic_jsp@http-nio-8080-exec-1] HTTP GET http://localhost:8080/acme-l3-d03/company/practicum-session/create HTTP/1.1 
2023-04-21 02:56:55.926 ERROR [org.apache.jsp.WEB_002dINF.views.master.panic_jsp@http-nio-8080-exec-1] Status: 500 Internal Server Error 
2023-04-21 02:56:55.928 ERROR [org.apache.jsp.WEB_002dINF.views.master.panic_jsp@http-nio-8080-exec-1] Exception: acme.framework.components.models.WorkArea.getData(WorkArea.java:132): java.lang.AssertionError 
