2023-04-21 01:08:30.346 INFO  [acme.Launcher@main] Starting Launcher using Java 1.8.0_241 on DESKTOP-IS808ND with PID 16068 (C:\Users\sergi\Desktop\SERGIO\UNIVERSIDAD\CURSOS\3Tercer Curso\2do CUATRIMESTRE\DP2\Workspace-23\Frameworks\Acme-Framework-23.3.1\target\classes started by sergi in C:\Users\sergi\Desktop\SERGIO\UNIVERSIDAD\CURSOS\3Tercer Curso\2do CUATRIMESTRE\DP2\Workspace-23\Projects\dp2-acme-l3\Acme-L3-D03) 
2023-04-21 01:08:30.349 DEBUG [acme.Launcher@main] Running with Spring Boot v2.4.2, Spring v5.3.3 
2023-04-21 01:08:30.352 INFO  [acme.Launcher@main] The following profiles are active: development,runner 
2023-04-21 01:08:35.096 DEBUG [org.apache.jasper.servlet.JasperInitializer@main] Initializing Jasper for context [application] 
2023-04-21 01:08:43.582 DEBUG [org.apache.jasper.servlet.JspServlet@main] Scratch dir for the JSP engine is: [C:\Users\sergi\AppData\Local\Temp\tomcat.8080.7497488169176384602\work\Tomcat\localhost\acme-l3-d03] 
2023-04-21 01:08:43.583 DEBUG [org.apache.jasper.servlet.JspServlet@main] IMPORTANT: Do not modify the generated servlets 
2023-04-21 01:08:43.603 INFO  [acme.Launcher@main] Started Launcher in 14.265 seconds (JVM running for 15.472) 
2023-04-21 01:08:43.613 DEBUG [acme.Launcher@main] Found classpath entry '/C:/Users/sergi/Desktop/SERGIO/UNIVERSIDAD/CURSOS/3Tercer%20Curso/2do%20CUATRIMESTRE/DP2/Workspace-23/Projects/dp2-acme-l3/Acme-L3-D03/target/test-classes/' 
2023-04-21 01:08:43.614 DEBUG [acme.Launcher@main] Found classpath entry '/C:/Users/sergi/Desktop/SERGIO/UNIVERSIDAD/CURSOS/3Tercer%20Curso/2do%20CUATRIMESTRE/DP2/Workspace-23/Projects/dp2-acme-l3/Acme-L3-D03/target/classes/' 
2023-04-21 01:08:43.614 DEBUG [acme.Launcher@main] Found classpath entry '/C:/Users/sergi/Desktop/SERGIO/UNIVERSIDAD/CURSOS/3Tercer%20Curso/2do%20CUATRIMESTRE/DP2/Workspace-23/Frameworks/Acme-Framework-23.3.1/target/classes/' 
2023-04-21 01:08:43.614 DEBUG [acme.Launcher@main] Found classpath entry '/C:/Users/sergi/Desktop/SERGIO/UNIVERSIDAD/CURSOS/3Tercer%20Curso/2do%20CUATRIMESTRE/DP2/Workspace-23/Frameworks/Acme-Framework-23.3.1/target/test-classes/' 
2023-04-21 01:08:43.615 DEBUG [acme.Launcher@main] Found classpath entry '/C:/Users/sergi/.m2/repository/org/springframework/boot/spring-boot-starter-tomcat/2.4.2/spring-boot-starter-tomcat-2.4.2.jar' 
2023-04-21 01:08:43.615 DEBUG [acme.Launcher@main] Found classpath entry '/C:/Users/sergi/.m2/repository/jakarta/annotation/jakarta.annotation-api/1.3.5/jakarta.annotation-api-1.3.5.jar' 
2023-04-21 01:08:43.615 DEBUG [acme.Launcher@main] Found classpath entry '/C:/Users/sergi/.m2/repository/org/apache/tomcat/embed/tomcat-embed-core/9.0.41/tomcat-embed-core-9.0.41.jar' 
2023-04-21 01:08:43.616 DEBUG [acme.Launcher@main] Found classpath entry '/C:/Users/sergi/.m2/repository/org/glassfish/jakarta.el/3.0.3/jakarta.el-3.0.3.jar' 
2023-04-21 01:08:43.616 DEBUG [acme.Launcher@main] Found classpath entry '/C:/Users/sergi/.m2/repository/org/apache/tomcat/embed/tomcat-embed-websocket/9.0.41/tomcat-embed-websocket-9.0.41.jar' 
2023-04-21 01:08:43.616 DEBUG [acme.Launcher@main] Found classpath entry '/C:/Users/sergi/.m2/repository/org/apache/tomcat/embed/tomcat-embed-jasper/9.0.41/tomcat-embed-jasper-9.0.41.jar' 
2023-04-21 01:08:43.617 DEBUG [acme.Launcher@main] Found classpath entry '/C:/Users/sergi/.m2/repository/org/apache/tomcat/embed/tomcat-embed-el/9.0.41/tomcat-embed-el-9.0.41.jar' 
2023-04-21 01:08:43.617 DEBUG [acme.Launcher@main] Found classpath entry '/C:/Users/sergi/.m2/repository/org/eclipse/jdt/ecj/3.18.0/ecj-3.18.0.jar' 
2023-04-21 01:08:43.617 DEBUG [acme.Launcher@main] Found classpath entry '/C:/Users/sergi/.m2/repository/javax/servlet/jstl/1.2/jstl-1.2.jar' 
2023-04-21 01:08:43.618 DEBUG [acme.Launcher@main] Found classpath entry '/C:/Users/sergi/.m2/repository/org/springframework/boot/spring-boot-starter-security/2.4.2/spring-boot-starter-security-2.4.2.jar' 
2023-04-21 01:08:43.618 DEBUG [acme.Launcher@main] Found classpath entry '/C:/Users/sergi/.m2/repository/org/springframework/boot/spring-boot-starter/2.4.2/spring-boot-starter-2.4.2.jar' 
2023-04-21 01:08:43.618 DEBUG [acme.Launcher@main] Found classpath entry '/C:/Users/sergi/.m2/repository/org/springframework/boot/spring-boot/2.4.2/spring-boot-2.4.2.jar' 
2023-04-21 01:08:43.619 DEBUG [acme.Launcher@main] Found classpath entry '/C:/Users/sergi/.m2/repository/org/springframework/boot/spring-boot-autoconfigure/2.4.2/spring-boot-autoconfigure-2.4.2.jar' 
2023-04-21 01:08:43.620 DEBUG [acme.Launcher@main] Found classpath entry '/C:/Users/sergi/.m2/repository/org/springframework/boot/spring-boot-starter-logging/2.4.2/spring-boot-starter-logging-2.4.2.jar' 
2023-04-21 01:08:43.620 DEBUG [acme.Launcher@main] Found classpath entry '/C:/Users/sergi/.m2/repository/ch/qos/logback/logback-classic/1.2.3/logback-classic-1.2.3.jar' 
2023-04-21 01:08:43.620 DEBUG [acme.Launcher@main] Found classpath entry '/C:/Users/sergi/.m2/repository/ch/qos/logback/logback-core/1.2.3/logback-core-1.2.3.jar' 
2023-04-21 01:08:43.621 DEBUG [acme.Launcher@main] Found classpath entry '/C:/Users/sergi/.m2/repository/org/apache/logging/log4j/log4j-to-slf4j/2.13.3/log4j-to-slf4j-2.13.3.jar' 
2023-04-21 01:08:43.621 DEBUG [acme.Launcher@main] Found classpath entry '/C:/Users/sergi/.m2/repository/org/apache/logging/log4j/log4j-api/2.13.3/log4j-api-2.13.3.jar' 
2023-04-21 01:08:43.621 DEBUG [acme.Launcher@main] Found classpath entry '/C:/Users/sergi/.m2/repository/org/slf4j/jul-to-slf4j/1.7.30/jul-to-slf4j-1.7.30.jar' 
2023-04-21 01:08:43.622 DEBUG [acme.Launcher@main] Found classpath entry '/C:/Users/sergi/.m2/repository/org/yaml/snakeyaml/1.27/snakeyaml-1.27.jar' 
2023-04-21 01:08:43.622 DEBUG [acme.Launcher@main] Found classpath entry '/C:/Users/sergi/.m2/repository/org/springframework/spring-aop/5.3.3/spring-aop-5.3.3.jar' 
2023-04-21 01:08:43.622 DEBUG [acme.Launcher@main] Found classpath entry '/C:/Users/sergi/.m2/repository/org/springframework/security/spring-security-web/5.4.2/spring-security-web-5.4.2.jar' 
2023-04-21 01:08:43.622 DEBUG [acme.Launcher@main] Found classpath entry '/C:/Users/sergi/.m2/repository/org/springframework/security/spring-security-core/5.4.2/spring-security-core-5.4.2.jar' 
2023-04-21 01:08:43.623 DEBUG [acme.Launcher@main] Found classpath entry '/C:/Users/sergi/.m2/repository/org/springframework/spring-beans/5.3.3/spring-beans-5.3.3.jar' 
2023-04-21 01:08:43.623 DEBUG [acme.Launcher@main] Found classpath entry '/C:/Users/sergi/.m2/repository/org/springframework/spring-context/5.3.3/spring-context-5.3.3.jar' 
2023-04-21 01:08:43.623 DEBUG [acme.Launcher@main] Found classpath entry '/C:/Users/sergi/.m2/repository/org/springframework/spring-core/5.3.3/spring-core-5.3.3.jar' 
2023-04-21 01:08:43.623 DEBUG [acme.Launcher@main] Found classpath entry '/C:/Users/sergi/.m2/repository/org/springframework/spring-jcl/5.3.3/spring-jcl-5.3.3.jar' 
2023-04-21 01:08:43.624 DEBUG [acme.Launcher@main] Found classpath entry '/C:/Users/sergi/.m2/repository/org/springframework/spring-expression/5.3.3/spring-expression-5.3.3.jar' 
2023-04-21 01:08:43.624 DEBUG [acme.Launcher@main] Found classpath entry '/C:/Users/sergi/.m2/repository/org/springframework/spring-web/5.3.3/spring-web-5.3.3.jar' 
2023-04-21 01:08:43.624 DEBUG [acme.Launcher@main] Found classpath entry '/C:/Users/sergi/.m2/repository/org/springframework/security/spring-security-config/5.4.2/spring-security-config-5.4.2.jar' 
2023-04-21 01:08:43.625 DEBUG [acme.Launcher@main] Found classpath entry '/C:/Users/sergi/.m2/repository/org/springframework/security/spring-security-taglibs/5.4.2/spring-security-taglibs-5.4.2.jar' 
2023-04-21 01:08:43.625 DEBUG [acme.Launcher@main] Found classpath entry '/C:/Users/sergi/.m2/repository/org/springframework/security/spring-security-acl/5.4.2/spring-security-acl-5.4.2.jar' 
2023-04-21 01:08:43.625 DEBUG [acme.Launcher@main] Found classpath entry '/C:/Users/sergi/.m2/repository/org/springframework/spring-jdbc/5.3.3/spring-jdbc-5.3.3.jar' 
2023-04-21 01:08:43.625 DEBUG [acme.Launcher@main] Found classpath entry '/C:/Users/sergi/.m2/repository/org/springframework/spring-tx/5.3.3/spring-tx-5.3.3.jar' 
2023-04-21 01:08:43.626 DEBUG [acme.Launcher@main] Found classpath entry '/C:/Users/sergi/.m2/repository/org/springframework/boot/spring-boot-starter-web/2.4.2/spring-boot-starter-web-2.4.2.jar' 
2023-04-21 01:08:43.626 DEBUG [acme.Launcher@main] Found classpath entry '/C:/Users/sergi/.m2/repository/org/springframework/boot/spring-boot-starter-json/2.4.2/spring-boot-starter-json-2.4.2.jar' 
2023-04-21 01:08:43.626 DEBUG [acme.Launcher@main] Found classpath entry '/C:/Users/sergi/.m2/repository/com/fasterxml/jackson/core/jackson-databind/2.11.4/jackson-databind-2.11.4.jar' 
2023-04-21 01:08:43.626 DEBUG [acme.Launcher@main] Found classpath entry '/C:/Users/sergi/.m2/repository/com/fasterxml/jackson/core/jackson-annotations/2.11.4/jackson-annotations-2.11.4.jar' 
2023-04-21 01:08:43.627 DEBUG [acme.Launcher@main] Found classpath entry '/C:/Users/sergi/.m2/repository/com/fasterxml/jackson/core/jackson-core/2.11.4/jackson-core-2.11.4.jar' 
2023-04-21 01:08:43.627 DEBUG [acme.Launcher@main] Found classpath entry '/C:/Users/sergi/.m2/repository/com/fasterxml/jackson/datatype/jackson-datatype-jdk8/2.11.4/jackson-datatype-jdk8-2.11.4.jar' 
2023-04-21 01:08:43.627 DEBUG [acme.Launcher@main] Found classpath entry '/C:/Users/sergi/.m2/repository/com/fasterxml/jackson/datatype/jackson-datatype-jsr310/2.11.4/jackson-datatype-jsr310-2.11.4.jar' 
2023-04-21 01:08:43.627 DEBUG [acme.Launcher@main] Found classpath entry '/C:/Users/sergi/.m2/repository/com/fasterxml/jackson/module/jackson-module-parameter-names/2.11.4/jackson-module-parameter-names-2.11.4.jar' 
2023-04-21 01:08:43.628 DEBUG [acme.Launcher@main] Found classpath entry '/C:/Users/sergi/.m2/repository/org/springframework/spring-webmvc/5.3.3/spring-webmvc-5.3.3.jar' 
2023-04-21 01:08:43.628 DEBUG [acme.Launcher@main] Found classpath entry '/C:/Users/sergi/.m2/repository/org/apache/tiles/tiles-jsp/3.0.8/tiles-jsp-3.0.8.jar' 
2023-04-21 01:08:43.628 DEBUG [acme.Launcher@main] Found classpath entry '/C:/Users/sergi/.m2/repository/org/apache/tiles/tiles-servlet/3.0.8/tiles-servlet-3.0.8.jar' 
2023-04-21 01:08:43.628 DEBUG [acme.Launcher@main] Found classpath entry '/C:/Users/sergi/.m2/repository/org/apache/tiles/tiles-core/3.0.8/tiles-core-3.0.8.jar' 
2023-04-21 01:08:43.628 DEBUG [acme.Launcher@main] Found classpath entry '/C:/Users/sergi/.m2/repository/commons-digester/commons-digester/2.0/commons-digester-2.0.jar' 
2023-04-21 01:08:43.628 DEBUG [acme.Launcher@main] Found classpath entry '/C:/Users/sergi/.m2/repository/org/slf4j/jcl-over-slf4j/1.7.30/jcl-over-slf4j-1.7.30.jar' 
2023-04-21 01:08:43.629 DEBUG [acme.Launcher@main] Found classpath entry '/C:/Users/sergi/.m2/repository/org/apache/tiles/tiles-request-servlet/1.0.7/tiles-request-servlet-1.0.7.jar' 
2023-04-21 01:08:43.629 DEBUG [acme.Launcher@main] Found classpath entry '/C:/Users/sergi/.m2/repository/org/apache/tiles/tiles-template/3.0.8/tiles-template-3.0.8.jar' 
2023-04-21 01:08:43.629 DEBUG [acme.Launcher@main] Found classpath entry '/C:/Users/sergi/.m2/repository/org/apache/tiles/tiles-api/3.0.8/tiles-api-3.0.8.jar' 
2023-04-21 01:08:43.629 DEBUG [acme.Launcher@main] Found classpath entry '/C:/Users/sergi/.m2/repository/org/apache/tiles/tiles-autotag-core-runtime/1.2/tiles-autotag-core-runtime-1.2.jar' 
2023-04-21 01:08:43.630 DEBUG [acme.Launcher@main] Found classpath entry '/C:/Users/sergi/.m2/repository/org/slf4j/slf4j-api/1.7.30/slf4j-api-1.7.30.jar' 
2023-04-21 01:08:43.630 DEBUG [acme.Launcher@main] Found classpath entry '/C:/Users/sergi/.m2/repository/org/apache/tiles/tiles-request-jsp/1.0.7/tiles-request-jsp-1.0.7.jar' 
2023-04-21 01:08:43.630 DEBUG [acme.Launcher@main] Found classpath entry '/C:/Users/sergi/.m2/repository/org/apache/tiles/tiles-request-api/1.0.7/tiles-request-api-1.0.7.jar' 
2023-04-21 01:08:43.630 DEBUG [acme.Launcher@main] Found classpath entry '/C:/Users/sergi/.m2/repository/org/springframework/boot/spring-boot-starter-data-jpa/2.4.2/spring-boot-starter-data-jpa-2.4.2.jar' 
2023-04-21 01:08:43.631 DEBUG [acme.Launcher@main] Found classpath entry '/C:/Users/sergi/.m2/repository/org/springframework/boot/spring-boot-starter-aop/2.4.2/spring-boot-starter-aop-2.4.2.jar' 
2023-04-21 01:08:43.631 DEBUG [acme.Launcher@main] Found classpath entry '/C:/Users/sergi/.m2/repository/org/aspectj/aspectjweaver/1.9.6/aspectjweaver-1.9.6.jar' 
2023-04-21 01:08:43.631 DEBUG [acme.Launcher@main] Found classpath entry '/C:/Users/sergi/.m2/repository/org/springframework/boot/spring-boot-starter-jdbc/2.4.2/spring-boot-starter-jdbc-2.4.2.jar' 
2023-04-21 01:08:43.631 DEBUG [acme.Launcher@main] Found classpath entry '/C:/Users/sergi/.m2/repository/jakarta/transaction/jakarta.transaction-api/1.3.3/jakarta.transaction-api-1.3.3.jar' 
2023-04-21 01:08:43.632 DEBUG [acme.Launcher@main] Found classpath entry '/C:/Users/sergi/.m2/repository/jakarta/persistence/jakarta.persistence-api/2.2.3/jakarta.persistence-api-2.2.3.jar' 
2023-04-21 01:08:43.632 DEBUG [acme.Launcher@main] Found classpath entry '/C:/Users/sergi/.m2/repository/org/hibernate/hibernate-core/5.4.27.Final/hibernate-core-5.4.27.Final.jar' 
2023-04-21 01:08:43.632 DEBUG [acme.Launcher@main] Found classpath entry '/C:/Users/sergi/.m2/repository/org/jboss/logging/jboss-logging/3.4.1.Final/jboss-logging-3.4.1.Final.jar' 
2023-04-21 01:08:43.633 DEBUG [acme.Launcher@main] Found classpath entry '/C:/Users/sergi/.m2/repository/org/javassist/javassist/3.27.0-GA/javassist-3.27.0-GA.jar' 
2023-04-21 01:08:43.633 DEBUG [acme.Launcher@main] Found classpath entry '/C:/Users/sergi/.m2/repository/antlr/antlr/2.7.7/antlr-2.7.7.jar' 
2023-04-21 01:08:43.633 DEBUG [acme.Launcher@main] Found classpath entry '/C:/Users/sergi/.m2/repository/org/jboss/jandex/2.1.3.Final/jandex-2.1.3.Final.jar' 
2023-04-21 01:08:43.633 DEBUG [acme.Launcher@main] Found classpath entry '/C:/Users/sergi/.m2/repository/com/fasterxml/classmate/1.5.1/classmate-1.5.1.jar' 
2023-04-21 01:08:43.633 DEBUG [acme.Launcher@main] Found classpath entry '/C:/Users/sergi/.m2/repository/org/dom4j/dom4j/2.1.3/dom4j-2.1.3.jar' 
2023-04-21 01:08:43.634 DEBUG [acme.Launcher@main] Found classpath entry '/C:/Users/sergi/.m2/repository/org/hibernate/common/hibernate-commons-annotations/5.1.2.Final/hibernate-commons-annotations-5.1.2.Final.jar' 
2023-04-21 01:08:43.634 DEBUG [acme.Launcher@main] Found classpath entry '/C:/Users/sergi/.m2/repository/org/glassfish/jaxb/jaxb-runtime/2.3.3/jaxb-runtime-2.3.3.jar' 
2023-04-21 01:08:43.635 DEBUG [acme.Launcher@main] Found classpath entry '/C:/Users/sergi/.m2/repository/org/glassfish/jaxb/txw2/2.3.3/txw2-2.3.3.jar' 
2023-04-21 01:08:43.635 DEBUG [acme.Launcher@main] Found classpath entry '/C:/Users/sergi/.m2/repository/com/sun/istack/istack-commons-runtime/3.0.11/istack-commons-runtime-3.0.11.jar' 
2023-04-21 01:08:43.635 DEBUG [acme.Launcher@main] Found classpath entry '/C:/Users/sergi/.m2/repository/com/sun/activation/jakarta.activation/1.2.2/jakarta.activation-1.2.2.jar' 
2023-04-21 01:08:43.635 DEBUG [acme.Launcher@main] Found classpath entry '/C:/Users/sergi/.m2/repository/org/springframework/data/spring-data-jpa/2.4.3/spring-data-jpa-2.4.3.jar' 
2023-04-21 01:08:43.636 DEBUG [acme.Launcher@main] Found classpath entry '/C:/Users/sergi/.m2/repository/org/springframework/data/spring-data-commons/2.4.3/spring-data-commons-2.4.3.jar' 
2023-04-21 01:08:43.636 DEBUG [acme.Launcher@main] Found classpath entry '/C:/Users/sergi/.m2/repository/org/springframework/spring-orm/5.3.3/spring-orm-5.3.3.jar' 
2023-04-21 01:08:43.636 DEBUG [acme.Launcher@main] Found classpath entry '/C:/Users/sergi/.m2/repository/org/springframework/spring-aspects/5.3.3/spring-aspects-5.3.3.jar' 
2023-04-21 01:08:43.637 DEBUG [acme.Launcher@main] Found classpath entry '/C:/Users/sergi/.m2/repository/org/springframework/boot/spring-boot-starter-validation/2.4.2/spring-boot-starter-validation-2.4.2.jar' 
2023-04-21 01:08:43.637 DEBUG [acme.Launcher@main] Found classpath entry '/C:/Users/sergi/.m2/repository/org/hibernate/validator/hibernate-validator/6.1.7.Final/hibernate-validator-6.1.7.Final.jar' 
2023-04-21 01:08:43.637 DEBUG [acme.Launcher@main] Found classpath entry '/C:/Users/sergi/.m2/repository/jakarta/validation/jakarta.validation-api/2.0.2/jakarta.validation-api-2.0.2.jar' 
2023-04-21 01:08:43.637 DEBUG [acme.Launcher@main] Found classpath entry '/C:/Users/sergi/.m2/repository/mysql/mysql-connector-java/8.0.22/mysql-connector-java-8.0.22.jar' 
2023-04-21 01:08:43.638 DEBUG [acme.Launcher@main] Found classpath entry '/C:/Users/sergi/.m2/repository/com/zaxxer/HikariCP/3.4.5/HikariCP-3.4.5.jar' 
2023-04-21 01:08:43.638 DEBUG [acme.Launcher@main] Found classpath entry '/C:/Users/sergi/.m2/repository/org/springframework/boot/spring-boot-starter-test/2.4.2/spring-boot-starter-test-2.4.2.jar' 
2023-04-21 01:08:43.638 DEBUG [acme.Launcher@main] Found classpath entry '/C:/Users/sergi/.m2/repository/org/springframework/boot/spring-boot-test/2.4.2/spring-boot-test-2.4.2.jar' 
2023-04-21 01:08:43.638 DEBUG [acme.Launcher@main] Found classpath entry '/C:/Users/sergi/.m2/repository/org/springframework/boot/spring-boot-test-autoconfigure/2.4.2/spring-boot-test-autoconfigure-2.4.2.jar' 
2023-04-21 01:08:43.639 DEBUG [acme.Launcher@main] Found classpath entry '/C:/Users/sergi/.m2/repository/com/jayway/jsonpath/json-path/2.4.0/json-path-2.4.0.jar' 
2023-04-21 01:08:43.639 DEBUG [acme.Launcher@main] Found classpath entry '/C:/Users/sergi/.m2/repository/net/minidev/json-smart/2.3/json-smart-2.3.jar' 
2023-04-21 01:08:43.639 DEBUG [acme.Launcher@main] Found classpath entry '/C:/Users/sergi/.m2/repository/net/minidev/accessors-smart/1.2/accessors-smart-1.2.jar' 
2023-04-21 01:08:43.640 DEBUG [acme.Launcher@main] Found classpath entry '/C:/Users/sergi/.m2/repository/org/ow2/asm/asm/5.0.4/asm-5.0.4.jar' 
2023-04-21 01:08:43.640 DEBUG [acme.Launcher@main] Found classpath entry '/C:/Users/sergi/.m2/repository/jakarta/xml/bind/jakarta.xml.bind-api/2.3.3/jakarta.xml.bind-api-2.3.3.jar' 
2023-04-21 01:08:43.640 DEBUG [acme.Launcher@main] Found classpath entry '/C:/Users/sergi/.m2/repository/jakarta/activation/jakarta.activation-api/1.2.2/jakarta.activation-api-1.2.2.jar' 
2023-04-21 01:08:43.640 DEBUG [acme.Launcher@main] Found classpath entry '/C:/Users/sergi/.m2/repository/org/assertj/assertj-core/3.18.1/assertj-core-3.18.1.jar' 
2023-04-21 01:08:43.640 DEBUG [acme.Launcher@main] Found classpath entry '/C:/Users/sergi/.m2/repository/org/hamcrest/hamcrest/2.2/hamcrest-2.2.jar' 
2023-04-21 01:08:43.641 DEBUG [acme.Launcher@main] Found classpath entry '/C:/Users/sergi/.m2/repository/org/junit/jupiter/junit-jupiter/5.7.0/junit-jupiter-5.7.0.jar' 
2023-04-21 01:08:43.641 DEBUG [acme.Launcher@main] Found classpath entry '/C:/Users/sergi/.m2/repository/org/mockito/mockito-core/3.6.28/mockito-core-3.6.28.jar' 
2023-04-21 01:08:43.641 DEBUG [acme.Launcher@main] Found classpath entry '/C:/Users/sergi/.m2/repository/net/bytebuddy/byte-buddy-agent/1.10.19/byte-buddy-agent-1.10.19.jar' 
2023-04-21 01:08:43.641 DEBUG [acme.Launcher@main] Found classpath entry '/C:/Users/sergi/.m2/repository/org/objenesis/objenesis/3.1/objenesis-3.1.jar' 
2023-04-21 01:08:43.641 DEBUG [acme.Launcher@main] Found classpath entry '/C:/Users/sergi/.m2/repository/org/mockito/mockito-junit-jupiter/3.6.28/mockito-junit-jupiter-3.6.28.jar' 
2023-04-21 01:08:43.642 DEBUG [acme.Launcher@main] Found classpath entry '/C:/Users/sergi/.m2/repository/org/skyscreamer/jsonassert/1.5.0/jsonassert-1.5.0.jar' 
2023-04-21 01:08:43.642 DEBUG [acme.Launcher@main] Found classpath entry '/C:/Users/sergi/.m2/repository/com/vaadin/external/google/android-json/0.0.20131108.vaadin1/android-json-0.0.20131108.vaadin1.jar' 
2023-04-21 01:08:43.642 DEBUG [acme.Launcher@main] Found classpath entry '/C:/Users/sergi/.m2/repository/org/springframework/spring-test/5.3.3/spring-test-5.3.3.jar' 
2023-04-21 01:08:43.642 DEBUG [acme.Launcher@main] Found classpath entry '/C:/Users/sergi/.m2/repository/org/xmlunit/xmlunit-core/2.7.0/xmlunit-core-2.7.0.jar' 
2023-04-21 01:08:43.642 DEBUG [acme.Launcher@main] Found classpath entry '/C:/Users/sergi/.m2/repository/org/junit/jupiter/junit-jupiter-engine/5.7.0/junit-jupiter-engine-5.7.0.jar' 
2023-04-21 01:08:43.643 DEBUG [acme.Launcher@main] Found classpath entry '/C:/Users/sergi/.m2/repository/org/apiguardian/apiguardian-api/1.1.0/apiguardian-api-1.1.0.jar' 
2023-04-21 01:08:43.643 DEBUG [acme.Launcher@main] Found classpath entry '/C:/Users/sergi/.m2/repository/org/junit/platform/junit-platform-engine/1.7.0/junit-platform-engine-1.7.0.jar' 
2023-04-21 01:08:43.643 DEBUG [acme.Launcher@main] Found classpath entry '/C:/Users/sergi/.m2/repository/org/junit/jupiter/junit-jupiter-api/5.7.0/junit-jupiter-api-5.7.0.jar' 
2023-04-21 01:08:43.643 DEBUG [acme.Launcher@main] Found classpath entry '/C:/Users/sergi/.m2/repository/org/opentest4j/opentest4j/1.2.0/opentest4j-1.2.0.jar' 
2023-04-21 01:08:43.643 DEBUG [acme.Launcher@main] Found classpath entry '/C:/Users/sergi/.m2/repository/org/junit/platform/junit-platform-commons/1.7.0/junit-platform-commons-1.7.0.jar' 
2023-04-21 01:08:43.644 DEBUG [acme.Launcher@main] Found classpath entry '/C:/Users/sergi/.m2/repository/org/junit/jupiter/junit-jupiter-params/5.7.0/junit-jupiter-params-5.7.0.jar' 
2023-04-21 01:08:43.644 DEBUG [acme.Launcher@main] Found classpath entry '/C:/Users/sergi/.m2/repository/org/junit/platform/junit-platform-launcher/1.7.0/junit-platform-launcher-1.7.0.jar' 
2023-04-21 01:08:43.644 DEBUG [acme.Launcher@main] Found classpath entry '/C:/Users/sergi/.m2/repository/org/seleniumhq/selenium/selenium-java/3.141.59/selenium-java-3.141.59.jar' 
2023-04-21 01:08:43.644 DEBUG [acme.Launcher@main] Found classpath entry '/C:/Users/sergi/.m2/repository/org/seleniumhq/selenium/selenium-api/3.141.59/selenium-api-3.141.59.jar' 
2023-04-21 01:08:43.644 DEBUG [acme.Launcher@main] Found classpath entry '/C:/Users/sergi/.m2/repository/org/seleniumhq/selenium/selenium-chrome-driver/3.141.59/selenium-chrome-driver-3.141.59.jar' 
2023-04-21 01:08:43.644 DEBUG [acme.Launcher@main] Found classpath entry '/C:/Users/sergi/.m2/repository/org/seleniumhq/selenium/selenium-edge-driver/3.141.59/selenium-edge-driver-3.141.59.jar' 
2023-04-21 01:08:43.645 DEBUG [acme.Launcher@main] Found classpath entry '/C:/Users/sergi/.m2/repository/org/seleniumhq/selenium/selenium-firefox-driver/3.141.59/selenium-firefox-driver-3.141.59.jar' 
2023-04-21 01:08:43.645 DEBUG [acme.Launcher@main] Found classpath entry '/C:/Users/sergi/.m2/repository/org/seleniumhq/selenium/selenium-ie-driver/3.141.59/selenium-ie-driver-3.141.59.jar' 
2023-04-21 01:08:43.645 DEBUG [acme.Launcher@main] Found classpath entry '/C:/Users/sergi/.m2/repository/org/seleniumhq/selenium/selenium-opera-driver/3.141.59/selenium-opera-driver-3.141.59.jar' 
2023-04-21 01:08:43.645 DEBUG [acme.Launcher@main] Found classpath entry '/C:/Users/sergi/.m2/repository/org/seleniumhq/selenium/selenium-remote-driver/3.141.59/selenium-remote-driver-3.141.59.jar' 
2023-04-21 01:08:43.646 DEBUG [acme.Launcher@main] Found classpath entry '/C:/Users/sergi/.m2/repository/org/seleniumhq/selenium/selenium-safari-driver/3.141.59/selenium-safari-driver-3.141.59.jar' 
2023-04-21 01:08:43.646 DEBUG [acme.Launcher@main] Found classpath entry '/C:/Users/sergi/.m2/repository/org/seleniumhq/selenium/selenium-support/3.141.59/selenium-support-3.141.59.jar' 
2023-04-21 01:08:43.646 DEBUG [acme.Launcher@main] Found classpath entry '/C:/Users/sergi/.m2/repository/net/bytebuddy/byte-buddy/1.10.19/byte-buddy-1.10.19.jar' 
2023-04-21 01:08:43.646 DEBUG [acme.Launcher@main] Found classpath entry '/C:/Users/sergi/.m2/repository/org/apache/commons/commons-exec/1.3/commons-exec-1.3.jar' 
2023-04-21 01:08:43.646 DEBUG [acme.Launcher@main] Found classpath entry '/C:/Users/sergi/.m2/repository/com/google/guava/guava/25.0-jre/guava-25.0-jre.jar' 
2023-04-21 01:08:43.647 DEBUG [acme.Launcher@main] Found classpath entry '/C:/Users/sergi/.m2/repository/com/google/code/findbugs/jsr305/1.3.9/jsr305-1.3.9.jar' 
2023-04-21 01:08:43.647 DEBUG [acme.Launcher@main] Found classpath entry '/C:/Users/sergi/.m2/repository/org/checkerframework/checker-compat-qual/2.0.0/checker-compat-qual-2.0.0.jar' 
2023-04-21 01:08:43.647 DEBUG [acme.Launcher@main] Found classpath entry '/C:/Users/sergi/.m2/repository/com/google/errorprone/error_prone_annotations/2.1.3/error_prone_annotations-2.1.3.jar' 
2023-04-21 01:08:43.647 DEBUG [acme.Launcher@main] Found classpath entry '/C:/Users/sergi/.m2/repository/com/google/j2objc/j2objc-annotations/1.1/j2objc-annotations-1.1.jar' 
2023-04-21 01:08:43.647 DEBUG [acme.Launcher@main] Found classpath entry '/C:/Users/sergi/.m2/repository/org/codehaus/mojo/animal-sniffer-annotations/1.14/animal-sniffer-annotations-1.14.jar' 
2023-04-21 01:08:43.648 DEBUG [acme.Launcher@main] Found classpath entry '/C:/Users/sergi/.m2/repository/com/squareup/okhttp3/okhttp/3.14.9/okhttp-3.14.9.jar' 
2023-04-21 01:08:43.648 DEBUG [acme.Launcher@main] Found classpath entry '/C:/Users/sergi/.m2/repository/com/squareup/okio/okio/1.14.0/okio-1.14.0.jar' 
2023-04-21 01:08:43.648 DEBUG [acme.Launcher@main] Found classpath entry '/C:/Users/sergi/.m2/repository/org/apache/commons/commons-lang3/3.11/commons-lang3-3.11.jar' 
2023-04-21 01:08:43.648 DEBUG [acme.Launcher@main] Found classpath entry '/C:/Users/sergi/.m2/repository/org/apache/commons/commons-text/1.8/commons-text-1.8.jar' 
2023-04-21 01:08:43.648 DEBUG [acme.Launcher@main] Found classpath entry '/C:/Users/sergi/.m2/repository/commons-io/commons-io/2.6/commons-io-2.6.jar' 
2023-04-21 01:08:43.648 DEBUG [acme.Launcher@main] Found classpath entry '/C:/Users/sergi/.m2/repository/commons-cli/commons-cli/1.4/commons-cli-1.4.jar' 
2023-04-21 01:08:43.648 DEBUG [acme.Launcher@main] Found classpath entry '/C:/Users/sergi/.m2/repository/org/projectlombok/lombok/1.18.16/lombok-1.18.16.jar' 
2023-04-21 01:08:43.648 DEBUG [acme.Launcher@main] Found classpath entry '/C:/Users/sergi/.m2/repository/com/opencsv/opencsv/5.4/opencsv-5.4.jar' 
2023-04-21 01:08:43.649 DEBUG [acme.Launcher@main] Found classpath entry '/C:/Users/sergi/.m2/repository/commons-beanutils/commons-beanutils/1.9.4/commons-beanutils-1.9.4.jar' 
2023-04-21 01:08:43.649 DEBUG [acme.Launcher@main] Found classpath entry '/C:/Users/sergi/.m2/repository/commons-logging/commons-logging/1.2/commons-logging-1.2.jar' 
2023-04-21 01:08:43.649 DEBUG [acme.Launcher@main] Found classpath entry '/C:/Users/sergi/.m2/repository/commons-collections/commons-collections/3.2.2/commons-collections-3.2.2.jar' 
2023-04-21 01:08:43.649 DEBUG [acme.Launcher@main] Found classpath entry '/C:/Users/sergi/.m2/repository/org/apache/commons/commons-collections4/4.4/commons-collections4-4.4.jar' 
2023-04-21 01:08:43.937 DEBUG [acme.Launcher@main] Found entity class 'acme.entities.audits.Audit 
2023-04-21 01:08:43.938 DEBUG [acme.Launcher@main] Found entity class 'acme.entities.audits.AuditingRecord 
2023-04-21 01:08:43.938 DEBUG [acme.Launcher@main] Found entity class 'acme.entities.banners.Banner 
2023-04-21 01:08:43.938 DEBUG [acme.Launcher@main] Found entity class 'acme.entities.bulletins.Bulletin 
2023-04-21 01:08:43.938 DEBUG [acme.Launcher@main] Found entity class 'acme.entities.courses.Course 
2023-04-21 01:08:43.938 DEBUG [acme.Launcher@main] Found entity class 'acme.entities.courses.Lecture 
2023-04-21 01:08:43.938 DEBUG [acme.Launcher@main] Found entity class 'acme.entities.courses.LectureRegistration 
2023-04-21 01:08:43.938 DEBUG [acme.Launcher@main] Found entity class 'acme.entities.enrolments.Activity 
2023-04-21 01:08:43.939 DEBUG [acme.Launcher@main] Found entity class 'acme.entities.enrolments.Enrolment 
2023-04-21 01:08:43.939 DEBUG [acme.Launcher@main] Found entity class 'acme.entities.notes.Note 
2023-04-21 01:08:43.939 DEBUG [acme.Launcher@main] Found entity class 'acme.entities.offers.Offer 
2023-04-21 01:08:43.939 DEBUG [acme.Launcher@main] Found entity class 'acme.entities.peeps.Peep 
2023-04-21 01:08:43.939 DEBUG [acme.Launcher@main] Found entity class 'acme.entities.practicums.Practicum 
2023-04-21 01:08:43.940 DEBUG [acme.Launcher@main] Found entity class 'acme.entities.practicums.PracticumSession 
2023-04-21 01:08:43.940 DEBUG [acme.Launcher@main] Found entity class 'acme.entities.tutorial.Tutorial 
2023-04-21 01:08:43.940 DEBUG [acme.Launcher@main] Found entity class 'acme.entities.tutorial.TutorialSession 
2023-04-21 01:08:43.940 DEBUG [acme.Launcher@main] Found entity class 'acme.roles.Assistant 
2023-04-21 01:08:43.941 DEBUG [acme.Launcher@main] Found entity class 'acme.roles.Auditor 
2023-04-21 01:08:43.941 DEBUG [acme.Launcher@main] Found entity class 'acme.roles.Company 
2023-04-21 01:08:43.941 DEBUG [acme.Launcher@main] Found entity class 'acme.roles.Lecturer 
2023-04-21 01:08:43.941 DEBUG [acme.Launcher@main] Found entity class 'acme.roles.Student 
2023-04-21 01:08:43.941 DEBUG [acme.Launcher@main] Found entity class 'acme.system.configuration.SystemConfiguration 
2023-04-21 01:08:43.942 DEBUG [acme.Launcher@main] Found entity class 'acme.framework.components.accounts.Administrator 
2023-04-21 01:08:43.942 DEBUG [acme.Launcher@main] Found entity class 'acme.framework.components.accounts.Anonymous 
2023-04-21 01:08:43.942 DEBUG [acme.Launcher@main] Found entity class 'acme.framework.components.accounts.Any 
2023-04-21 01:08:43.942 DEBUG [acme.Launcher@main] Found entity class 'acme.framework.components.accounts.Authenticated 
2023-04-21 01:08:43.942 DEBUG [acme.Launcher@main] Found entity class 'acme.framework.components.accounts.UserAccount 
2023-04-21 01:08:43.952 DEBUG [acme.framework.components.clocks.AbstractClock@main] Changing base moment to 'Fri Apr 21 01:08:43 CEST 2023'. 
2023-04-21 01:08:43.954 DEBUG [acme.framework.components.clocks.AbstractClock@main] Changing base moment to 'Sat Jul 30 00:00:00 CEST 2022'. 
2023-04-21 01:08:43.955 DEBUG [acme.framework.components.clocks.SimulatedClock@main] Changing current moment to 'Sat Jul 30 00:00:00 CEST 2022'. 
2023-04-21 01:08:43.955 INFO  [acme.Launcher@main] Running application (Standalone mode) 
2023-04-21 01:08:55.435 DEBUG [org.hibernate.SQL@http-nio-8080-exec-1] select useraccoun0_.id as id1_0_, useraccoun0_.version as version2_0_, useraccoun0_.enabled as enabled1_28_, useraccoun0_.identity as identity2_28_, useraccoun0_.password as password3_28_, useraccoun0_.username as username4_28_ from user_account useraccoun0_ where useraccoun0_.username=? 
2023-04-21 01:08:55.462 TRACE [org.hibernate.type.descriptor.sql.BasicBinder@http-nio-8080-exec-1] binding parameter [1] as [VARCHAR] - [serlopdia] 
2023-04-21 01:08:55.527 DEBUG [org.hibernate.SQL@http-nio-8080-exec-1] select userroles0_.user_account_id as user_acc1_1_0_, userroles0_.id as id1_1_0_, userroles0_.id as id1_0_1_, userroles0_.version as version2_0_1_, userroles0_.user_account_id as user_acc1_1_1_, userroles0_.expertise_fields as expertis1_6_1_, userroles0_.more_info as more_inf2_6_1_, userroles0_.resume as resume3_6_1_, userroles0_.supervisor as supervis4_6_1_, userroles0_.certifications as certific1_9_1_, userroles0_.firm as firm2_9_1_, userroles0_.more_info as more_inf3_9_1_, userroles0_.professional_id as professi4_9_1_, userroles0_.vat as vat1_13_1_, userroles0_.link as link2_13_1_, userroles0_.name as name3_13_1_, userroles0_.summary as summary4_13_1_, userroles0_.alma_mater as alma_mat1_17_1_, userroles0_.more_info as more_inf2_17_1_, userroles0_.qualifications as qualific3_17_1_, userroles0_.resume as resume4_17_1_, userroles0_.more_info as more_inf1_24_1_, userroles0_.statement as statemen2_24_1_, userroles0_.strong_features as strong_f3_24_1_, userroles0_.weak_features as weak_fea4_24_1_, userroles0_.clazz_ as clazz_1_ from ( select id, version, user_account_id, expertise_fields, more_info, resume, supervisor, null as certifications, null as firm, null as professional_id, null as vat, null as link, null as name, null as summary, null as alma_mater, null as qualifications, null as statement, null as strong_features, null as weak_features, 18 as clazz_ from assistant union all select id, version, user_account_id, null as expertise_fields, more_info, null as resume, null as supervisor, certifications, firm, professional_id, null as vat, null as link, null as name, null as summary, null as alma_mater, null as qualifications, null as statement, null as strong_features, null as weak_features, 19 as clazz_ from auditor union all select id, version, user_account_id, null as expertise_fields, null as more_info, null as resume, null as supervisor, null as certifications, null as firm, null as professional_id, vat, link, name, summary, null as alma_mater, null as qualifications, null as statement, null as strong_features, null as weak_features, 20 as clazz_ from company union all select id, version, user_account_id, null as expertise_fields, more_info, resume, null as supervisor, null as certifications, null as firm, null as professional_id, null as vat, null as link, null as name, null as summary, alma_mater, qualifications, null as statement, null as strong_features, null as weak_features, 21 as clazz_ from lecturer union all select id, version, user_account_id, null as expertise_fields, more_info, null as resume, null as supervisor, null as certifications, null as firm, null as professional_id, null as vat, null as link, null as name, null as summary, null as alma_mater, null as qualifications, statement, strong_features, weak_features, 22 as clazz_ from student union all select id, version, user_account_id, null as expertise_fields, null as more_info, null as resume, null as supervisor, null as certifications, null as firm, null as professional_id, null as vat, null as link, null as name, null as summary, null as alma_mater, null as qualifications, null as statement, null as strong_features, null as weak_features, 24 as clazz_ from administrator union all select id, version, user_account_id, null as expertise_fields, null as more_info, null as resume, null as supervisor, null as certifications, null as firm, null as professional_id, null as vat, null as link, null as name, null as summary, null as alma_mater, null as qualifications, null as statement, null as strong_features, null as weak_features, 25 as clazz_ from anonymous union all select id, version, user_account_id, null as expertise_fields, null as more_info, null as resume, null as supervisor, null as certifications, null as firm, null as professional_id, null as vat, null as link, null as name, null as summary, null as alma_mater, null as qualifications, null as statement, null as strong_features, null as weak_features, 26 as clazz_ from any union all select id, version, user_account_id, null as expertise_fields, null as more_info, null as resume, null as supervisor, null as certifications, null as firm, null as professional_id, null as vat, null as link, null as name, null as summary, null as alma_mater, null as qualifications, null as statement, null as strong_features, null as weak_features, 27 as clazz_ from authenticated ) userroles0_ where userroles0_.user_account_id=? 
2023-04-21 01:08:55.530 TRACE [org.hibernate.type.descriptor.sql.BasicBinder@http-nio-8080-exec-1] binding parameter [1] as [INTEGER] - [150] 
2023-04-21 01:08:55.653 DEBUG [acme.framework.components.tiles.DynamicTilesView@http-nio-8080-exec-2] View name 'fragments/welcome', model {} 
2023-04-21 01:08:55.676 DEBUG [org.apache.tiles.definition.dao.BaseLocaleUrlDefinitionDAO@http-nio-8080-exec-2] File Resource file:/C:/Users/sergi/Desktop/SERGIO/UNIVERSIDAD/CURSOS/3Tercer%20Curso/2do%20CUATRIMESTRE/DP2/Workspace-23/Projects/dp2-acme-l3/Acme-L3-D03/target/classes/WEB-INF/views/master/tiles_en.xml at file:/C:/Users/sergi/Desktop/SERGIO/UNIVERSIDAD/CURSOS/3Tercer%20Curso/2do%20CUATRIMESTRE/DP2/Workspace-23/Projects/dp2-acme-l3/Acme-L3-D03/target/classes/WEB-INF/views/master/tiles_en.xml not found, continue 
2023-04-21 01:08:55.688 DEBUG [org.apache.jasper.servlet.JspServlet@http-nio-8080-exec-2] JspEngine --> /WEB-INF/views/master/page.jsp 
2023-04-21 01:08:55.689 DEBUG [org.apache.jasper.servlet.JspServlet@http-nio-8080-exec-2] ServletPath: /WEB-INF/views/master/page.jsp 
2023-04-21 01:08:55.689 DEBUG [org.apache.jasper.servlet.JspServlet@http-nio-8080-exec-2] PathInfo: null 
2023-04-21 01:08:55.693 DEBUG [org.apache.jasper.servlet.JspServlet@http-nio-8080-exec-2] RealPath: C:\Users\sergi\Desktop\SERGIO\UNIVERSIDAD\CURSOS\3Tercer Curso\2do CUATRIMESTRE\DP2\Workspace-23\Projects\dp2-acme-l3\Acme-L3-D03\target\classes\WEB-INF\views\master\page.jsp 
2023-04-21 01:08:55.694 DEBUG [org.apache.jasper.servlet.JspServlet@http-nio-8080-exec-2] RequestURI: /acme-l3-d03/WEB-INF/views/master/page.jsp 
2023-04-21 01:08:55.694 DEBUG [org.apache.jasper.servlet.JspServlet@http-nio-8080-exec-2] QueryString: null 
2023-04-21 01:09:01.756 DEBUG [acme.framework.components.extensions.ExtendedMessageSource@http-nio-8080-exec-2] Loading properties [C:\Users\sergi\Desktop\SERGIO\UNIVERSIDAD\CURSOS\3Tercer Curso\2do CUATRIMESTRE\DP2\Workspace-23\Projects\dp2-acme-l3\Acme-L3-D03\target\classes\WEB-INF\views\administrator\banner\messages-en.i18n] with encoding 'utf-8' 
2023-04-21 01:09:01.759 DEBUG [acme.framework.components.extensions.ExtendedMessageSource@http-nio-8080-exec-2] Loading properties [C:\Users\sergi\Desktop\SERGIO\UNIVERSIDAD\CURSOS\3Tercer Curso\2do CUATRIMESTRE\DP2\Workspace-23\Projects\dp2-acme-l3\Acme-L3-D03\target\classes\WEB-INF\views\administrator\system-configuration\messsages-en.i18n] with encoding 'utf-8' 
2023-04-21 01:09:01.761 DEBUG [acme.framework.components.extensions.ExtendedMessageSource@http-nio-8080-exec-2] Loading properties [C:\Users\sergi\Desktop\SERGIO\UNIVERSIDAD\CURSOS\3Tercer Curso\2do CUATRIMESTRE\DP2\Workspace-23\Projects\dp2-acme-l3\Acme-L3-D03\target\classes\WEB-INF\views\administrator\user-account\messages-en.i18n] with encoding 'utf-8' 
2023-04-21 01:09:01.762 DEBUG [acme.framework.components.extensions.ExtendedMessageSource@http-nio-8080-exec-2] Loading properties [C:\Users\sergi\Desktop\SERGIO\UNIVERSIDAD\CURSOS\3Tercer Curso\2do CUATRIMESTRE\DP2\Workspace-23\Projects\dp2-acme-l3\Acme-L3-D03\target\classes\WEB-INF\views\anonymous\user-account\messages-en.i18n] with encoding 'utf-8' 
2023-04-21 01:09:01.763 DEBUG [acme.framework.components.extensions.ExtendedMessageSource@http-nio-8080-exec-2] Loading properties [C:\Users\sergi\Desktop\SERGIO\UNIVERSIDAD\CURSOS\3Tercer Curso\2do CUATRIMESTRE\DP2\Workspace-23\Projects\dp2-acme-l3\Acme-L3-D03\target\classes\WEB-INF\views\any\course\message-en.i18n] with encoding 'utf-8' 
2023-04-21 01:09:01.764 DEBUG [acme.framework.components.extensions.ExtendedMessageSource@http-nio-8080-exec-2] Loading properties [C:\Users\sergi\Desktop\SERGIO\UNIVERSIDAD\CURSOS\3Tercer Curso\2do CUATRIMESTRE\DP2\Workspace-23\Projects\dp2-acme-l3\Acme-L3-D03\target\classes\WEB-INF\views\auditor\audit\messages-en.i18n] with encoding 'utf-8' 
2023-04-21 01:09:01.764 DEBUG [acme.framework.components.extensions.ExtendedMessageSource@http-nio-8080-exec-2] Loading properties [C:\Users\sergi\Desktop\SERGIO\UNIVERSIDAD\CURSOS\3Tercer Curso\2do CUATRIMESTRE\DP2\Workspace-23\Projects\dp2-acme-l3\Acme-L3-D03\target\classes\WEB-INF\views\auditor\auditing-record\messages-en.i18n] with encoding 'utf-8' 
2023-04-21 01:09:01.765 DEBUG [acme.framework.components.extensions.ExtendedMessageSource@http-nio-8080-exec-2] Loading properties [C:\Users\sergi\Desktop\SERGIO\UNIVERSIDAD\CURSOS\3Tercer Curso\2do CUATRIMESTRE\DP2\Workspace-23\Projects\dp2-acme-l3\Acme-L3-D03\target\classes\WEB-INF\views\authenticated\assistant\messsages-en.i18n] with encoding 'utf-8' 
2023-04-21 01:09:01.766 DEBUG [acme.framework.components.extensions.ExtendedMessageSource@http-nio-8080-exec-2] Loading properties [C:\Users\sergi\Desktop\SERGIO\UNIVERSIDAD\CURSOS\3Tercer Curso\2do CUATRIMESTRE\DP2\Workspace-23\Projects\dp2-acme-l3\Acme-L3-D03\target\classes\WEB-INF\views\authenticated\auditor\messages-en.i18n] with encoding 'utf-8' 
2023-04-21 01:09:01.767 DEBUG [acme.framework.components.extensions.ExtendedMessageSource@http-nio-8080-exec-2] Loading properties [C:\Users\sergi\Desktop\SERGIO\UNIVERSIDAD\CURSOS\3Tercer Curso\2do CUATRIMESTRE\DP2\Workspace-23\Projects\dp2-acme-l3\Acme-L3-D03\target\classes\WEB-INF\views\authenticated\bulletin\messsages-en.i18n] with encoding 'utf-8' 
2023-04-21 01:09:01.768 DEBUG [acme.framework.components.extensions.ExtendedMessageSource@http-nio-8080-exec-2] Loading properties [C:\Users\sergi\Desktop\SERGIO\UNIVERSIDAD\CURSOS\3Tercer Curso\2do CUATRIMESTRE\DP2\Workspace-23\Projects\dp2-acme-l3\Acme-L3-D03\target\classes\WEB-INF\views\authenticated\company\messsages-en.i18n] with encoding 'utf-8' 
2023-04-21 01:09:01.768 DEBUG [acme.framework.components.extensions.ExtendedMessageSource@http-nio-8080-exec-2] Loading properties [C:\Users\sergi\Desktop\SERGIO\UNIVERSIDAD\CURSOS\3Tercer Curso\2do CUATRIMESTRE\DP2\Workspace-23\Projects\dp2-acme-l3\Acme-L3-D03\target\classes\WEB-INF\views\authenticated\lecturer\messages-en.i18n] with encoding 'utf-8' 
2023-04-21 01:09:01.770 DEBUG [acme.framework.components.extensions.ExtendedMessageSource@http-nio-8080-exec-2] Loading properties [C:\Users\sergi\Desktop\SERGIO\UNIVERSIDAD\CURSOS\3Tercer Curso\2do CUATRIMESTRE\DP2\Workspace-23\Projects\dp2-acme-l3\Acme-L3-D03\target\classes\WEB-INF\views\authenticated\note\messages-en.i18n] with encoding 'utf-8' 
2023-04-21 01:09:01.771 DEBUG [acme.framework.components.extensions.ExtendedMessageSource@http-nio-8080-exec-2] Loading properties [C:\Users\sergi\Desktop\SERGIO\UNIVERSIDAD\CURSOS\3Tercer Curso\2do CUATRIMESTRE\DP2\Workspace-23\Projects\dp2-acme-l3\Acme-L3-D03\target\classes\WEB-INF\views\authenticated\offer\messsages-en.i18n] with encoding 'utf-8' 
2023-04-21 01:09:01.773 DEBUG [acme.framework.components.extensions.ExtendedMessageSource@http-nio-8080-exec-2] Loading properties [C:\Users\sergi\Desktop\SERGIO\UNIVERSIDAD\CURSOS\3Tercer Curso\2do CUATRIMESTRE\DP2\Workspace-23\Projects\dp2-acme-l3\Acme-L3-D03\target\classes\WEB-INF\views\authenticated\practicum\messsages-en.i18n] with encoding 'utf-8' 
2023-04-21 01:09:01.774 DEBUG [acme.framework.components.extensions.ExtendedMessageSource@http-nio-8080-exec-2] Loading properties [C:\Users\sergi\Desktop\SERGIO\UNIVERSIDAD\CURSOS\3Tercer Curso\2do CUATRIMESTRE\DP2\Workspace-23\Projects\dp2-acme-l3\Acme-L3-D03\target\classes\WEB-INF\views\authenticated\student\messages-en.i18n] with encoding 'utf-8' 
2023-04-21 01:09:01.775 DEBUG [acme.framework.components.extensions.ExtendedMessageSource@http-nio-8080-exec-2] Loading properties [C:\Users\sergi\Desktop\SERGIO\UNIVERSIDAD\CURSOS\3Tercer Curso\2do CUATRIMESTRE\DP2\Workspace-23\Projects\dp2-acme-l3\Acme-L3-D03\target\classes\WEB-INF\views\authenticated\user-account\messages-en.i18n] with encoding 'utf-8' 
2023-04-21 01:09:01.776 DEBUG [acme.framework.components.extensions.ExtendedMessageSource@http-nio-8080-exec-2] Loading properties [C:\Users\sergi\Desktop\SERGIO\UNIVERSIDAD\CURSOS\3Tercer Curso\2do CUATRIMESTRE\DP2\Workspace-23\Projects\dp2-acme-l3\Acme-L3-D03\target\classes\WEB-INF\views\company\company-dashboard\messages-en.i18n] with encoding 'utf-8' 
2023-04-21 01:09:01.777 DEBUG [acme.framework.components.extensions.ExtendedMessageSource@http-nio-8080-exec-2] Loading properties [C:\Users\sergi\Desktop\SERGIO\UNIVERSIDAD\CURSOS\3Tercer Curso\2do CUATRIMESTRE\DP2\Workspace-23\Projects\dp2-acme-l3\Acme-L3-D03\target\classes\WEB-INF\views\company\practicum\messsages-en.i18n] with encoding 'utf-8' 
2023-04-21 01:09:01.778 DEBUG [acme.framework.components.extensions.ExtendedMessageSource@http-nio-8080-exec-2] Loading properties [C:\Users\sergi\Desktop\SERGIO\UNIVERSIDAD\CURSOS\3Tercer Curso\2do CUATRIMESTRE\DP2\Workspace-23\Projects\dp2-acme-l3\Acme-L3-D03\target\classes\WEB-INF\views\company\practicum-session\messsages-en.i18n] with encoding 'utf-8' 
2023-04-21 01:09:01.780 DEBUG [acme.framework.components.extensions.ExtendedMessageSource@http-nio-8080-exec-2] Loading properties [C:\Users\sergi\Desktop\SERGIO\UNIVERSIDAD\CURSOS\3Tercer Curso\2do CUATRIMESTRE\DP2\Workspace-23\Projects\dp2-acme-l3\Acme-L3-D03\target\classes\WEB-INF\views\fragments\banner-en.i18n] with encoding 'utf-8' 
2023-04-21 01:09:01.781 DEBUG [acme.framework.components.extensions.ExtendedMessageSource@http-nio-8080-exec-2] Loading properties [C:\Users\sergi\Desktop\SERGIO\UNIVERSIDAD\CURSOS\3Tercer Curso\2do CUATRIMESTRE\DP2\Workspace-23\Projects\dp2-acme-l3\Acme-L3-D03\target\classes\WEB-INF\views\fragments\company-en.i18n] with encoding 'utf-8' 
2023-04-21 01:09:01.782 DEBUG [acme.framework.components.extensions.ExtendedMessageSource@http-nio-8080-exec-2] Loading properties [C:\Users\sergi\Desktop\SERGIO\UNIVERSIDAD\CURSOS\3Tercer Curso\2do CUATRIMESTRE\DP2\Workspace-23\Projects\dp2-acme-l3\Acme-L3-D03\target\classes\WEB-INF\views\fragments\footer-en.i18n] with encoding 'utf-8' 
2023-04-21 01:09:01.783 DEBUG [acme.framework.components.extensions.ExtendedMessageSource@http-nio-8080-exec-2] Loading properties [C:\Users\sergi\Desktop\SERGIO\UNIVERSIDAD\CURSOS\3Tercer Curso\2do CUATRIMESTRE\DP2\Workspace-23\Projects\dp2-acme-l3\Acme-L3-D03\target\classes\WEB-INF\views\fragments\license-en.i18n] with encoding 'utf-8' 
2023-04-21 01:09:01.784 DEBUG [acme.framework.components.extensions.ExtendedMessageSource@http-nio-8080-exec-2] Loading properties [C:\Users\sergi\Desktop\SERGIO\UNIVERSIDAD\CURSOS\3Tercer Curso\2do CUATRIMESTRE\DP2\Workspace-23\Projects\dp2-acme-l3\Acme-L3-D03\target\classes\WEB-INF\views\fragments\menu-en.i18n] with encoding 'utf-8' 
2023-04-21 01:09:01.785 DEBUG [acme.framework.components.extensions.ExtendedMessageSource@http-nio-8080-exec-2] Loading properties [C:\Users\sergi\Desktop\SERGIO\UNIVERSIDAD\CURSOS\3Tercer Curso\2do CUATRIMESTRE\DP2\Workspace-23\Projects\dp2-acme-l3\Acme-L3-D03\target\classes\WEB-INF\views\fragments\messsages-en.i18n] with encoding 'utf-8' 
2023-04-21 01:09:01.785 DEBUG [acme.framework.components.extensions.ExtendedMessageSource@http-nio-8080-exec-2] Loading properties [C:\Users\sergi\Desktop\SERGIO\UNIVERSIDAD\CURSOS\3Tercer Curso\2do CUATRIMESTRE\DP2\Workspace-23\Projects\dp2-acme-l3\Acme-L3-D03\target\classes\WEB-INF\views\fragments\title-en.i18n] with encoding 'utf-8' 
2023-04-21 01:09:01.786 DEBUG [acme.framework.components.extensions.ExtendedMessageSource@http-nio-8080-exec-2] Loading properties [C:\Users\sergi\Desktop\SERGIO\UNIVERSIDAD\CURSOS\3Tercer Curso\2do CUATRIMESTRE\DP2\Workspace-23\Projects\dp2-acme-l3\Acme-L3-D03\target\classes\WEB-INF\views\fragments\welcome-en.i18n] with encoding 'utf-8' 
2023-04-21 01:09:01.788 DEBUG [acme.framework.components.extensions.ExtendedMessageSource@http-nio-8080-exec-2] Loading properties [C:\Users\sergi\Desktop\SERGIO\UNIVERSIDAD\CURSOS\3Tercer Curso\2do CUATRIMESTRE\DP2\Workspace-23\Projects\dp2-acme-l3\Acme-L3-D03\target\classes\WEB-INF\views\master\defaults-en.i18n] with encoding 'utf-8' 
2023-04-21 01:09:01.788 DEBUG [acme.framework.components.extensions.ExtendedMessageSource@http-nio-8080-exec-2] Loading properties [C:\Users\sergi\Desktop\SERGIO\UNIVERSIDAD\CURSOS\3Tercer Curso\2do CUATRIMESTRE\DP2\Workspace-23\Projects\dp2-acme-l3\Acme-L3-D03\target\classes\WEB-INF\views\master\master-en.i18n] with encoding 'utf-8' 
2023-04-21 01:09:01.789 DEBUG [acme.framework.components.extensions.ExtendedMessageSource@http-nio-8080-exec-2] Loading properties [C:\Users\sergi\Desktop\SERGIO\UNIVERSIDAD\CURSOS\3Tercer Curso\2do CUATRIMESTRE\DP2\Workspace-23\Projects\dp2-acme-l3\Acme-L3-D03\target\classes\WEB-INF\views\master\panic-en.i18n] with encoding 'utf-8' 
2023-04-21 01:09:01.791 DEBUG [acme.framework.components.extensions.ExtendedMessageSource@http-nio-8080-exec-2] Loading properties [C:\Users\sergi\Desktop\SERGIO\UNIVERSIDAD\CURSOS\3Tercer Curso\2do CUATRIMESTRE\DP2\Workspace-23\Projects\dp2-acme-l3\Acme-L3-D03\target\classes\WEB-INF\views\master\throwables-en.i18n] with encoding 'utf-8' 
2023-04-21 01:09:01.792 DEBUG [acme.framework.components.extensions.ExtendedMessageSource@http-nio-8080-exec-2] Loading properties [C:\Users\sergi\Desktop\SERGIO\UNIVERSIDAD\CURSOS\3Tercer Curso\2do CUATRIMESTRE\DP2\Workspace-23\Projects\dp2-acme-l3\Acme-L3-D03\target\classes\WEB-INF\views\master\validation-en.i18n] with encoding 'utf-8' 
2023-04-21 01:09:01.793 DEBUG [acme.framework.components.extensions.ExtendedMessageSource@http-nio-8080-exec-2] Loading properties [C:\Users\sergi\Desktop\SERGIO\UNIVERSIDAD\CURSOS\3Tercer Curso\2do CUATRIMESTRE\DP2\Workspace-23\Projects\dp2-acme-l3\Acme-L3-D03\target\classes\WEB-INF\views\student\activity\messages-en.i18n] with encoding 'utf-8' 
2023-04-21 01:09:01.794 DEBUG [acme.framework.components.extensions.ExtendedMessageSource@http-nio-8080-exec-2] Loading properties [C:\Users\sergi\Desktop\SERGIO\UNIVERSIDAD\CURSOS\3Tercer Curso\2do CUATRIMESTRE\DP2\Workspace-23\Projects\dp2-acme-l3\Acme-L3-D03\target\classes\WEB-INF\views\student\course\messages-en.i18n] with encoding 'utf-8' 
2023-04-21 01:09:01.795 DEBUG [acme.framework.components.extensions.ExtendedMessageSource@http-nio-8080-exec-2] Loading properties [C:\Users\sergi\Desktop\SERGIO\UNIVERSIDAD\CURSOS\3Tercer Curso\2do CUATRIMESTRE\DP2\Workspace-23\Projects\dp2-acme-l3\Acme-L3-D03\target\classes\WEB-INF\views\student\enrolment\messages-en.i18n] with encoding 'utf-8' 
2023-04-21 01:09:01.796 DEBUG [acme.framework.components.extensions.ExtendedMessageSource@http-nio-8080-exec-2] Loading properties [C:\Users\sergi\Desktop\SERGIO\UNIVERSIDAD\CURSOS\3Tercer Curso\2do CUATRIMESTRE\DP2\Workspace-23\Projects\dp2-acme-l3\Acme-L3-D03\target\classes\WEB-INF\views\student\lecture\messages-en.i18n] with encoding 'utf-8' 
2023-04-21 01:09:01.797 DEBUG [acme.framework.components.extensions.ExtendedMessageSource@http-nio-8080-exec-2] Loading properties [C:\Users\sergi\Desktop\SERGIO\UNIVERSIDAD\CURSOS\3Tercer Curso\2do CUATRIMESTRE\DP2\Workspace-23\Projects\dp2-acme-l3\Acme-L3-D03\target\classes\WEB-INF\views\student\student-dashboard\messages-en.i18n] with encoding 'utf-8' 
2023-04-21 01:09:02.073 DEBUG [org.apache.jasper.servlet.JspServlet@http-nio-8080-exec-2] JspEngine --> /WEB-INF/views/fragments/welcome.jsp 
2023-04-21 01:09:02.074 DEBUG [org.apache.jasper.servlet.JspServlet@http-nio-8080-exec-2] ServletPath: /WEB-INF/views/master/page.jsp 
2023-04-21 01:09:02.075 DEBUG [org.apache.jasper.servlet.JspServlet@http-nio-8080-exec-2] PathInfo: null 
2023-04-21 01:09:02.077 DEBUG [org.apache.jasper.servlet.JspServlet@http-nio-8080-exec-2] RealPath: C:\Users\sergi\Desktop\SERGIO\UNIVERSIDAD\CURSOS\3Tercer Curso\2do CUATRIMESTRE\DP2\Workspace-23\Projects\dp2-acme-l3\Acme-L3-D03\target\classes\WEB-INF\views\fragments\welcome.jsp 
2023-04-21 01:09:02.078 DEBUG [org.apache.jasper.servlet.JspServlet@http-nio-8080-exec-2] RequestURI: /acme-l3-d03/WEB-INF/views/master/page.jsp 
2023-04-21 01:09:02.078 DEBUG [org.apache.jasper.servlet.JspServlet@http-nio-8080-exec-2] QueryString: null 
2023-04-21 01:09:06.051 DEBUG [acme.framework.controllers.AbstractController@http-nio-8080-exec-8] >>>>>>>>>>>>>>>>>>>>>>>>>>>>>>>>>>>>>>>>>>>>>>>>>>>>>>>>>>>>>>>>>>>>>>>>>>>>>>>> 
2023-04-21 01:09:06.052 DEBUG [acme.framework.controllers.AbstractController@http-nio-8080-exec-8] REQUEST: GET /acme-l3-d03/company/company-dashboard/show 
2023-04-21 01:09:06.052 DEBUG [acme.framework.controllers.AbstractController@http-nio-8080-exec-8] MOMENT:  Sat Jul 30 00:00:00 CEST 2022 
2023-04-21 01:09:06.052 DEBUG [acme.framework.controllers.AbstractController@http-nio-8080-exec-8] COMMAND: show 
2023-04-21 01:09:06.052 DEBUG [acme.framework.controllers.AbstractController@http-nio-8080-exec-8] INPUT:   {} 
2023-04-21 01:09:06.076 DEBUG [acme.framework.components.database.DatabaseManager@http-nio-8080-exec-8] Starting transaction a57dd127-c09b-448b-9133-fa446345e771. 
2023-04-21 01:09:06.088 DEBUG [org.hibernate.SQL@http-nio-8080-exec-8] select company0_.id as id1_0_, company0_.version as version2_0_, company0_.user_account_id as user_acc1_1_, company0_.vat as vat1_13_, company0_.link as link2_13_, company0_.name as name3_13_, company0_.summary as summary4_13_ from company company0_ where company0_.user_account_id=? 
2023-04-21 01:09:06.088 TRACE [org.hibernate.type.descriptor.sql.BasicBinder@http-nio-8080-exec-8] binding parameter [1] as [INTEGER] - [150] 
2023-04-21 01:09:06.089 DEBUG [org.hibernate.SQL@http-nio-8080-exec-8] select useraccoun0_.id as id1_0_0_, useraccoun0_.version as version2_0_0_, useraccoun0_.enabled as enabled1_28_0_, useraccoun0_.identity as identity2_28_0_, useraccoun0_.password as password3_28_0_, useraccoun0_.username as username4_28_0_ from user_account useraccoun0_ where useraccoun0_.id=? 
2023-04-21 01:09:06.090 TRACE [org.hibernate.type.descriptor.sql.BasicBinder@http-nio-8080-exec-8] binding parameter [1] as [INTEGER] - [150] 
2023-04-21 01:09:06.116 DEBUG [org.hibernate.SQL@http-nio-8080-exec-8] select company0_.id as id1_0_, company0_.version as version2_0_, company0_.user_account_id as user_acc1_1_, company0_.vat as vat1_13_, company0_.link as link2_13_, company0_.name as name3_13_, company0_.summary as summary4_13_ from company company0_ where company0_.user_account_id=? 
2023-04-21 01:09:06.117 TRACE [org.hibernate.type.descriptor.sql.BasicBinder@http-nio-8080-exec-8] binding parameter [1] as [INTEGER] - [150] 
2023-04-21 01:09:06.122 DEBUG [org.hibernate.SQL@http-nio-8080-exec-8] select month(practicums0_.start_date) as col_0_0_, count(practicums0_.id) as col_1_0_ from practicum_session practicums0_ cross join practicum practicum1_ where practicums0_.practicum_id=practicum1_.id and practicum1_.company_id=? group by month(practicums0_.start_date) order by count(practicums0_.id) DESC 
2023-04-21 01:09:06.123 TRACE [org.hibernate.type.descriptor.sql.BasicBinder@http-nio-8080-exec-8] binding parameter [1] as [INTEGER] - [151] 
2023-04-21 01:09:06.129 DEBUG [org.hibernate.SQL@http-nio-8080-exec-8] select avg(datediff(practicums0_.end_date, practicums0_.start_date)) as col_0_0_ from practicum_session practicums0_ cross join practicum practicum1_ where practicums0_.practicum_id=practicum1_.id and practicum1_.company_id=? 
2023-04-21 01:09:06.130 TRACE [org.hibernate.type.descriptor.sql.BasicBinder@http-nio-8080-exec-8] binding parameter [1] as [INTEGER] - [151] 
2023-04-21 01:09:06.135 DEBUG [org.hibernate.SQL@http-nio-8080-exec-8] select std(datediff(practicums0_.end_date, practicums0_.start_date)) as col_0_0_ from practicum_session practicums0_ cross join practicum practicum1_ where practicums0_.practicum_id=practicum1_.id and practicum1_.company_id=? 
2023-04-21 01:09:06.135 TRACE [org.hibernate.type.descriptor.sql.BasicBinder@http-nio-8080-exec-8] binding parameter [1] as [INTEGER] - [151] 
2023-04-21 01:09:06.140 DEBUG [org.hibernate.SQL@http-nio-8080-exec-8] select min(datediff(practicums0_.end_date, practicums0_.start_date)) as col_0_0_ from practicum_session practicums0_ cross join practicum practicum1_ where practicums0_.practicum_id=practicum1_.id and practicum1_.company_id=? 
2023-04-21 01:09:06.140 TRACE [org.hibernate.type.descriptor.sql.BasicBinder@http-nio-8080-exec-8] binding parameter [1] as [INTEGER] - [151] 
2023-04-21 01:09:06.144 DEBUG [org.hibernate.SQL@http-nio-8080-exec-8] select max(datediff(practicums0_.end_date, practicums0_.start_date)) as col_0_0_ from practicum_session practicums0_ cross join practicum practicum1_ where practicums0_.practicum_id=practicum1_.id and practicum1_.company_id=? 
2023-04-21 01:09:06.144 TRACE [org.hibernate.type.descriptor.sql.BasicBinder@http-nio-8080-exec-8] binding parameter [1] as [INTEGER] - [151] 
2023-04-21 01:09:06.148 DEBUG [org.hibernate.SQL@http-nio-8080-exec-8] select count(practicums0_.id) as col_0_0_ from practicum_session practicums0_ cross join practicum practicum1_ where practicums0_.practicum_id=practicum1_.id and practicum1_.company_id=? 
2023-04-21 01:09:06.148 TRACE [org.hibernate.type.descriptor.sql.BasicBinder@http-nio-8080-exec-8] binding parameter [1] as [INTEGER] - [151] 
2023-04-21 01:09:06.151 DEBUG [org.hibernate.SQL@http-nio-8080-exec-8] select avg((select sum(datediff(practicums1_.end_date, practicums1_.start_date)) from practicum_session practicums1_ cross join practicum practicum2_ where practicums1_.practicum_id=practicum2_.id and practicum2_.company_id=? and practicums1_.practicum_id=practicum0_.id)) as col_0_0_ from practicum practicum0_ where practicum0_.company_id=? 
2023-04-21 01:09:06.152 TRACE [org.hibernate.type.descriptor.sql.BasicBinder@http-nio-8080-exec-8] binding parameter [1] as [INTEGER] - [151] 
2023-04-21 01:09:06.152 TRACE [org.hibernate.type.descriptor.sql.BasicBinder@http-nio-8080-exec-8] binding parameter [2] as [INTEGER] - [151] 
2023-04-21 01:09:06.155 DEBUG [org.hibernate.SQL@http-nio-8080-exec-8] select std((select sum(datediff(practicums1_.end_date, practicums1_.start_date)) from practicum_session practicums1_ cross join practicum practicum2_ where practicums1_.practicum_id=practicum2_.id and practicum2_.company_id=? and practicums1_.practicum_id=practicum0_.id)) as col_0_0_ from practicum practicum0_ where practicum0_.company_id=? 
2023-04-21 01:09:06.156 TRACE [org.hibernate.type.descriptor.sql.BasicBinder@http-nio-8080-exec-8] binding parameter [1] as [INTEGER] - [151] 
2023-04-21 01:09:06.156 TRACE [org.hibernate.type.descriptor.sql.BasicBinder@http-nio-8080-exec-8] binding parameter [2] as [INTEGER] - [151] 
2023-04-21 01:09:06.159 DEBUG [org.hibernate.SQL@http-nio-8080-exec-8] select min((select sum(datediff(practicums1_.end_date, practicums1_.start_date)) from practicum_session practicums1_ cross join practicum practicum2_ where practicums1_.practicum_id=practicum2_.id and practicum2_.company_id=? and practicums1_.practicum_id=practicum0_.id)) as col_0_0_ from practicum practicum0_ where practicum0_.company_id=? 
2023-04-21 01:09:06.160 TRACE [org.hibernate.type.descriptor.sql.BasicBinder@http-nio-8080-exec-8] binding parameter [1] as [INTEGER] - [151] 
2023-04-21 01:09:06.160 TRACE [org.hibernate.type.descriptor.sql.BasicBinder@http-nio-8080-exec-8] binding parameter [2] as [INTEGER] - [151] 
2023-04-21 01:09:06.164 DEBUG [org.hibernate.SQL@http-nio-8080-exec-8] select max((select sum(datediff(practicums1_.end_date, practicums1_.start_date)) from practicum_session practicums1_ cross join practicum practicum2_ where practicums1_.practicum_id=practicum2_.id and practicum2_.company_id=? and practicums1_.practicum_id=practicum0_.id)) as col_0_0_ from practicum practicum0_ where practicum0_.company_id=? 
2023-04-21 01:09:06.165 TRACE [org.hibernate.type.descriptor.sql.BasicBinder@http-nio-8080-exec-8] binding parameter [1] as [INTEGER] - [151] 
2023-04-21 01:09:06.165 TRACE [org.hibernate.type.descriptor.sql.BasicBinder@http-nio-8080-exec-8] binding parameter [2] as [INTEGER] - [151] 
2023-04-21 01:09:06.167 DEBUG [org.hibernate.SQL@http-nio-8080-exec-8] select count(practicum0_.id) as col_0_0_ from practicum practicum0_ where practicum0_.company_id=? 
2023-04-21 01:09:06.169 TRACE [org.hibernate.type.descriptor.sql.BasicBinder@http-nio-8080-exec-8] binding parameter [1] as [INTEGER] - [151] 
2023-04-21 01:09:06.189 DEBUG [acme.framework.components.database.DatabaseManager@http-nio-8080-exec-8] Committing transaction a57dd127-c09b-448b-9133-fa446345e771. 
2023-04-21 01:09:06.195 DEBUG [acme.framework.components.database.DatabaseManager@http-nio-8080-exec-8] Starting transaction ba75f6e6-c393-4d9c-b7ec-caa3cb471ca4. 
2023-04-21 01:09:06.195 DEBUG [acme.framework.components.database.DatabaseManager@http-nio-8080-exec-8] Committing transaction ba75f6e6-c393-4d9c-b7ec-caa3cb471ca4. 
2023-04-21 01:09:06.197 DEBUG [acme.framework.components.clocks.SimulatedClock@http-nio-8080-exec-8] Changing current moment to 'Sat Jul 30 00:00:00 CEST 2022'. 
2023-04-21 01:09:06.197 DEBUG [acme.framework.controllers.AbstractController@http-nio-8080-exec-8] RESPOND: GET /acme-l3-d03/company/company-dashboard/show 
2023-04-21 01:09:06.198 DEBUG [acme.framework.controllers.AbstractController@http-nio-8080-exec-8] MOMENT:  Sat Jul 30 00:00:00 CEST 2022 
2023-04-21 01:09:06.199 DEBUG [acme.framework.controllers.AbstractController@http-nio-8080-exec-8] RESULT:  ModelAndView [view="company/company-dashboard/form"; model={$authorised=true, $checked=true, $oops=null, $view=company/company-dashboard/form, $errors=Errors(map={}), $httpServletResponse=org.springframework.security.web.header.HeaderWriterFilter$HeaderWriterResponse@6f839cc6, maximumPeriodLengthPractica=22.0, deviationPeriodLengthPractica=1.0, maximumPeriodLengthSession=11.0, averagePeriodLengthPractica=21.0, minimumPeriodLengthPractica=20.0, minimumPeriodLengthSession=10.0, numberOfPracticas=2, averagePeriodLengthSession=10.5, deviationPeriodLengthSession=0.5, practicaNumberPerMonth={APRIL=4}, numberOfSessions=4, $number$tuples=1, _command=show, _method=GET, _server_moment=Sat Jul 30 00:00:00 CEST 2022, _csrf.parameterName=_csrf, _csrf.token=53bd511d-b9b5-4191-805e-9011cf7f4c72, $request=* Dataset $global: 	$url = "/acme-l3-d03/company/company-dashboard/show" 	$method = <<GET>> 	$command = "show" 	$principal = {username = "serlopdia", password = "$2a$05$Xh/dd3Ywgds6fgMFNWg8X.J4z2PKRkjDnzDrjKeeHIc652cYOhmbm", enabled = true, authorities = [AUTH_Company, AUTH_Any, AUTH_Authenticated], activeRole = class acme.roles.Company, roleMap = {class acme.framework.components.accounts.Any = 0, class acme.framework.components.accounts.Authenticated = 0, class acme.roles.Company = 151}, accountId = 150, $assertionsDisabled = false} 	$locale = {LOCALECACHE = java.util.Locale$Cache@24a5b61b, ENGLISH = en, FRENCH = fr, GERMAN = de, ITALIAN = it, JAPANESE = ja, KOREAN = ko, CHINESE = zh, SIMPLIFIED_CHINESE = zh_CN, TRADITIONAL_CHINESE = zh_TW, FRANCE = fr_FR, GERMANY = de_DE, ITALY = it_IT, JAPAN = ja_JP, KOREA = ko_KR, CHINA = zh_CN, PRC = zh_CN, TAIWAN = zh_TW, UK = en_GB, US = en_US, CANADA = en_CA, CANADA_FRENCH = fr_CA, ROOT = , PRIVATE_USE_EXTENSION = 'x', UNICODE_LOCALE_EXTENSION = 'u', DISPLAY_LANGUAGE = 0, DISPLAY_COUNTRY = 1, DISPLAY_VARIANT = 2, DISPLAY_SCRIPT = 3, baseLocale = language=en, localeExtensions = null, hashCodeValue = 0, defaultLocale = en, defaultDisplayLocale = en, defaultFormatLocale = en, languageTag = null, serialPersistentFields = [Ljava/lang/String; language, Ljava/lang/String; country, Ljava/lang/String; variant, I hashcode, Ljava/lang/String; script, Ljava/lang/String; extensions], isoLanguages = null, isoCountries = null, $assertionsDisabled = true} 	$httpServletRequest = {LSTRING_FILE = "javax.servlet.LocalStrings", lStrings = java.util.PropertyResourceBundle@211ad1c6, request = org.springframework.security.web.header.HeaderWriterFilter$HeaderWriterRequest@141dbcd8, trustResolver = org.springframework.security.authentication.AuthenticationTrustResolverImpl@e5c6035, rolePrefix = "ROLE_", response = org.springframework.security.web.header.HeaderWriterFilter$HeaderWriterResponse@6f839cc6, this$0 = org.springframework.security.web.servletapi.HttpServlet3RequestFactory@50d87903} * Dataset $data: , $buffer=* Dataset $global: 	$errors = {map = {}, $assertionsDisabled = false} * Dataset $data: 	acme.forms.CompanyDashboard@269552594 = {practicaNumberPerMonth = {"APRIL" = 4}, averagePeriodLengthSession = 10.5, deviationPeriodLengthSession = 0.5, minimumPeriodLengthSession = 10.0, maximumPeriodLengthSession = 11.0, numberOfSessions = 4, averagePeriodLengthPractica = 21.0, deviationPeriodLengthPractica = 1.0, minimumPeriodLengthPractica = 20.0, maximumPeriodLengthPractica = 22.0, numberOfPracticas = 2} , $response=* Dataset $global: 	$authorised = true 	$checked = true 	$oops = null 	$view = "company/company-dashboard/form" 	$errors = {map = {}, $assertionsDisabled = false} 	$httpServletResponse = {LSTRING_FILE = "javax.servlet.LocalStrings", lStrings = java.util.PropertyResourceBundle@211ad1c6, response = org.springframework.security.web.context.HttpSessionSecurityContextRepository$SaveToSessionResponseWrapper@32cc8d3c, disableOnCommitted = false, contentLength = 0, contentWritten = 0, request = org.springframework.security.web.context.HttpSessionSecurityContextRepository$SaveToSessionRequestWrapper@5f7c0e98, this$0 = org.springframework.security.web.header.HeaderWriterFilter@3a4cb483} * Dataset $data: 	acme.framework.components.models.Tuple@962588275 = {"maximumPeriodLengthPractica" = 22.0, "deviationPeriodLengthPractica" = 1.0, "maximumPeriodLengthSession" = 11.0, "averagePeriodLengthPractica" = 21.0, "minimumPeriodLengthPractica" = 20.0, "minimumPeriodLengthSession" = 10.0, "numberOfPracticas" = 2, "averagePeriodLengthSession" = 10.5, "deviationPeriodLengthSession" = 0.5, "practicaNumberPerMonth" = {"APRIL" = 4}, "numberOfSessions" = 4} }] 
2023-04-21 01:09:06.200 DEBUG [acme.framework.controllers.AbstractController@http-nio-8080-exec-8] <<<<<<<<<<<<<<<<<<<<<<<<<<<<<<<<<<<<<<<<<<<<<<<<<<<<<<<<<<<<<<<<<<<<<<<<<<<<<<<< 
2023-04-21 01:09:06.220 DEBUG [acme.framework.components.tiles.DynamicTilesView@http-nio-8080-exec-8] View name 'company/company-dashboard/form', model {$authorised=true, $checked=true, $oops=null, $view=company/company-dashboard/form, $errors=Errors(map={}), $httpServletResponse=org.springframework.security.web.header.HeaderWriterFilter$HeaderWriterResponse@6f839cc6, maximumPeriodLengthPractica=22.0, deviationPeriodLengthPractica=1.0, maximumPeriodLengthSession=11.0, averagePeriodLengthPractica=21.0, minimumPeriodLengthPractica=20.0, minimumPeriodLengthSession=10.0, numberOfPracticas=2, averagePeriodLengthSession=10.5, deviationPeriodLengthSession=0.5, practicaNumberPerMonth={APRIL=4}, numberOfSessions=4, $number$tuples=1, _command=show, _method=GET, _server_moment=Sat Jul 30 00:00:00 CEST 2022, _csrf.parameterName=_csrf, _csrf.token=53bd511d-b9b5-4191-805e-9011cf7f4c72, $request=* Dataset $global: 	$url = "/acme-l3-d03/company/company-dashboard/show" 	$method = <<GET>> 	$command = "show" 	$principal = {username = "serlopdia", password = "$2a$05$Xh/dd3Ywgds6fgMFNWg8X.J4z2PKRkjDnzDrjKeeHIc652cYOhmbm", enabled = true, authorities = [AUTH_Company, AUTH_Any, AUTH_Authenticated], activeRole = class acme.roles.Company, roleMap = {class acme.framework.components.accounts.Any = 0, class acme.framework.components.accounts.Authenticated = 0, class acme.roles.Company = 151}, accountId = 150, $assertionsDisabled = false} 	$locale = {LOCALECACHE = java.util.Locale$Cache@24a5b61b, ENGLISH = en, FRENCH = fr, GERMAN = de, ITALIAN = it, JAPANESE = ja, KOREAN = ko, CHINESE = zh, SIMPLIFIED_CHINESE = zh_CN, TRADITIONAL_CHINESE = zh_TW, FRANCE = fr_FR, GERMANY = de_DE, ITALY = it_IT, JAPAN = ja_JP, KOREA = ko_KR, CHINA = zh_CN, PRC = zh_CN, TAIWAN = zh_TW, UK = en_GB, US = en_US, CANADA = en_CA, CANADA_FRENCH = fr_CA, ROOT = , PRIVATE_USE_EXTENSION = 'x', UNICODE_LOCALE_EXTENSION = 'u', DISPLAY_LANGUAGE = 0, DISPLAY_COUNTRY = 1, DISPLAY_VARIANT = 2, DISPLAY_SCRIPT = 3, baseLocale = language=en, localeExtensions = null, hashCodeValue = 0, defaultLocale = en, defaultDisplayLocale = en, defaultFormatLocale = en, languageTag = null, serialPersistentFields = [Ljava/lang/String; language, Ljava/lang/String; country, Ljava/lang/String; variant, I hashcode, Ljava/lang/String; script, Ljava/lang/String; extensions], isoLanguages = null, isoCountries = null, $assertionsDisabled = true} 	$httpServletRequest = {LSTRING_FILE = "javax.servlet.LocalStrings", lStrings = java.util.PropertyResourceBundle@211ad1c6, request = org.springframework.security.web.header.HeaderWriterFilter$HeaderWriterRequest@141dbcd8, trustResolver = org.springframework.security.authentication.AuthenticationTrustResolverImpl@e5c6035, rolePrefix = "ROLE_", response = org.springframework.security.web.header.HeaderWriterFilter$HeaderWriterResponse@6f839cc6, this$0 = org.springframework.security.web.servletapi.HttpServlet3RequestFactory@50d87903} * Dataset $data: , $buffer=* Dataset $global: 	$errors = {map = {}, $assertionsDisabled = false} * Dataset $data: 	acme.forms.CompanyDashboard@269552594 = {practicaNumberPerMonth = {"APRIL" = 4}, averagePeriodLengthSession = 10.5, deviationPeriodLengthSession = 0.5, minimumPeriodLengthSession = 10.0, maximumPeriodLengthSession = 11.0, numberOfSessions = 4, averagePeriodLengthPractica = 21.0, deviationPeriodLengthPractica = 1.0, minimumPeriodLengthPractica = 20.0, maximumPeriodLengthPractica = 22.0, numberOfPracticas = 2} , $response=* Dataset $global: 	$authorised = true 	$checked = true 	$oops = null 	$view = "company/company-dashboard/form" 	$errors = {map = {}, $assertionsDisabled = false} 	$httpServletResponse = {LSTRING_FILE = "javax.servlet.LocalStrings", lStrings = java.util.PropertyResourceBundle@211ad1c6, response = org.springframework.security.web.context.HttpSessionSecurityContextRepository$SaveToSessionResponseWrapper@32cc8d3c, disableOnCommitted = false, contentLength = 0, contentWritten = 0, request = org.springframework.security.web.context.HttpSessionSecurityContextRepository$SaveToSessionRequestWrapper@5f7c0e98, this$0 = org.springframework.security.web.header.HeaderWriterFilter@3a4cb483} * Dataset $data: 	acme.framework.components.models.Tuple@962588275 = {"maximumPeriodLengthPractica" = 22.0, "deviationPeriodLengthPractica" = 1.0, "maximumPeriodLengthSession" = 11.0, "averagePeriodLengthPractica" = 21.0, "minimumPeriodLengthPractica" = 20.0, "minimumPeriodLengthSession" = 10.0, "numberOfPracticas" = 2, "averagePeriodLengthSession" = 10.5, "deviationPeriodLengthSession" = 0.5, "practicaNumberPerMonth" = {"APRIL" = 4}, "numberOfSessions" = 4} , org.springframework.validation.BindingResult.$errors=org.springframework.validation.BeanPropertyBindingResult: 0 errors, org.springframework.validation.BindingResult.$httpServletResponse=org.springframework.validation.BeanPropertyBindingResult: 0 errors, org.springframework.validation.BindingResult.$request=org.springframework.validation.BeanPropertyBindingResult: 0 errors, org.springframework.validation.BindingResult.$buffer=org.springframework.validation.BeanPropertyBindingResult: 0 errors, org.springframework.validation.BindingResult.$response=org.springframework.validation.BeanPropertyBindingResult: 0 errors} 
2023-04-21 01:09:06.223 DEBUG [org.apache.jasper.servlet.JspServlet@http-nio-8080-exec-8] JspEngine --> /WEB-INF/views/master/page.jsp 
2023-04-21 01:09:06.224 DEBUG [org.apache.jasper.servlet.JspServlet@http-nio-8080-exec-8] ServletPath: /WEB-INF/views/master/page.jsp 
2023-04-21 01:09:06.225 DEBUG [org.apache.jasper.servlet.JspServlet@http-nio-8080-exec-8] PathInfo: null 
2023-04-21 01:09:06.228 DEBUG [org.apache.jasper.servlet.JspServlet@http-nio-8080-exec-8] RealPath: C:\Users\sergi\Desktop\SERGIO\UNIVERSIDAD\CURSOS\3Tercer Curso\2do CUATRIMESTRE\DP2\Workspace-23\Projects\dp2-acme-l3\Acme-L3-D03\target\classes\WEB-INF\views\master\page.jsp 
2023-04-21 01:09:06.228 DEBUG [org.apache.jasper.servlet.JspServlet@http-nio-8080-exec-8] RequestURI: /acme-l3-d03/WEB-INF/views/master/page.jsp 
2023-04-21 01:09:06.228 DEBUG [org.apache.jasper.servlet.JspServlet@http-nio-8080-exec-8] QueryString: null 
2023-04-21 01:09:06.456 DEBUG [org.apache.jasper.servlet.JspServlet@http-nio-8080-exec-8] JspEngine --> /WEB-INF/views/company/company-dashboard/form.jsp 
2023-04-21 01:09:06.457 DEBUG [org.apache.jasper.servlet.JspServlet@http-nio-8080-exec-8] ServletPath: /WEB-INF/views/master/page.jsp 
2023-04-21 01:09:06.458 DEBUG [org.apache.jasper.servlet.JspServlet@http-nio-8080-exec-8] PathInfo: null 
2023-04-21 01:09:06.461 DEBUG [org.apache.jasper.servlet.JspServlet@http-nio-8080-exec-8] RealPath: C:\Users\sergi\Desktop\SERGIO\UNIVERSIDAD\CURSOS\3Tercer Curso\2do CUATRIMESTRE\DP2\Workspace-23\Projects\dp2-acme-l3\Acme-L3-D03\target\classes\WEB-INF\views\company\company-dashboard\form.jsp 
2023-04-21 01:09:06.462 DEBUG [org.apache.jasper.servlet.JspServlet@http-nio-8080-exec-8] RequestURI: /acme-l3-d03/WEB-INF/views/master/page.jsp 
2023-04-21 01:09:06.462 DEBUG [org.apache.jasper.servlet.JspServlet@http-nio-8080-exec-8] QueryString: null 
2023-04-21 01:09:12.765 DEBUG [acme.framework.controllers.AbstractController@http-nio-8080-exec-3] >>>>>>>>>>>>>>>>>>>>>>>>>>>>>>>>>>>>>>>>>>>>>>>>>>>>>>>>>>>>>>>>>>>>>>>>>>>>>>>> 
2023-04-21 01:09:12.765 DEBUG [acme.framework.controllers.AbstractController@http-nio-8080-exec-3] REQUEST: GET /acme-l3-d03/company/practicum/list 
2023-04-21 01:09:12.766 DEBUG [acme.framework.controllers.AbstractController@http-nio-8080-exec-3] MOMENT:  Sat Jul 30 00:00:00 CEST 2022 
2023-04-21 01:09:12.766 DEBUG [acme.framework.controllers.AbstractController@http-nio-8080-exec-3] COMMAND: list 
2023-04-21 01:09:12.766 DEBUG [acme.framework.controllers.AbstractController@http-nio-8080-exec-3] INPUT:   {} 
2023-04-21 01:09:12.766 DEBUG [acme.framework.components.database.DatabaseManager@http-nio-8080-exec-3] Starting transaction 57519cce-6586-4cbe-b042-368a393f2536. 
2023-04-21 01:09:12.768 DEBUG [org.hibernate.SQL@http-nio-8080-exec-3] select practicum0_.id as id1_0_, practicum0_.version as version2_0_, practicum0_.code as code1_22_, practicum0_.company_id as company_6_22_, practicum0_.course_id as course_i7_22_, practicum0_.draft_mode as draft_mo2_22_, practicum0_.goals as goals3_22_, practicum0_.summary as summary4_22_, practicum0_.title as title5_22_ from practicum practicum0_ where practicum0_.company_id=? 
2023-04-21 01:09:12.769 TRACE [org.hibernate.type.descriptor.sql.BasicBinder@http-nio-8080-exec-3] binding parameter [1] as [INTEGER] - [151] 
2023-04-21 01:09:12.770 DEBUG [org.hibernate.SQL@http-nio-8080-exec-3] select company0_.id as id1_0_0_, company0_.version as version2_0_0_, company0_.user_account_id as user_acc1_1_0_, company0_.vat as vat1_13_0_, company0_.link as link2_13_0_, company0_.name as name3_13_0_, company0_.summary as summary4_13_0_, useraccoun1_.id as id1_0_1_, useraccoun1_.version as version2_0_1_, useraccoun1_.enabled as enabled1_28_1_, useraccoun1_.identity as identity2_28_1_, useraccoun1_.password as password3_28_1_, useraccoun1_.username as username4_28_1_ from company company0_ inner join user_account useraccoun1_ on company0_.user_account_id=useraccoun1_.id where company0_.id=? 
2023-04-21 01:09:12.771 TRACE [org.hibernate.type.descriptor.sql.BasicBinder@http-nio-8080-exec-3] binding parameter [1] as [INTEGER] - [151] 
2023-04-21 01:09:12.774 DEBUG [org.hibernate.SQL@http-nio-8080-exec-3] select course0_.id as id1_0_0_, course0_.version as version2_0_0_, course0_.code as code1_14_0_, course0_.draft_mode as draft_mo2_14_0_, course0_.lecturer_id as lecturer8_14_0_, course0_.more_info as more_inf3_14_0_, course0_.retail_price_amount as retail_p4_14_0_, course0_.retail_price_currency as retail_p5_14_0_, course0_.summary as summary6_14_0_, course0_.title as title7_14_0_, lecturer1_.id as id1_0_1_, lecturer1_.version as version2_0_1_, lecturer1_.user_account_id as user_acc1_1_1_, lecturer1_.alma_mater as alma_mat1_17_1_, lecturer1_.more_info as more_inf2_17_1_, lecturer1_.qualifications as qualific3_17_1_, lecturer1_.resume as resume4_17_1_, useraccoun2_.id as id1_0_2_, useraccoun2_.version as version2_0_2_, useraccoun2_.enabled as enabled1_28_2_, useraccoun2_.identity as identity2_28_2_, useraccoun2_.password as password3_28_2_, useraccoun2_.username as username4_28_2_ from course course0_ inner join lecturer lecturer1_ on course0_.lecturer_id=lecturer1_.id inner join user_account useraccoun2_ on lecturer1_.user_account_id=useraccoun2_.id where course0_.id=? 
2023-04-21 01:09:12.774 TRACE [org.hibernate.type.descriptor.sql.BasicBinder@http-nio-8080-exec-3] binding parameter [1] as [INTEGER] - [46] 
2023-04-21 01:09:12.784 DEBUG [org.hibernate.SQL@http-nio-8080-exec-3] select practicums0_.id as id1_0_, practicums0_.version as version2_0_, practicums0_.addendum as addendum1_23_, practicums0_.draft_mode as draft_mo2_23_, practicums0_.end_date as end_date3_23_, practicums0_.link as link4_23_, practicums0_.practicum_id as practicu8_23_, practicums0_.start_date as start_da5_23_, practicums0_.summary as summary6_23_, practicums0_.title as title7_23_ from practicum_session practicums0_ where practicums0_.practicum_id=? 
2023-04-21 01:09:12.785 TRACE [org.hibernate.type.descriptor.sql.BasicBinder@http-nio-8080-exec-3] binding parameter [1] as [INTEGER] - [152] 
2023-04-21 01:09:12.805 DEBUG [org.hibernate.SQL@http-nio-8080-exec-3] select practicums0_.id as id1_0_, practicums0_.version as version2_0_, practicums0_.addendum as addendum1_23_, practicums0_.draft_mode as draft_mo2_23_, practicums0_.end_date as end_date3_23_, practicums0_.link as link4_23_, practicums0_.practicum_id as practicu8_23_, practicums0_.start_date as start_da5_23_, practicums0_.summary as summary6_23_, practicums0_.title as title7_23_ from practicum_session practicums0_ where practicums0_.practicum_id=? 
2023-04-21 01:09:12.805 TRACE [org.hibernate.type.descriptor.sql.BasicBinder@http-nio-8080-exec-3] binding parameter [1] as [INTEGER] - [155] 
2023-04-21 01:09:12.808 DEBUG [acme.framework.components.database.DatabaseManager@http-nio-8080-exec-3] Committing transaction 57519cce-6586-4cbe-b042-368a393f2536. 
2023-04-21 01:09:12.811 DEBUG [acme.framework.components.database.DatabaseManager@http-nio-8080-exec-3] Starting transaction be4f3b28-d086-4a16-8368-a73b58da1f48. 
2023-04-21 01:09:12.812 DEBUG [acme.framework.components.database.DatabaseManager@http-nio-8080-exec-3] Committing transaction be4f3b28-d086-4a16-8368-a73b58da1f48. 
2023-04-21 01:09:12.813 DEBUG [acme.framework.components.clocks.SimulatedClock@http-nio-8080-exec-3] Changing current moment to 'Sat Jul 30 00:00:00 CEST 2022'. 
2023-04-21 01:09:12.813 DEBUG [acme.framework.controllers.AbstractController@http-nio-8080-exec-3] RESPOND: GET /acme-l3-d03/company/practicum/list 
2023-04-21 01:09:12.814 DEBUG [acme.framework.controllers.AbstractController@http-nio-8080-exec-3] MOMENT:  Sat Jul 30 00:00:00 CEST 2022 
2023-04-21 01:09:12.815 DEBUG [acme.framework.controllers.AbstractController@http-nio-8080-exec-3] RESULT:  ModelAndView [view="company/practicum/list"; model={$authorised=true, $checked=true, $oops=null, $view=company/practicum/list, $errors=Errors(map={}), $httpServletResponse=org.springframework.security.web.header.HeaderWriterFilter$HeaderWriterResponse@563dd5e, summary[0]=sssss, estimatedTime[0]=480.0, code[0]=ABC123, id[0]=152, title[0]=aaa, version[0]=0, goals[0]=dddass, summary[1]=prueba, estimatedTime[1]=528.0166666666667, code[1]=SYS341, id[1]=155, title[1]=prueba, version[1]=1, goals[1]=testear, $number$tuples=2, _command=list, _method=GET, _server_moment=Sat Jul 30 00:00:00 CEST 2022, _csrf.parameterName=_csrf, _csrf.token=197841af-ec24-46b5-b3c4-d462bf652464, $request=* Dataset $global: 	$url = "/acme-l3-d03/company/practicum/list" 	$method = <<GET>> 	$command = "list" 	$principal = {username = "serlopdia", password = "$2a$05$Xh/dd3Ywgds6fgMFNWg8X.J4z2PKRkjDnzDrjKeeHIc652cYOhmbm", enabled = true, authorities = [AUTH_Company, AUTH_Any, AUTH_Authenticated], activeRole = class acme.roles.Company, roleMap = {class acme.framework.components.accounts.Any = 0, class acme.framework.components.accounts.Authenticated = 0, class acme.roles.Company = 151}, accountId = 150, $assertionsDisabled = false} 	$locale = {LOCALECACHE = java.util.Locale$Cache@24a5b61b, ENGLISH = en, FRENCH = fr, GERMAN = de, ITALIAN = it, JAPANESE = ja, KOREAN = ko, CHINESE = zh, SIMPLIFIED_CHINESE = zh_CN, TRADITIONAL_CHINESE = zh_TW, FRANCE = fr_FR, GERMANY = de_DE, ITALY = it_IT, JAPAN = ja_JP, KOREA = ko_KR, CHINA = zh_CN, PRC = zh_CN, TAIWAN = zh_TW, UK = en_GB, US = en_US, CANADA = en_CA, CANADA_FRENCH = fr_CA, ROOT = , PRIVATE_USE_EXTENSION = 'x', UNICODE_LOCALE_EXTENSION = 'u', DISPLAY_LANGUAGE = 0, DISPLAY_COUNTRY = 1, DISPLAY_VARIANT = 2, DISPLAY_SCRIPT = 3, baseLocale = language=en, localeExtensions = null, hashCodeValue = 0, defaultLocale = en, defaultDisplayLocale = en, defaultFormatLocale = en, languageTag = null, serialPersistentFields = [Ljava/lang/String; language, Ljava/lang/String; country, Ljava/lang/String; variant, I hashcode, Ljava/lang/String; script, Ljava/lang/String; extensions], isoLanguages = null, isoCountries = null, $assertionsDisabled = true} 	$httpServletRequest = {LSTRING_FILE = "javax.servlet.LocalStrings", lStrings = java.util.PropertyResourceBundle@211ad1c6, request = org.springframework.security.web.header.HeaderWriterFilter$HeaderWriterRequest@6d8443a1, trustResolver = org.springframework.security.authentication.AuthenticationTrustResolverImpl@e5c6035, rolePrefix = "ROLE_", response = org.springframework.security.web.header.HeaderWriterFilter$HeaderWriterResponse@563dd5e, this$0 = org.springframework.security.web.servletapi.HttpServlet3RequestFactory@50d87903} * Dataset $data: , $buffer=* Dataset $global: 	$errors = {map = {}, $assertionsDisabled = false} * Dataset $data: 	acme.entities.practicums.Practicum@152 = {id = 152, version = 0, code = "ABC123", title = "aaa", summary = "sssss", goals = "dddass", draftMode = true, course = acme.entities.courses.Course{id=46, version=0}, company = AbstractRole(userAccount=UserAccount(username=serlopdia))} 	acme.entities.practicums.Practicum@155 = {id = 155, version = 1, code = "SYS341", title = "prueba", summary = "prueba", goals = "testear", draftMode = false, course = acme.entities.courses.Course{id=46, version=0}, company = AbstractRole(userAccount=UserAccount(username=serlopdia))} , $response=* Dataset $global: 	$authorised = true 	$checked = true 	$oops = null 	$view = "company/practicum/list" 	$errors = {map = {}, $assertionsDisabled = false} 	$httpServletResponse = {LSTRING_FILE = "javax.servlet.LocalStrings", lStrings = java.util.PropertyResourceBundle@211ad1c6, response = org.springframework.security.web.context.HttpSessionSecurityContextRepository$SaveToSessionResponseWrapper@5a65a4a9, disableOnCommitted = false, contentLength = 0, contentWritten = 0, request = org.springframework.security.web.context.HttpSessionSecurityContextRepository$SaveToSessionRequestWrapper@3b14efb4, this$0 = org.springframework.security.web.header.HeaderWriterFilter@3a4cb483} * Dataset $data: 	acme.framework.components.models.Tuple@1528367918 = {"summary" = "sssss", "estimatedTime" = 480.0, "code" = "ABC123", "id" = 152, "title" = "aaa", "version" = 0, "goals" = "dddass"} 	acme.framework.components.models.Tuple@1733347345 = {"summary" = "prueba", "estimatedTime" = 528.0166666666667, "code" = "SYS341", "id" = 155, "title" = "prueba", "version" = 1, "goals" = "testear"} }] 
2023-04-21 01:09:12.816 DEBUG [acme.framework.controllers.AbstractController@http-nio-8080-exec-3] <<<<<<<<<<<<<<<<<<<<<<<<<<<<<<<<<<<<<<<<<<<<<<<<<<<<<<<<<<<<<<<<<<<<<<<<<<<<<<<< 
2023-04-21 01:09:12.818 DEBUG [acme.framework.components.tiles.DynamicTilesView@http-nio-8080-exec-3] View name 'company/practicum/list', model {$authorised=true, $checked=true, $oops=null, $view=company/practicum/list, $errors=Errors(map={}), $httpServletResponse=org.springframework.security.web.header.HeaderWriterFilter$HeaderWriterResponse@563dd5e, summary[0]=sssss, estimatedTime[0]=480.0, code[0]=ABC123, id[0]=152, title[0]=aaa, version[0]=0, goals[0]=dddass, summary[1]=prueba, estimatedTime[1]=528.0166666666667, code[1]=SYS341, id[1]=155, title[1]=prueba, version[1]=1, goals[1]=testear, $number$tuples=2, _command=list, _method=GET, _server_moment=Sat Jul 30 00:00:00 CEST 2022, _csrf.parameterName=_csrf, _csrf.token=197841af-ec24-46b5-b3c4-d462bf652464, $request=* Dataset $global: 	$url = "/acme-l3-d03/company/practicum/list" 	$method = <<GET>> 	$command = "list" 	$principal = {username = "serlopdia", password = "$2a$05$Xh/dd3Ywgds6fgMFNWg8X.J4z2PKRkjDnzDrjKeeHIc652cYOhmbm", enabled = true, authorities = [AUTH_Company, AUTH_Any, AUTH_Authenticated], activeRole = class acme.roles.Company, roleMap = {class acme.framework.components.accounts.Any = 0, class acme.framework.components.accounts.Authenticated = 0, class acme.roles.Company = 151}, accountId = 150, $assertionsDisabled = false} 	$locale = {LOCALECACHE = java.util.Locale$Cache@24a5b61b, ENGLISH = en, FRENCH = fr, GERMAN = de, ITALIAN = it, JAPANESE = ja, KOREAN = ko, CHINESE = zh, SIMPLIFIED_CHINESE = zh_CN, TRADITIONAL_CHINESE = zh_TW, FRANCE = fr_FR, GERMANY = de_DE, ITALY = it_IT, JAPAN = ja_JP, KOREA = ko_KR, CHINA = zh_CN, PRC = zh_CN, TAIWAN = zh_TW, UK = en_GB, US = en_US, CANADA = en_CA, CANADA_FRENCH = fr_CA, ROOT = , PRIVATE_USE_EXTENSION = 'x', UNICODE_LOCALE_EXTENSION = 'u', DISPLAY_LANGUAGE = 0, DISPLAY_COUNTRY = 1, DISPLAY_VARIANT = 2, DISPLAY_SCRIPT = 3, baseLocale = language=en, localeExtensions = null, hashCodeValue = 0, defaultLocale = en, defaultDisplayLocale = en, defaultFormatLocale = en, languageTag = null, serialPersistentFields = [Ljava/lang/String; language, Ljava/lang/String; country, Ljava/lang/String; variant, I hashcode, Ljava/lang/String; script, Ljava/lang/String; extensions], isoLanguages = null, isoCountries = null, $assertionsDisabled = true} 	$httpServletRequest = {LSTRING_FILE = "javax.servlet.LocalStrings", lStrings = java.util.PropertyResourceBundle@211ad1c6, request = org.springframework.security.web.header.HeaderWriterFilter$HeaderWriterRequest@6d8443a1, trustResolver = org.springframework.security.authentication.AuthenticationTrustResolverImpl@e5c6035, rolePrefix = "ROLE_", response = org.springframework.security.web.header.HeaderWriterFilter$HeaderWriterResponse@563dd5e, this$0 = org.springframework.security.web.servletapi.HttpServlet3RequestFactory@50d87903} * Dataset $data: , $buffer=* Dataset $global: 	$errors = {map = {}, $assertionsDisabled = false} * Dataset $data: 	acme.entities.practicums.Practicum@152 = {id = 152, version = 0, code = "ABC123", title = "aaa", summary = "sssss", goals = "dddass", draftMode = true, course = acme.entities.courses.Course{id=46, version=0}, company = AbstractRole(userAccount=UserAccount(username=serlopdia))} 	acme.entities.practicums.Practicum@155 = {id = 155, version = 1, code = "SYS341", title = "prueba", summary = "prueba", goals = "testear", draftMode = false, course = acme.entities.courses.Course{id=46, version=0}, company = AbstractRole(userAccount=UserAccount(username=serlopdia))} , $response=* Dataset $global: 	$authorised = true 	$checked = true 	$oops = null 	$view = "company/practicum/list" 	$errors = {map = {}, $assertionsDisabled = false} 	$httpServletResponse = {LSTRING_FILE = "javax.servlet.LocalStrings", lStrings = java.util.PropertyResourceBundle@211ad1c6, response = org.springframework.security.web.context.HttpSessionSecurityContextRepository$SaveToSessionResponseWrapper@5a65a4a9, disableOnCommitted = false, contentLength = 0, contentWritten = 0, request = org.springframework.security.web.context.HttpSessionSecurityContextRepository$SaveToSessionRequestWrapper@3b14efb4, this$0 = org.springframework.security.web.header.HeaderWriterFilter@3a4cb483} * Dataset $data: 	acme.framework.components.models.Tuple@1528367918 = {"summary" = "sssss", "estimatedTime" = 480.0, "code" = "ABC123", "id" = 152, "title" = "aaa", "version" = 0, "goals" = "dddass"} 	acme.framework.components.models.Tuple@1733347345 = {"summary" = "prueba", "estimatedTime" = 528.0166666666667, "code" = "SYS341", "id" = 155, "title" = "prueba", "version" = 1, "goals" = "testear"} , org.springframework.validation.BindingResult.$errors=org.springframework.validation.BeanPropertyBindingResult: 0 errors, org.springframework.validation.BindingResult.$httpServletResponse=org.springframework.validation.BeanPropertyBindingResult: 0 errors, org.springframework.validation.BindingResult.$request=org.springframework.validation.BeanPropertyBindingResult: 0 errors, org.springframework.validation.BindingResult.$buffer=org.springframework.validation.BeanPropertyBindingResult: 0 errors, org.springframework.validation.BindingResult.$response=org.springframework.validation.BeanPropertyBindingResult: 0 errors} 
2023-04-21 01:09:12.820 DEBUG [org.apache.jasper.servlet.JspServlet@http-nio-8080-exec-3] JspEngine --> /WEB-INF/views/master/page.jsp 
2023-04-21 01:09:12.820 DEBUG [org.apache.jasper.servlet.JspServlet@http-nio-8080-exec-3] ServletPath: /WEB-INF/views/master/page.jsp 
2023-04-21 01:09:12.821 DEBUG [org.apache.jasper.servlet.JspServlet@http-nio-8080-exec-3] PathInfo: null 
2023-04-21 01:09:12.824 DEBUG [org.apache.jasper.servlet.JspServlet@http-nio-8080-exec-3] RealPath: C:\Users\sergi\Desktop\SERGIO\UNIVERSIDAD\CURSOS\3Tercer Curso\2do CUATRIMESTRE\DP2\Workspace-23\Projects\dp2-acme-l3\Acme-L3-D03\target\classes\WEB-INF\views\master\page.jsp 
2023-04-21 01:09:12.825 DEBUG [org.apache.jasper.servlet.JspServlet@http-nio-8080-exec-3] RequestURI: /acme-l3-d03/WEB-INF/views/master/page.jsp 
2023-04-21 01:09:12.825 DEBUG [org.apache.jasper.servlet.JspServlet@http-nio-8080-exec-3] QueryString: null 
2023-04-21 01:09:13.032 DEBUG [org.apache.jasper.servlet.JspServlet@http-nio-8080-exec-3] JspEngine --> /WEB-INF/views/company/practicum/list.jsp 
2023-04-21 01:09:13.032 DEBUG [org.apache.jasper.servlet.JspServlet@http-nio-8080-exec-3] ServletPath: /WEB-INF/views/master/page.jsp 
2023-04-21 01:09:13.033 DEBUG [org.apache.jasper.servlet.JspServlet@http-nio-8080-exec-3] PathInfo: null 
2023-04-21 01:09:13.036 DEBUG [org.apache.jasper.servlet.JspServlet@http-nio-8080-exec-3] RealPath: C:\Users\sergi\Desktop\SERGIO\UNIVERSIDAD\CURSOS\3Tercer Curso\2do CUATRIMESTRE\DP2\Workspace-23\Projects\dp2-acme-l3\Acme-L3-D03\target\classes\WEB-INF\views\company\practicum\list.jsp 
2023-04-21 01:09:13.036 DEBUG [org.apache.jasper.servlet.JspServlet@http-nio-8080-exec-3] RequestURI: /acme-l3-d03/WEB-INF/views/master/page.jsp 
2023-04-21 01:09:13.037 DEBUG [org.apache.jasper.servlet.JspServlet@http-nio-8080-exec-3] QueryString: null 
