2023-04-20 12:49:18.930 INFO  [acme.Launcher@main] Starting Launcher using Java 1.8.0_241 on DESKTOP-IS808ND with PID 10688 (C:\Users\sergi\Desktop\SERGIO\UNIVERSIDAD\CURSOS\3Tercer Curso\2do CUATRIMESTRE\DP2\Workspace-23\Frameworks\Acme-Framework-23.3.1\target\classes started by sergi in C:\Users\sergi\Desktop\SERGIO\UNIVERSIDAD\CURSOS\3Tercer Curso\2do CUATRIMESTRE\DP2\Workspace-23\Projects\dp2-acme-l3\Acme-L3-D03) 
2023-04-20 12:49:18.934 DEBUG [acme.Launcher@main] Running with Spring Boot v2.4.2, Spring v5.3.3 
2023-04-20 12:49:18.937 INFO  [acme.Launcher@main] The following profiles are active: development,runner 
2023-04-20 12:49:24.051 DEBUG [org.apache.jasper.servlet.JasperInitializer@main] Initializing Jasper for context [application] 
2023-04-20 12:49:34.093 DEBUG [org.apache.jasper.servlet.JspServlet@main] Scratch dir for the JSP engine is: [C:\Users\sergi\AppData\Local\Temp\tomcat.8080.6627455760105797511\work\Tomcat\localhost\acme-l3-d03] 
2023-04-20 12:49:34.094 DEBUG [org.apache.jasper.servlet.JspServlet@main] IMPORTANT: Do not modify the generated servlets 
2023-04-20 12:49:34.108 INFO  [acme.Launcher@main] Started Launcher in 16.191 seconds (JVM running for 17.024) 
2023-04-20 12:49:34.115 DEBUG [acme.Launcher@main] Found classpath entry '/C:/Users/sergi/Desktop/SERGIO/UNIVERSIDAD/CURSOS/3Tercer%20Curso/2do%20CUATRIMESTRE/DP2/Workspace-23/Projects/dp2-acme-l3/Acme-L3-D03/target/test-classes/' 
2023-04-20 12:49:34.116 DEBUG [acme.Launcher@main] Found classpath entry '/C:/Users/sergi/Desktop/SERGIO/UNIVERSIDAD/CURSOS/3Tercer%20Curso/2do%20CUATRIMESTRE/DP2/Workspace-23/Projects/dp2-acme-l3/Acme-L3-D03/target/classes/' 
2023-04-20 12:49:34.116 DEBUG [acme.Launcher@main] Found classpath entry '/C:/Users/sergi/Desktop/SERGIO/UNIVERSIDAD/CURSOS/3Tercer%20Curso/2do%20CUATRIMESTRE/DP2/Workspace-23/Frameworks/Acme-Framework-23.3.1/target/classes/' 
2023-04-20 12:49:34.116 DEBUG [acme.Launcher@main] Found classpath entry '/C:/Users/sergi/Desktop/SERGIO/UNIVERSIDAD/CURSOS/3Tercer%20Curso/2do%20CUATRIMESTRE/DP2/Workspace-23/Frameworks/Acme-Framework-23.3.1/target/test-classes/' 
2023-04-20 12:49:34.116 DEBUG [acme.Launcher@main] Found classpath entry '/C:/Users/sergi/.m2/repository/org/springframework/boot/spring-boot-starter-tomcat/2.4.2/spring-boot-starter-tomcat-2.4.2.jar' 
2023-04-20 12:49:34.117 DEBUG [acme.Launcher@main] Found classpath entry '/C:/Users/sergi/.m2/repository/jakarta/annotation/jakarta.annotation-api/1.3.5/jakarta.annotation-api-1.3.5.jar' 
2023-04-20 12:49:34.117 DEBUG [acme.Launcher@main] Found classpath entry '/C:/Users/sergi/.m2/repository/org/apache/tomcat/embed/tomcat-embed-core/9.0.41/tomcat-embed-core-9.0.41.jar' 
2023-04-20 12:49:34.117 DEBUG [acme.Launcher@main] Found classpath entry '/C:/Users/sergi/.m2/repository/org/glassfish/jakarta.el/3.0.3/jakarta.el-3.0.3.jar' 
2023-04-20 12:49:34.117 DEBUG [acme.Launcher@main] Found classpath entry '/C:/Users/sergi/.m2/repository/org/apache/tomcat/embed/tomcat-embed-websocket/9.0.41/tomcat-embed-websocket-9.0.41.jar' 
2023-04-20 12:49:34.117 DEBUG [acme.Launcher@main] Found classpath entry '/C:/Users/sergi/.m2/repository/org/apache/tomcat/embed/tomcat-embed-jasper/9.0.41/tomcat-embed-jasper-9.0.41.jar' 
2023-04-20 12:49:34.118 DEBUG [acme.Launcher@main] Found classpath entry '/C:/Users/sergi/.m2/repository/org/apache/tomcat/embed/tomcat-embed-el/9.0.41/tomcat-embed-el-9.0.41.jar' 
2023-04-20 12:49:34.118 DEBUG [acme.Launcher@main] Found classpath entry '/C:/Users/sergi/.m2/repository/org/eclipse/jdt/ecj/3.18.0/ecj-3.18.0.jar' 
2023-04-20 12:49:34.118 DEBUG [acme.Launcher@main] Found classpath entry '/C:/Users/sergi/.m2/repository/javax/servlet/jstl/1.2/jstl-1.2.jar' 
2023-04-20 12:49:34.118 DEBUG [acme.Launcher@main] Found classpath entry '/C:/Users/sergi/.m2/repository/org/springframework/boot/spring-boot-starter-security/2.4.2/spring-boot-starter-security-2.4.2.jar' 
2023-04-20 12:49:34.118 DEBUG [acme.Launcher@main] Found classpath entry '/C:/Users/sergi/.m2/repository/org/springframework/boot/spring-boot-starter/2.4.2/spring-boot-starter-2.4.2.jar' 
2023-04-20 12:49:34.119 DEBUG [acme.Launcher@main] Found classpath entry '/C:/Users/sergi/.m2/repository/org/springframework/boot/spring-boot/2.4.2/spring-boot-2.4.2.jar' 
2023-04-20 12:49:34.119 DEBUG [acme.Launcher@main] Found classpath entry '/C:/Users/sergi/.m2/repository/org/springframework/boot/spring-boot-autoconfigure/2.4.2/spring-boot-autoconfigure-2.4.2.jar' 
2023-04-20 12:49:34.119 DEBUG [acme.Launcher@main] Found classpath entry '/C:/Users/sergi/.m2/repository/org/springframework/boot/spring-boot-starter-logging/2.4.2/spring-boot-starter-logging-2.4.2.jar' 
2023-04-20 12:49:34.119 DEBUG [acme.Launcher@main] Found classpath entry '/C:/Users/sergi/.m2/repository/ch/qos/logback/logback-classic/1.2.3/logback-classic-1.2.3.jar' 
2023-04-20 12:49:34.119 DEBUG [acme.Launcher@main] Found classpath entry '/C:/Users/sergi/.m2/repository/ch/qos/logback/logback-core/1.2.3/logback-core-1.2.3.jar' 
2023-04-20 12:49:34.119 DEBUG [acme.Launcher@main] Found classpath entry '/C:/Users/sergi/.m2/repository/org/apache/logging/log4j/log4j-to-slf4j/2.13.3/log4j-to-slf4j-2.13.3.jar' 
2023-04-20 12:49:34.119 DEBUG [acme.Launcher@main] Found classpath entry '/C:/Users/sergi/.m2/repository/org/apache/logging/log4j/log4j-api/2.13.3/log4j-api-2.13.3.jar' 
2023-04-20 12:49:34.119 DEBUG [acme.Launcher@main] Found classpath entry '/C:/Users/sergi/.m2/repository/org/slf4j/jul-to-slf4j/1.7.30/jul-to-slf4j-1.7.30.jar' 
2023-04-20 12:49:34.119 DEBUG [acme.Launcher@main] Found classpath entry '/C:/Users/sergi/.m2/repository/org/yaml/snakeyaml/1.27/snakeyaml-1.27.jar' 
2023-04-20 12:49:34.120 DEBUG [acme.Launcher@main] Found classpath entry '/C:/Users/sergi/.m2/repository/org/springframework/spring-aop/5.3.3/spring-aop-5.3.3.jar' 
2023-04-20 12:49:34.120 DEBUG [acme.Launcher@main] Found classpath entry '/C:/Users/sergi/.m2/repository/org/springframework/security/spring-security-web/5.4.2/spring-security-web-5.4.2.jar' 
2023-04-20 12:49:34.120 DEBUG [acme.Launcher@main] Found classpath entry '/C:/Users/sergi/.m2/repository/org/springframework/security/spring-security-core/5.4.2/spring-security-core-5.4.2.jar' 
2023-04-20 12:49:34.120 DEBUG [acme.Launcher@main] Found classpath entry '/C:/Users/sergi/.m2/repository/org/springframework/spring-beans/5.3.3/spring-beans-5.3.3.jar' 
2023-04-20 12:49:34.120 DEBUG [acme.Launcher@main] Found classpath entry '/C:/Users/sergi/.m2/repository/org/springframework/spring-context/5.3.3/spring-context-5.3.3.jar' 
2023-04-20 12:49:34.120 DEBUG [acme.Launcher@main] Found classpath entry '/C:/Users/sergi/.m2/repository/org/springframework/spring-core/5.3.3/spring-core-5.3.3.jar' 
2023-04-20 12:49:34.120 DEBUG [acme.Launcher@main] Found classpath entry '/C:/Users/sergi/.m2/repository/org/springframework/spring-jcl/5.3.3/spring-jcl-5.3.3.jar' 
2023-04-20 12:49:34.122 DEBUG [acme.Launcher@main] Found classpath entry '/C:/Users/sergi/.m2/repository/org/springframework/spring-expression/5.3.3/spring-expression-5.3.3.jar' 
2023-04-20 12:49:34.122 DEBUG [acme.Launcher@main] Found classpath entry '/C:/Users/sergi/.m2/repository/org/springframework/spring-web/5.3.3/spring-web-5.3.3.jar' 
2023-04-20 12:49:34.122 DEBUG [acme.Launcher@main] Found classpath entry '/C:/Users/sergi/.m2/repository/org/springframework/security/spring-security-config/5.4.2/spring-security-config-5.4.2.jar' 
2023-04-20 12:49:34.122 DEBUG [acme.Launcher@main] Found classpath entry '/C:/Users/sergi/.m2/repository/org/springframework/security/spring-security-taglibs/5.4.2/spring-security-taglibs-5.4.2.jar' 
2023-04-20 12:49:34.122 DEBUG [acme.Launcher@main] Found classpath entry '/C:/Users/sergi/.m2/repository/org/springframework/security/spring-security-acl/5.4.2/spring-security-acl-5.4.2.jar' 
2023-04-20 12:49:34.122 DEBUG [acme.Launcher@main] Found classpath entry '/C:/Users/sergi/.m2/repository/org/springframework/spring-jdbc/5.3.3/spring-jdbc-5.3.3.jar' 
2023-04-20 12:49:34.123 DEBUG [acme.Launcher@main] Found classpath entry '/C:/Users/sergi/.m2/repository/org/springframework/spring-tx/5.3.3/spring-tx-5.3.3.jar' 
2023-04-20 12:49:34.123 DEBUG [acme.Launcher@main] Found classpath entry '/C:/Users/sergi/.m2/repository/org/springframework/boot/spring-boot-starter-web/2.4.2/spring-boot-starter-web-2.4.2.jar' 
2023-04-20 12:49:34.123 DEBUG [acme.Launcher@main] Found classpath entry '/C:/Users/sergi/.m2/repository/org/springframework/boot/spring-boot-starter-json/2.4.2/spring-boot-starter-json-2.4.2.jar' 
2023-04-20 12:49:34.123 DEBUG [acme.Launcher@main] Found classpath entry '/C:/Users/sergi/.m2/repository/com/fasterxml/jackson/core/jackson-databind/2.11.4/jackson-databind-2.11.4.jar' 
2023-04-20 12:49:34.124 DEBUG [acme.Launcher@main] Found classpath entry '/C:/Users/sergi/.m2/repository/com/fasterxml/jackson/core/jackson-annotations/2.11.4/jackson-annotations-2.11.4.jar' 
2023-04-20 12:49:34.124 DEBUG [acme.Launcher@main] Found classpath entry '/C:/Users/sergi/.m2/repository/com/fasterxml/jackson/core/jackson-core/2.11.4/jackson-core-2.11.4.jar' 
2023-04-20 12:49:34.124 DEBUG [acme.Launcher@main] Found classpath entry '/C:/Users/sergi/.m2/repository/com/fasterxml/jackson/datatype/jackson-datatype-jdk8/2.11.4/jackson-datatype-jdk8-2.11.4.jar' 
2023-04-20 12:49:34.124 DEBUG [acme.Launcher@main] Found classpath entry '/C:/Users/sergi/.m2/repository/com/fasterxml/jackson/datatype/jackson-datatype-jsr310/2.11.4/jackson-datatype-jsr310-2.11.4.jar' 
2023-04-20 12:49:34.124 DEBUG [acme.Launcher@main] Found classpath entry '/C:/Users/sergi/.m2/repository/com/fasterxml/jackson/module/jackson-module-parameter-names/2.11.4/jackson-module-parameter-names-2.11.4.jar' 
2023-04-20 12:49:34.124 DEBUG [acme.Launcher@main] Found classpath entry '/C:/Users/sergi/.m2/repository/org/springframework/spring-webmvc/5.3.3/spring-webmvc-5.3.3.jar' 
2023-04-20 12:49:34.125 DEBUG [acme.Launcher@main] Found classpath entry '/C:/Users/sergi/.m2/repository/org/apache/tiles/tiles-jsp/3.0.8/tiles-jsp-3.0.8.jar' 
2023-04-20 12:49:34.125 DEBUG [acme.Launcher@main] Found classpath entry '/C:/Users/sergi/.m2/repository/org/apache/tiles/tiles-servlet/3.0.8/tiles-servlet-3.0.8.jar' 
2023-04-20 12:49:34.125 DEBUG [acme.Launcher@main] Found classpath entry '/C:/Users/sergi/.m2/repository/org/apache/tiles/tiles-core/3.0.8/tiles-core-3.0.8.jar' 
2023-04-20 12:49:34.125 DEBUG [acme.Launcher@main] Found classpath entry '/C:/Users/sergi/.m2/repository/commons-digester/commons-digester/2.0/commons-digester-2.0.jar' 
2023-04-20 12:49:34.125 DEBUG [acme.Launcher@main] Found classpath entry '/C:/Users/sergi/.m2/repository/org/slf4j/jcl-over-slf4j/1.7.30/jcl-over-slf4j-1.7.30.jar' 
2023-04-20 12:49:34.125 DEBUG [acme.Launcher@main] Found classpath entry '/C:/Users/sergi/.m2/repository/org/apache/tiles/tiles-request-servlet/1.0.7/tiles-request-servlet-1.0.7.jar' 
2023-04-20 12:49:34.126 DEBUG [acme.Launcher@main] Found classpath entry '/C:/Users/sergi/.m2/repository/org/apache/tiles/tiles-template/3.0.8/tiles-template-3.0.8.jar' 
2023-04-20 12:49:34.126 DEBUG [acme.Launcher@main] Found classpath entry '/C:/Users/sergi/.m2/repository/org/apache/tiles/tiles-api/3.0.8/tiles-api-3.0.8.jar' 
2023-04-20 12:49:34.126 DEBUG [acme.Launcher@main] Found classpath entry '/C:/Users/sergi/.m2/repository/org/apache/tiles/tiles-autotag-core-runtime/1.2/tiles-autotag-core-runtime-1.2.jar' 
2023-04-20 12:49:34.126 DEBUG [acme.Launcher@main] Found classpath entry '/C:/Users/sergi/.m2/repository/org/slf4j/slf4j-api/1.7.30/slf4j-api-1.7.30.jar' 
2023-04-20 12:49:34.126 DEBUG [acme.Launcher@main] Found classpath entry '/C:/Users/sergi/.m2/repository/org/apache/tiles/tiles-request-jsp/1.0.7/tiles-request-jsp-1.0.7.jar' 
2023-04-20 12:49:34.126 DEBUG [acme.Launcher@main] Found classpath entry '/C:/Users/sergi/.m2/repository/org/apache/tiles/tiles-request-api/1.0.7/tiles-request-api-1.0.7.jar' 
2023-04-20 12:49:34.127 DEBUG [acme.Launcher@main] Found classpath entry '/C:/Users/sergi/.m2/repository/org/springframework/boot/spring-boot-starter-data-jpa/2.4.2/spring-boot-starter-data-jpa-2.4.2.jar' 
2023-04-20 12:49:34.127 DEBUG [acme.Launcher@main] Found classpath entry '/C:/Users/sergi/.m2/repository/org/springframework/boot/spring-boot-starter-aop/2.4.2/spring-boot-starter-aop-2.4.2.jar' 
2023-04-20 12:49:34.127 DEBUG [acme.Launcher@main] Found classpath entry '/C:/Users/sergi/.m2/repository/org/aspectj/aspectjweaver/1.9.6/aspectjweaver-1.9.6.jar' 
2023-04-20 12:49:34.127 DEBUG [acme.Launcher@main] Found classpath entry '/C:/Users/sergi/.m2/repository/org/springframework/boot/spring-boot-starter-jdbc/2.4.2/spring-boot-starter-jdbc-2.4.2.jar' 
2023-04-20 12:49:34.127 DEBUG [acme.Launcher@main] Found classpath entry '/C:/Users/sergi/.m2/repository/jakarta/transaction/jakarta.transaction-api/1.3.3/jakarta.transaction-api-1.3.3.jar' 
2023-04-20 12:49:34.127 DEBUG [acme.Launcher@main] Found classpath entry '/C:/Users/sergi/.m2/repository/jakarta/persistence/jakarta.persistence-api/2.2.3/jakarta.persistence-api-2.2.3.jar' 
2023-04-20 12:49:34.128 DEBUG [acme.Launcher@main] Found classpath entry '/C:/Users/sergi/.m2/repository/org/hibernate/hibernate-core/5.4.27.Final/hibernate-core-5.4.27.Final.jar' 
2023-04-20 12:49:34.128 DEBUG [acme.Launcher@main] Found classpath entry '/C:/Users/sergi/.m2/repository/org/jboss/logging/jboss-logging/3.4.1.Final/jboss-logging-3.4.1.Final.jar' 
2023-04-20 12:49:34.128 DEBUG [acme.Launcher@main] Found classpath entry '/C:/Users/sergi/.m2/repository/org/javassist/javassist/3.27.0-GA/javassist-3.27.0-GA.jar' 
2023-04-20 12:49:34.128 DEBUG [acme.Launcher@main] Found classpath entry '/C:/Users/sergi/.m2/repository/antlr/antlr/2.7.7/antlr-2.7.7.jar' 
2023-04-20 12:49:34.128 DEBUG [acme.Launcher@main] Found classpath entry '/C:/Users/sergi/.m2/repository/org/jboss/jandex/2.1.3.Final/jandex-2.1.3.Final.jar' 
2023-04-20 12:49:34.128 DEBUG [acme.Launcher@main] Found classpath entry '/C:/Users/sergi/.m2/repository/com/fasterxml/classmate/1.5.1/classmate-1.5.1.jar' 
2023-04-20 12:49:34.129 DEBUG [acme.Launcher@main] Found classpath entry '/C:/Users/sergi/.m2/repository/org/dom4j/dom4j/2.1.3/dom4j-2.1.3.jar' 
2023-04-20 12:49:34.129 DEBUG [acme.Launcher@main] Found classpath entry '/C:/Users/sergi/.m2/repository/org/hibernate/common/hibernate-commons-annotations/5.1.2.Final/hibernate-commons-annotations-5.1.2.Final.jar' 
2023-04-20 12:49:34.129 DEBUG [acme.Launcher@main] Found classpath entry '/C:/Users/sergi/.m2/repository/org/glassfish/jaxb/jaxb-runtime/2.3.3/jaxb-runtime-2.3.3.jar' 
2023-04-20 12:49:34.129 DEBUG [acme.Launcher@main] Found classpath entry '/C:/Users/sergi/.m2/repository/org/glassfish/jaxb/txw2/2.3.3/txw2-2.3.3.jar' 
2023-04-20 12:49:34.129 DEBUG [acme.Launcher@main] Found classpath entry '/C:/Users/sergi/.m2/repository/com/sun/istack/istack-commons-runtime/3.0.11/istack-commons-runtime-3.0.11.jar' 
2023-04-20 12:49:34.129 DEBUG [acme.Launcher@main] Found classpath entry '/C:/Users/sergi/.m2/repository/com/sun/activation/jakarta.activation/1.2.2/jakarta.activation-1.2.2.jar' 
2023-04-20 12:49:34.130 DEBUG [acme.Launcher@main] Found classpath entry '/C:/Users/sergi/.m2/repository/org/springframework/data/spring-data-jpa/2.4.3/spring-data-jpa-2.4.3.jar' 
2023-04-20 12:49:34.130 DEBUG [acme.Launcher@main] Found classpath entry '/C:/Users/sergi/.m2/repository/org/springframework/data/spring-data-commons/2.4.3/spring-data-commons-2.4.3.jar' 
2023-04-20 12:49:34.130 DEBUG [acme.Launcher@main] Found classpath entry '/C:/Users/sergi/.m2/repository/org/springframework/spring-orm/5.3.3/spring-orm-5.3.3.jar' 
2023-04-20 12:49:34.130 DEBUG [acme.Launcher@main] Found classpath entry '/C:/Users/sergi/.m2/repository/org/springframework/spring-aspects/5.3.3/spring-aspects-5.3.3.jar' 
2023-04-20 12:49:34.130 DEBUG [acme.Launcher@main] Found classpath entry '/C:/Users/sergi/.m2/repository/org/springframework/boot/spring-boot-starter-validation/2.4.2/spring-boot-starter-validation-2.4.2.jar' 
2023-04-20 12:49:34.130 DEBUG [acme.Launcher@main] Found classpath entry '/C:/Users/sergi/.m2/repository/org/hibernate/validator/hibernate-validator/6.1.7.Final/hibernate-validator-6.1.7.Final.jar' 
2023-04-20 12:49:34.130 DEBUG [acme.Launcher@main] Found classpath entry '/C:/Users/sergi/.m2/repository/jakarta/validation/jakarta.validation-api/2.0.2/jakarta.validation-api-2.0.2.jar' 
2023-04-20 12:49:34.130 DEBUG [acme.Launcher@main] Found classpath entry '/C:/Users/sergi/.m2/repository/mysql/mysql-connector-java/8.0.22/mysql-connector-java-8.0.22.jar' 
2023-04-20 12:49:34.130 DEBUG [acme.Launcher@main] Found classpath entry '/C:/Users/sergi/.m2/repository/com/zaxxer/HikariCP/3.4.5/HikariCP-3.4.5.jar' 
2023-04-20 12:49:34.131 DEBUG [acme.Launcher@main] Found classpath entry '/C:/Users/sergi/.m2/repository/org/springframework/boot/spring-boot-starter-test/2.4.2/spring-boot-starter-test-2.4.2.jar' 
2023-04-20 12:49:34.131 DEBUG [acme.Launcher@main] Found classpath entry '/C:/Users/sergi/.m2/repository/org/springframework/boot/spring-boot-test/2.4.2/spring-boot-test-2.4.2.jar' 
2023-04-20 12:49:34.131 DEBUG [acme.Launcher@main] Found classpath entry '/C:/Users/sergi/.m2/repository/org/springframework/boot/spring-boot-test-autoconfigure/2.4.2/spring-boot-test-autoconfigure-2.4.2.jar' 
2023-04-20 12:49:34.131 DEBUG [acme.Launcher@main] Found classpath entry '/C:/Users/sergi/.m2/repository/com/jayway/jsonpath/json-path/2.4.0/json-path-2.4.0.jar' 
2023-04-20 12:49:34.131 DEBUG [acme.Launcher@main] Found classpath entry '/C:/Users/sergi/.m2/repository/net/minidev/json-smart/2.3/json-smart-2.3.jar' 
2023-04-20 12:49:34.131 DEBUG [acme.Launcher@main] Found classpath entry '/C:/Users/sergi/.m2/repository/net/minidev/accessors-smart/1.2/accessors-smart-1.2.jar' 
2023-04-20 12:49:34.132 DEBUG [acme.Launcher@main] Found classpath entry '/C:/Users/sergi/.m2/repository/org/ow2/asm/asm/5.0.4/asm-5.0.4.jar' 
2023-04-20 12:49:34.132 DEBUG [acme.Launcher@main] Found classpath entry '/C:/Users/sergi/.m2/repository/jakarta/xml/bind/jakarta.xml.bind-api/2.3.3/jakarta.xml.bind-api-2.3.3.jar' 
2023-04-20 12:49:34.132 DEBUG [acme.Launcher@main] Found classpath entry '/C:/Users/sergi/.m2/repository/jakarta/activation/jakarta.activation-api/1.2.2/jakarta.activation-api-1.2.2.jar' 
2023-04-20 12:49:34.132 DEBUG [acme.Launcher@main] Found classpath entry '/C:/Users/sergi/.m2/repository/org/assertj/assertj-core/3.18.1/assertj-core-3.18.1.jar' 
2023-04-20 12:49:34.132 DEBUG [acme.Launcher@main] Found classpath entry '/C:/Users/sergi/.m2/repository/org/hamcrest/hamcrest/2.2/hamcrest-2.2.jar' 
2023-04-20 12:49:34.132 DEBUG [acme.Launcher@main] Found classpath entry '/C:/Users/sergi/.m2/repository/org/junit/jupiter/junit-jupiter/5.7.0/junit-jupiter-5.7.0.jar' 
2023-04-20 12:49:34.132 DEBUG [acme.Launcher@main] Found classpath entry '/C:/Users/sergi/.m2/repository/org/mockito/mockito-core/3.6.28/mockito-core-3.6.28.jar' 
2023-04-20 12:49:34.133 DEBUG [acme.Launcher@main] Found classpath entry '/C:/Users/sergi/.m2/repository/net/bytebuddy/byte-buddy-agent/1.10.19/byte-buddy-agent-1.10.19.jar' 
2023-04-20 12:49:34.133 DEBUG [acme.Launcher@main] Found classpath entry '/C:/Users/sergi/.m2/repository/org/objenesis/objenesis/3.1/objenesis-3.1.jar' 
2023-04-20 12:49:34.133 DEBUG [acme.Launcher@main] Found classpath entry '/C:/Users/sergi/.m2/repository/org/mockito/mockito-junit-jupiter/3.6.28/mockito-junit-jupiter-3.6.28.jar' 
2023-04-20 12:49:34.133 DEBUG [acme.Launcher@main] Found classpath entry '/C:/Users/sergi/.m2/repository/org/skyscreamer/jsonassert/1.5.0/jsonassert-1.5.0.jar' 
2023-04-20 12:49:34.133 DEBUG [acme.Launcher@main] Found classpath entry '/C:/Users/sergi/.m2/repository/com/vaadin/external/google/android-json/0.0.20131108.vaadin1/android-json-0.0.20131108.vaadin1.jar' 
2023-04-20 12:49:34.133 DEBUG [acme.Launcher@main] Found classpath entry '/C:/Users/sergi/.m2/repository/org/springframework/spring-test/5.3.3/spring-test-5.3.3.jar' 
2023-04-20 12:49:34.134 DEBUG [acme.Launcher@main] Found classpath entry '/C:/Users/sergi/.m2/repository/org/xmlunit/xmlunit-core/2.7.0/xmlunit-core-2.7.0.jar' 
2023-04-20 12:49:34.134 DEBUG [acme.Launcher@main] Found classpath entry '/C:/Users/sergi/.m2/repository/org/junit/jupiter/junit-jupiter-engine/5.7.0/junit-jupiter-engine-5.7.0.jar' 
2023-04-20 12:49:34.134 DEBUG [acme.Launcher@main] Found classpath entry '/C:/Users/sergi/.m2/repository/org/apiguardian/apiguardian-api/1.1.0/apiguardian-api-1.1.0.jar' 
2023-04-20 12:49:34.134 DEBUG [acme.Launcher@main] Found classpath entry '/C:/Users/sergi/.m2/repository/org/junit/platform/junit-platform-engine/1.7.0/junit-platform-engine-1.7.0.jar' 
2023-04-20 12:49:34.134 DEBUG [acme.Launcher@main] Found classpath entry '/C:/Users/sergi/.m2/repository/org/junit/jupiter/junit-jupiter-api/5.7.0/junit-jupiter-api-5.7.0.jar' 
2023-04-20 12:49:34.134 DEBUG [acme.Launcher@main] Found classpath entry '/C:/Users/sergi/.m2/repository/org/opentest4j/opentest4j/1.2.0/opentest4j-1.2.0.jar' 
2023-04-20 12:49:34.134 DEBUG [acme.Launcher@main] Found classpath entry '/C:/Users/sergi/.m2/repository/org/junit/platform/junit-platform-commons/1.7.0/junit-platform-commons-1.7.0.jar' 
2023-04-20 12:49:34.135 DEBUG [acme.Launcher@main] Found classpath entry '/C:/Users/sergi/.m2/repository/org/junit/jupiter/junit-jupiter-params/5.7.0/junit-jupiter-params-5.7.0.jar' 
2023-04-20 12:49:34.135 DEBUG [acme.Launcher@main] Found classpath entry '/C:/Users/sergi/.m2/repository/org/junit/platform/junit-platform-launcher/1.7.0/junit-platform-launcher-1.7.0.jar' 
2023-04-20 12:49:34.135 DEBUG [acme.Launcher@main] Found classpath entry '/C:/Users/sergi/.m2/repository/org/seleniumhq/selenium/selenium-java/3.141.59/selenium-java-3.141.59.jar' 
2023-04-20 12:49:34.135 DEBUG [acme.Launcher@main] Found classpath entry '/C:/Users/sergi/.m2/repository/org/seleniumhq/selenium/selenium-api/3.141.59/selenium-api-3.141.59.jar' 
2023-04-20 12:49:34.135 DEBUG [acme.Launcher@main] Found classpath entry '/C:/Users/sergi/.m2/repository/org/seleniumhq/selenium/selenium-chrome-driver/3.141.59/selenium-chrome-driver-3.141.59.jar' 
2023-04-20 12:49:34.135 DEBUG [acme.Launcher@main] Found classpath entry '/C:/Users/sergi/.m2/repository/org/seleniumhq/selenium/selenium-edge-driver/3.141.59/selenium-edge-driver-3.141.59.jar' 
2023-04-20 12:49:34.136 DEBUG [acme.Launcher@main] Found classpath entry '/C:/Users/sergi/.m2/repository/org/seleniumhq/selenium/selenium-firefox-driver/3.141.59/selenium-firefox-driver-3.141.59.jar' 
2023-04-20 12:49:34.136 DEBUG [acme.Launcher@main] Found classpath entry '/C:/Users/sergi/.m2/repository/org/seleniumhq/selenium/selenium-ie-driver/3.141.59/selenium-ie-driver-3.141.59.jar' 
2023-04-20 12:49:34.136 DEBUG [acme.Launcher@main] Found classpath entry '/C:/Users/sergi/.m2/repository/org/seleniumhq/selenium/selenium-opera-driver/3.141.59/selenium-opera-driver-3.141.59.jar' 
2023-04-20 12:49:34.136 DEBUG [acme.Launcher@main] Found classpath entry '/C:/Users/sergi/.m2/repository/org/seleniumhq/selenium/selenium-remote-driver/3.141.59/selenium-remote-driver-3.141.59.jar' 
2023-04-20 12:49:34.136 DEBUG [acme.Launcher@main] Found classpath entry '/C:/Users/sergi/.m2/repository/org/seleniumhq/selenium/selenium-safari-driver/3.141.59/selenium-safari-driver-3.141.59.jar' 
2023-04-20 12:49:34.136 DEBUG [acme.Launcher@main] Found classpath entry '/C:/Users/sergi/.m2/repository/org/seleniumhq/selenium/selenium-support/3.141.59/selenium-support-3.141.59.jar' 
2023-04-20 12:49:34.136 DEBUG [acme.Launcher@main] Found classpath entry '/C:/Users/sergi/.m2/repository/net/bytebuddy/byte-buddy/1.10.19/byte-buddy-1.10.19.jar' 
2023-04-20 12:49:34.137 DEBUG [acme.Launcher@main] Found classpath entry '/C:/Users/sergi/.m2/repository/org/apache/commons/commons-exec/1.3/commons-exec-1.3.jar' 
2023-04-20 12:49:34.137 DEBUG [acme.Launcher@main] Found classpath entry '/C:/Users/sergi/.m2/repository/com/google/guava/guava/25.0-jre/guava-25.0-jre.jar' 
2023-04-20 12:49:34.137 DEBUG [acme.Launcher@main] Found classpath entry '/C:/Users/sergi/.m2/repository/com/google/code/findbugs/jsr305/1.3.9/jsr305-1.3.9.jar' 
2023-04-20 12:49:34.137 DEBUG [acme.Launcher@main] Found classpath entry '/C:/Users/sergi/.m2/repository/org/checkerframework/checker-compat-qual/2.0.0/checker-compat-qual-2.0.0.jar' 
2023-04-20 12:49:34.137 DEBUG [acme.Launcher@main] Found classpath entry '/C:/Users/sergi/.m2/repository/com/google/errorprone/error_prone_annotations/2.1.3/error_prone_annotations-2.1.3.jar' 
2023-04-20 12:49:34.137 DEBUG [acme.Launcher@main] Found classpath entry '/C:/Users/sergi/.m2/repository/com/google/j2objc/j2objc-annotations/1.1/j2objc-annotations-1.1.jar' 
2023-04-20 12:49:34.137 DEBUG [acme.Launcher@main] Found classpath entry '/C:/Users/sergi/.m2/repository/org/codehaus/mojo/animal-sniffer-annotations/1.14/animal-sniffer-annotations-1.14.jar' 
2023-04-20 12:49:34.138 DEBUG [acme.Launcher@main] Found classpath entry '/C:/Users/sergi/.m2/repository/com/squareup/okhttp3/okhttp/3.14.9/okhttp-3.14.9.jar' 
2023-04-20 12:49:34.138 DEBUG [acme.Launcher@main] Found classpath entry '/C:/Users/sergi/.m2/repository/com/squareup/okio/okio/1.14.0/okio-1.14.0.jar' 
2023-04-20 12:49:34.138 DEBUG [acme.Launcher@main] Found classpath entry '/C:/Users/sergi/.m2/repository/org/apache/commons/commons-lang3/3.11/commons-lang3-3.11.jar' 
2023-04-20 12:49:34.138 DEBUG [acme.Launcher@main] Found classpath entry '/C:/Users/sergi/.m2/repository/org/apache/commons/commons-text/1.8/commons-text-1.8.jar' 
2023-04-20 12:49:34.139 DEBUG [acme.Launcher@main] Found classpath entry '/C:/Users/sergi/.m2/repository/commons-io/commons-io/2.6/commons-io-2.6.jar' 
2023-04-20 12:49:34.139 DEBUG [acme.Launcher@main] Found classpath entry '/C:/Users/sergi/.m2/repository/commons-cli/commons-cli/1.4/commons-cli-1.4.jar' 
2023-04-20 12:49:34.139 DEBUG [acme.Launcher@main] Found classpath entry '/C:/Users/sergi/.m2/repository/org/projectlombok/lombok/1.18.16/lombok-1.18.16.jar' 
2023-04-20 12:49:34.139 DEBUG [acme.Launcher@main] Found classpath entry '/C:/Users/sergi/.m2/repository/com/opencsv/opencsv/5.4/opencsv-5.4.jar' 
2023-04-20 12:49:34.139 DEBUG [acme.Launcher@main] Found classpath entry '/C:/Users/sergi/.m2/repository/commons-beanutils/commons-beanutils/1.9.4/commons-beanutils-1.9.4.jar' 
2023-04-20 12:49:34.139 DEBUG [acme.Launcher@main] Found classpath entry '/C:/Users/sergi/.m2/repository/commons-logging/commons-logging/1.2/commons-logging-1.2.jar' 
2023-04-20 12:49:34.139 DEBUG [acme.Launcher@main] Found classpath entry '/C:/Users/sergi/.m2/repository/commons-collections/commons-collections/3.2.2/commons-collections-3.2.2.jar' 
2023-04-20 12:49:34.139 DEBUG [acme.Launcher@main] Found classpath entry '/C:/Users/sergi/.m2/repository/org/apache/commons/commons-collections4/4.4/commons-collections4-4.4.jar' 
2023-04-20 12:49:34.326 DEBUG [acme.Launcher@main] Found entity class 'acme.entities.audits.Audit 
2023-04-20 12:49:34.326 DEBUG [acme.Launcher@main] Found entity class 'acme.entities.audits.AuditingRecord 
2023-04-20 12:49:34.326 DEBUG [acme.Launcher@main] Found entity class 'acme.entities.banners.Banner 
2023-04-20 12:49:34.326 DEBUG [acme.Launcher@main] Found entity class 'acme.entities.bulletins.Bulletin 
2023-04-20 12:49:34.326 DEBUG [acme.Launcher@main] Found entity class 'acme.entities.courses.Course 
2023-04-20 12:49:34.326 DEBUG [acme.Launcher@main] Found entity class 'acme.entities.courses.Lecture 
2023-04-20 12:49:34.326 DEBUG [acme.Launcher@main] Found entity class 'acme.entities.courses.LectureRegistration 
2023-04-20 12:49:34.327 DEBUG [acme.Launcher@main] Found entity class 'acme.entities.enrolments.Activity 
2023-04-20 12:49:34.327 DEBUG [acme.Launcher@main] Found entity class 'acme.entities.enrolments.Enrolment 
2023-04-20 12:49:34.327 DEBUG [acme.Launcher@main] Found entity class 'acme.entities.notes.Note 
2023-04-20 12:49:34.327 DEBUG [acme.Launcher@main] Found entity class 'acme.entities.offers.Offer 
2023-04-20 12:49:34.327 DEBUG [acme.Launcher@main] Found entity class 'acme.entities.peeps.Peep 
2023-04-20 12:49:34.327 DEBUG [acme.Launcher@main] Found entity class 'acme.entities.practicums.Practicum 
2023-04-20 12:49:34.327 DEBUG [acme.Launcher@main] Found entity class 'acme.entities.practicums.PracticumSession 
2023-04-20 12:49:34.327 DEBUG [acme.Launcher@main] Found entity class 'acme.entities.tutorial.Tutorial 
2023-04-20 12:49:34.327 DEBUG [acme.Launcher@main] Found entity class 'acme.entities.tutorial.TutorialSession 
2023-04-20 12:49:34.328 DEBUG [acme.Launcher@main] Found entity class 'acme.roles.Assistant 
2023-04-20 12:49:34.328 DEBUG [acme.Launcher@main] Found entity class 'acme.roles.Auditor 
2023-04-20 12:49:34.328 DEBUG [acme.Launcher@main] Found entity class 'acme.roles.Company 
2023-04-20 12:49:34.328 DEBUG [acme.Launcher@main] Found entity class 'acme.roles.Lecturer 
2023-04-20 12:49:34.328 DEBUG [acme.Launcher@main] Found entity class 'acme.roles.Student 
2023-04-20 12:49:34.328 DEBUG [acme.Launcher@main] Found entity class 'acme.system.configuration.SystemConfiguration 
2023-04-20 12:49:34.328 DEBUG [acme.Launcher@main] Found entity class 'acme.framework.components.accounts.Administrator 
2023-04-20 12:49:34.328 DEBUG [acme.Launcher@main] Found entity class 'acme.framework.components.accounts.Anonymous 
2023-04-20 12:49:34.328 DEBUG [acme.Launcher@main] Found entity class 'acme.framework.components.accounts.Any 
2023-04-20 12:49:34.329 DEBUG [acme.Launcher@main] Found entity class 'acme.framework.components.accounts.Authenticated 
2023-04-20 12:49:34.329 DEBUG [acme.Launcher@main] Found entity class 'acme.framework.components.accounts.UserAccount 
2023-04-20 12:49:34.334 DEBUG [acme.framework.components.clocks.AbstractClock@main] Changing base moment to 'Thu Apr 20 12:49:34 CEST 2023'. 
2023-04-20 12:49:34.336 DEBUG [acme.framework.components.clocks.AbstractClock@main] Changing base moment to 'Sat Jul 30 00:00:00 CEST 2022'. 
2023-04-20 12:49:34.336 DEBUG [acme.framework.components.clocks.SimulatedClock@main] Changing current moment to 'Sat Jul 30 00:00:00 CEST 2022'. 
2023-04-20 12:49:34.336 INFO  [acme.Launcher@main] Running application (Standalone mode) 
2023-04-20 12:49:48.284 DEBUG [org.hibernate.SQL@http-nio-8080-exec-1] select useraccoun0_.id as id1_0_, useraccoun0_.version as version2_0_, useraccoun0_.enabled as enabled1_28_, useraccoun0_.identity as identity2_28_, useraccoun0_.password as password3_28_, useraccoun0_.username as username4_28_ from user_account useraccoun0_ where useraccoun0_.username=? 
2023-04-20 12:49:48.326 TRACE [org.hibernate.type.descriptor.sql.BasicBinder@http-nio-8080-exec-1] binding parameter [1] as [VARCHAR] - [serlopdia] 
2023-04-20 12:49:48.414 DEBUG [org.hibernate.SQL@http-nio-8080-exec-1] select userroles0_.user_account_id as user_acc1_1_0_, userroles0_.id as id1_1_0_, userroles0_.id as id1_0_1_, userroles0_.version as version2_0_1_, userroles0_.user_account_id as user_acc1_1_1_, userroles0_.code as code1_22_1_, userroles0_.company_id as company_6_22_1_, userroles0_.course_id as course_i7_22_1_, userroles0_.draft_mode as draft_mo2_22_1_, userroles0_.goals as goals3_22_1_, userroles0_.summary as summary4_22_1_, userroles0_.title as title5_22_1_, userroles0_.expertise_fields as expertis1_6_1_, userroles0_.more_info as more_inf2_6_1_, userroles0_.resume as resume3_6_1_, userroles0_.supervisor as supervis4_6_1_, userroles0_.certifications as certific1_9_1_, userroles0_.firm as firm2_9_1_, userroles0_.more_info as more_inf3_9_1_, userroles0_.professional_id as professi4_9_1_, userroles0_.vat as vat1_13_1_, userroles0_.link as link2_13_1_, userroles0_.name as name3_13_1_, userroles0_.summary as summary4_13_1_, userroles0_.alma_mater as alma_mat1_17_1_, userroles0_.more_info as more_inf2_17_1_, userroles0_.qualifications as qualific3_17_1_, userroles0_.resume as resume4_17_1_, userroles0_.more_info as more_inf1_24_1_, userroles0_.statement as statemen2_24_1_, userroles0_.strong_features as strong_f3_24_1_, userroles0_.weak_features as weak_fea4_24_1_, userroles0_.clazz_ as clazz_1_, company1_.id as id1_0_2_, company1_.version as version2_0_2_, company1_.user_account_id as user_acc1_1_2_, company1_.vat as vat1_13_2_, company1_.link as link2_13_2_, company1_.name as name3_13_2_, company1_.summary as summary4_13_2_, useraccoun2_.id as id1_0_3_, useraccoun2_.version as version2_0_3_, useraccoun2_.enabled as enabled1_28_3_, useraccoun2_.identity as identity2_28_3_, useraccoun2_.password as password3_28_3_, useraccoun2_.username as username4_28_3_, course3_.id as id1_0_4_, course3_.version as version2_0_4_, course3_.code as code1_14_4_, course3_.draft_mode as draft_mo2_14_4_, course3_.lecturer_id as lecturer8_14_4_, course3_.more_info as more_inf3_14_4_, course3_.retail_price_amount as retail_p4_14_4_, course3_.retail_price_currency as retail_p5_14_4_, course3_.summary as summary6_14_4_, course3_.title as title7_14_4_, lecturer4_.id as id1_0_5_, lecturer4_.version as version2_0_5_, lecturer4_.user_account_id as user_acc1_1_5_, lecturer4_.alma_mater as alma_mat1_17_5_, lecturer4_.more_info as more_inf2_17_5_, lecturer4_.qualifications as qualific3_17_5_, lecturer4_.resume as resume4_17_5_ from ( select id, version, user_account_id, code, draft_mode, goals, summary, title, company_id, course_id, null as expertise_fields, null as more_info, null as resume, null as supervisor, null as certifications, null as firm, null as professional_id, null as vat, null as link, null as name, null as alma_mater, null as qualifications, null as statement, null as strong_features, null as weak_features, 14 as clazz_ from practicum union all select id, version, user_account_id, null as code, null as draft_mode, null as goals, null as summary, null as title, null as company_id, null as course_id, expertise_fields, more_info, resume, supervisor, null as certifications, null as firm, null as professional_id, null as vat, null as link, null as name, null as alma_mater, null as qualifications, null as statement, null as strong_features, null as weak_features, 18 as clazz_ from assistant union all select id, version, user_account_id, null as code, null as draft_mode, null as goals, null as summary, null as title, null as company_id, null as course_id, null as expertise_fields, more_info, null as resume, null as supervisor, certifications, firm, professional_id, null as vat, null as link, null as name, null as alma_mater, null as qualifications, null as statement, null as strong_features, null as weak_features, 19 as clazz_ from auditor union all select id, version, user_account_id, null as code, null as draft_mode, null as goals, summary, null as title, null as company_id, null as course_id, null as expertise_fields, null as more_info, null as resume, null as supervisor, null as certifications, null as firm, null as professional_id, vat, link, name, null as alma_mater, null as qualifications, null as statement, null as strong_features, null as weak_features, 20 as clazz_ from company union all select id, version, user_account_id, null as code, null as draft_mode, null as goals, null as summary, null as title, null as company_id, null as course_id, null as expertise_fields, more_info, resume, null as supervisor, null as certifications, null as firm, null as professional_id, null as vat, null as link, null as name, alma_mater, qualifications, null as statement, null as strong_features, null as weak_features, 21 as clazz_ from lecturer union all select id, version, user_account_id, null as code, null as draft_mode, null as goals, null as summary, null as title, null as company_id, null as course_id, null as expertise_fields, more_info, null as resume, null as supervisor, null as certifications, null as firm, null as professional_id, null as vat, null as link, null as name, null as alma_mater, null as qualifications, statement, strong_features, weak_features, 22 as clazz_ from student union all select id, version, user_account_id, null as code, null as draft_mode, null as goals, null as summary, null as title, null as company_id, null as course_id, null as expertise_fields, null as more_info, null as resume, null as supervisor, null as certifications, null as firm, null as professional_id, null as vat, null as link, null as name, null as alma_mater, null as qualifications, null as statement, null as strong_features, null as weak_features, 24 as clazz_ from administrator union all select id, version, user_account_id, null as code, null as draft_mode, null as goals, null as summary, null as title, null as company_id, null as course_id, null as expertise_fields, null as more_info, null as resume, null as supervisor, null as certifications, null as firm, null as professional_id, null as vat, null as link, null as name, null as alma_mater, null as qualifications, null as statement, null as strong_features, null as weak_features, 25 as clazz_ from anonymous union all select id, version, user_account_id, null as code, null as draft_mode, null as goals, null as summary, null as title, null as company_id, null as course_id, null as expertise_fields, null as more_info, null as resume, null as supervisor, null as certifications, null as firm, null as professional_id, null as vat, null as link, null as name, null as alma_mater, null as qualifications, null as statement, null as strong_features, null as weak_features, 26 as clazz_ from any union all select id, version, user_account_id, null as code, null as draft_mode, null as goals, null as summary, null as title, null as company_id, null as course_id, null as expertise_fields, null as more_info, null as resume, null as supervisor, null as certifications, null as firm, null as professional_id, null as vat, null as link, null as name, null as alma_mater, null as qualifications, null as statement, null as strong_features, null as weak_features, 27 as clazz_ from authenticated ) userroles0_ left outer join company company1_ on userroles0_.company_id=company1_.id left outer join user_account useraccoun2_ on company1_.user_account_id=useraccoun2_.id left outer join course course3_ on userroles0_.course_id=course3_.id left outer join lecturer lecturer4_ on course3_.lecturer_id=lecturer4_.id where userroles0_.user_account_id=? 
2023-04-20 12:49:48.420 TRACE [org.hibernate.type.descriptor.sql.BasicBinder@http-nio-8080-exec-1] binding parameter [1] as [INTEGER] - [150] 
2023-04-20 12:49:48.578 DEBUG [acme.framework.controllers.AbstractController@http-nio-8080-exec-1] >>>>>>>>>>>>>>>>>>>>>>>>>>>>>>>>>>>>>>>>>>>>>>>>>>>>>>>>>>>>>>>>>>>>>>>>>>>>>>>> 
2023-04-20 12:49:48.578 DEBUG [acme.framework.controllers.AbstractController@http-nio-8080-exec-1] REQUEST: GET /acme-l3-d03/company/practicum/list-mine 
2023-04-20 12:49:48.578 DEBUG [acme.framework.controllers.AbstractController@http-nio-8080-exec-1] MOMENT:  Sat Jul 30 00:00:00 CEST 2022 
2023-04-20 12:49:48.578 DEBUG [acme.framework.controllers.AbstractController@http-nio-8080-exec-1] COMMAND: list-mine 
2023-04-20 12:49:48.579 DEBUG [acme.framework.controllers.AbstractController@http-nio-8080-exec-1] INPUT:   {} 
2023-04-20 12:49:48.619 DEBUG [acme.framework.components.database.DatabaseManager@http-nio-8080-exec-1] Starting transaction aa3ae541-3b1c-4d9a-8562-afec99b678f0. 
2023-04-20 12:49:48.641 DEBUG [org.hibernate.SQL@http-nio-8080-exec-1] select practicum0_.id as id1_0_, practicum0_.version as version2_0_, practicum0_.user_account_id as user_acc1_1_, practicum0_.code as code1_22_, practicum0_.company_id as company_6_22_, practicum0_.course_id as course_i7_22_, practicum0_.draft_mode as draft_mo2_22_, practicum0_.goals as goals3_22_, practicum0_.summary as summary4_22_, practicum0_.title as title5_22_ from practicum practicum0_ where practicum0_.company_id=? 
2023-04-20 12:49:48.642 TRACE [org.hibernate.type.descriptor.sql.BasicBinder@http-nio-8080-exec-1] binding parameter [1] as [INTEGER] - [151] 
2023-04-20 12:49:48.648 DEBUG [acme.framework.components.database.DatabaseManager@http-nio-8080-exec-1] Committing transaction aa3ae541-3b1c-4d9a-8562-afec99b678f0. 
2023-04-20 12:49:48.650 DEBUG [acme.framework.components.database.DatabaseManager@http-nio-8080-exec-1] Starting transaction 2a7e6ebf-7fa4-4e33-a601-dcace1170b27. 
2023-04-20 12:49:48.652 DEBUG [acme.framework.components.database.DatabaseManager@http-nio-8080-exec-1] Committing transaction 2a7e6ebf-7fa4-4e33-a601-dcace1170b27. 
2023-04-20 12:49:48.654 DEBUG [acme.framework.components.clocks.SimulatedClock@http-nio-8080-exec-1] Changing current moment to 'Sat Jul 30 00:00:00 CEST 2022'. 
2023-04-20 12:49:48.654 DEBUG [acme.framework.controllers.AbstractController@http-nio-8080-exec-1] RESPOND: GET /acme-l3-d03/company/practicum/list-mine 
2023-04-20 12:49:48.654 DEBUG [acme.framework.controllers.AbstractController@http-nio-8080-exec-1] MOMENT:  Sat Jul 30 00:00:00 CEST 2022 
2023-04-20 12:49:48.661 DEBUG [acme.framework.controllers.AbstractController@http-nio-8080-exec-1] RESULT:  ModelAndView [view="company/practicum/list"; model={$authorised=true, $checked=true, $oops=null, $view=company/practicum/list, $errors=Errors(map={}), $httpServletResponse=org.springframework.security.web.header.HeaderWriterFilter$HeaderWriterResponse@7d1e3305, $number$tuples=0, _command=list-mine, _method=GET, _server_moment=Sat Jul 30 00:00:00 CEST 2022, _csrf.parameterName=_csrf, _csrf.token=94cb7502-8aff-476c-8387-f1e7a71c62e7, $request=* Dataset $global: 	$url = "/acme-l3-d03/company/practicum/list-mine" 	$method = <<GET>> 	$command = "list-mine" 	$principal = {username = "serlopdia", password = "$2a$05$LUZ.ff4LhyclqgIaFphBAO9CFmoOU8V8O4BGvmxmjxgMev2iM9KIS", enabled = true, authorities = [AUTH_Company, AUTH_Any, AUTH_Authenticated], activeRole = class acme.roles.Company, roleMap = {class acme.framework.components.accounts.Any = 0, class acme.framework.components.accounts.Authenticated = 0, class acme.roles.Company = 151}, accountId = 150, $assertionsDisabled = false} 	$locale = {LOCALECACHE = java.util.Locale$Cache@18b3bf6d, ENGLISH = en, FRENCH = fr, GERMAN = de, ITALIAN = it, JAPANESE = ja, KOREAN = ko, CHINESE = zh, SIMPLIFIED_CHINESE = zh_CN, TRADITIONAL_CHINESE = zh_TW, FRANCE = fr_FR, GERMANY = de_DE, ITALY = it_IT, JAPAN = ja_JP, KOREA = ko_KR, CHINA = zh_CN, PRC = zh_CN, TAIWAN = zh_TW, UK = en_GB, US = en_US, CANADA = en_CA, CANADA_FRENCH = fr_CA, ROOT = , PRIVATE_USE_EXTENSION = 'x', UNICODE_LOCALE_EXTENSION = 'u', DISPLAY_LANGUAGE = 0, DISPLAY_COUNTRY = 1, DISPLAY_VARIANT = 2, DISPLAY_SCRIPT = 3, baseLocale = language=en, localeExtensions = null, hashCodeValue = 0, defaultLocale = en, defaultDisplayLocale = en, defaultFormatLocale = en, languageTag = null, serialPersistentFields = [Ljava/lang/String; language, Ljava/lang/String; country, Ljava/lang/String; variant, I hashcode, Ljava/lang/String; script, Ljava/lang/String; extensions], isoLanguages = null, isoCountries = null, $assertionsDisabled = true} 	$httpServletRequest = {LSTRING_FILE = "javax.servlet.LocalStrings", lStrings = java.util.PropertyResourceBundle@de84cb6, request = org.springframework.security.web.header.HeaderWriterFilter$HeaderWriterRequest@162d015, trustResolver = org.springframework.security.authentication.AuthenticationTrustResolverImpl@f1f96cb, rolePrefix = "ROLE_", response = org.springframework.security.web.header.HeaderWriterFilter$HeaderWriterResponse@7d1e3305, this$0 = org.springframework.security.web.servletapi.HttpServlet3RequestFactory@66c70a8c} * Dataset $data: , $buffer=* Dataset $global: 	$errors = {map = {}, $assertionsDisabled = false} * Dataset $data: , $response=* Dataset $global: 	$authorised = true 	$checked = true 	$oops = null 	$view = "company/practicum/list" 	$errors = {map = {}, $assertionsDisabled = false} 	$httpServletResponse = {LSTRING_FILE = "javax.servlet.LocalStrings", lStrings = java.util.PropertyResourceBundle@de84cb6, response = org.springframework.security.web.context.HttpSessionSecurityContextRepository$SaveToSessionResponseWrapper@3a1366dd, disableOnCommitted = false, contentLength = 0, contentWritten = 0, request = org.springframework.security.web.context.HttpSessionSecurityContextRepository$SaveToSessionRequestWrapper@c1d16c1, this$0 = org.springframework.security.web.header.HeaderWriterFilter@7744195} * Dataset $data: }] 
2023-04-20 12:49:48.663 DEBUG [acme.framework.controllers.AbstractController@http-nio-8080-exec-1] <<<<<<<<<<<<<<<<<<<<<<<<<<<<<<<<<<<<<<<<<<<<<<<<<<<<<<<<<<<<<<<<<<<<<<<<<<<<<<<< 
2023-04-20 12:49:48.718 DEBUG [acme.framework.components.tiles.DynamicTilesView@http-nio-8080-exec-1] View name 'company/practicum/list', model {$authorised=true, $checked=true, $oops=null, $view=company/practicum/list, $errors=Errors(map={}), $httpServletResponse=org.springframework.security.web.header.HeaderWriterFilter$HeaderWriterResponse@7d1e3305, $number$tuples=0, _command=list-mine, _method=GET, _server_moment=Sat Jul 30 00:00:00 CEST 2022, _csrf.parameterName=_csrf, _csrf.token=94cb7502-8aff-476c-8387-f1e7a71c62e7, $request=* Dataset $global: 	$url = "/acme-l3-d03/company/practicum/list-mine" 	$method = <<GET>> 	$command = "list-mine" 	$principal = {username = "serlopdia", password = "$2a$05$LUZ.ff4LhyclqgIaFphBAO9CFmoOU8V8O4BGvmxmjxgMev2iM9KIS", enabled = true, authorities = [AUTH_Company, AUTH_Any, AUTH_Authenticated], activeRole = class acme.roles.Company, roleMap = {class acme.framework.components.accounts.Any = 0, class acme.framework.components.accounts.Authenticated = 0, class acme.roles.Company = 151}, accountId = 150, $assertionsDisabled = false} 	$locale = {LOCALECACHE = java.util.Locale$Cache@18b3bf6d, ENGLISH = en, FRENCH = fr, GERMAN = de, ITALIAN = it, JAPANESE = ja, KOREAN = ko, CHINESE = zh, SIMPLIFIED_CHINESE = zh_CN, TRADITIONAL_CHINESE = zh_TW, FRANCE = fr_FR, GERMANY = de_DE, ITALY = it_IT, JAPAN = ja_JP, KOREA = ko_KR, CHINA = zh_CN, PRC = zh_CN, TAIWAN = zh_TW, UK = en_GB, US = en_US, CANADA = en_CA, CANADA_FRENCH = fr_CA, ROOT = , PRIVATE_USE_EXTENSION = 'x', UNICODE_LOCALE_EXTENSION = 'u', DISPLAY_LANGUAGE = 0, DISPLAY_COUNTRY = 1, DISPLAY_VARIANT = 2, DISPLAY_SCRIPT = 3, baseLocale = language=en, localeExtensions = null, hashCodeValue = 0, defaultLocale = en, defaultDisplayLocale = en, defaultFormatLocale = en, languageTag = null, serialPersistentFields = [Ljava/lang/String; language, Ljava/lang/String; country, Ljava/lang/String; variant, I hashcode, Ljava/lang/String; script, Ljava/lang/String; extensions], isoLanguages = null, isoCountries = null, $assertionsDisabled = true} 	$httpServletRequest = {LSTRING_FILE = "javax.servlet.LocalStrings", lStrings = java.util.PropertyResourceBundle@de84cb6, request = org.springframework.security.web.header.HeaderWriterFilter$HeaderWriterRequest@162d015, trustResolver = org.springframework.security.authentication.AuthenticationTrustResolverImpl@f1f96cb, rolePrefix = "ROLE_", response = org.springframework.security.web.header.HeaderWriterFilter$HeaderWriterResponse@7d1e3305, this$0 = org.springframework.security.web.servletapi.HttpServlet3RequestFactory@66c70a8c} * Dataset $data: , $buffer=* Dataset $global: 	$errors = {map = {}, $assertionsDisabled = false} * Dataset $data: , $response=* Dataset $global: 	$authorised = true 	$checked = true 	$oops = null 	$view = "company/practicum/list" 	$errors = {map = {}, $assertionsDisabled = false} 	$httpServletResponse = {LSTRING_FILE = "javax.servlet.LocalStrings", lStrings = java.util.PropertyResourceBundle@de84cb6, response = org.springframework.security.web.context.HttpSessionSecurityContextRepository$SaveToSessionResponseWrapper@3a1366dd, disableOnCommitted = false, contentLength = 0, contentWritten = 0, request = org.springframework.security.web.context.HttpSessionSecurityContextRepository$SaveToSessionRequestWrapper@c1d16c1, this$0 = org.springframework.security.web.header.HeaderWriterFilter@7744195} * Dataset $data: , org.springframework.validation.BindingResult.$errors=org.springframework.validation.BeanPropertyBindingResult: 0 errors, org.springframework.validation.BindingResult.$httpServletResponse=org.springframework.validation.BeanPropertyBindingResult: 0 errors, org.springframework.validation.BindingResult.$request=org.springframework.validation.BeanPropertyBindingResult: 0 errors, org.springframework.validation.BindingResult.$buffer=org.springframework.validation.BeanPropertyBindingResult: 0 errors, org.springframework.validation.BindingResult.$response=org.springframework.validation.BeanPropertyBindingResult: 0 errors} 
2023-04-20 12:49:48.752 DEBUG [org.apache.tiles.definition.dao.BaseLocaleUrlDefinitionDAO@http-nio-8080-exec-1] File Resource file:/C:/Users/sergi/Desktop/SERGIO/UNIVERSIDAD/CURSOS/3Tercer%20Curso/2do%20CUATRIMESTRE/DP2/Workspace-23/Projects/dp2-acme-l3/Acme-L3-D03/target/classes/WEB-INF/views/master/tiles_en.xml at file:/C:/Users/sergi/Desktop/SERGIO/UNIVERSIDAD/CURSOS/3Tercer%20Curso/2do%20CUATRIMESTRE/DP2/Workspace-23/Projects/dp2-acme-l3/Acme-L3-D03/target/classes/WEB-INF/views/master/tiles_en.xml not found, continue 
2023-04-20 12:49:48.768 DEBUG [org.apache.jasper.servlet.JspServlet@http-nio-8080-exec-1] JspEngine --> /WEB-INF/views/master/page.jsp 
2023-04-20 12:49:48.769 DEBUG [org.apache.jasper.servlet.JspServlet@http-nio-8080-exec-1] ServletPath: /WEB-INF/views/master/page.jsp 
2023-04-20 12:49:48.771 DEBUG [org.apache.jasper.servlet.JspServlet@http-nio-8080-exec-1] PathInfo: null 
2023-04-20 12:49:48.775 DEBUG [org.apache.jasper.servlet.JspServlet@http-nio-8080-exec-1] RealPath: C:\Users\sergi\Desktop\SERGIO\UNIVERSIDAD\CURSOS\3Tercer Curso\2do CUATRIMESTRE\DP2\Workspace-23\Projects\dp2-acme-l3\Acme-L3-D03\target\classes\WEB-INF\views\master\page.jsp 
2023-04-20 12:49:48.777 DEBUG [org.apache.jasper.servlet.JspServlet@http-nio-8080-exec-1] RequestURI: /acme-l3-d03/WEB-INF/views/master/page.jsp 
2023-04-20 12:49:48.778 DEBUG [org.apache.jasper.servlet.JspServlet@http-nio-8080-exec-1] QueryString: null 
2023-04-20 12:49:55.862 DEBUG [acme.framework.components.extensions.ExtendedMessageSource@http-nio-8080-exec-1] Loading properties [C:\Users\sergi\Desktop\SERGIO\UNIVERSIDAD\CURSOS\3Tercer Curso\2do CUATRIMESTRE\DP2\Workspace-23\Projects\dp2-acme-l3\Acme-L3-D03\target\classes\WEB-INF\views\administrator\banner\messages-en.i18n] with encoding 'utf-8' 
2023-04-20 12:49:55.865 DEBUG [acme.framework.components.extensions.ExtendedMessageSource@http-nio-8080-exec-1] Loading properties [C:\Users\sergi\Desktop\SERGIO\UNIVERSIDAD\CURSOS\3Tercer Curso\2do CUATRIMESTRE\DP2\Workspace-23\Projects\dp2-acme-l3\Acme-L3-D03\target\classes\WEB-INF\views\administrator\system-configuration\messsages-en.i18n] with encoding 'utf-8' 
2023-04-20 12:49:55.867 DEBUG [acme.framework.components.extensions.ExtendedMessageSource@http-nio-8080-exec-1] Loading properties [C:\Users\sergi\Desktop\SERGIO\UNIVERSIDAD\CURSOS\3Tercer Curso\2do CUATRIMESTRE\DP2\Workspace-23\Projects\dp2-acme-l3\Acme-L3-D03\target\classes\WEB-INF\views\administrator\user-account\messages-en.i18n] with encoding 'utf-8' 
2023-04-20 12:49:55.868 DEBUG [acme.framework.components.extensions.ExtendedMessageSource@http-nio-8080-exec-1] Loading properties [C:\Users\sergi\Desktop\SERGIO\UNIVERSIDAD\CURSOS\3Tercer Curso\2do CUATRIMESTRE\DP2\Workspace-23\Projects\dp2-acme-l3\Acme-L3-D03\target\classes\WEB-INF\views\anonymous\user-account\messages-en.i18n] with encoding 'utf-8' 
2023-04-20 12:49:55.871 DEBUG [acme.framework.components.extensions.ExtendedMessageSource@http-nio-8080-exec-1] Loading properties [C:\Users\sergi\Desktop\SERGIO\UNIVERSIDAD\CURSOS\3Tercer Curso\2do CUATRIMESTRE\DP2\Workspace-23\Projects\dp2-acme-l3\Acme-L3-D03\target\classes\WEB-INF\views\any\course\message-en.i18n] with encoding 'utf-8' 
2023-04-20 12:49:55.872 DEBUG [acme.framework.components.extensions.ExtendedMessageSource@http-nio-8080-exec-1] Loading properties [C:\Users\sergi\Desktop\SERGIO\UNIVERSIDAD\CURSOS\3Tercer Curso\2do CUATRIMESTRE\DP2\Workspace-23\Projects\dp2-acme-l3\Acme-L3-D03\target\classes\WEB-INF\views\auditor\audit\messages-en.i18n] with encoding 'utf-8' 
2023-04-20 12:49:55.874 DEBUG [acme.framework.components.extensions.ExtendedMessageSource@http-nio-8080-exec-1] Loading properties [C:\Users\sergi\Desktop\SERGIO\UNIVERSIDAD\CURSOS\3Tercer Curso\2do CUATRIMESTRE\DP2\Workspace-23\Projects\dp2-acme-l3\Acme-L3-D03\target\classes\WEB-INF\views\auditor\auditing-record\messages-en.i18n] with encoding 'utf-8' 
2023-04-20 12:49:55.875 DEBUG [acme.framework.components.extensions.ExtendedMessageSource@http-nio-8080-exec-1] Loading properties [C:\Users\sergi\Desktop\SERGIO\UNIVERSIDAD\CURSOS\3Tercer Curso\2do CUATRIMESTRE\DP2\Workspace-23\Projects\dp2-acme-l3\Acme-L3-D03\target\classes\WEB-INF\views\authenticated\assistant\messsages-en.i18n] with encoding 'utf-8' 
2023-04-20 12:49:55.877 DEBUG [acme.framework.components.extensions.ExtendedMessageSource@http-nio-8080-exec-1] Loading properties [C:\Users\sergi\Desktop\SERGIO\UNIVERSIDAD\CURSOS\3Tercer Curso\2do CUATRIMESTRE\DP2\Workspace-23\Projects\dp2-acme-l3\Acme-L3-D03\target\classes\WEB-INF\views\authenticated\auditor\messages-en.i18n] with encoding 'utf-8' 
2023-04-20 12:49:55.879 DEBUG [acme.framework.components.extensions.ExtendedMessageSource@http-nio-8080-exec-1] Loading properties [C:\Users\sergi\Desktop\SERGIO\UNIVERSIDAD\CURSOS\3Tercer Curso\2do CUATRIMESTRE\DP2\Workspace-23\Projects\dp2-acme-l3\Acme-L3-D03\target\classes\WEB-INF\views\authenticated\bulletin\messsages-en.i18n] with encoding 'utf-8' 
2023-04-20 12:49:55.881 DEBUG [acme.framework.components.extensions.ExtendedMessageSource@http-nio-8080-exec-1] Loading properties [C:\Users\sergi\Desktop\SERGIO\UNIVERSIDAD\CURSOS\3Tercer Curso\2do CUATRIMESTRE\DP2\Workspace-23\Projects\dp2-acme-l3\Acme-L3-D03\target\classes\WEB-INF\views\authenticated\company\messsages-en.i18n] with encoding 'utf-8' 
2023-04-20 12:49:55.882 DEBUG [acme.framework.components.extensions.ExtendedMessageSource@http-nio-8080-exec-1] Loading properties [C:\Users\sergi\Desktop\SERGIO\UNIVERSIDAD\CURSOS\3Tercer Curso\2do CUATRIMESTRE\DP2\Workspace-23\Projects\dp2-acme-l3\Acme-L3-D03\target\classes\WEB-INF\views\authenticated\lecturer\messages-en.i18n] with encoding 'utf-8' 
2023-04-20 12:49:55.884 DEBUG [acme.framework.components.extensions.ExtendedMessageSource@http-nio-8080-exec-1] Loading properties [C:\Users\sergi\Desktop\SERGIO\UNIVERSIDAD\CURSOS\3Tercer Curso\2do CUATRIMESTRE\DP2\Workspace-23\Projects\dp2-acme-l3\Acme-L3-D03\target\classes\WEB-INF\views\authenticated\note\messages-en.i18n] with encoding 'utf-8' 
2023-04-20 12:49:55.887 DEBUG [acme.framework.components.extensions.ExtendedMessageSource@http-nio-8080-exec-1] Loading properties [C:\Users\sergi\Desktop\SERGIO\UNIVERSIDAD\CURSOS\3Tercer Curso\2do CUATRIMESTRE\DP2\Workspace-23\Projects\dp2-acme-l3\Acme-L3-D03\target\classes\WEB-INF\views\authenticated\offer\messsages-en.i18n] with encoding 'utf-8' 
2023-04-20 12:49:55.889 DEBUG [acme.framework.components.extensions.ExtendedMessageSource@http-nio-8080-exec-1] Loading properties [C:\Users\sergi\Desktop\SERGIO\UNIVERSIDAD\CURSOS\3Tercer Curso\2do CUATRIMESTRE\DP2\Workspace-23\Projects\dp2-acme-l3\Acme-L3-D03\target\classes\WEB-INF\views\authenticated\practicum\messsages-en.i18n] with encoding 'utf-8' 
2023-04-20 12:49:55.890 DEBUG [acme.framework.components.extensions.ExtendedMessageSource@http-nio-8080-exec-1] Loading properties [C:\Users\sergi\Desktop\SERGIO\UNIVERSIDAD\CURSOS\3Tercer Curso\2do CUATRIMESTRE\DP2\Workspace-23\Projects\dp2-acme-l3\Acme-L3-D03\target\classes\WEB-INF\views\authenticated\student\messages-en.i18n] with encoding 'utf-8' 
2023-04-20 12:49:55.892 DEBUG [acme.framework.components.extensions.ExtendedMessageSource@http-nio-8080-exec-1] Loading properties [C:\Users\sergi\Desktop\SERGIO\UNIVERSIDAD\CURSOS\3Tercer Curso\2do CUATRIMESTRE\DP2\Workspace-23\Projects\dp2-acme-l3\Acme-L3-D03\target\classes\WEB-INF\views\authenticated\user-account\messages-en.i18n] with encoding 'utf-8' 
2023-04-20 12:49:55.894 DEBUG [acme.framework.components.extensions.ExtendedMessageSource@http-nio-8080-exec-1] Loading properties [C:\Users\sergi\Desktop\SERGIO\UNIVERSIDAD\CURSOS\3Tercer Curso\2do CUATRIMESTRE\DP2\Workspace-23\Projects\dp2-acme-l3\Acme-L3-D03\target\classes\WEB-INF\views\company\practicum\messsages-en.i18n] with encoding 'utf-8' 
2023-04-20 12:49:55.896 DEBUG [acme.framework.components.extensions.ExtendedMessageSource@http-nio-8080-exec-1] Loading properties [C:\Users\sergi\Desktop\SERGIO\UNIVERSIDAD\CURSOS\3Tercer Curso\2do CUATRIMESTRE\DP2\Workspace-23\Projects\dp2-acme-l3\Acme-L3-D03\target\classes\WEB-INF\views\fragments\banner-en.i18n] with encoding 'utf-8' 
2023-04-20 12:49:55.898 DEBUG [acme.framework.components.extensions.ExtendedMessageSource@http-nio-8080-exec-1] Loading properties [C:\Users\sergi\Desktop\SERGIO\UNIVERSIDAD\CURSOS\3Tercer Curso\2do CUATRIMESTRE\DP2\Workspace-23\Projects\dp2-acme-l3\Acme-L3-D03\target\classes\WEB-INF\views\fragments\company-en.i18n] with encoding 'utf-8' 
2023-04-20 12:49:55.899 DEBUG [acme.framework.components.extensions.ExtendedMessageSource@http-nio-8080-exec-1] Loading properties [C:\Users\sergi\Desktop\SERGIO\UNIVERSIDAD\CURSOS\3Tercer Curso\2do CUATRIMESTRE\DP2\Workspace-23\Projects\dp2-acme-l3\Acme-L3-D03\target\classes\WEB-INF\views\fragments\footer-en.i18n] with encoding 'utf-8' 
2023-04-20 12:49:55.901 DEBUG [acme.framework.components.extensions.ExtendedMessageSource@http-nio-8080-exec-1] Loading properties [C:\Users\sergi\Desktop\SERGIO\UNIVERSIDAD\CURSOS\3Tercer Curso\2do CUATRIMESTRE\DP2\Workspace-23\Projects\dp2-acme-l3\Acme-L3-D03\target\classes\WEB-INF\views\fragments\license-en.i18n] with encoding 'utf-8' 
2023-04-20 12:49:55.903 DEBUG [acme.framework.components.extensions.ExtendedMessageSource@http-nio-8080-exec-1] Loading properties [C:\Users\sergi\Desktop\SERGIO\UNIVERSIDAD\CURSOS\3Tercer Curso\2do CUATRIMESTRE\DP2\Workspace-23\Projects\dp2-acme-l3\Acme-L3-D03\target\classes\WEB-INF\views\fragments\menu-en.i18n] with encoding 'utf-8' 
2023-04-20 12:49:55.905 DEBUG [acme.framework.components.extensions.ExtendedMessageSource@http-nio-8080-exec-1] Loading properties [C:\Users\sergi\Desktop\SERGIO\UNIVERSIDAD\CURSOS\3Tercer Curso\2do CUATRIMESTRE\DP2\Workspace-23\Projects\dp2-acme-l3\Acme-L3-D03\target\classes\WEB-INF\views\fragments\messsages-en.i18n] with encoding 'utf-8' 
2023-04-20 12:49:55.907 DEBUG [acme.framework.components.extensions.ExtendedMessageSource@http-nio-8080-exec-1] Loading properties [C:\Users\sergi\Desktop\SERGIO\UNIVERSIDAD\CURSOS\3Tercer Curso\2do CUATRIMESTRE\DP2\Workspace-23\Projects\dp2-acme-l3\Acme-L3-D03\target\classes\WEB-INF\views\fragments\title-en.i18n] with encoding 'utf-8' 
2023-04-20 12:49:55.909 DEBUG [acme.framework.components.extensions.ExtendedMessageSource@http-nio-8080-exec-1] Loading properties [C:\Users\sergi\Desktop\SERGIO\UNIVERSIDAD\CURSOS\3Tercer Curso\2do CUATRIMESTRE\DP2\Workspace-23\Projects\dp2-acme-l3\Acme-L3-D03\target\classes\WEB-INF\views\fragments\welcome-en.i18n] with encoding 'utf-8' 
2023-04-20 12:49:55.910 DEBUG [acme.framework.components.extensions.ExtendedMessageSource@http-nio-8080-exec-1] Loading properties [C:\Users\sergi\Desktop\SERGIO\UNIVERSIDAD\CURSOS\3Tercer Curso\2do CUATRIMESTRE\DP2\Workspace-23\Projects\dp2-acme-l3\Acme-L3-D03\target\classes\WEB-INF\views\master\defaults-en.i18n] with encoding 'utf-8' 
2023-04-20 12:49:55.911 DEBUG [acme.framework.components.extensions.ExtendedMessageSource@http-nio-8080-exec-1] Loading properties [C:\Users\sergi\Desktop\SERGIO\UNIVERSIDAD\CURSOS\3Tercer Curso\2do CUATRIMESTRE\DP2\Workspace-23\Projects\dp2-acme-l3\Acme-L3-D03\target\classes\WEB-INF\views\master\master-en.i18n] with encoding 'utf-8' 
2023-04-20 12:49:55.913 DEBUG [acme.framework.components.extensions.ExtendedMessageSource@http-nio-8080-exec-1] Loading properties [C:\Users\sergi\Desktop\SERGIO\UNIVERSIDAD\CURSOS\3Tercer Curso\2do CUATRIMESTRE\DP2\Workspace-23\Projects\dp2-acme-l3\Acme-L3-D03\target\classes\WEB-INF\views\master\panic-en.i18n] with encoding 'utf-8' 
2023-04-20 12:49:55.915 DEBUG [acme.framework.components.extensions.ExtendedMessageSource@http-nio-8080-exec-1] Loading properties [C:\Users\sergi\Desktop\SERGIO\UNIVERSIDAD\CURSOS\3Tercer Curso\2do CUATRIMESTRE\DP2\Workspace-23\Projects\dp2-acme-l3\Acme-L3-D03\target\classes\WEB-INF\views\master\throwables-en.i18n] with encoding 'utf-8' 
2023-04-20 12:49:55.917 DEBUG [acme.framework.components.extensions.ExtendedMessageSource@http-nio-8080-exec-1] Loading properties [C:\Users\sergi\Desktop\SERGIO\UNIVERSIDAD\CURSOS\3Tercer Curso\2do CUATRIMESTRE\DP2\Workspace-23\Projects\dp2-acme-l3\Acme-L3-D03\target\classes\WEB-INF\views\master\validation-en.i18n] with encoding 'utf-8' 
2023-04-20 12:49:55.918 DEBUG [acme.framework.components.extensions.ExtendedMessageSource@http-nio-8080-exec-1] Loading properties [C:\Users\sergi\Desktop\SERGIO\UNIVERSIDAD\CURSOS\3Tercer Curso\2do CUATRIMESTRE\DP2\Workspace-23\Projects\dp2-acme-l3\Acme-L3-D03\target\classes\WEB-INF\views\student\activity\messages-en.i18n] with encoding 'utf-8' 
2023-04-20 12:49:55.921 DEBUG [acme.framework.components.extensions.ExtendedMessageSource@http-nio-8080-exec-1] Loading properties [C:\Users\sergi\Desktop\SERGIO\UNIVERSIDAD\CURSOS\3Tercer Curso\2do CUATRIMESTRE\DP2\Workspace-23\Projects\dp2-acme-l3\Acme-L3-D03\target\classes\WEB-INF\views\student\course\messages-en.i18n] with encoding 'utf-8' 
2023-04-20 12:49:55.922 DEBUG [acme.framework.components.extensions.ExtendedMessageSource@http-nio-8080-exec-1] Loading properties [C:\Users\sergi\Desktop\SERGIO\UNIVERSIDAD\CURSOS\3Tercer Curso\2do CUATRIMESTRE\DP2\Workspace-23\Projects\dp2-acme-l3\Acme-L3-D03\target\classes\WEB-INF\views\student\enrolment\messages-en.i18n] with encoding 'utf-8' 
2023-04-20 12:49:55.924 DEBUG [acme.framework.components.extensions.ExtendedMessageSource@http-nio-8080-exec-1] Loading properties [C:\Users\sergi\Desktop\SERGIO\UNIVERSIDAD\CURSOS\3Tercer Curso\2do CUATRIMESTRE\DP2\Workspace-23\Projects\dp2-acme-l3\Acme-L3-D03\target\classes\WEB-INF\views\student\lecture\messages-en.i18n] with encoding 'utf-8' 
2023-04-20 12:49:55.925 DEBUG [acme.framework.components.extensions.ExtendedMessageSource@http-nio-8080-exec-1] Loading properties [C:\Users\sergi\Desktop\SERGIO\UNIVERSIDAD\CURSOS\3Tercer Curso\2do CUATRIMESTRE\DP2\Workspace-23\Projects\dp2-acme-l3\Acme-L3-D03\target\classes\WEB-INF\views\student\student-dashboard\messages-en.i18n] with encoding 'utf-8' 
2023-04-20 12:49:56.259 DEBUG [org.apache.jasper.servlet.JspServlet@http-nio-8080-exec-1] JspEngine --> /WEB-INF/views/company/practicum/list.jsp 
2023-04-20 12:49:56.261 DEBUG [org.apache.jasper.servlet.JspServlet@http-nio-8080-exec-1] ServletPath: /WEB-INF/views/master/page.jsp 
2023-04-20 12:49:56.262 DEBUG [org.apache.jasper.servlet.JspServlet@http-nio-8080-exec-1] PathInfo: null 
2023-04-20 12:49:56.266 DEBUG [org.apache.jasper.servlet.JspServlet@http-nio-8080-exec-1] RealPath: C:\Users\sergi\Desktop\SERGIO\UNIVERSIDAD\CURSOS\3Tercer Curso\2do CUATRIMESTRE\DP2\Workspace-23\Projects\dp2-acme-l3\Acme-L3-D03\target\classes\WEB-INF\views\company\practicum\list.jsp 
2023-04-20 12:49:56.267 DEBUG [org.apache.jasper.servlet.JspServlet@http-nio-8080-exec-1] RequestURI: /acme-l3-d03/WEB-INF/views/master/page.jsp 
2023-04-20 12:49:56.268 DEBUG [org.apache.jasper.servlet.JspServlet@http-nio-8080-exec-1] QueryString: null 
2023-04-20 12:50:01.550 DEBUG [acme.framework.controllers.AbstractController@http-nio-8080-exec-9] >>>>>>>>>>>>>>>>>>>>>>>>>>>>>>>>>>>>>>>>>>>>>>>>>>>>>>>>>>>>>>>>>>>>>>>>>>>>>>>> 
2023-04-20 12:50:01.551 DEBUG [acme.framework.controllers.AbstractController@http-nio-8080-exec-9] REQUEST: GET /acme-l3-d03/company/practicum/create 
2023-04-20 12:50:01.551 DEBUG [acme.framework.controllers.AbstractController@http-nio-8080-exec-9] MOMENT:  Sat Jul 30 00:00:00 CEST 2022 
2023-04-20 12:50:01.551 DEBUG [acme.framework.controllers.AbstractController@http-nio-8080-exec-9] COMMAND: create 
2023-04-20 12:50:01.551 DEBUG [acme.framework.controllers.AbstractController@http-nio-8080-exec-9] INPUT:   {} 
2023-04-20 12:50:01.552 DEBUG [acme.framework.components.database.DatabaseManager@http-nio-8080-exec-9] Starting transaction 5db3238c-b4de-4f34-a963-37c31f3616bb. 
2023-04-20 12:50:01.553 DEBUG [acme.framework.components.database.DatabaseManager@http-nio-8080-exec-9] Committing transaction 5db3238c-b4de-4f34-a963-37c31f3616bb. 
2023-04-20 12:50:01.554 DEBUG [acme.framework.components.clocks.SimulatedClock@http-nio-8080-exec-9] Changing current moment to 'Sat Jul 30 00:00:00 CEST 2022'. 
2023-04-20 12:50:01.554 DEBUG [acme.framework.controllers.AbstractController@http-nio-8080-exec-9] RESPOND: GET /acme-l3-d03/company/practicum/create 
2023-04-20 12:50:01.554 DEBUG [acme.framework.controllers.AbstractController@http-nio-8080-exec-9] MOMENT:  Sat Jul 30 00:00:00 CEST 2022 
2023-04-20 12:50:01.555 DEBUG [acme.framework.controllers.AbstractController@http-nio-8080-exec-9] RESULT:  ModelAndView [view="master/panic"; model={oops=java.lang.IllegalStateException: Wrong request data, _command=create, _method=GET, _server_moment=Sat Jul 30 00:00:00 CEST 2022, _csrf.parameterName=_csrf, _csrf.token=bfd3d83f-1f04-4a7b-82b5-e6ad198b1518, $request=* Dataset $global: 	$url = "/acme-l3-d03/company/practicum/create" 	$method = <<GET>> 	$command = "create" 	$principal = {username = "serlopdia", password = "$2a$05$LUZ.ff4LhyclqgIaFphBAO9CFmoOU8V8O4BGvmxmjxgMev2iM9KIS", enabled = true, authorities = [AUTH_Company, AUTH_Any, AUTH_Authenticated], activeRole = class acme.roles.Company, roleMap = {class acme.framework.components.accounts.Any = 0, class acme.framework.components.accounts.Authenticated = 0, class acme.roles.Company = 151}, accountId = 150, $assertionsDisabled = false} 	$locale = {LOCALECACHE = java.util.Locale$Cache@18b3bf6d, ENGLISH = en, FRENCH = fr, GERMAN = de, ITALIAN = it, JAPANESE = ja, KOREAN = ko, CHINESE = zh, SIMPLIFIED_CHINESE = zh_CN, TRADITIONAL_CHINESE = zh_TW, FRANCE = fr_FR, GERMANY = de_DE, ITALY = it_IT, JAPAN = ja_JP, KOREA = ko_KR, CHINA = zh_CN, PRC = zh_CN, TAIWAN = zh_TW, UK = en_GB, US = en_US, CANADA = en_CA, CANADA_FRENCH = fr_CA, ROOT = , PRIVATE_USE_EXTENSION = 'x', UNICODE_LOCALE_EXTENSION = 'u', DISPLAY_LANGUAGE = 0, DISPLAY_COUNTRY = 1, DISPLAY_VARIANT = 2, DISPLAY_SCRIPT = 3, baseLocale = language=en, localeExtensions = null, hashCodeValue = 96552631, defaultLocale = en, defaultDisplayLocale = en, defaultFormatLocale = en, languageTag = null, serialPersistentFields = [Ljava/lang/String; language, Ljava/lang/String; country, Ljava/lang/String; variant, I hashcode, Ljava/lang/String; script, Ljava/lang/String; extensions], isoLanguages = null, isoCountries = null, $assertionsDisabled = true} 	$httpServletRequest = {LSTRING_FILE = "javax.servlet.LocalStrings", lStrings = java.util.PropertyResourceBundle@de84cb6, request = org.springframework.security.web.header.HeaderWriterFilter$HeaderWriterRequest@73ddd729, trustResolver = org.springframework.security.authentication.AuthenticationTrustResolverImpl@f1f96cb, rolePrefix = "ROLE_", response = org.springframework.security.web.header.HeaderWriterFilter$HeaderWriterResponse@76d85db0, this$0 = org.springframework.security.web.servletapi.HttpServlet3RequestFactory@66c70a8c} * Dataset $data: , $buffer=* Dataset $global: 	$errors = {map = {}, $assertionsDisabled = false} * Dataset $data: , $response=* Dataset $global: 	$authorised = false 	$checked = false 	$oops = {detailMessage = "Wrong request data", UNASSIGNED_STACK = [], cause = java.lang.IllegalStateException: Wrong request data, stackTrace = [], SUPPRESSED_SENTINEL = [], suppressedExceptions = [], NULL_CAUSE_MESSAGE = "Cannot suppress a null exception.", SELF_SUPPRESSION_MESSAGE = "Self-suppression not permitted", CAUSE_CAPTION = "Caused by: ", SUPPRESSED_CAPTION = "Suppressed: ", EMPTY_THROWABLE_ARRAY = [], $assertionsDisabled = true} 	$view = "master/panic" 	$errors = {map = {}, $assertionsDisabled = false} 	$httpServletResponse = {LSTRING_FILE = "javax.servlet.LocalStrings", lStrings = java.util.PropertyResourceBundle@de84cb6, response = org.springframework.security.web.context.HttpSessionSecurityContextRepository$SaveToSessionResponseWrapper@42e40634, disableOnCommitted = false, contentLength = 0, contentWritten = 0, request = org.springframework.security.web.context.HttpSessionSecurityContextRepository$SaveToSessionRequestWrapper@e0bd211, this$0 = org.springframework.security.web.header.HeaderWriterFilter@7744195} * Dataset $data: }] 
2023-04-20 12:50:01.556 DEBUG [acme.framework.controllers.AbstractController@http-nio-8080-exec-9] <<<<<<<<<<<<<<<<<<<<<<<<<<<<<<<<<<<<<<<<<<<<<<<<<<<<<<<<<<<<<<<<<<<<<<<<<<<<<<<< 
2023-04-20 12:50:01.559 DEBUG [acme.framework.components.tiles.DynamicTilesView@http-nio-8080-exec-9] View name 'master/panic', model {oops=java.lang.IllegalStateException: Wrong request data, _command=create, _method=GET, _server_moment=Sat Jul 30 00:00:00 CEST 2022, _csrf.parameterName=_csrf, _csrf.token=bfd3d83f-1f04-4a7b-82b5-e6ad198b1518, $request=* Dataset $global: 	$url = "/acme-l3-d03/company/practicum/create" 	$method = <<GET>> 	$command = "create" 	$principal = {username = "serlopdia", password = "$2a$05$LUZ.ff4LhyclqgIaFphBAO9CFmoOU8V8O4BGvmxmjxgMev2iM9KIS", enabled = true, authorities = [AUTH_Company, AUTH_Any, AUTH_Authenticated], activeRole = class acme.roles.Company, roleMap = {class acme.framework.components.accounts.Any = 0, class acme.framework.components.accounts.Authenticated = 0, class acme.roles.Company = 151}, accountId = 150, $assertionsDisabled = false} 	$locale = {LOCALECACHE = java.util.Locale$Cache@18b3bf6d, ENGLISH = en, FRENCH = fr, GERMAN = de, ITALIAN = it, JAPANESE = ja, KOREAN = ko, CHINESE = zh, SIMPLIFIED_CHINESE = zh_CN, TRADITIONAL_CHINESE = zh_TW, FRANCE = fr_FR, GERMANY = de_DE, ITALY = it_IT, JAPAN = ja_JP, KOREA = ko_KR, CHINA = zh_CN, PRC = zh_CN, TAIWAN = zh_TW, UK = en_GB, US = en_US, CANADA = en_CA, CANADA_FRENCH = fr_CA, ROOT = , PRIVATE_USE_EXTENSION = 'x', UNICODE_LOCALE_EXTENSION = 'u', DISPLAY_LANGUAGE = 0, DISPLAY_COUNTRY = 1, DISPLAY_VARIANT = 2, DISPLAY_SCRIPT = 3, baseLocale = language=en, localeExtensions = null, hashCodeValue = 96552631, defaultLocale = en, defaultDisplayLocale = en, defaultFormatLocale = en, languageTag = null, serialPersistentFields = [Ljava/lang/String; language, Ljava/lang/String; country, Ljava/lang/String; variant, I hashcode, Ljava/lang/String; script, Ljava/lang/String; extensions], isoLanguages = null, isoCountries = null, $assertionsDisabled = true} 	$httpServletRequest = {LSTRING_FILE = "javax.servlet.LocalStrings", lStrings = java.util.PropertyResourceBundle@de84cb6, request = org.springframework.security.web.header.HeaderWriterFilter$HeaderWriterRequest@73ddd729, trustResolver = org.springframework.security.authentication.AuthenticationTrustResolverImpl@f1f96cb, rolePrefix = "ROLE_", response = org.springframework.security.web.header.HeaderWriterFilter$HeaderWriterResponse@76d85db0, this$0 = org.springframework.security.web.servletapi.HttpServlet3RequestFactory@66c70a8c} * Dataset $data: , $buffer=* Dataset $global: 	$errors = {map = {}, $assertionsDisabled = false} * Dataset $data: , $response=* Dataset $global: 	$authorised = false 	$checked = false 	$oops = {detailMessage = "Wrong request data", UNASSIGNED_STACK = [], cause = java.lang.IllegalStateException: Wrong request data, stackTrace = [], SUPPRESSED_SENTINEL = [], suppressedExceptions = [], NULL_CAUSE_MESSAGE = "Cannot suppress a null exception.", SELF_SUPPRESSION_MESSAGE = "Self-suppression not permitted", CAUSE_CAPTION = "Caused by: ", SUPPRESSED_CAPTION = "Suppressed: ", EMPTY_THROWABLE_ARRAY = [], $assertionsDisabled = true} 	$view = "master/panic" 	$errors = {map = {}, $assertionsDisabled = false} 	$httpServletResponse = {LSTRING_FILE = "javax.servlet.LocalStrings", lStrings = java.util.PropertyResourceBundle@de84cb6, response = org.springframework.security.web.context.HttpSessionSecurityContextRepository$SaveToSessionResponseWrapper@42e40634, disableOnCommitted = false, contentLength = 0, contentWritten = 0, request = org.springframework.security.web.context.HttpSessionSecurityContextRepository$SaveToSessionRequestWrapper@e0bd211, this$0 = org.springframework.security.web.header.HeaderWriterFilter@7744195} * Dataset $data: , org.springframework.validation.BindingResult.oops=org.springframework.validation.BeanPropertyBindingResult: 0 errors, org.springframework.validation.BindingResult.$request=org.springframework.validation.BeanPropertyBindingResult: 0 errors, org.springframework.validation.BindingResult.$buffer=org.springframework.validation.BeanPropertyBindingResult: 0 errors, org.springframework.validation.BindingResult.$response=org.springframework.validation.BeanPropertyBindingResult: 0 errors} 
2023-04-20 12:50:01.559 DEBUG [org.apache.jasper.servlet.JspServlet@http-nio-8080-exec-9] JspEngine --> /WEB-INF/views/master/page.jsp 
2023-04-20 12:50:01.560 DEBUG [org.apache.jasper.servlet.JspServlet@http-nio-8080-exec-9] ServletPath: /WEB-INF/views/master/page.jsp 
2023-04-20 12:50:01.560 DEBUG [org.apache.jasper.servlet.JspServlet@http-nio-8080-exec-9] PathInfo: null 
2023-04-20 12:50:01.562 DEBUG [org.apache.jasper.servlet.JspServlet@http-nio-8080-exec-9] RealPath: C:\Users\sergi\Desktop\SERGIO\UNIVERSIDAD\CURSOS\3Tercer Curso\2do CUATRIMESTRE\DP2\Workspace-23\Projects\dp2-acme-l3\Acme-L3-D03\target\classes\WEB-INF\views\master\page.jsp 
2023-04-20 12:50:01.563 DEBUG [org.apache.jasper.servlet.JspServlet@http-nio-8080-exec-9] RequestURI: /acme-l3-d03/WEB-INF/views/master/page.jsp 
2023-04-20 12:50:01.563 DEBUG [org.apache.jasper.servlet.JspServlet@http-nio-8080-exec-9] QueryString: null 
2023-04-20 12:50:01.729 DEBUG [org.apache.jasper.servlet.JspServlet@http-nio-8080-exec-9] JspEngine --> /WEB-INF/views/master/panic.jsp 
2023-04-20 12:50:01.729 DEBUG [org.apache.jasper.servlet.JspServlet@http-nio-8080-exec-9] ServletPath: /WEB-INF/views/master/page.jsp 
2023-04-20 12:50:01.729 DEBUG [org.apache.jasper.servlet.JspServlet@http-nio-8080-exec-9] PathInfo: null 
2023-04-20 12:50:01.730 DEBUG [org.apache.jasper.servlet.JspServlet@http-nio-8080-exec-9] RealPath: C:\Users\sergi\Desktop\SERGIO\UNIVERSIDAD\CURSOS\3Tercer Curso\2do CUATRIMESTRE\DP2\Workspace-23\Projects\dp2-acme-l3\Acme-L3-D03\target\classes\WEB-INF\views\master\panic.jsp 
2023-04-20 12:50:01.731 DEBUG [org.apache.jasper.servlet.JspServlet@http-nio-8080-exec-9] RequestURI: /acme-l3-d03/WEB-INF/views/master/page.jsp 
2023-04-20 12:50:01.731 DEBUG [org.apache.jasper.servlet.JspServlet@http-nio-8080-exec-9] QueryString: null 
2023-04-20 12:50:02.018 ERROR [org.apache.jsp.WEB_002dINF.views.master.panic_jsp@http-nio-8080-exec-9] HTTP GET http://localhost:8080/acme-l3-d03/company/practicum/create HTTP/1.1 
2023-04-20 12:50:02.019 ERROR [org.apache.jsp.WEB_002dINF.views.master.panic_jsp@http-nio-8080-exec-9] Status: 500 Internal Server Error 
2023-04-20 12:50:02.021 ERROR [org.apache.jsp.WEB_002dINF.views.master.panic_jsp@http-nio-8080-exec-9] Exception: acme.framework.helpers.Assert.state(Assert.java:45): Wrong request data 
